      ELEMENT  TOT  H.O.F.    I.P.   DIPOLE   GEOMETRY
   1    H      41     40        1        0        0
   2    C      41     40        1        0        0
   3    O      17     17        0        0        0
   4    F      15     15        0        0        0
   5    CL     12     12        0        0        0
   6    I      10      9        1        0        0
   7    BR      9      9        0        0        0
   8    N       5      5        0        0        0
   9    S       2      2        0        0        0
  MAXIMUM NUMBERS OF EACH TYPE OF ELEMENT IN ANY REFERENCE DATA SET
          H   14          He   0          Li   0          Be   0
          B    0          C   12          N    1          O    2
          F    6          Ne   0          Na   0          Mg   0
          Al   0          Si   0          P    0          S    1
          Cl   3          Ar   0          K    0          Ca   0
          Sc   0          Ti   0          V    0          Cr   0
          Mn   0          Fe   0          Co   0          Ni   0
          Cu   0          Zn   0          Ga   0          Ge   0
          As   0          Se   0          Br   2          Kr   0
          Rb   0          Sr   0          Y    0          Zr   0
          Nb   0          Mo   0          Tc   0          Ru   0
          Rh   0          Pd   0          Ag   0          Cd   0
          In   0          Sn   0          Sb   0          Te   0
          I    2          Xe   0          Cs   0          Ba   0
          La   0          Ce   0          Pr   0          Nd   0
          Pm   0          Sm   0          Eu   0          Gd   0
          Tb   0          Dy   0          Ho   0          Er   0
          Tm   0          Yb   0          Lu   0          Hf   0
          Ta   0          W    0          Re   0          Os   0
          Ir   0          Pt   0          Au   0          Hg   0
          Tl   0          Pb   0          Bi   0

   SEQUENCE OF COMPOUNDS IN PERIODIC TABLE ORDER

 Emp. Formula               File name                                                                                                                                                                  H.o.F. Dipole I.P. Elements
 C2H7F                      05 Fluoromethane - methane                                                                                                                                                  -0.6+             H  C  F
 CH6NF                      37 HF - methylamine                                                                                                                                                        -15.0+             H  C  N  F
 CH5OF                      33 HF - methanol                                                                                                                                                            -9.7+             H  C  O  F
 C2H7OF                     39 methanol - fluoromethane                                                                                                                                                 -3.5+             H  C  O  F
 CH4F2                      01 Methane - F2                                                                                                                                                             -0.5+             H  C  F
 C2H6F2                     09 Fluoromethane dimer                                                                                                                                                      -1.2+             H  C  F
 C2H5F3                     07 Trifluoromethane - methane                                                                                                                                               -0.4+             H  C  F
 C12H9F3                    11 Trifluorobenzene - benzene                                                                                                                                               -4.9+             H  C  F
 CH3O2F3                    31 Trifluoromethanol - water                                                                                                                                                -9.6+             H  C  O  F
 C12H6F6                    12 Hexafluorobenzene - benzene                                                                                                                                              -6.6+             H  C  F
 C2H7Cl                     06 Chloromethane - methane                                                                                                                                                  -0.9+             H  C  Cl
 CH6NCl                     38 HCl - methylamine                                                                                                                                                       -12.7+             H  C  N  Cl
 C9H14NCl                   22 Chlorobenzenezene - trimethylamine                                                                                                                                       -2.3+             H  C  N  Cl
 CH5OCl                     34 HCl - methanol                                                                                                                                                           -6.4+             H  C  O  Cl
 C2H5OCl                    13 Chloromethane - formaldehyde                                                                                                                                             -1.0+             H  C  O  Cl
 C2H7OCl                    40 methanol - chloromethane                                                                                                                                                 -3.7+             H  C  O  Cl
 C9H11OCl                   19 Chlorobenzenezene - acetone                                                                                                                                              -1.3+             H  C  O  Cl
 C2H2OF3Cl                  16 Trifluorochloromethane - formaldehyde                                                                                                                                    -2.0+             H  C  O  F  Cl
 CH4Cl2                     02 Methane - Cl2                                                                                                                                                            -1.0+             H  C  Cl
 C2H6Cl2                    10 Chloromethane dimer                                                                                                                                                      -1.1+             H  C  Cl
 C2H5Cl3                    08 Trichloromethane - methane                                                                                                                                               -1.1+             H  C  Cl
 CH3O2Cl3                   32 Trichloromethanol - water                                                                                                                                               -10.8+             H  C  O  Cl
 C7H9Br                     27 Bromomethane - benzene                                                                                                                                                   -2.0+             H  C  Br
 C9H14NBr                   23 Bromobenzenezene - trimethylamine                                                                                                                                        -4.0+             H  C  N  Br
 CH5OBr                     35 HBr - methanol                                                                                                                                                           -5.6+             H  C  O  Br
 C2H5OBr                    14 Bromomethane - formaldehyde                                                                                                                                              -1.6+             H  C  O  Br
 C9H11OBr                   20 Bromobenzenezene - acetone                                                                                                                                               -2.2+             H  C  O  Br
 C7H6F3Br                   29 Trifluorobromomethane - benzene                                                                                                                                          -3.1+             H  C  F  Br
 C2H2OF3Br                  17 Trifluorobromomethane - formaldehyde                                                                                                                                     -2.8+             H  C  O  F  Br
 C7H9SBr                    25 Bromobenzenezene - methanethiol                                                                                                                                          -2.5+             H  C  S  Br
 CH4Br2                     03 Methane - Br2                                                                                                                                                            -1.3+             H  C  Br
 C7H9I                      28 Iodomethane - benzene                                                                                                                                                    -3.1+             H  C  I
 C9H14NI                    24 Iodobenzenezene - trimethylamine                                                                                                                                         -6.7+             H  C  N  I
 CH5OI                      36 HI - methanol                                                                                                                                                            -4.1+             H  C  O  I
 C2H5OI                     15 Iodomethane - formaldehyde                                                                                                                                               -2.6+             H  C  O  I
 C9H11OI                    21 Iodobenzenezene - acetone                                                                                                                                                -3.8+             H  C  O  I
 C7H6F3I                    30 Trifluoroiodomethane - benzene                                                                                                                                           -4.5+             H  C  F  I
 C2H2OF3I                   18 Trifluoroiodomethane - formaldehyde                                                                                                                                      -4.1+             H  C  O  F  I
 C7H9SI                     26 Iodobenzenezene - methanethiol                                                                                                                                           -3.8+             H  C  S  I
 CH4I2                      04 Methane - I2                                                                                                                                                             -1.5+        5.0@ H  C  I
 TOTAL NUMBER 
 OF FILES:               40
 OF HEATS OF FORMATION:  40,  WITH REFS:  40 =100.00%   AND SD'S:   0 =  0.00
 OF DIPOLE MOMENTS:       1,  WITH REFS:   1 =100.00%   AND SD'S:   0 =  0.00
 OF I.P.s:                1,  WITH REFS:   0 =  0.00%   AND SD'S:   0 =  0.00
 OF GEOMETRY FILES:       1,  WITH REFS:   1 =100.00%
