      ELEMENT  TOT  H.O.F.    I.P.   DIPOLE   GEOMETRY
   1    H      25     25        0        0        0
   2    C      25     25        0        0        0
   3    N      21     21        0        0        0
   4    O      17     17        0        0        0
   5    CL      2      2        0        0        0
   6    FE      2      2        0        0        0
  MAXIMUM NUMBERS OF EACH TYPE OF ELEMENT IN ANY REFERENCE DATA SET
          H   72          He   0          Li   0          Be   0
          B    0          C  130          N   30          O   19
          F    0          Ne   0          Na   0          Mg   0
          Al   0          Si   0          P    0          S    0
          Cl   1          Ar   0          K    0          Ca   0
          Sc   0          Ti   0          V    0          Cr   0
          Mn   0          Fe   1          Co   0          Ni   0
          Cu   0          Zn   0          Ga   0          Ge   0
          As   0          Se   0          Br   0          Kr   0
          Rb   0          Sr   0          Y    0          Zr   0
          Nb   0          Mo   0          Tc   0          Ru   0
          Rh   0          Pd   0          Ag   0          Cd   0
          In   0          Sn   0          Sb   0          Te   0
          I    0          Xe   0          Cs   0          Ba   0
          La   0          Ce   0          Pr   0          Nd   0
          Pm   0          Sm   0          Eu   0          Gd   0
          Tb   0          Dy   0          Ho   0          Er   0
          Tm   0          Yb   0          Lu   0          Hf   0
          Ta   0          W    0          Re   0          Os   0
          Ir   0          Pt   0          Au   0          Hg   0
          Tl   0          Pb   0          Bi   0

   SEQUENCE OF COMPOUNDS IN PERIODIC TABLE ORDER

 Emp. Formula               File name                                                                                                                                                                  H.o.F. Dipole I.P. Elements
 C120H28                    4a C60 catcher separated                                                                                                                                                     0.0+             H  C
 C120H28                    4a C60 catcher                                                                                                                                                             -27.5+             H  C
 C130H28                    4b C70 catcher separated                                                                                                                                                     0.0+             H  C
 C130H28                    4b C70 catcher                                                                                                                                                             -28.7+             H  C
 C50H34N2                   2b DCB tweezer separated                                                                                                                                                     0.0+             H  C  N
 C50H34N2                   2b DCB tweezer                                                                                                                                                             -20.5+             H  C  N
 C54H34N4                   2a TCNA tweezer separated                                                                                                                                                    0.0+             H  C  N
 C54H34N4                   2a TCNA tweezer                                                                                                                                                            -29.9+             H  C  N
 C64H66N6O6                 5b BQ mcyle separated                                                                                                                                                        0.0+             H  C  N  O
 C64H66N6O6                 5b BQ mcyle                                                                                                                                                                -21.3+             H  C  N  O
 C62H68N8O6                 5a GLH mcyle separated                                                                                                                                                       0.0+             H  C  N  O
 C62H68N8O6                 5a GLH mcyle                                                                                                                                                               -34.8+             H  C  N  O
 C39H46N25O12               6b PrNH4 CB6 separated                                                                                                                                                       0.0+             H  C  N  O
 C39H46N25O12               6b PrNH4 CB6                                                                                                                                                               -77.0+             H  C  N  O
 C40H48N25O12               6a BuNH4 CB6 separated                                                                                                                                                       0.0+             H  C  N  O
 C40H48N25O12               6a BuNH4 CB6 separatedx                                                                                                                                                      0.0+             H  C  N  O
 C40H48N25O12               6a BuNH4 CB6                                                                                                                                                               -77.4+             H  C  N  O
 C52H58N28O15               7b ADOH CB7 separated                                                                                                                                                        0.0+             H  C  N  O
 C52H58N28O15               7b ADOH CB7                                                                                                                                                                -22.6+             H  C  N  O
 C55H47N5O19                3a TNF pincer separated                                                                                                                                                      0.0+             H  C  N  O
 C55H47N5O19                3a TNF pincer                                                                                                                                                              -24.3+             H  C  N  O
 C48H44N5O15Cl              3b NDB pincer separated                                                                                                                                                      0.0+             H  C  N  O  Cl
 C48H44N5O15Cl              3b NDB pincer                                                                                                                                                              -20.4+             H  C  N  O  Cl
 C60H72N30O14Fe             7a FECP CB7 separated                                                                                                                                                        0.0+             H  C  N  O  Fe
 C60H72N30O14Fe             7a FECP CB7                                                                                                                                                               -131.5+             H  C  N  O  Fe
 TOTAL NUMBER 
 OF FILES:               25
 OF HEATS OF FORMATION:  25,  WITH REFS:  25 =100.00%   AND SD'S:   0 =  0.00
 OF DIPOLE MOMENTS:       1,  WITH REFS:   1 =100.00%   AND SD'S:   0 =  0.00
 OF I.P.s:                1,  WITH REFS:   1 =100.00%   AND SD'S:   0 =  0.00
 OF GEOMETRY FILES:       1,  WITH REFS:   1 =100.00%
