      ELEMENT  TOT  H.O.F.    I.P.   DIPOLE   GEOMETRY
   1    H      15     15        0        0        0
   2    C      15     15        0        0        0
   3    N      13     13        0        0        0
   4    O      12     12        0        0        0
  MAXIMUM NUMBERS OF EACH TYPE OF ELEMENT IN ANY REFERENCE DATA SET
          H   11          He   0          Li   0          Be   0
          B    0          C    4          N    4          O    3
          F    0          Ne   0          Na   0          Mg   0
          Al   0          Si   0          P    0          S    0
          Cl   0          Ar   0          K    0          Ca   0
          Sc   0          Ti   0          V    0          Cr   0
          Mn   0          Fe   0          Co   0          Ni   0
          Cu   0          Zn   0          Ga   0          Ge   0
          As   0          Se   0          Br   0          Kr   0
          Rb   0          Sr   0          Y    0          Zr   0
          Nb   0          Mo   0          Tc   0          Ru   0
          Rh   0          Pd   0          Ag   0          Cd   0
          In   0          Sn   0          Sb   0          Te   0
          I    0          Xe   0          Cs   0          Ba   0
          La   0          Ce   0          Pr   0          Nd   0
          Pm   0          Sm   0          Eu   0          Gd   0
          Tb   0          Dy   0          Ho   0          Er   0
          Tm   0          Yb   0          Lu   0          Hf   0
          Ta   0          W    0          Re   0          Os   0
          Ir   0          Pt   0          Au   0          Hg   0
          Tl   0          Pb   0          Bi   0

   SEQUENCE OF COMPOUNDS IN PERIODIC TABLE ORDER

 Emp. Formula               File name                                                                                                                                                                  H.o.F. Dipole I.P. Elements
 C2H11N2                    methylammonium ... methylamine separated                                                                                                                                     0.0+             H  C  N
 C4H10N3                    imidazolium ... methylamine separated                                                                                                                                        0.0+             H  C  N
 C2H11N4                    guanidinium ... methylamine separated                                                                                                                                        0.0+             H  C  N
 CH8NO                      methylammonium ... water separated                                                                                                                                           0.0+             H  C  N  O
 C2H8NO                     methylammonium ... formaldehyde separated                                                                                                                                    0.0+             H  C  N  O
 C2H10NO                    methylammonium ... methanol separated                                                                                                                                        0.0+             H  C  N  O
 C3H7N2O                    imidazolium ... water separated                                                                                                                                              0.0+             H  C  N  O
 C4H7N2O                    imidazolium ... formaldehyde separated                                                                                                                                       0.0+             H  C  N  O
 C4H9N2O                    imidazolium ... methanol separated                                                                                                                                           0.0+             H  C  N  O
 CH8N3O                     guanidinium ... water separated                                                                                                                                              0.0+             H  C  N  O
 C2H8N3O                    guanidinium ... formaldehyde separated                                                                                                                                       0.0+             H  C  N  O
 C2H10N3O                   guanidinium ... methanol separated                                                                                                                                           0.0+             H  C  N  O
 C3H8NO2                    acetate ... methylamine separated                                                                                                                                            0.0+             H  C  N  O
 C2H5O3                     acetate ... water separated                                                                                                                                                  0.0+             H  C  O
 C3H7O3                     acetate ... methanol separated                                                                                                                                               0.0+             H  C  O
 TOTAL NUMBER 
 OF FILES:               15
 OF HEATS OF FORMATION:  15,  WITH REFS:  15 =100.00%   AND SD'S:   0 =  0.00
 OF DIPOLE MOMENTS:       1,  WITH REFS:   1 =100.00%   AND SD'S:   0 =  0.00
 OF I.P.s:                1,  WITH REFS:   1 =100.00%   AND SD'S:   0 =  0.00
 OF GEOMETRY FILES:       1,  WITH REFS:   1 =100.00%
