      ELEMENT  TOT  H.O.F.    I.P.   DIPOLE   GEOMETRY
   1    H      66     66        0        0        0
   2    C      65     65        0        0        0
   3    O      42     42        0        0        0
   4    N      40     40        0        0        0
  MAXIMUM NUMBERS OF EACH TYPE OF ELEMENT IN ANY REFERENCE DATA SET
          H   24          He   0          Li   0          Be   0
          B    0          C   12          N    4          O    4
          F    0          Ne   0          Na   0          Mg   0
          Al   0          Si   0          P    0          S    0
          Cl   0          Ar   0          K    0          Ca   0
          Sc   0          Ti   0          V    0          Cr   0
          Mn   0          Fe   0          Co   0          Ni   0
          Cu   0          Zn   0          Ga   0          Ge   0
          As   0          Se   0          Br   0          Kr   0
          Rb   0          Sr   0          Y    0          Zr   0
          Nb   0          Mo   0          Tc   0          Ru   0
          Rh   0          Pd   0          Ag   0          Cd   0
          In   0          Sn   0          Sb   0          Te   0
          I    0          Xe   0          Cs   0          Ba   0
          La   0          Ce   0          Pr   0          Nd   0
          Pm   0          Sm   0          Eu   0          Gd   0
          Tb   0          Dy   0          Ho   0          Er   0
          Tm   0          Yb   0          Lu   0          Hf   0
          Ta   0          W    0          Re   0          Os   0
          Ir   0          Pt   0          Au   0          Hg   0
          Tl   0          Pb   0          Bi   0

   SEQUENCE OF COMPOUNDS IN PERIODIC TABLE ORDER

 Emp. Formula               File name                                                                                                                                                                  H.o.F. Dipole I.P. Elements
 C4H4                       51 Ethyne - Ethyne (TS)                                                                                                                                                     -1.5+             H  C
 C7H14                      45 Ethyne - Pentane                                                                                                                                                         -1.8+             H  C
 C7H16                      44 Ethylene - Pentane                                                                                                                                                       -2.0+             H  C
 C8H8                       50 Benzene - Ethyne (CH - pi)                                                                                                                                               -2.9+             H  C
 C8H10                      30 Benzene - Ethylene                                                                                                                                                       -1.4+             H  C
 C10H20                     38 Cyclopentane - Cyclopentane                                                                                                                                              -3.0+             H  C
 C10H22                     37 Cyclopentane - Neopentane                                                                                                                                                -2.4+             H  C
 C10H24                     34 Pentane - Pentane                                                                                                                                                        -3.8+             H  C
 C10H24                     35 Neopentane - Pentane                                                                                                                                                     -2.6+             H  C
 C10H24                     36 Neopentane - Neopentane                                                                                                                                                  -1.8+             H  C
 C11H16                     39 Benzene - Cyclopentane                                                                                                                                                   -3.6+             H  C
 C11H18                     40 Benzene - Neopentane                                                                                                                                                     -2.9+             H  C
 C12H12                     24 Benzene - Benzene (pi - pi)                                                                                                                                              -2.8+             H  C
 C12H12                     47 Benzene - Benzene (TS)                                                                                                                                                   -2.9+             H  C
 C7H7N                      65 Pyridine - Ethyne                                                                                                                                                        -4.0+             H  C  N
 C7H9N                      33 Pyridine - Ethylene                                                                                                                                                      -1.9+             H  C  N
 C7H11N                     56 Benzene - MeNH2 (NH - pi)                                                                                                                                                -3.2+             H  C  N
 C11H11N                    27 Benzene - Pyridine (pi - pi)                                                                                                                                             -3.4+             H  C  N
 C11H11N                    49 Benzene - Pyridine (TS)                                                                                                                                                  -3.3+             H  C  N
 C2H10N2                    10 MeNH2 - MeNH2                                                                                                                                                            -4.2+             H  C  N
 C6H10N2                    66 MeNH2 - Pyridine                                                                                                                                                         -4.0+             H  C  N
 C10H10N2                   25 Pyridine - Pyridine (pi - pi)                                                                                                                                            -3.9+             H  C  N
 C10H10N2                   48 Pyridine - Pyridine (TS)                                                                                                                                                 -3.5+             H  C  N
 C10H10N2                   58 Pyridine - Pyridine (CH - N)                                                                                                                                             -4.2+             H  C  N
 C2H4O                      59 Ethyne - Water                                                                                                                                                           -2.9+             H  C  O
 C6H8O                      54 Benzene - Water (OH - pi)                                                                                                                                                -4.2+             H  C  O
 C7H10O                     55 Benzene - MeOH (OH - pi)                                                                                                                                                 -4.7+             H  C  O
 CH7NO                      03 Water - MeNH2                                                                                                                                                            -6.9+             H  C  N  O
 CH7NO                      12 MeNH2 - Water                                                                                                                                                            -7.3+             H  C  N  O
 C2H9NO                     06 MeOH - MeNH2                                                                                                                                                             -7.5+             H  C  N  O
 C2H9NO                     09 MeNH2 - MeOH                                                                                                                                                             -3.1+             H  C  N  O
 C5H7NO                     18 Water - Pyridine                                                                                                                                                         -6.9+             H  C  N  O
 C5H11NO                    64 Peptide - Ethylene                                                                                                                                                       -3.0+             H  C  N  O
 C6H9NO                     19 MeOH - Pyridine                                                                                                                                                          -7.4+             H  C  N  O
 C7H17NO                    62 Pentane - AcNH2                                                                                                                                                          -3.5+             H  C  N  O
 C8H11NO                    53 Benzene - AcNH2 (NH - pi)                                                                                                                                                -3.3+             H  C  N  O
 C8H19NO                    46 Peptide - Pentane                                                                                                                                                        -4.3+             H  C  N  O
 C9H13NO                    57 Benzene - Peptide (NH - pi)                                                                                                                                              -5.3+             H  C  N  O
 C4H12N2O                   11 MeNH2 - Peptide                                                                                                                                                          -5.4+             H  C  N  O
 C4H12N2O                   14 Peptide - MeNH2                                                                                                                                                          -7.5+             H  C  N  O
 H4O2                       01 Water - Water                                                                                                                                                            -4.9+             H  O
 CH6O2                      02 Water - Methanol                                                                                                                                                         -5.6+             H  C  O
 CH6O2                      08 MeOH - Water                                                                                                                                                             -5.0+             H  C  O
 C2H8O2                     05 MeOH - MeOH                                                                                                                                                              -5.8+             H  C  O
 C4H6O2                     60 Ethyne - AcOH (OH-pi)                                                                                                                                                    -4.9+             H  C  O
 C7H16O2                    61 Pentane - AcOH                                                                                                                                                           -2.9+             H  C  O
 C8H10O2                    52 Benzene - AcOH (OH - pi)                                                                                                                                                 -4.4+             H  C  O
 C8H10O2                    63 Benzene - AcOH                                                                                                                                                           -3.8+             H  C  O
 C3H9NO2                    04 Water - Peptide                                                                                                                                                          -8.1+             H  C  N  O
 C3H9NO2                    16 Peptide - Water                                                                                                                                                          -5.1+             H  C  N  O
 C4H11NO2                   07 MeOH - Peptide                                                                                                                                                           -8.2+             H  C  N  O
 C4H11NO2                   13 Peptide - MeOH                                                                                                                                                           -6.2+             H  C  N  O
 C4H10N2O2                  21 AnNH2 - AcNH2                                                                                                                                                           -16.3+             H  C  N  O
 C6H6N2O2                   32 Uracil - Ethyne                                                                                                                                                          -3.7+             H  C  N  O
 C6H8N2O2                   31 Uracil - Ethylene                                                                                                                                                        -3.4+             H  C  N  O
 C6H14N2O2                  15 Peptide - Peptide                                                                                                                                                        -8.6+             H  C  N  O
 C9H14N2O2                  42 Uracil - Cyclopentane                                                                                                                                                    -4.1+             H  C  N  O
 C9H16N2O2                  41 Uracil - Pentane                                                                                                                                                         -4.8+             H  C  N  O
 C9H16N2O2                  43 Uracil - Neopentane                                                                                                                                                      -3.7+             H  C  N  O
 C10H10N2O2                 28 Benzene - Uracil (pi - pi)                                                                                                                                               -5.7+             H  C  N  O
 C9H9N3O2                   29 Pyridine - uracil (pi - pi)                                                                                                                                              -6.8+             H  C  N  O
 C6H9N3O3                   23 AcNH2 - Uracil                                                                                                                                                          -19.2+             H  C  N  O
 C4H8O4                     20 AcOH - AcOH                                                                                                                                                             -19.1+             H  C  O
 C6H8N2O4                   22 AcOH - Uracil                                                                                                                                                           -19.5+             H  C  N  O
 C8H8N4O4                   17 Uracil - Uracil (BP)                                                                                                                                                    -17.2+             H  C  N  O
 C8H8N4O4                   26 Uracil - Uracil (pi - pi)                                                                                                                                                -9.8+             H  C  N  O
 TOTAL NUMBER 
 OF FILES:               66
 OF HEATS OF FORMATION:  66,  WITH REFS:  66 =100.00%   AND SD'S:   0 =  0.00
 OF DIPOLE MOMENTS:       1,  WITH REFS:   1 =100.00%   AND SD'S:   0 =  0.00
 OF I.P.s:                1,  WITH REFS:   1 =100.00%   AND SD'S:   0 =  0.00
 OF GEOMETRY FILES:       1,  WITH REFS:   1 =100.00%
