 *******************************************************************************
 **  MOPAC: For non-commercial use only        Written by James J. P. Stewart **
 *******************************************************************************

                                MNDO CALCULATION RESULTS


 *******************************************************************************
 *                   MOPAC   7.10               CALC'D. Thu Jun  1 10:38:06 2006
 *  PM5      - This Hamiltonian is not supported
 *  SYMMETRY - SYMMETRY CONDITIONS TO BE IMPOSED
 *
 *
 *
 *                 CHARGE ON SYSTEM =    -3
 *
 *
 *
 *  OPEN(N,N)- THERE ARE 3 ELECTRONS IN 6 LEVELS
 *  MS=      - IN MECI, MAGNETIC COMPONENT OF SPIN =  2
 *  PULAY    - PULAY'S METHOD TO BE USED IN SCF
 *  T=       - A TIME OF172800.0 SECONDS REQUESTED
 *  DUMP=N   - RESTART FILE WRITTEN EVERY  7200.000 SECONDS
 *  SHIFT    - A DAMPING FACTOR OF   10.00 DEFINED
 *  MECI     - M.E.C.I. WORKING TO BE PRINTED
 *******************************************************************************



     PARAMETER DEPENDENCE DATA

        REFERENCE ATOM      FUNCTION NO.    DEPENDENT ATOM(S)
            2                  1             3  4  5  6  7
            8                  1             9 10 11 12 13
            8                  2             9 10 11 12 13
           14                  1            15 16 17 18 19
           14                  2            15 16 17 18 19

             DESCRIPTIONS OF THE FUNCTIONS USED

   1      BOND LENGTH    IS SET EQUAL TO THE REFERENCE BOND LENGTH   
   2      BOND ANGLE     IS SET EQUAL TO THE REFERENCE BOND ANGLE    
  PULAY SHIFT=10 SYMMETRY MS=1.5 CHARGE=-3 OPEN(3,6) MECI     NOLOG PM5
 Cr(iii)(ox)3 4A2g -> 4T1g
 H=68.33 HR=REF   ROOT=2,4,E

    ATOM   CHEMICAL       BOND LENGTH     BOND ANGLE      TWIST ANGLE
   NUMBER  SYMBOL         (ANGSTROMS)      (DEGREES)       (DEGREES)
    (I)                       NA:I           NB:NA:I       NC:NB:NA:I     NA   NB   NC

      1     Cr            0.0000000        0.0000000        0.0000000   
      2      O            1.9668020  *     0.0000000        0.0000000      1    0    0
      3      O            1.9668020       89.3241890  *     0.0000000      1    2    0
      4      O            1.9668020       91.4496510  *   -88.1115640  *   1    2    3
      5      O            1.9668020      179.0710470  *   124.8003430  *   1    2    3
      6      O            1.9668020       91.2410580  *  -179.4109080  *   1    2    3
      7      O            1.9668020       88.0160900  *    91.3046830  *   1    2    3
      8      C            1.2920020  *   108.1724880  *     0.5409910  *   2    1    3
      9      C            1.2920020      108.1724880        0.6016370  *   3    1    2
     10      C            1.2920020      108.1724880     -178.9729990  *   4    1    2
     11      C            1.2920020      108.1724880       91.9258390  *   5    1    6
     12      C            1.2920020      108.1724880      -87.3392330  *   6    1    2
     13      C            1.2920020      108.1724880       91.7882830  *   7    1    2
     14      O            1.2319430  *   122.4362590  *   178.3604930  *  12    6    1
     15      O            1.2319430      122.4362590      178.4140850  *  13    7    1
     16      O            1.2319430      122.4362590      178.4356710  *  10    4    1
     17      O            1.2319430      122.4362590      178.3676920  *  11    5    1
     18      O            1.2319430      122.4362590      178.4214650  *   8    2    1
     19      O            1.2319430      122.4362590      178.3943600  *   9    3    1


          CARTESIAN COORDINATES 

    NO.       ATOM         X         Y         Z

     1        Cr        0.0000    0.0000    0.0000
     2         O        1.9668    0.0000    0.0000
     3         O        0.0232    1.9667    0.0000
     4         O       -0.0498    0.0648    1.9651
     5         O       -1.9665   -0.0182   -0.0262
     6         O       -0.0426   -1.9662    0.0202
     7         O        0.0681   -0.0448   -1.9651
     8         C        2.3697    1.2275    0.0116
     9         C        1.2554    2.3551   -0.0129
    10         C       -1.2869    0.0551    2.3374
    11         C       -2.3863    0.0323    1.1947
    12         C        0.0056   -2.3829   -1.2018
    13         C        0.0438   -1.2806   -2.3411
    14         O        0.0236   -3.5802   -1.4915
    15         O        0.0469   -1.6103   -3.5281
    16         O       -1.6201    0.0603    3.5234
    17         O       -3.5841    0.0642    1.4808
    18         O        3.5633    1.5309    0.0431
    19         O        1.5728    3.5450   -0.0452
  C (PM6): J. J. P. Stewart  J. Mol. Mod. (to be submitted)!                    
  O (PM6): J. J. P. Stewart  J. Mol. Mod. (to be submitted)!                    
 Cr (PM6): J. J. P. Stewart  J. Mol. Mod. (to be submitted)!                    


      MOLECULAR POINT GROUP   :   D3  

      THERE ARE   51 DOUBLY FILLED LEVELS


      RHF CALCULATION, NO. OF DOUBLY OCCUPIED LEVELS =   51


                       NO. OF LEVELS WITH OCCUPANCY 0.500  =  6

          DIAGONAL MATRIX USED AS START HESSIAN

 CYCLE:   1 TIME:   1.812 TIME LEFT:  2.00D  GRAD.:   217.665 HEAT: -541.7003    
 CYCLE:   2 TIME:   5.188 TIME LEFT:  2.00D  GRAD.:   132.003 HEAT: -543.1293    
 CYCLE:   3 TIME:   1.750 TIME LEFT:  2.00D  GRAD.:    86.932 HEAT: -544.8520    
 CYCLE:   4 TIME:   1.734 TIME LEFT:  2.00D  GRAD.:    89.158 HEAT: -546.3331    
 CYCLE:   5 TIME:   1.750 TIME LEFT:  2.00D  GRAD.:    66.465 HEAT: -548.1135    
 CYCLE:   6 TIME:   1.719 TIME LEFT:  2.00D  GRAD.:    82.702 HEAT: -549.7095    
 CYCLE:   7 TIME:   3.516 TIME LEFT:  2.00D  GRAD.:   114.828 HEAT: -550.3228    
 CYCLE:   8 TIME:   3.484 TIME LEFT:  2.00D  GRAD.:    70.700 HEAT: -550.8808    
 CYCLE:   9 TIME:   3.484 TIME LEFT:  2.00D  GRAD.:    78.036 HEAT: -551.0644    
 CYCLE:  10 TIME:   1.734 TIME LEFT:  2.00D  GRAD.:    19.836 HEAT: -551.4276    
 CYCLE:  11 TIME:   1.750 TIME LEFT:  2.00D  GRAD.:    13.303 HEAT: -551.7625    
 CYCLE:  12 TIME:   3.453 TIME LEFT:  2.00D  GRAD.:    40.605 HEAT: -551.8449    
 CYCLE:  13 TIME:   1.734 TIME LEFT:  2.00D  GRAD.:    21.215 HEAT: -552.0534    
 CYCLE:  14 TIME:   1.750 TIME LEFT:  2.00D  GRAD.:    10.688 HEAT: -552.2074    
 CYCLE:  15 TIME:   1.750 TIME LEFT:  2.00D  GRAD.:    21.835 HEAT: -552.3824    
 CYCLE:  16 TIME:   1.750 TIME LEFT:  2.00D  GRAD.:    16.002 HEAT: -552.5250    
 CYCLE:  17 TIME:   1.766 TIME LEFT:  2.00D  GRAD.:     7.023 HEAT: -552.5651    
 CYCLE:  18 TIME:   1.734 TIME LEFT:  2.00D  GRAD.:     3.933 HEAT: -552.5890    
 CYCLE:  19 TIME:   1.703 TIME LEFT:  2.00D  GRAD.:     8.976 HEAT: -552.5961    
 CYCLE:  20 TIME:   1.766 TIME LEFT:  2.00D  GRAD.:     3.348 HEAT: -552.6158    
 CYCLE:  21 TIME:   1.719 TIME LEFT:  2.00D  GRAD.:     2.207 HEAT: -552.6286    
 CYCLE:  22 TIME:   1.734 TIME LEFT:  2.00D  GRAD.:     2.334 HEAT: -552.6337    
 CYCLE:  23 TIME:   1.703 TIME LEFT:  2.00D  GRAD.:     3.076 HEAT: -552.6382    
 CYCLE:  24 TIME:   1.719 TIME LEFT:  2.00D  GRAD.:     2.042 HEAT: -552.6422    
 CYCLE:  25 TIME:   1.734 TIME LEFT:  2.00D  GRAD.:     1.359 HEAT: -552.6472    
 CYCLE:  26 TIME:   1.719 TIME LEFT:  2.00D  GRAD.:     1.124 HEAT: -552.6489    
 CYCLE:  27 TIME:   1.734 TIME LEFT:  2.00D  GRAD.:     0.920 HEAT: -552.6495    

     RMS GRADIENT =  0.92014  IS LESS THAN CUTOFF =  1.00000



 -------------------------------------------------------------------------------
  PULAY SHIFT=10 SYMMETRY MS=1.5 CHARGE=-3 OPEN(3,6) MECI     NOLOG PM5
 Cr(iii)(ox)3 4A2g -> 4T1g
 H=68.33 HR=REF   ROOT=2,4,E


     GEOMETRY OPTIMISED USING EIGENVECTOR FOLLOWING (EF).     
     SCF FIELD WAS ACHIEVED                                   


                               MNDO    CALCULATION
                                                       MOPAC  7.10
                                                       Thu Jun  1 10:39:04 2006




          FINAL HEAT OF FORMATION =       -552.64980 KCAL =  -2312.28677 KJ


          TOTAL ENERGY            =      -4422.60758 EV  STATE:  QUARTET A2  
          ELECTRONIC ENERGY       =     -24223.59430 EV  POINT GROUP:     D3  
          CORE-CORE REPULSION     =      19800.98672 EV

          IONIZATION POTENTIAL    =         -8.37156
          NO. OF FILLED LEVELS    =         51
          AND NO. OF OPEN LEVELS  =          6
          MOLECULAR WEIGHT        =        316.055

          MOLECULAR DIMENSIONS (Angstroms)

            Atom       Atom       Distance
            O    18    O    17     7.55249
            O    15    O    16     7.08518
            O    14    O    19     5.99319


          SCF CALCULATIONS        =         34
          COMPUTATION TIME        =         57.453 SECONDS





    ATOM   CHEMICAL       BOND LENGTH     BOND ANGLE      TWIST ANGLE
   NUMBER  SYMBOL         (ANGSTROMS)      (DEGREES)       (DEGREES)
    (I)                       NA:I           NB:NA:I       NC:NB:NA:I     NA   NB   NC

      1     Cr            0.0000000        0.0000000        0.0000000   
      2      O            1.9133489  *     0.0000000        0.0000000      1    0    0
      3      O            1.9133489       83.0059944  *     0.0000000      1    2    0
      4      O            1.9133489       91.4042533  *   -93.8483631  *   1    2    3
      5      O            1.9133489      172.5161420  *   -52.4989788  *   1    2    3
      6      O            1.9133489       91.5968277  *   174.1820259  *   1    2    3
      7      O            1.9133489       94.1274043  *    91.0919188  *   1    2    3
      8      C            1.2946070  *   116.0797817  *    -0.4869414  *   2    1    3
      9      C            1.2946070      116.0797817       -0.5953447  *   3    1    2
     10      C            1.2946070      116.0797817      174.6539479  *   4    1    2
     11      C            1.2946070      116.0797817       90.7051791  *   5    1    6
     12      C            1.2946070      116.0797817      -94.3339913  *   6    1    2
     13      C            1.2946070      116.0797817       90.2984839  *   7    1    2
     14      O            1.2335273  *   123.8390015  *  -178.3795618  *  12    6    1
     15      O            1.2335273      123.8390015     -178.0230129  *  13    7    1
     16      O            1.2335273      123.8390015     -178.3234962  *  10    4    1
     17      O            1.2335273      123.8390015     -178.0021654  *  11    5    1
     18      O            1.2335273      123.8390015     -178.3873086  *   8    2    1
     19      O            1.2335273      123.8390015     -178.3273715  *   9    3    1


      MOLECULAR POINT GROUP   :   D3  


                  EIGENVALUES

 -21.33465 -21.33353 -20.11473 -20.11194 -20.00965 -19.75424 -19.73183 -19.73007
 -19.57943 -18.96552 -18.96129 -18.26527 -13.30647 -13.29877 -13.11778 -10.63763
 -10.63202 -10.19317  -8.72194  -8.26029  -8.25557  -7.13640  -7.13421  -6.57793
  -6.34975  -6.16994  -6.16727  -5.65935  -5.65438  -5.62222  -5.18282  -4.88974
  -4.88539  -3.40549  -3.35007  -3.34893  -3.12324  -3.12093  -3.07728  -2.63128
  -2.63008  -2.60010  -2.13888  -2.08263  -2.07835  -1.88107  -1.87938  -1.76309
  -0.41628  -0.36700  -0.36201   6.27907   6.28310   6.35590   8.10647   8.36816
   8.37156  11.23387  11.23502  11.39868  11.40329  11.47329  11.64571  12.25434
  12.25555  12.87376  13.51024  13.51322  13.83379  13.91142  13.91282  14.08018
  14.09863  14.10015  14.77576  14.85565  14.85776  16.54243  16.54975  16.75104
  16.98818


              NET ATOMIC CHARGES AND DIPOLE CONTRIBUTIONS

         ATOM NO.   TYPE          CHARGE        ATOM  ELECTRON DENSITY
           1         Cr           0.190749        5.8093
           2          O          -0.450715        6.4507
           3          O          -0.451482        6.4515
           4          O          -0.450317        6.4503
           5          O          -0.450980        6.4510
           6          O          -0.450914        6.4509
           7          O          -0.450917        6.4509
           8          C           0.507051        3.4929
           9          C           0.507014        3.4930
          10          C           0.506130        3.4939
          11          C           0.506162        3.4938
          12          C           0.507316        3.4927
          13          C           0.506675        3.4933
          14          O          -0.587482        6.5875
          15          O          -0.587588        6.5876
          16          O          -0.587854        6.5879
          17          O          -0.587776        6.5878
          18          O          -0.587505        6.5875
          19          O          -0.587568        6.5876
 DIPOLE           X         Y         Z       TOTAL
 POINT-CHG.     0.001     0.021    -0.021     0.030
 HYBRID         0.000    -0.005     0.003     0.006
 SUM            0.001     0.015    -0.019     0.024


          CARTESIAN COORDINATES 

    NO.       ATOM               X         Y         Z

     1        Cr                  0.0000    0.0000    0.0000
     2         O                  1.9133    0.0000    0.0000
     3         O                  0.2330    1.8991    0.0000
     4         O                 -0.0469   -0.1284    1.9085
     5         O                 -1.8971    0.1517    0.1977
     6         O                 -0.0533   -1.9028   -0.1939
     7         O                 -0.1377   -0.0364   -1.9080
     8         C                  2.4825    1.1628   -0.0099
     9         C                  1.4564    2.3224    0.0121
    10         C                 -1.2182   -0.0566    2.4551
    11         C                 -2.3497    0.0906    1.4091
    12         C                 -0.1570   -2.3488   -1.4048
    13         C                 -0.1847   -1.2097   -2.4530
    14         O                 -0.2325   -3.5461   -1.6917
    15         O                 -0.2383   -1.4000   -3.6706
    16         O                 -1.4113   -0.0930    3.6729
    17         O                 -3.5481    0.1368    1.6977
    18         O                  3.7044    1.3292   -0.0401
    19         O                  1.7703    3.5149    0.0437


          ATOMIC ORBITAL ELECTRON POPULATIONS

   0.32810   0.28465   0.28222   0.28560   0.58092   1.15151   0.57929   1.15810
   1.15886   1.71564   1.63286   1.43499   1.66723   1.71542   1.38782   1.68069
   1.66755   1.71563   1.42690   1.66782   1.63996   1.71551   1.67073   1.66850
   1.39625   1.71549   1.66516   1.67370   1.39655   1.71557   1.66719   1.42741
   1.64075   1.13112   0.83568   0.81728   0.70886   1.13121   0.80537   0.84760
   0.70880   1.13097   0.81477   0.71060   0.83752   1.13103   0.84510   0.71052
   0.80719   1.13101   0.70882   0.84554   0.80731   1.13109   0.70931   0.81521
   0.83772   1.86564   1.58878   1.29431   1.83875   1.86564   1.58870   1.86029
   1.27295   1.86564   1.85794   1.59162   1.27265   1.86564   1.29278   1.59111
   1.83824   1.86565   1.26865   1.86416   1.58905   1.86564   1.83309   1.29982
   1.58903


          MULTI-ELECTRON CONFIGURATION INTERACTION CALCULATION


          COMPONENT OF SPIN  =  1.5


           NO OF CONFIGURATIONS CONSIDERED =   20

 CONFIGURATIONS CONSIDERED IN C.I.      
 M.O. NUMBER :        52  53  54  55  56  57
          ENERGY

             1         1   1   1   0   0   0
         -9.0822       0   0   0   0   0   0

             2         1   1   0   1   0   0
         -7.7290       0   0   0   0   0   0

             3         1   1   0   0   1   0
         -7.5653       0   0   0   0   0   0

             4         1   1   0   0   0   1
         -7.5646       0   0   0   0   0   0

             5         1   0   1   1   0   0
         -7.6922       0   0   0   0   0   0

             6         1   0   1   0   1   0
         -7.4409       0   0   0   0   0   0

             7         1   0   1   0   0   1
         -7.3689       0   0   0   0   0   0

             8         1   0   0   1   1   0
         -5.5656       0   0   0   0   0   0

             9         1   0   0   1   0   1
         -5.4937       0   0   0   0   0   0

            10         1   0   0   0   1   1
         -5.3469       0   0   0   0   0   0

            11         0   1   1   1   0   0
         -7.6878       0   0   0   0   0   0

            12         0   1   1   0   1   0
         -7.3685       0   0   0   0   0   0

            13         0   1   1   0   0   1
         -7.4337       0   0   0   0   0   0

            14         0   1   0   1   1   0
         -5.4911       0   0   0   0   0   0

            15         0   1   0   1   0   1
         -5.5564       0   0   0   0   0   0

            16         0   1   0   0   1   1
         -5.3417       0   0   0   0   0   0

            17         0   0   1   1   1   0
         -5.5219       0   0   0   0   0   0

            18         0   0   1   1   0   1
         -5.5159       0   0   0   0   0   0

            19         0   0   1   0   1   1
         -5.2137       0   0   0   0   0   0

            20         0   0   0   1   1   1
         -2.8142       0   0   0   0   0   0


 DIAGONAL OF C.I. MATRIX
    -9.082155    -7.729005    -7.565268    -7.564556    -7.692204
    -7.440925    -7.368862    -5.565558    -5.493680    -5.346939
    -7.687760    -7.368527    -7.433680    -5.491104    -5.556443
    -5.341748    -5.521929    -5.515916    -5.213679    -2.814224

  STATE       ENERGY (EV)        Q.N.  SPIN   SYMMETRY     POLARIZATION
         ABSOLUTE    RELATIVE                            X       Y       Z

    1+   -9.141342    0.000000     1   QUARTET     A2    0.0019  0.0016  0.0020
    2    -7.792097    1.349245     1   QUARTET     A1    0.0288  0.0376  0.0353
    3    -7.732172    1.409169     1   QUARTET     E     0.5062  0.4924  0.0499
    4    -7.729519    1.411823     1   QUARTET     E     0.3113  0.2459  0.6246
    5    -7.602970    1.538372     2   QUARTET     E     0.5172  0.7556  0.3548
    6    -7.602832    1.538510     2   QUARTET     E     0.6003  0.0266  0.6719
    7    -7.449122    1.692220     2   QUARTET     A1    0.0614  0.0381  0.0816
    8    -7.403168    1.738173     3   QUARTET     E     0.4593  0.1490  0.3056
    9    -7.402780    1.738562     3   QUARTET     E     0.2583  0.5053  0.3165
   10    -7.125517    2.015825     2   QUARTET     A2    0.0018  0.0039  0.0001
   11    -5.669870    3.471472     4   QUARTET     E     0.0130  0.0249  0.0159
   12    -5.667319    3.474023     4   QUARTET     E     0.0198  0.0048  0.0151
   13    -5.638543    3.502799     3   QUARTET     A2    0.0027  0.0005  0.0022
   14    -5.474269    3.667073     5   QUARTET     E     0.0145  0.0188  0.0071
   15    -5.468303    3.673039     5   QUARTET     E     0.0173  0.0047  0.0252
   16    -5.383705    3.757636     3   QUARTET     A1    0.0120  0.0128  0.0102
   17    -5.312753    3.828589     6   QUARTET     E     0.0247  0.0278  0.0069
   18    -5.308988    3.832353     6   QUARTET     E     0.0209  0.0095  0.0342
   19    -5.180204    3.961137     4   QUARTET     A2    0.0013  0.0006  0.0010
   20    -2.708692    6.432650     4   QUARTET     A1    0.0015  0.0017  0.0014
 'RELATIVE ENERGY' IS RELATIVE TO LOWEST STATE CALCULATED.
 THIS MAY OR MAY NOT BE THE GROUND STATE



 TOTAL CPU TIME:            57.48 SECONDS

 == MOPAC DONE ==
