 *******************************************************************************
 **  MOPAC: For non-commercial use only        Written by James J. P. Stewart **
 *******************************************************************************

                                MNDO CALCULATION RESULTS


 *******************************************************************************
 *                   MOPAC   7.10               CALC'D. Thu Jun  1 10:55:33 2006
 *  SYMMETRY - SYMMETRY CONDITIONS TO BE IMPOSED
 *  OPEN(N,N)- THERE ARE 3 ELECTRONS IN 2 LEVELS
 *  T=       - A TIME OF172800.0 SECONDS REQUESTED
 *  DUMP=N   - RESTART FILE WRITTEN EVERY  7200.000 SECONDS
 *  ALLVEC   - PRINT ALL EIGENVECTORS
 *  MECI     - M.E.C.I. WORKING TO BE PRINTED
 *******************************************************************************



     PARAMETER DEPENDENCE DATA

        REFERENCE ATOM      FUNCTION NO.    DEPENDENT ATOM(S)
            2                  1             3  4  5  6  7
            8                  1             9 10 11 12 13 14 15

             DESCRIPTIONS OF THE FUNCTIONS USED

   1      BOND LENGTH    IS SET EQUAL TO THE REFERENCE BOND LENGTH   
  ALLVECS MECI SYMMETRY open(3,2)
 Cu(II)Cl6 2Eg
 ROOT=1,2,EG H=0 HR=GS

    ATOM   CHEMICAL       BOND LENGTH     BOND ANGLE      TWIST ANGLE
   NUMBER  SYMBOL         (ANGSTROMS)      (DEGREES)       (DEGREES)
    (I)                       NA:I           NB:NA:I       NC:NB:NA:I     NA   NB   NC

      1     Cu            0.0000000        0.0000000        0.0000000   
      2     Cl            2.4738880  *     0.0000000        0.0000000      1    0    0
      3     Cl            2.4738880       90.0000000        0.0000000      1    2    0
      4     Cl            2.4738880       90.0000000      180.0000000      1    2    3
      5     Cl            2.4738880      180.0000000        0.0000000      1    2    3
      6     Cl            2.4738880       90.0000000       90.0000000      1    2    3
      7     Cl            2.4738880       90.0000000      -90.0000000      1    2    3
      8     Fr            2.6224460  *    54.7356100       45.0000000      1    2    3
      9     Fr            2.6224460       54.7356100       45.0000000      1    3    2
     10     Fr            2.6224460       54.7356100       45.0000000      1    3    7
     11     Fr            2.6224460       54.7356100       45.0000000      1    3    5
     12     Fr            2.6224460      180.0000000        0.0000000      1    8    2
     13     Fr            2.6224460      180.0000000        0.0000000      1    9    2
     14     Fr            2.6224460      180.0000000        0.0000000      1   10    2
     15     Fr            2.6224460      180.0000000        0.0000000      1   11    2


          CARTESIAN COORDINATES 

    NO.       ATOM         X         Y         Z

     1        Cu        0.0000    0.0000    0.0000
     2        Cl        2.4739    0.0000    0.0000
     3        Cl        0.0000    2.4739    0.0000
     4        Cl        0.0000   -2.4739    0.0000
     5        Cl       -2.4739    0.0000    0.0000
     6        Cl        0.0000    0.0000   -2.4739
     7        Cl        0.0000    0.0000    2.4739
     8        Fr        1.5141    1.5141   -1.5141
     9        Fr        1.5141    1.5141    1.5141
    10        Fr       -1.5141    1.5141    1.5141
    11        Fr       -1.5141    1.5141   -1.5141
    12        Fr       -1.5141   -1.5141    1.5141
    13        Fr       -1.5141   -1.5141   -1.5141
    14        Fr        1.5141   -1.5141   -1.5141
    15        Fr        1.5141   -1.5141    1.5141
 Cl (PM6): J. J. P. Stewart  J. Mol. Mod. (to be submitted)!                    
 Cu (PM6): J. J. P. Stewart  J. Mol. Mod. (to be submitted)!                    
 Fr (PM6): J. J. P. Stewart  J. Mol. Mod. (to be submitted)!                    


      MOLECULAR POINT GROUP   :   Oh  

      THERE ARE   27 DOUBLY FILLED LEVELS


      RHF CALCULATION, NO. OF DOUBLY OCCUPIED LEVELS =   27


                       NO. OF LEVELS WITH OCCUPANCY 1.500  =  2

          DIAGONAL MATRIX USED AS START HESSIAN

 CYCLE:   1 TIME:   2.047 TIME LEFT:  2.00D  GRAD.:   514.592 HEAT: -313.7329    
 CYCLE:   2 TIME:   1.953 TIME LEFT:  2.00D  GRAD.:   465.147 HEAT: -338.2196    
 CYCLE:   3 TIME:   1.797 TIME LEFT:  2.00D  GRAD.:   378.542 HEAT: -380.2827    
 CYCLE:   4 TIME:   1.812 TIME LEFT:  2.00D  GRAD.:   250.497 HEAT: -442.3096    
 CYCLE:   5 TIME:   1.688 TIME LEFT:  2.00D  GRAD.:   115.128 HEAT: -511.3878    
 CYCLE:   6 TIME:   2.062 TIME LEFT:  2.00D  GRAD.:    63.333 HEAT: -538.2622    
 CYCLE:   7 TIME:   2.172 TIME LEFT:  2.00D  GRAD.:    33.197 HEAT: -543.7238    
 CYCLE:   8 TIME:   2.156 TIME LEFT:  2.00D  GRAD.:    15.979 HEAT: -544.3889    
 CYCLE:   9 TIME:   2.125 TIME LEFT:  2.00D  GRAD.:     5.961 HEAT: -544.6065    
 CYCLE:  10 TIME:   2.094 TIME LEFT:  2.00D  GRAD.:     0.927 HEAT: -544.6754    

     RMS GRADIENT =  0.92693  IS LESS THAN CUTOFF =  1.00000



 -------------------------------------------------------------------------------
  ALLVECS MECI SYMMETRY open(3,2)
 Cu(II)Cl6 2Eg
 ROOT=1,2,EG H=0 HR=GS


     GEOMETRY OPTIMISED USING EIGENVECTOR FOLLOWING (EF).     
     SCF FIELD WAS ACHIEVED                                   


                               MNDO    CALCULATION
                                                       MOPAC  7.10
                                                       Thu Jun  1 10:55:53 2006




          FINAL HEAT OF FORMATION =       -544.67506 KCAL =  -2278.92047 KJ


          TOTAL ENERGY            =      -2212.47917 EV  STATE:  DOUBLET Eg  
          ELECTRONIC ENERGY       =      -7948.46885 EV  POINT GROUP:     Oh  
          CORE-CORE REPULSION     =       5735.98968 EV

          IONIZATION POTENTIAL    =          6.69682
          NO. OF FILLED LEVELS    =         27
          AND NO. OF OPEN LEVELS  =          2
          MOLECULAR WEIGHT        =       2060.264

          MOLECULAR DIMENSIONS (Angstroms)

            Atom       Atom       Distance
           Fr    13   Fr     9     7.76143
           Fr    15   Fr    11     7.31754
           Fr     8   Fr    12     6.33718


          SCF CALCULATIONS        =         11
          COMPUTATION TIME        =         19.953 SECONDS





    ATOM   CHEMICAL       BOND LENGTH     BOND ANGLE      TWIST ANGLE
   NUMBER  SYMBOL         (ANGSTROMS)      (DEGREES)       (DEGREES)
    (I)                       NA:I           NB:NA:I       NC:NB:NA:I     NA   NB   NC

      1     Cu            0.0000000        0.0000000        0.0000000   
      2     Cl            2.5350201  *     0.0000000        0.0000000      1    0    0
      3     Cl            2.5350201       90.0000000        0.0000000      1    2    0
      4     Cl            2.5350201       90.0000000      180.0000000      1    2    3
      5     Cl            2.5350201      180.0000000        0.0000000      1    2    3
      6     Cl            2.5350201       90.0000000       90.0000000      1    2    3
      7     Cl            2.5350201       90.0000000      -90.0000000      1    2    3
      8     Fr            3.8807134  *    54.7356100       45.0000000      1    2    3
      9     Fr            3.8807134       54.7356100       45.0000000      1    3    2
     10     Fr            3.8807134       54.7356100       45.0000000      1    3    7
     11     Fr            3.8807134       54.7356100       45.0000000      1    3    5
     12     Fr            3.8807134      180.0000000        0.0000000      1    8    2
     13     Fr            3.8807134      180.0000000        0.0000000      1    9    2
     14     Fr            3.8807134      180.0000000        0.0000000      1   10    2
     15     Fr            3.8807134      180.0000000        0.0000000      1   11    2


      MOLECULAR POINT GROUP   :   Oh  


                EIGENVECTORS  


   Root No.    1       2       3       4       5       6       7       8

              1 a1g   1 t1u   1 t1u   1 t1u   1 eg    1 eg    2 a1g   1 t2g 

           -25.004 -24.709 -24.709 -24.709 -24.705 -24.705 -11.663  -8.590
  
  S  Cu  1 -0.1265  0.0000  0.0000  0.0000  0.0000  0.0000 -0.5179  0.0000
  Px Cu  1  0.0000  0.0000  0.0047  0.0000  0.0000  0.0000  0.0000  0.0000
  Py Cu  1  0.0000  0.0047  0.0000  0.0000  0.0000  0.0000  0.0000  0.0000
  Pz Cu  1  0.0000  0.0000  0.0000 -0.0047  0.0000  0.0000  0.0000  0.0000
  x2 Cu  1  0.0000  0.0000  0.0000  0.0000 -0.0071  0.0027  0.0000  0.0000
  xz Cu  1  0.0000  0.0000  0.0000  0.0000  0.0000  0.0000  0.0000 -0.0058
  z2 Cu  1  0.0000  0.0000  0.0000  0.0000 -0.0027 -0.0071  0.0000  0.0000
  yz Cu  1  0.0000  0.0000  0.0000  0.0000  0.0000  0.0000  0.0000  0.0175
  xz Cu  1  0.0000  0.0000  0.0000  0.0000  0.0000  0.0000  0.0000  0.8428
  S  Cl  2 -0.4046  0.0000  0.7071 -0.0009 -0.3677  0.4451  0.0418  0.0000
  Px Cl  2  0.0172  0.0000 -0.0004  0.0000 -0.0009  0.0011  0.3464  0.0000
  Py Cl  2  0.0000  0.0016  0.0000  0.0000  0.0000  0.0000  0.0000  0.2689
  Pz Cl  2  0.0000  0.0000  0.0000 -0.0016  0.0000  0.0000  0.0000 -0.0019
  x2 Cl  2 -0.0014  0.0000 -0.0005  0.0000  0.0002 -0.0004 -0.0127  0.0000
  xz Cl  2  0.0000  0.0000  0.0000  0.0001  0.0000  0.0000  0.0000  0.0000
  z2 Cl  2  0.0008  0.0000  0.0003  0.0000 -0.0002  0.0001  0.0074  0.0000
  yz Cl  2  0.0000  0.0000  0.0000  0.0000  0.0000  0.0000  0.0000  0.0001
  xz Cl  2  0.0000 -0.0001  0.0000  0.0000  0.0000  0.0000  0.0000 -0.0041
  S  Cl  3 -0.4046  0.7071  0.0000  0.0003  0.5693  0.0959  0.0418  0.0000
  Px Cl  3  0.0000  0.0000  0.0016  0.0000  0.0000  0.0000  0.0000  0.2689
  Py Cl  3  0.0172 -0.0004  0.0000  0.0000  0.0015  0.0002  0.3464  0.0000
  Pz Cl  3  0.0000  0.0000  0.0000 -0.0016  0.0000  0.0000  0.0000  0.0056
  x2 Cl  3  0.0014  0.0005  0.0000  0.0000  0.0004  0.0001  0.0127  0.0000
  xz Cl  3  0.0000  0.0000  0.0000  0.0000  0.0000  0.0000  0.0000  0.0000
  z2 Cl  3  0.0008  0.0003  0.0000  0.0000  0.0003  0.0000  0.0074  0.0000
  yz Cl  3  0.0000  0.0000  0.0000  0.0001  0.0000  0.0000  0.0000 -0.0001
  xz Cl  3  0.0000  0.0000 -0.0001  0.0000  0.0000  0.0000  0.0000 -0.0041
  S  Cl  4 -0.4046 -0.7071  0.0000 -0.0003  0.5693  0.0959  0.0418  0.0000
  Px Cl  4  0.0000  0.0000  0.0016  0.0000  0.0000  0.0000  0.0000 -0.2689
  Py Cl  4 -0.0172 -0.0004  0.0000  0.0000 -0.0015 -0.0002 -0.3464  0.0000
  Pz Cl  4  0.0000  0.0000  0.0000 -0.0016  0.0000  0.0000  0.0000 -0.0056
  x2 Cl  4  0.0014 -0.0005  0.0000  0.0000  0.0004  0.0001  0.0127  0.0000
  xz Cl  4  0.0000  0.0000  0.0000  0.0000  0.0000  0.0000  0.0000  0.0000
  z2 Cl  4  0.0008 -0.0003  0.0000  0.0000  0.0003  0.0000  0.0074  0.0000
  yz Cl  4  0.0000  0.0000  0.0000 -0.0001  0.0000  0.0000  0.0000 -0.0001
  xz Cl  4  0.0000  0.0000  0.0001  0.0000  0.0000  0.0000  0.0000 -0.0041
  S  Cl  5 -0.4046  0.0000 -0.7071  0.0009 -0.3677  0.4451  0.0418  0.0000
  Px Cl  5 -0.0172  0.0000 -0.0004  0.0000  0.0009 -0.0011 -0.3464  0.0000
  Py Cl  5  0.0000  0.0016  0.0000  0.0000  0.0000  0.0000  0.0000 -0.2689
  Pz Cl  5  0.0000  0.0000  0.0000 -0.0016  0.0000  0.0000  0.0000  0.0019
  x2 Cl  5 -0.0014  0.0000  0.0005  0.0000  0.0002 -0.0004 -0.0127  0.0000
  xz Cl  5  0.0000  0.0000  0.0000 -0.0001  0.0000  0.0000  0.0000  0.0000
  z2 Cl  5  0.0008  0.0000 -0.0003  0.0000 -0.0002  0.0001  0.0074  0.0000
  yz Cl  5  0.0000  0.0000  0.0000  0.0000  0.0000  0.0000  0.0000  0.0001
  xz Cl  5  0.0000  0.0001  0.0000  0.0000  0.0000  0.0000  0.0000 -0.0041
  S  Cl  6 -0.4046 -0.0003  0.0009  0.7071 -0.2016 -0.5410  0.0418  0.0000
  Px Cl  6  0.0000  0.0000  0.0016  0.0000  0.0000  0.0000  0.0000  0.0019
  Py Cl  6  0.0000  0.0016  0.0000  0.0000  0.0000  0.0000  0.0000 -0.0056
  Pz Cl  6 -0.0172  0.0000  0.0000  0.0004  0.0005  0.0014 -0.3464  0.0000
  x2 Cl  6  0.0000  0.0000  0.0000  0.0000 -0.0001  0.0000  0.0000  0.0000
  xz Cl  6  0.0000  0.0000  0.0001  0.0000  0.0000  0.0000  0.0000  0.0000
  z2 Cl  6 -0.0016  0.0000  0.0000 -0.0006  0.0002  0.0005 -0.0147  0.0000
  yz Cl  6  0.0000  0.0001  0.0000  0.0000  0.0000  0.0000  0.0000 -0.0001
  xz Cl  6  0.0000  0.0000  0.0000  0.0000  0.0000  0.0000  0.0000  0.0026
  S  Cl  7 -0.4046  0.0003 -0.0009 -0.7071 -0.2016 -0.5410  0.0418  0.0000
  Px Cl  7  0.0000  0.0000  0.0016  0.0000  0.0000  0.0000  0.0000 -0.0019
  Py Cl  7  0.0000  0.0016  0.0000  0.0000  0.0000  0.0000  0.0000  0.0056
  Pz Cl  7  0.0172  0.0000  0.0000  0.0004 -0.0005 -0.0014  0.3464  0.0000
  x2 Cl  7  0.0000  0.0000  0.0000  0.0000 -0.0001  0.0000  0.0000  0.0000
  xz Cl  7  0.0000  0.0000 -0.0001  0.0000  0.0000  0.0000  0.0000  0.0000
  z2 Cl  7 -0.0016  0.0000  0.0000  0.0006  0.0002  0.0005 -0.0147  0.0000
  yz Cl  7  0.0000 -0.0001  0.0000  0.0000  0.0000  0.0000  0.0000 -0.0001
  xz Cl  7  0.0000  0.0000  0.0000  0.0000  0.0000  0.0000  0.0000  0.0026


   Root No.    9      10      11      12      13      14      15      16

              1 t2g   1 t2g   2 t2g   2 t2g   2 t2g   2 t1u   2 t1u   2 t1u 

            -8.590  -8.590  -8.525  -8.525  -8.525  -8.465  -8.465  -8.465
  
  S  Cu  1  0.0000  0.0000  0.0000  0.0000  0.0000  0.0000  0.0000  0.0000
  Px Cu  1  0.0000  0.0000  0.0000  0.0000  0.0000 -0.0013 -0.0220  0.0095
  Py Cu  1  0.0000  0.0000  0.0000  0.0000  0.0000  0.0235 -0.0031 -0.0038
  Pz Cu  1  0.0000  0.0000  0.0000  0.0000  0.0000 -0.0047 -0.0091 -0.0217
  x2 Cu  1  0.0000  0.0000  0.0000  0.0000  0.0000  0.0000  0.0000  0.0000
  xz Cu  1  0.0002 -0.8429  0.0180  0.0027  0.5377  0.0000  0.0000  0.0000
  z2 Cu  1  0.0000  0.0000  0.0000  0.0000  0.0000  0.0000  0.0000  0.0000
  yz Cu  1  0.8428  0.0001 -0.0533  0.5353 -0.0009  0.0000  0.0000  0.0000
  xz Cu  1 -0.0175 -0.0058 -0.5350 -0.0533  0.0181  0.0000  0.0000  0.0000
  S  Cl  2  0.0000  0.0000  0.0000  0.0000  0.0000  0.0001  0.0022 -0.0010
  Px Cl  2  0.0000  0.0000  0.0000  0.0000  0.0000  0.0126  0.2094 -0.0903
  Py Cl  2 -0.0056 -0.0019  0.4192  0.0417 -0.0142  0.4630 -0.0604 -0.0756
  Pz Cl  2  0.0001 -0.2689 -0.0141 -0.0021 -0.4212 -0.0932 -0.1789 -0.4278
  x2 Cl  2  0.0000  0.0000  0.0000  0.0000  0.0000  0.0000  0.0004 -0.0002
  xz Cl  2  0.0000  0.0041  0.0001  0.0000  0.0029  0.0007  0.0013  0.0031
  z2 Cl  2  0.0000  0.0000  0.0000  0.0000  0.0000  0.0000 -0.0002  0.0001
  yz Cl  2  0.0026  0.0000  0.0003 -0.0035  0.0000  0.0000  0.0000  0.0000
  xz Cl  2  0.0001  0.0000 -0.0029 -0.0003  0.0001 -0.0033  0.0004  0.0005
  S  Cl  3  0.0000  0.0000  0.0000  0.0000  0.0000 -0.0024  0.0003  0.0004
  Px Cl  3 -0.0056 -0.0019  0.4192  0.0417 -0.0142 -0.0261 -0.4337  0.1871
  Py Cl  3  0.0000  0.0000  0.0000  0.0000  0.0000 -0.2236  0.0292  0.0365
  Pz Cl  3  0.2689  0.0000  0.0418 -0.4194  0.0007 -0.0932 -0.1789 -0.4278
  x2 Cl  3  0.0000  0.0000  0.0000  0.0000  0.0000  0.0004  0.0000 -0.0001
  xz Cl  3  0.0000 -0.0026 -0.0001  0.0000 -0.0035  0.0000  0.0000  0.0000
  z2 Cl  3  0.0000  0.0000  0.0000  0.0000  0.0000  0.0002  0.0000  0.0000
  yz Cl  3 -0.0041  0.0000 -0.0003  0.0029  0.0000  0.0007  0.0013  0.0031
  xz Cl  3  0.0001  0.0000 -0.0029 -0.0003  0.0001  0.0002  0.0031 -0.0013
  S  Cl  4  0.0000  0.0000  0.0000  0.0000  0.0000  0.0024 -0.0003 -0.0004
  Px Cl  4  0.0056  0.0019 -0.4192 -0.0417  0.0142 -0.0261 -0.4337  0.1871
  Py Cl  4  0.0000  0.0000  0.0000  0.0000  0.0000 -0.2236  0.0292  0.0365
  Pz Cl  4 -0.2689  0.0000 -0.0418  0.4194 -0.0007 -0.0932 -0.1789 -0.4278
  x2 Cl  4  0.0000  0.0000  0.0000  0.0000  0.0000 -0.0004  0.0000  0.0001
  xz Cl  4  0.0000 -0.0026 -0.0001  0.0000 -0.0035  0.0000  0.0000  0.0000
  z2 Cl  4  0.0000  0.0000  0.0000  0.0000  0.0000 -0.0002  0.0000  0.0000
  yz Cl  4 -0.0041  0.0000 -0.0003  0.0029  0.0000 -0.0007 -0.0013 -0.0031
  xz Cl  4  0.0001  0.0000 -0.0029 -0.0003  0.0001 -0.0002 -0.0031  0.0013
  S  Cl  5  0.0000  0.0000  0.0000  0.0000  0.0000 -0.0001 -0.0022  0.0010
  Px Cl  5  0.0000  0.0000  0.0000  0.0000  0.0000  0.0126  0.2094 -0.0903
  Py Cl  5  0.0056  0.0019 -0.4192 -0.0417  0.0142  0.4630 -0.0604 -0.0756
  Pz Cl  5 -0.0001  0.2689  0.0141  0.0021  0.4212 -0.0932 -0.1789 -0.4278
  x2 Cl  5  0.0000  0.0000  0.0000  0.0000  0.0000  0.0000 -0.0004  0.0002
  xz Cl  5  0.0000  0.0041  0.0001  0.0000  0.0029 -0.0007 -0.0013 -0.0031
  z2 Cl  5  0.0000  0.0000  0.0000  0.0000  0.0000  0.0000  0.0002 -0.0001
  yz Cl  5  0.0026  0.0000  0.0003 -0.0035  0.0000  0.0000  0.0000  0.0000
  xz Cl  5  0.0001  0.0000 -0.0029 -0.0003  0.0001  0.0033 -0.0004 -0.0005
  S  Cl  6  0.0000  0.0000  0.0000  0.0000  0.0000 -0.0005 -0.0009 -0.0022
  Px Cl  6 -0.0001  0.2689  0.0141  0.0021  0.4212 -0.0261 -0.4337  0.1871
  Py Cl  6 -0.2689  0.0000 -0.0418  0.4194 -0.0007  0.4630 -0.0604 -0.0756
  Pz Cl  6  0.0000  0.0000  0.0000  0.0000  0.0000  0.0450  0.0864  0.2066
  x2 Cl  6  0.0000  0.0000  0.0000  0.0000  0.0000  0.0000  0.0000  0.0000
  xz Cl  6  0.0000  0.0041  0.0001  0.0000  0.0029 -0.0002 -0.0031  0.0013
  z2 Cl  6  0.0000  0.0000  0.0000  0.0000  0.0000 -0.0001 -0.0002 -0.0004
  yz Cl  6 -0.0041  0.0000 -0.0003  0.0029  0.0000  0.0033 -0.0004 -0.0005
  xz Cl  6 -0.0001  0.0000  0.0035  0.0003 -0.0001  0.0000  0.0000  0.0000
  S  Cl  7  0.0000  0.0000  0.0000  0.0000  0.0000  0.0005  0.0009  0.0022
  Px Cl  7  0.0001 -0.2689 -0.0141 -0.0021 -0.4212 -0.0261 -0.4337  0.1871
  Py Cl  7  0.2689  0.0000  0.0418 -0.4194  0.0007  0.4630 -0.0604 -0.0756
  Pz Cl  7  0.0000  0.0000  0.0000  0.0000  0.0000  0.0450  0.0864  0.2066
  x2 Cl  7  0.0000  0.0000  0.0000  0.0000  0.0000  0.0000  0.0000  0.0000
  xz Cl  7  0.0000  0.0041  0.0001  0.0000  0.0029  0.0002  0.0031 -0.0013
  z2 Cl  7  0.0000  0.0000  0.0000  0.0000  0.0000  0.0001  0.0002  0.0004
  yz Cl  7 -0.0041  0.0000 -0.0003  0.0029  0.0000 -0.0033  0.0004  0.0005
  xz Cl  7 -0.0001  0.0000  0.0035  0.0003 -0.0001  0.0000  0.0000  0.0000


   Root No.   17      18      19      20      21      22      23      24

              1 t2u   1 t2u   1 t2u   2 eg    2 eg    1 t1g   1 t1g   1 t1g 

            -8.340  -8.340  -8.340  -8.252  -8.252  -8.204  -8.204  -8.204
  
  S  Cu  1  0.0000  0.0000  0.0000  0.0000  0.0000  0.0000  0.0000  0.0000
  Px Cu  1  0.0000  0.0000  0.0000  0.0000  0.0000  0.0000  0.0000  0.0000
  Py Cu  1  0.0000  0.0000  0.0000  0.0000  0.0000  0.0000  0.0000  0.0000
  Pz Cu  1  0.0000  0.0000  0.0000  0.0000  0.0000  0.0000  0.0000  0.0000
  x2 Cu  1  0.0000  0.0000  0.0000  0.2636  0.7066  0.0000  0.0000  0.0000
  xz Cu  1  0.0000  0.0000  0.0000  0.0000  0.0000  0.0000  0.0000  0.0000
  z2 Cu  1  0.0000  0.0000  0.0000 -0.7066  0.2636  0.0000  0.0000  0.0000
  yz Cu  1  0.0000  0.0000  0.0000  0.0000  0.0000  0.0000  0.0000  0.0000
  xz Cu  1  0.0000  0.0000  0.0000  0.0000  0.0000  0.0000  0.0000  0.0000
  S  Cl  2  0.0000  0.0000  0.0000 -0.0018 -0.0015  0.0000  0.0000  0.0000
  Px Cl  2  0.0000  0.0000  0.0000 -0.2924 -0.2414  0.0000  0.0000  0.0000
  Py Cl  2  0.2414  0.3530  0.2589  0.0000  0.0000  0.4807 -0.1280  0.0500
  Pz Cl  2 -0.3588 -0.0099  0.3480  0.0000  0.0000 -0.0464  0.0201  0.4974
  x2 Cl  2 -0.0023  0.0032 -0.0022 -0.0011  0.0011  0.0000  0.0000  0.0000
  xz Cl  2 -0.0029 -0.0001  0.0029  0.0000  0.0000 -0.0008  0.0004  0.0088
  z2 Cl  2 -0.0039  0.0055 -0.0039 -0.0017  0.0022  0.0000  0.0000  0.0000
  yz Cl  2  0.0000  0.0000  0.0000  0.0000  0.0000  0.0000  0.0000  0.0000
  xz Cl  2  0.0020  0.0029  0.0021  0.0000  0.0000  0.0085 -0.0023  0.0009
  S  Cl  3  0.0000  0.0000  0.0000 -0.0004  0.0023  0.0000  0.0000  0.0000
  Px Cl  3  0.2509 -0.3539  0.2486  0.0000  0.0000 -0.4807  0.1280 -0.0500
  Py Cl  3  0.0000  0.0000  0.0000 -0.0628  0.3739  0.0000  0.0000  0.0000
  Pz Cl  3  0.3588  0.0099 -0.3480  0.0000  0.0000 -0.1293 -0.4828  0.0074
  x2 Cl  3  0.0022  0.0032  0.0023  0.0016  0.0001  0.0000  0.0000  0.0000
  xz Cl  3  0.0000  0.0000  0.0000  0.0000  0.0000  0.0000  0.0000  0.0000
  z2 Cl  3 -0.0038 -0.0055 -0.0041 -0.0027 -0.0005  0.0000  0.0000  0.0000
  yz Cl  3  0.0029  0.0001 -0.0029  0.0000  0.0000 -0.0023 -0.0085  0.0001
  xz Cl  3  0.0021 -0.0029  0.0020  0.0000  0.0000 -0.0085  0.0023 -0.0009
  S  Cl  4  0.0000  0.0000  0.0000 -0.0004  0.0023  0.0000  0.0000  0.0000
  Px Cl  4  0.2509 -0.3539  0.2486  0.0000  0.0000  0.4807 -0.1280  0.0500
  Py Cl  4  0.0000  0.0000  0.0000  0.0628 -0.3739  0.0000  0.0000  0.0000
  Pz Cl  4  0.3588  0.0099 -0.3480  0.0000  0.0000  0.1293  0.4828 -0.0074
  x2 Cl  4 -0.0022 -0.0032 -0.0023  0.0016  0.0001  0.0000  0.0000  0.0000
  xz Cl  4  0.0000  0.0000  0.0000  0.0000  0.0000  0.0000  0.0000  0.0000
  z2 Cl  4  0.0038  0.0055  0.0041 -0.0027 -0.0005  0.0000  0.0000  0.0000
  yz Cl  4 -0.0029 -0.0001  0.0029  0.0000  0.0000 -0.0023 -0.0085  0.0001
  xz Cl  4 -0.0021  0.0029 -0.0020  0.0000  0.0000 -0.0085  0.0023 -0.0009
  S  Cl  5  0.0000  0.0000  0.0000 -0.0018 -0.0015  0.0000  0.0000  0.0000
  Px Cl  5  0.0000  0.0000  0.0000  0.2924  0.2414  0.0000  0.0000  0.0000
  Py Cl  5  0.2414  0.3530  0.2589  0.0000  0.0000 -0.4807  0.1280 -0.0500
  Pz Cl  5 -0.3588 -0.0099  0.3480  0.0000  0.0000  0.0464 -0.0201 -0.4974
  x2 Cl  5  0.0023 -0.0032  0.0022 -0.0011  0.0011  0.0000  0.0000  0.0000
  xz Cl  5  0.0029  0.0001 -0.0029  0.0000  0.0000 -0.0008  0.0004  0.0088
  z2 Cl  5  0.0039 -0.0055  0.0039 -0.0017  0.0022  0.0000  0.0000  0.0000
  yz Cl  5  0.0000  0.0000  0.0000  0.0000  0.0000  0.0000  0.0000  0.0000
  xz Cl  5 -0.0020 -0.0029 -0.0021  0.0000  0.0000  0.0085 -0.0023  0.0009
  S  Cl  6  0.0000  0.0000  0.0000  0.0022 -0.0008  0.0000  0.0000  0.0000
  Px Cl  6 -0.2509  0.3539 -0.2486  0.0000  0.0000 -0.0464  0.0201  0.4974
  Py Cl  6 -0.2414 -0.3530 -0.2589  0.0000  0.0000 -0.1293 -0.4828  0.0074
  Pz Cl  6  0.0000  0.0000  0.0000 -0.3552  0.1325  0.0000  0.0000  0.0000
  x2 Cl  6  0.0065  0.0002 -0.0063  0.0011  0.0030  0.0000  0.0000  0.0000
  xz Cl  6  0.0021 -0.0029  0.0020  0.0000  0.0000  0.0008 -0.0004 -0.0088
  z2 Cl  6  0.0000  0.0000  0.0000  0.0002 -0.0001  0.0000  0.0000  0.0000
  yz Cl  6  0.0020  0.0029  0.0021  0.0000  0.0000  0.0023  0.0085 -0.0001
  xz Cl  6  0.0000  0.0000  0.0000  0.0000  0.0000  0.0000  0.0000  0.0000
  S  Cl  7  0.0000  0.0000  0.0000  0.0022 -0.0008  0.0000  0.0000  0.0000
  Px Cl  7 -0.2509  0.3539 -0.2486  0.0000  0.0000  0.0464 -0.0201 -0.4974
  Py Cl  7 -0.2414 -0.3530 -0.2589  0.0000  0.0000  0.1293  0.4828 -0.0074
  Pz Cl  7  0.0000  0.0000  0.0000  0.3552 -0.1325  0.0000  0.0000  0.0000
  x2 Cl  7 -0.0065 -0.0002  0.0063  0.0011  0.0030  0.0000  0.0000  0.0000
  xz Cl  7 -0.0021  0.0029 -0.0020  0.0000  0.0000  0.0008 -0.0004 -0.0088
  z2 Cl  7  0.0000  0.0000  0.0000  0.0002 -0.0001  0.0000  0.0000  0.0000
  yz Cl  7 -0.0020 -0.0029 -0.0021  0.0000  0.0000  0.0023  0.0085 -0.0001
  xz Cl  7  0.0000  0.0000  0.0000  0.0000  0.0000  0.0000  0.0000  0.0000


   Root No.   25      26      27      28      29      30      31      32

              3 t1u   3 t1u   3 t1u   3 eg    3 eg    4 t1u   4 t1u   4 t1u 

            -7.858  -7.858  -7.858  -6.697  -6.697   1.907   1.907   1.907
  
  S  Cu  1  0.0000  0.0000  0.0000  0.0000  0.0000  0.0000  0.0000  0.0000
  Px Cu  1  0.0000 -0.0544  0.0010  0.0000  0.0000 -0.0001  0.9978 -0.0231
  Py Cu  1 -0.0544  0.0000 -0.0003  0.0000  0.0000  0.9981  0.0003  0.0077
  Pz Cu  1 -0.0003  0.0010  0.0544  0.0000  0.0000  0.0077 -0.0231 -0.9978
  x2 Cu  1  0.0000  0.0000  0.0000 -0.2295  0.6152  0.0000  0.0000  0.0000
  xz Cu  1  0.0000  0.0000  0.0000  0.0000  0.0000  0.0000  0.0000  0.0000
  z2 Cu  1  0.0000  0.0000  0.0000  0.6152  0.2295  0.0000  0.0000  0.0000
  yz Cu  1  0.0000  0.0000  0.0000  0.0000  0.0000  0.0000  0.0000  0.0000
  xz Cu  1  0.0000  0.0000  0.0000  0.0000  0.0000  0.0000  0.0000  0.0000
  S  Cl  2  0.0000 -0.0002  0.0000  0.0031 -0.0025  0.0000 -0.0033  0.0001
  Px Cl  2  0.0000  0.6676 -0.0128 -0.3357  0.2772  0.0000  0.0419 -0.0010
  Py Cl  2  0.1620  0.0000  0.0010  0.0000  0.0000 -0.0025  0.0000  0.0000
  Pz Cl  2  0.0010 -0.0031 -0.1620  0.0000  0.0000  0.0000  0.0001  0.0025
  x2 Cl  2  0.0000  0.0013  0.0000 -0.0062  0.0031  0.0000  0.0085 -0.0002
  xz Cl  2  0.0001 -0.0002 -0.0088  0.0000  0.0000  0.0000  0.0001  0.0024
  z2 Cl  2  0.0000 -0.0008  0.0000  0.0013 -0.0046  0.0000 -0.0049  0.0001
  yz Cl  2  0.0000  0.0000  0.0000  0.0000  0.0000  0.0000  0.0000  0.0000
  xz Cl  2  0.0088  0.0000  0.0001  0.0000  0.0000 -0.0024  0.0000  0.0000
  S  Cl  3 -0.0002  0.0000  0.0000  0.0007  0.0039 -0.0033  0.0000  0.0000
  Px Cl  3  0.0000  0.1620 -0.0031  0.0000  0.0000  0.0000 -0.0025  0.0001
  Py Cl  3  0.6677  0.0001  0.0043 -0.0722 -0.4294  0.0419  0.0000  0.0003
  Pz Cl  3  0.0010 -0.0031 -0.1620  0.0000  0.0000  0.0000  0.0001  0.0025
  x2 Cl  3 -0.0013  0.0000  0.0000  0.0027  0.0064 -0.0085  0.0000 -0.0001
  xz Cl  3  0.0000  0.0000  0.0000  0.0000  0.0000  0.0000  0.0000  0.0000
  z2 Cl  3 -0.0008  0.0000  0.0000 -0.0021  0.0043 -0.0049  0.0000  0.0000
  yz Cl  3  0.0001 -0.0002 -0.0088  0.0000  0.0000  0.0000  0.0001  0.0024
  xz Cl  3  0.0000  0.0088 -0.0002  0.0000  0.0000  0.0000 -0.0024  0.0001
  S  Cl  4  0.0002  0.0000  0.0000  0.0007  0.0039  0.0033  0.0000  0.0000
  Px Cl  4  0.0000  0.1620 -0.0031  0.0000  0.0000  0.0000 -0.0025  0.0001
  Py Cl  4  0.6677  0.0001  0.0043  0.0722  0.4294  0.0419  0.0000  0.0003
  Pz Cl  4  0.0010 -0.0031 -0.1620  0.0000  0.0000  0.0000  0.0001  0.0025
  x2 Cl  4  0.0013  0.0000  0.0000  0.0027  0.0064  0.0085  0.0000  0.0001
  xz Cl  4  0.0000  0.0000  0.0000  0.0000  0.0000  0.0000  0.0000  0.0000
  z2 Cl  4  0.0008  0.0000  0.0000 -0.0021  0.0043  0.0049  0.0000  0.0000
  yz Cl  4 -0.0001  0.0002  0.0088  0.0000  0.0000  0.0000 -0.0001 -0.0024
  xz Cl  4  0.0000 -0.0088  0.0002  0.0000  0.0000  0.0000  0.0024 -0.0001
  S  Cl  5  0.0000  0.0002  0.0000  0.0031 -0.0025  0.0000  0.0033 -0.0001
  Px Cl  5  0.0000  0.6676 -0.0128  0.3357 -0.2772  0.0000  0.0419 -0.0010
  Py Cl  5  0.1620  0.0000  0.0010  0.0000  0.0000 -0.0025  0.0000  0.0000
  Pz Cl  5  0.0010 -0.0031 -0.1620  0.0000  0.0000  0.0000  0.0001  0.0025
  x2 Cl  5  0.0000 -0.0013  0.0000 -0.0062  0.0031  0.0000 -0.0085  0.0002
  xz Cl  5 -0.0001  0.0002  0.0088  0.0000  0.0000  0.0000 -0.0001 -0.0024
  z2 Cl  5  0.0000  0.0008  0.0000  0.0013 -0.0046  0.0000  0.0049 -0.0001
  yz Cl  5  0.0000  0.0000  0.0000  0.0000  0.0000  0.0000  0.0000  0.0000
  xz Cl  5 -0.0088  0.0000 -0.0001  0.0000  0.0000  0.0024  0.0000  0.0000
  S  Cl  6  0.0000  0.0000 -0.0002 -0.0037 -0.0014  0.0000 -0.0001 -0.0033
  Px Cl  6  0.0000  0.1620 -0.0031  0.0000  0.0000  0.0000 -0.0025  0.0001
  Py Cl  6  0.1620  0.0000  0.0010  0.0000  0.0000 -0.0025  0.0000  0.0000
  Pz Cl  6  0.0043 -0.0128 -0.6676 -0.4079 -0.1522  0.0003 -0.0010 -0.0419
  x2 Cl  6  0.0000  0.0000  0.0000  0.0011 -0.0030  0.0000  0.0000  0.0000
  xz Cl  6  0.0000 -0.0088  0.0002  0.0000  0.0000  0.0000  0.0024 -0.0001
  z2 Cl  6  0.0000  0.0000  0.0015  0.0073  0.0027 -0.0001  0.0002  0.0098
  yz Cl  6 -0.0088  0.0000 -0.0001  0.0000  0.0000  0.0024  0.0000  0.0000
  xz Cl  6  0.0000  0.0000  0.0000  0.0000  0.0000  0.0000  0.0000  0.0000
  S  Cl  7  0.0000  0.0000  0.0002 -0.0037 -0.0014  0.0000  0.0001  0.0033
  Px Cl  7  0.0000  0.1620 -0.0031  0.0000  0.0000  0.0000 -0.0025  0.0001
  Py Cl  7  0.1620  0.0000  0.0010  0.0000  0.0000 -0.0025  0.0000  0.0000
  Pz Cl  7  0.0043 -0.0128 -0.6676  0.4079  0.1522  0.0003 -0.0010 -0.0419
  x2 Cl  7  0.0000  0.0000  0.0000  0.0011 -0.0030  0.0000  0.0000  0.0000
  xz Cl  7  0.0000  0.0088 -0.0002  0.0000  0.0000  0.0000 -0.0024  0.0001
  z2 Cl  7  0.0000  0.0000 -0.0015  0.0073  0.0027  0.0001 -0.0002 -0.0098
  yz Cl  7  0.0088  0.0000  0.0001  0.0000  0.0000 -0.0024  0.0000  0.0000
  xz Cl  7  0.0000  0.0000  0.0000  0.0000  0.0000  0.0000  0.0000  0.0000


   Root No.   33      34      35      36      37      38      39      40

              3 a1g   1 a2g   2 t1g   2 t1g   2 t1g   2 t2u   2 t2u   2 t2u 

             3.977  25.668  25.721  25.721  25.721  25.795  25.795  25.795
  
  S  Cu  1  0.8432  0.0000  0.0000  0.0000  0.0000  0.0000  0.0000  0.0000
  Px Cu  1  0.0000  0.0000  0.0000  0.0000  0.0000  0.0000  0.0000  0.0000
  Py Cu  1  0.0000  0.0000  0.0000  0.0000  0.0000  0.0000  0.0000  0.0000
  Pz Cu  1  0.0000  0.0000  0.0000  0.0000  0.0000  0.0000  0.0000  0.0000
  x2 Cu  1  0.0000  0.0000  0.0000  0.0000  0.0000  0.0000  0.0000  0.0000
  xz Cu  1  0.0000  0.0000  0.0000  0.0000  0.0000  0.0000  0.0000  0.0000
  z2 Cu  1  0.0000  0.0000  0.0000  0.0000  0.0000  0.0000  0.0000  0.0000
  yz Cu  1  0.0000  0.0000  0.0000  0.0000  0.0000  0.0000  0.0000  0.0000
  xz Cu  1  0.0000  0.0000  0.0000  0.0000  0.0000  0.0000  0.0000  0.0000
  S  Cl  2 -0.0349  0.0000  0.0000  0.0000  0.0000  0.0000  0.0000  0.0000
  Px Cl  2  0.2153  0.0000  0.0000  0.0000  0.0000  0.0000  0.0000  0.0000
  Py Cl  2  0.0000  0.0000  0.0007  0.0019  0.0086  0.0069 -0.0001 -0.0004
  Pz Cl  2  0.0000  0.0000 -0.0088  0.0002  0.0007 -0.0004 -0.0011 -0.0068
  x2 Cl  2  0.0208 -0.2041  0.0000  0.0000  0.0000  0.0009  0.1912 -0.0300
  xz Cl  2  0.0000  0.0000  0.4983 -0.0134 -0.0381  0.0229  0.0646  0.4127
  z2 Cl  2 -0.0120 -0.3536  0.0000  0.0000  0.0000  0.0015  0.3313 -0.0519
  yz Cl  2  0.0000  0.0000  0.0000  0.0000  0.0000  0.0000  0.0000  0.0000
  xz Cl  2  0.0000  0.0000 -0.0401 -0.1086 -0.4863 -0.4177  0.0054  0.0224
  S  Cl  3 -0.0349  0.0000  0.0000  0.0000  0.0000  0.0000  0.0000  0.0000
  Px Cl  3  0.0000  0.0000 -0.0007 -0.0019 -0.0086  0.0000  0.0068 -0.0011
  Py Cl  3  0.2153  0.0000  0.0000  0.0000  0.0000  0.0000  0.0000  0.0000
  Pz Cl  3  0.0000  0.0000 -0.0001 -0.0086  0.0019  0.0004  0.0011  0.0068
  x2 Cl  3 -0.0208 -0.2041  0.0000  0.0000  0.0000 -0.1933  0.0025  0.0103
  xz Cl  3  0.0000  0.0000  0.0000  0.0000  0.0000  0.0000  0.0000  0.0000
  z2 Cl  3 -0.0120  0.3536  0.0000  0.0000  0.0000  0.3348 -0.0043 -0.0179
  yz Cl  3  0.0000  0.0000  0.0048  0.4878 -0.1093 -0.0229 -0.0646 -0.4127
  xz Cl  3  0.0000  0.0000  0.0401  0.1086  0.4863 -0.0019 -0.4133  0.0648
  S  Cl  4 -0.0349  0.0000  0.0000  0.0000  0.0000  0.0000  0.0000  0.0000
  Px Cl  4  0.0000  0.0000  0.0007  0.0019  0.0086  0.0000  0.0068 -0.0011
  Py Cl  4 -0.2153  0.0000  0.0000  0.0000  0.0000  0.0000  0.0000  0.0000
  Pz Cl  4  0.0000  0.0000  0.0001  0.0086 -0.0019  0.0004  0.0011  0.0068
  x2 Cl  4 -0.0208 -0.2041  0.0000  0.0000  0.0000  0.1933 -0.0025 -0.0103
  xz Cl  4  0.0000  0.0000  0.0000  0.0000  0.0000  0.0000  0.0000  0.0000
  z2 Cl  4 -0.0120  0.3536  0.0000  0.0000  0.0000 -0.3348  0.0043  0.0179
  yz Cl  4  0.0000  0.0000  0.0048  0.4878 -0.1093  0.0229  0.0646  0.4127
  xz Cl  4  0.0000  0.0000  0.0401  0.1086  0.4863  0.0019  0.4133 -0.0648
  S  Cl  5 -0.0349  0.0000  0.0000  0.0000  0.0000  0.0000  0.0000  0.0000
  Px Cl  5 -0.2153  0.0000  0.0000  0.0000  0.0000  0.0000  0.0000  0.0000
  Py Cl  5  0.0000  0.0000 -0.0007 -0.0019 -0.0086  0.0069 -0.0001 -0.0004
  Pz Cl  5  0.0000  0.0000  0.0088 -0.0002 -0.0007 -0.0004 -0.0011 -0.0068
  x2 Cl  5  0.0208 -0.2041  0.0000  0.0000  0.0000 -0.0009 -0.1912  0.0300
  xz Cl  5  0.0000  0.0000  0.4983 -0.0134 -0.0381 -0.0229 -0.0646 -0.4127
  z2 Cl  5 -0.0120 -0.3536  0.0000  0.0000  0.0000 -0.0015 -0.3313  0.0519
  yz Cl  5  0.0000  0.0000  0.0000  0.0000  0.0000  0.0000  0.0000  0.0000
  xz Cl  5  0.0000  0.0000 -0.0401 -0.1086 -0.4863  0.4177 -0.0054 -0.0224
  S  Cl  6 -0.0349  0.0000  0.0000  0.0000  0.0000  0.0000  0.0000  0.0000
  Px Cl  6  0.0000  0.0000 -0.0088  0.0002  0.0007  0.0000 -0.0068  0.0011
  Py Cl  6  0.0000  0.0000 -0.0001 -0.0086  0.0019 -0.0069  0.0001  0.0004
  Pz Cl  6 -0.2153  0.0000  0.0000  0.0000  0.0000  0.0000  0.0000  0.0000
  x2 Cl  6  0.0000  0.4082  0.0000  0.0000  0.0000 -0.0212 -0.0598 -0.3819
  xz Cl  6  0.0000  0.0000 -0.4983  0.0134  0.0381 -0.0019 -0.4133  0.0648
  z2 Cl  6  0.0240  0.0000  0.0000  0.0000  0.0000  0.0000  0.0000  0.0000
  yz Cl  6  0.0000  0.0000 -0.0048 -0.4878  0.1093 -0.4177  0.0054  0.0224
  xz Cl  6  0.0000  0.0000  0.0000  0.0000  0.0000  0.0000  0.0000  0.0000
  S  Cl  7 -0.0349  0.0000  0.0000  0.0000  0.0000  0.0000  0.0000  0.0000
  Px Cl  7  0.0000  0.0000  0.0088 -0.0002 -0.0007  0.0000 -0.0068  0.0011
  Py Cl  7  0.0000  0.0000  0.0001  0.0086 -0.0019 -0.0069  0.0001  0.0004
  Pz Cl  7  0.2153  0.0000  0.0000  0.0000  0.0000  0.0000  0.0000  0.0000
  x2 Cl  7  0.0000  0.4082  0.0000  0.0000  0.0000  0.0212  0.0598  0.3819
  xz Cl  7  0.0000  0.0000 -0.4983  0.0134  0.0381  0.0019  0.4133 -0.0648
  z2 Cl  7  0.0240  0.0000  0.0000  0.0000  0.0000  0.0000  0.0000  0.0000
  yz Cl  7  0.0000  0.0000 -0.0048 -0.4878  0.1093  0.4177 -0.0054 -0.0224
  xz Cl  7  0.0000  0.0000  0.0000  0.0000  0.0000  0.0000  0.0000  0.0000


   Root No.   41      42      43      44      45      46      47      48

              4 eg    4 eg    1 eu    1 eu    5 t1u   5 t1u   5 t1u   3 t2g 

            25.848  25.848  25.950  25.950  26.106  26.106  26.106  26.107
  
  S  Cu  1  0.0000  0.0000  0.0000  0.0000  0.0000  0.0000  0.0000  0.0000
  Px Cu  1  0.0000  0.0000  0.0000  0.0000  0.0000  0.0107  0.0000  0.0000
  Py Cu  1  0.0000  0.0000  0.0000  0.0000  0.0000  0.0000 -0.0107  0.0000
  Pz Cu  1  0.0000  0.0000  0.0000  0.0000 -0.0107  0.0000  0.0000  0.0000
  x2 Cu  1 -0.0030 -0.0080  0.0000  0.0000  0.0000  0.0000  0.0000  0.0000
  xz Cu  1  0.0000  0.0000  0.0000  0.0000  0.0000  0.0000  0.0000  0.0000
  z2 Cu  1  0.0080 -0.0030  0.0000  0.0000  0.0000  0.0000  0.0000  0.0000
  yz Cu  1  0.0000  0.0000  0.0000  0.0000  0.0000  0.0000  0.0000  0.0000
  xz Cu  1  0.0000  0.0000  0.0000  0.0000  0.0000  0.0000  0.0000 -0.0011
  S  Cl  2  0.0004  0.0003  0.0000  0.0000  0.0000 -0.0006  0.0000  0.0000
  Px Cl  2 -0.0035 -0.0029  0.0000  0.0000  0.0000  0.0067  0.0000  0.0000
  Py Cl  2  0.0000  0.0000  0.0000  0.0000  0.0000  0.0000  0.0001  0.0009
  Pz Cl  2  0.0000  0.0000  0.0000  0.0000  0.0001  0.0000  0.0000  0.0000
  x2 Cl  2  0.3228  0.3662  0.0000  0.0000  0.0004 -0.5721  0.0000  0.0000
  xz Cl  2  0.0000  0.0000  0.0000  0.0000  0.1781  0.0001  0.0000 -0.0010
  z2 Cl  2 -0.2989 -0.0753  0.0000  0.0000 -0.0002  0.3303  0.0000  0.0000
  yz Cl  2  0.0000  0.0000 -0.4453 -0.3675  0.0000  0.0000  0.0000  0.0091
  xz Cl  2  0.0000  0.0000  0.0000  0.0000  0.0000  0.0000  0.1781 -0.2060
  S  Cl  3  0.0001 -0.0005  0.0000  0.0000  0.0000  0.0000  0.0006  0.0000
  Px Cl  3  0.0000  0.0000  0.0000  0.0000  0.0000 -0.0001  0.0000  0.0009
  Py Cl  3 -0.0008  0.0045  0.0000  0.0000  0.0000  0.0000 -0.0067  0.0000
  Pz Cl  3  0.0000  0.0000  0.0000  0.0000  0.0001  0.0000  0.0000  0.0000
  x2 Cl  3 -0.0049  0.4881  0.0000  0.0000  0.0001  0.0000 -0.5721  0.0000
  xz Cl  3  0.0000  0.0000 -0.0956  0.5694  0.0000  0.0000  0.0000 -0.0030
  z2 Cl  3 -0.1770  0.2524  0.0000  0.0000  0.0001  0.0000 -0.3303  0.0000
  yz Cl  3  0.0000  0.0000  0.0000  0.0000  0.1781  0.0001  0.0000  0.0029
  xz Cl  3  0.0000  0.0000  0.0000  0.0000  0.0001 -0.1781  0.0000 -0.2060
  S  Cl  4  0.0001 -0.0005  0.0000  0.0000  0.0000  0.0000 -0.0006  0.0000
  Px Cl  4  0.0000  0.0000  0.0000  0.0000  0.0000 -0.0001  0.0000 -0.0009
  Py Cl  4  0.0008 -0.0045  0.0000  0.0000  0.0000  0.0000 -0.0067  0.0000
  Pz Cl  4  0.0000  0.0000  0.0000  0.0000  0.0001  0.0000  0.0000  0.0000
  x2 Cl  4 -0.0049  0.4881  0.0000  0.0000 -0.0001  0.0000  0.5721  0.0000
  xz Cl  4  0.0000  0.0000  0.0956 -0.5694  0.0000  0.0000  0.0000 -0.0030
  z2 Cl  4 -0.1770  0.2524  0.0000  0.0000 -0.0001  0.0000  0.3303  0.0000
  yz Cl  4  0.0000  0.0000  0.0000  0.0000 -0.1781 -0.0001  0.0000  0.0029
  xz Cl  4  0.0000  0.0000  0.0000  0.0000 -0.0001  0.1781  0.0000 -0.2060
  S  Cl  5  0.0004  0.0003  0.0000  0.0000  0.0000  0.0006  0.0000  0.0000
  Px Cl  5  0.0035  0.0029  0.0000  0.0000  0.0000  0.0067  0.0000  0.0000
  Py Cl  5  0.0000  0.0000  0.0000  0.0000  0.0000  0.0000  0.0001 -0.0009
  Pz Cl  5  0.0000  0.0000  0.0000  0.0000  0.0001  0.0000  0.0000  0.0000
  x2 Cl  5  0.3228  0.3662  0.0000  0.0000 -0.0004  0.5721  0.0000  0.0000
  xz Cl  5  0.0000  0.0000  0.0000  0.0000 -0.1781 -0.0001  0.0000 -0.0010
  z2 Cl  5 -0.2989 -0.0753  0.0000  0.0000  0.0002 -0.3303  0.0000  0.0000
  yz Cl  5  0.0000  0.0000  0.4453  0.3675  0.0000  0.0000  0.0000  0.0091
  xz Cl  5  0.0000  0.0000  0.0000  0.0000  0.0000  0.0000 -0.1781 -0.2060
  S  Cl  6 -0.0005  0.0002  0.0000  0.0000 -0.0006  0.0000  0.0000  0.0000
  Px Cl  6  0.0000  0.0000  0.0000  0.0000  0.0000 -0.0001  0.0000  0.0000
  Py Cl  6  0.0000  0.0000  0.0000  0.0000  0.0000  0.0000  0.0001  0.0000
  Pz Cl  6 -0.0043  0.0016  0.0000  0.0000 -0.0067  0.0000  0.0000  0.0000
  x2 Cl  6  0.0534  0.1434  0.0000  0.0000  0.0000  0.0000  0.0000  0.0000
  xz Cl  6  0.0000  0.0000  0.0000  0.0000 -0.0001  0.1781  0.0000 -0.0010
  z2 Cl  6 -0.5217  0.1941  0.0000  0.0000 -0.6606 -0.0005 -0.0002  0.0000
  yz Cl  6  0.0000  0.0000  0.0000  0.0000  0.0000  0.0000 -0.1781  0.0029
  xz Cl  6  0.0000  0.0000 -0.5409  0.2019  0.0000  0.0000  0.0000 -0.6442
  S  Cl  7 -0.0005  0.0002  0.0000  0.0000  0.0006  0.0000  0.0000  0.0000
  Px Cl  7  0.0000  0.0000  0.0000  0.0000  0.0000 -0.0001  0.0000  0.0000
  Py Cl  7  0.0000  0.0000  0.0000  0.0000  0.0000  0.0000  0.0001  0.0000
  Pz Cl  7  0.0043 -0.0016  0.0000  0.0000 -0.0067  0.0000  0.0000  0.0000
  x2 Cl  7  0.0534  0.1434  0.0000  0.0000  0.0000  0.0000  0.0000  0.0000
  xz Cl  7  0.0000  0.0000  0.0000  0.0000  0.0001 -0.1781  0.0000 -0.0010
  z2 Cl  7 -0.5217  0.1941  0.0000  0.0000  0.6606  0.0005  0.0002  0.0000
  yz Cl  7  0.0000  0.0000  0.0000  0.0000  0.0000  0.0000  0.1781  0.0029
  xz Cl  7  0.0000  0.0000  0.5409 -0.2019  0.0000  0.0000  0.0000 -0.6442


   Root No.   49      50      51      52      53      54      55      56

              3 t2g   3 t2g   3 t2u   3 t2u   3 t2u   5 eg    5 eg    6 t1u 

            26.107  26.107  26.410  26.410  26.410  26.556  26.556  26.599
  
  S  Cu  1  0.0000  0.0000  0.0000  0.0000  0.0000  0.0000  0.0000  0.0000
  Px Cu  1  0.0000  0.0000  0.0000  0.0000  0.0000  0.0000  0.0000  0.0001
  Py Cu  1  0.0000  0.0000  0.0000  0.0000  0.0000  0.0000  0.0000 -0.0105
  Pz Cu  1  0.0000  0.0000  0.0000  0.0000  0.0000  0.0000  0.0000  0.0007
  x2 Cu  1  0.0000  0.0000  0.0000  0.0000  0.0000  0.0016 -0.0006  0.0000
  xz Cu  1  0.0000 -0.0011  0.0000  0.0000  0.0000  0.0000  0.0000  0.0000
  z2 Cu  1  0.0000  0.0000  0.0000  0.0000  0.0000  0.0006  0.0016  0.0000
  yz Cu  1 -0.0011  0.0000  0.0000  0.0000  0.0000  0.0000  0.0000  0.0000
  xz Cu  1  0.0000  0.0000  0.0000  0.0000  0.0000  0.0000  0.0000  0.0000
  S  Cl  2  0.0000  0.0000  0.0000  0.0000  0.0000 -0.0002  0.0002  0.0000
  Px Cl  2  0.0000  0.0000  0.0000  0.0000  0.0000  0.0037 -0.0046 -0.0001
  Py Cl  2  0.0000  0.0000 -0.0002  0.0000  0.0031  0.0000  0.0000 -0.0003
  Pz Cl  2  0.0000  0.0009  0.0031  0.0005  0.0002  0.0000  0.0000  0.0000
  x2 Cl  2  0.0000  0.0000 -0.0436  0.2926  0.0011  0.1317  0.2787 -0.0016
  xz Cl  2  0.0000 -0.2060  0.2705  0.0403  0.0138  0.0000  0.0000  0.0324
  z2 Cl  2  0.0000  0.0000 -0.0755  0.5068  0.0019  0.4217  0.2459  0.0009
  yz Cl  2 -0.6442  0.0000  0.0000  0.0000  0.0000  0.0000  0.0000  0.0000
  xz Cl  2 -0.0029  0.0010 -0.0135 -0.0030  0.2735  0.0000  0.0000 -0.4660
  S  Cl  3  0.0000  0.0000  0.0000  0.0000  0.0000  0.0003  0.0000  0.0001
  Px Cl  3  0.0000  0.0000 -0.0005  0.0031  0.0000  0.0000  0.0000  0.0000
  Py Cl  3  0.0000  0.0000  0.0000  0.0000  0.0000 -0.0058 -0.0010  0.0115
  Pz Cl  3  0.0009  0.0000 -0.0031 -0.0005 -0.0002  0.0000  0.0000  0.0000
  x2 Cl  3  0.0000  0.0000  0.0145  0.0033 -0.2954 -0.0859 -0.2960 -0.2176
  xz Cl  3 -0.0001 -0.6443  0.0000  0.0000  0.0000  0.0000  0.0000  0.0000
  z2 Cl  3  0.0000  0.0000 -0.0252 -0.0057  0.5117 -0.1531  0.4635 -0.1256
  yz Cl  3 -0.2060  0.0000 -0.2705 -0.0403 -0.0138  0.0000  0.0000  0.0324
  xz Cl  3 -0.0029  0.0010 -0.0404  0.2708  0.0010  0.0000  0.0000  0.0033
  S  Cl  4  0.0000  0.0000  0.0000  0.0000  0.0000  0.0003  0.0000 -0.0001
  Px Cl  4  0.0000  0.0000 -0.0005  0.0031  0.0000  0.0000  0.0000  0.0000
  Py Cl  4  0.0000  0.0000  0.0000  0.0000  0.0000  0.0058  0.0010  0.0115
  Pz Cl  4 -0.0009  0.0000 -0.0031 -0.0005 -0.0002  0.0000  0.0000  0.0000
  x2 Cl  4  0.0000  0.0000 -0.0145 -0.0033  0.2954 -0.0859 -0.2960  0.2176
  xz Cl  4 -0.0001 -0.6443  0.0000  0.0000  0.0000  0.0000  0.0000  0.0000
  z2 Cl  4  0.0000  0.0000  0.0252  0.0057 -0.5117 -0.1531  0.4635  0.1256
  yz Cl  4 -0.2060  0.0000  0.2705  0.0403  0.0138  0.0000  0.0000 -0.0324
  xz Cl  4 -0.0029  0.0010  0.0404 -0.2708 -0.0010  0.0000  0.0000 -0.0033
  S  Cl  5  0.0000  0.0000  0.0000  0.0000  0.0000 -0.0002  0.0002  0.0000
  Px Cl  5  0.0000  0.0000  0.0000  0.0000  0.0000 -0.0037  0.0046 -0.0001
  Py Cl  5  0.0000  0.0000 -0.0002  0.0000  0.0031  0.0000  0.0000 -0.0003
  Pz Cl  5  0.0000 -0.0009  0.0031  0.0005  0.0002  0.0000  0.0000  0.0000
  x2 Cl  5  0.0000  0.0000  0.0436 -0.2926 -0.0011  0.1317  0.2787  0.0016
  xz Cl  5  0.0000 -0.2060 -0.2705 -0.0403 -0.0138  0.0000  0.0000 -0.0324
  z2 Cl  5  0.0000  0.0000  0.0755 -0.5068 -0.0019  0.4217  0.2459 -0.0009
  yz Cl  5 -0.6442  0.0000  0.0000  0.0000  0.0000  0.0000  0.0000  0.0000
  xz Cl  5 -0.0029  0.0010  0.0135  0.0030 -0.2735  0.0000  0.0000  0.4660
  S  Cl  6  0.0000  0.0000  0.0000  0.0000  0.0000 -0.0001 -0.0002  0.0000
  Px Cl  6  0.0000 -0.0009  0.0005 -0.0031  0.0000  0.0000  0.0000  0.0000
  Py Cl  6 -0.0009  0.0000  0.0002  0.0000 -0.0031  0.0000  0.0000 -0.0003
  Pz Cl  6  0.0000  0.0000  0.0000  0.0000  0.0000 -0.0021 -0.0055 -0.0008
  x2 Cl  6  0.0000  0.0000  0.5844  0.0870  0.0297  0.5206 -0.1971  0.0000
  xz Cl  6  0.0000 -0.2060 -0.0404  0.2708  0.0010  0.0000  0.0000 -0.0033
  z2 Cl  6  0.0000  0.0000  0.0000  0.0000  0.0000 -0.0542 -0.1430  0.0175
  yz Cl  6 -0.2060  0.0000 -0.0135 -0.0030  0.2735  0.0000  0.0000  0.4660
  xz Cl  6 -0.0091  0.0030  0.0000  0.0000  0.0000  0.0000  0.0000  0.0000
  S  Cl  7  0.0000  0.0000  0.0000  0.0000  0.0000 -0.0001 -0.0002  0.0000
  Px Cl  7  0.0000  0.0009  0.0005 -0.0031  0.0000  0.0000  0.0000  0.0000
  Py Cl  7  0.0009  0.0000  0.0002  0.0000 -0.0031  0.0000  0.0000 -0.0003
  Pz Cl  7  0.0000  0.0000  0.0000  0.0000  0.0000  0.0021  0.0055 -0.0008
  x2 Cl  7  0.0000  0.0000 -0.5844 -0.0870 -0.0297  0.5206 -0.1971  0.0000
  xz Cl  7  0.0000 -0.2060  0.0404 -0.2708 -0.0010  0.0000  0.0000  0.0033
  z2 Cl  7  0.0000  0.0000  0.0000  0.0000  0.0000 -0.0542 -0.1430 -0.0175
  yz Cl  7 -0.2060  0.0000  0.0135  0.0030 -0.2735  0.0000  0.0000 -0.4660
  xz Cl  7 -0.0091  0.0030  0.0000  0.0000  0.0000  0.0000  0.0000  0.0000


   Root No.   57      58      59      60      61      62      63

              6 t1u   6 t1u   1 a2u   4 t2g   4 t2g   4 t2g   4 a1g 

            26.599  26.599  26.765  26.815  26.815  26.815  27.215
  
  S  Cu  1  0.0000  0.0000  0.0000  0.0000  0.0000  0.0000 -0.0688
  Px Cu  1  0.0103 -0.0020  0.0000  0.0000  0.0000  0.0000  0.0000
  Py Cu  1  0.0002  0.0007  0.0000  0.0000  0.0000  0.0000  0.0000
  Pz Cu  1  0.0020  0.0103  0.0000  0.0000  0.0000  0.0000  0.0000
  x2 Cu  1  0.0000  0.0000  0.0000  0.0000  0.0000  0.0000  0.0000
  xz Cu  1  0.0000  0.0000  0.0000  0.0035  0.0003 -0.0005  0.0000
  z2 Cu  1  0.0000  0.0000  0.0000  0.0000  0.0000  0.0000  0.0000
  yz Cu  1  0.0000  0.0000  0.0000 -0.0001  0.0033  0.0013  0.0000
  xz Cu  1  0.0000  0.0000  0.0000 -0.0006  0.0012 -0.0033  0.0000
  S  Cl  2 -0.0001  0.0000  0.0000  0.0000  0.0000  0.0000  0.0020
  Px Cl  2 -0.0113  0.0022  0.0000  0.0000  0.0000  0.0000 -0.0001
  Py Cl  2  0.0000  0.0000  0.0000 -0.0009  0.0019 -0.0051  0.0000
  Pz Cl  2  0.0001  0.0003  0.0000  0.0055  0.0005 -0.0007  0.0000
  x2 Cl  2 -0.2140  0.0423  0.0000  0.0000  0.0000  0.0000  0.3527
  xz Cl  2  0.0901  0.4572  0.0000  0.4496  0.0406 -0.0616  0.0000
  z2 Cl  2  0.1236 -0.0244  0.0000  0.0000  0.0000  0.0000 -0.2036
  yz Cl  2  0.0000  0.0000 -0.4082  0.0105 -0.2724 -0.1027  0.0000
  xz Cl  2  0.0095  0.0311  0.0000 -0.0719  0.1563 -0.4218  0.0000
  S  Cl  3  0.0000  0.0000  0.0000  0.0000  0.0000  0.0000  0.0020
  Px Cl  3  0.0003 -0.0001  0.0000 -0.0009  0.0019 -0.0051  0.0000
  Py Cl  3 -0.0002 -0.0008  0.0000  0.0000  0.0000  0.0000 -0.0001
  Pz Cl  3  0.0001  0.0003  0.0000 -0.0002  0.0052  0.0020  0.0000
  x2 Cl  3  0.0045  0.0145  0.0000  0.0000  0.0000  0.0000 -0.3527
  xz Cl  3  0.0000  0.0000 -0.4082 -0.2874 -0.0259  0.0394  0.0000
  z2 Cl  3  0.0026  0.0084  0.0000  0.0000  0.0000  0.0000 -0.2036
  yz Cl  3  0.0901  0.4572  0.0000 -0.0164  0.4260  0.1606  0.0000
  xz Cl  3  0.4582 -0.0905  0.0000 -0.0719  0.1563 -0.4218  0.0000
  S  Cl  4  0.0000  0.0000  0.0000  0.0000  0.0000  0.0000  0.0020
  Px Cl  4  0.0003 -0.0001  0.0000  0.0009 -0.0019  0.0051  0.0000
  Py Cl  4 -0.0002 -0.0008  0.0000  0.0000  0.0000  0.0000  0.0001
  Pz Cl  4  0.0001  0.0003  0.0000  0.0002 -0.0052 -0.0020  0.0000
  x2 Cl  4 -0.0045 -0.0145  0.0000  0.0000  0.0000  0.0000 -0.3527
  xz Cl  4  0.0000  0.0000  0.4082 -0.2874 -0.0259  0.0394  0.0000
  z2 Cl  4 -0.0026 -0.0084  0.0000  0.0000  0.0000  0.0000 -0.2036
  yz Cl  4 -0.0901 -0.4572  0.0000 -0.0164  0.4260  0.1606  0.0000
  xz Cl  4 -0.4582  0.0905  0.0000 -0.0719  0.1563 -0.4218  0.0000
  S  Cl  5  0.0001  0.0000  0.0000  0.0000  0.0000  0.0000  0.0020
  Px Cl  5 -0.0113  0.0022  0.0000  0.0000  0.0000  0.0000  0.0001
  Py Cl  5  0.0000  0.0000  0.0000  0.0009 -0.0019  0.0051  0.0000
  Pz Cl  5  0.0001  0.0003  0.0000 -0.0055 -0.0005  0.0007  0.0000
  x2 Cl  5  0.2140 -0.0423  0.0000  0.0000  0.0000  0.0000  0.3527
  xz Cl  5 -0.0901 -0.4572  0.0000  0.4496  0.0406 -0.0616  0.0000
  z2 Cl  5 -0.1236  0.0244  0.0000  0.0000  0.0000  0.0000 -0.2036
  yz Cl  5  0.0000  0.0000  0.4082  0.0105 -0.2724 -0.1027  0.0000
  xz Cl  5 -0.0095 -0.0311  0.0000 -0.0719  0.1563 -0.4218  0.0000
  S  Cl  6  0.0000  0.0001  0.0000  0.0000  0.0000  0.0000  0.0020
  Px Cl  6  0.0003 -0.0001  0.0000 -0.0055 -0.0005  0.0007  0.0000
  Py Cl  6  0.0000  0.0000  0.0000  0.0002 -0.0052 -0.0020  0.0000
  Pz Cl  6 -0.0022 -0.0112  0.0000  0.0000  0.0000  0.0000  0.0001
  x2 Cl  6  0.0000  0.0000  0.0000  0.0000  0.0000  0.0000  0.0000
  xz Cl  6 -0.4582  0.0905  0.0000  0.4496  0.0406 -0.0616  0.0000
  z2 Cl  6  0.0486  0.2466  0.0000  0.0000  0.0000  0.0000  0.4073
  yz Cl  6 -0.0095 -0.0311  0.0000 -0.0164  0.4260  0.1606  0.0000
  xz Cl  6  0.0000  0.0000  0.4082  0.0460 -0.0999  0.2697  0.0000
  S  Cl  7  0.0000 -0.0001  0.0000  0.0000  0.0000  0.0000  0.0020
  Px Cl  7  0.0003 -0.0001  0.0000  0.0055  0.0005 -0.0007  0.0000
  Py Cl  7  0.0000  0.0000  0.0000 -0.0002  0.0052  0.0020  0.0000
  Pz Cl  7 -0.0022 -0.0112  0.0000  0.0000  0.0000  0.0000 -0.0001
  x2 Cl  7  0.0000  0.0000  0.0000  0.0000  0.0000  0.0000  0.0000
  xz Cl  7  0.4582 -0.0905  0.0000  0.4496  0.0406 -0.0616  0.0000
  z2 Cl  7 -0.0486 -0.2466  0.0000  0.0000  0.0000  0.0000  0.4073
  yz Cl  7  0.0095  0.0311  0.0000 -0.0164  0.4260  0.1606  0.0000
  xz Cl  7  0.0000  0.0000 -0.4082  0.0460 -0.0999  0.2697  0.0000


              NET ATOMIC CHARGES AND DIPOLE CONTRIBUTIONS

         ATOM NO.   TYPE          CHARGE        ATOM  ELECTRON DENSITY
           1         Cu           0.841664       10.1583
           2         Cl          -0.806944        7.8069
           3         Cl          -0.806944        7.8069
           4         Cl          -0.806944        7.8069
           5         Cl          -0.806944        7.8069
           6         Cl          -0.806944        7.8069
           7         Cl          -0.806944        7.8069
           8         Fr           0.500000        0.0000
           9         Fr           0.500000        0.0000
          10         Fr           0.500000        0.0000
          11         Fr           0.500000        0.0000
          12         Fr           0.500000        0.0000
          13         Fr           0.500000        0.0000
          14         Fr           0.500000        0.0000
          15         Fr           0.500000        0.0000
 DIPOLE           X         Y         Z       TOTAL
 POINT-CHG.     0.000     0.000     0.000     0.000
 HYBRID         0.000     0.000     0.000     0.000
 SUM            0.000     0.000     0.000     0.000


          CARTESIAN COORDINATES 

    NO.       ATOM               X         Y         Z

     1        Cu                  0.0000    0.0000    0.0000
     2        Cl                  2.5350    0.0000    0.0000
     3        Cl                  0.0000    2.5350    0.0000
     4        Cl                  0.0000   -2.5350    0.0000
     5        Cl                 -2.5350    0.0000    0.0000
     6        Cl                  0.0000    0.0000   -2.5350
     7        Cl                  0.0000    0.0000    2.5350
     8        Fr                  2.2405    2.2405   -2.2405
     9        Fr                  2.2405    2.2405    2.2405
    10        Fr                 -2.2405    2.2405    2.2405
    11        Fr                 -2.2405    2.2405   -2.2405
    12        Fr                 -2.2405   -2.2405    2.2405
    13        Fr                 -2.2405   -2.2405   -2.2405
    14        Fr                  2.2405   -2.2405   -2.2405
    15        Fr                  2.2405   -2.2405    2.2405


          ATOMIC ORBITAL ELECTRON POPULATIONS

   0.56845   0.00712   0.00712   0.00712   1.78431   1.99997   1.78431   1.99997
   1.99997   1.99753   1.80850   1.99965   1.99965   0.00045   0.00042   0.00028
   0.00004   0.00042   1.99753   1.99965   1.80850   1.99965   0.00045   0.00004
   0.00028   0.00042   0.00042   1.99753   1.99965   1.80850   1.99965   0.00045
   0.00004   0.00028   0.00042   0.00042   1.99753   1.80850   1.99965   1.99965
   0.00045   0.00042   0.00028   0.00004   0.00042   1.99753   1.99965   1.99965
   1.80850   0.00020   0.00042   0.00053   0.00042   0.00004   1.99753   1.99965
   1.99965   1.80850   0.00020   0.00042   0.00053   0.00042   0.00004


          MULTI-ELECTRON CONFIGURATION INTERACTION CALCULATION


          COMPONENT OF SPIN  =  0.5


           NO OF CONFIGURATIONS CONSIDERED =    2

 CONFIGURATIONS CONSIDERED IN C.I.      
 M.O. NUMBER :        28  29
          ENERGY

             1         1   1
         -2.1542       1   0

             2         1   1
         -2.1542       0   1


 DIAGONAL OF C.I. MATRIX
    -2.154218    -2.154218

  STATE       ENERGY (EV)        Q.N.  SPIN   SYMMETRY     POLARIZATION
         ABSOLUTE    RELATIVE                            X       Y       Z

    1+   -2.154218    0.000000     1   DOUBLET     Eg  
 'RELATIVE ENERGY' IS RELATIVE TO LOWEST STATE CALCULATED.
 THIS MAY OR MAY NOT BE THE GROUND STATE



 TOTAL CPU TIME:            19.95 SECONDS

 == MOPAC DONE ==
