 *******************************************************************************
 **  MOPAC: For non-commercial use only        Written by James J. P. Stewart **
 *******************************************************************************

                                MNDO CALCULATION RESULTS


 *******************************************************************************
 *                   MOPAC   7.10               CALC'D. Thu Jun  1 10:35:08 2006
 *  SYMMETRY - SYMMETRY CONDITIONS TO BE IMPOSED
 *
 *
 *
 *                 CHARGE ON SYSTEM =    -3
 *
 *
 *
 *  OPEN(N,N)- THERE ARE 2 ELECTRONS IN 6 LEVELS
 *  T=       - A TIME OF172800.0 SECONDS REQUESTED
 *  DUMP=N   - RESTART FILE WRITTEN EVERY  7200.000 SECONDS
 *  ALLVEC   - PRINT ALL EIGENVECTORS
 *  MECI     - M.E.C.I. WORKING TO BE PRINTED
 *******************************************************************************



     PARAMETER DEPENDENCE DATA

        REFERENCE ATOM      FUNCTION NO.    DEPENDENT ATOM(S)
            2                  1             3  4  5  6  7

             DESCRIPTIONS OF THE FUNCTIONS USED

   1      BOND LENGTH    IS SET EQUAL TO THE REFERENCE BOND LENGTH   
  ALLVECS OPEN(2,6) MECI CHARGE=-3 SYMMETRY
 d2 [V(III)Cl6]3- 3T1g
 H=0 HR=CKJ62 ROOT=1,3,T1G

    ATOM   CHEMICAL       BOND LENGTH     BOND ANGLE      TWIST ANGLE
   NUMBER  SYMBOL         (ANGSTROMS)      (DEGREES)       (DEGREES)
    (I)                       NA:I           NB:NA:I       NC:NB:NA:I     NA   NB   NC

      1     Cl            0.0000000        0.0000000        0.0000000   
      2      V            2.4903910  *     0.0000000        0.0000000      1    0    0
      3     Cl            2.4903910       90.0000000        0.0000000      2    1    0
      4     Cl            2.4903910       90.0000000      180.0000000      2    3    1
      5     Cl            2.4903910       90.0000000      180.0000000      2    4    3
      6     Cl            2.4903910       90.0000000       90.0000000      2    3    4
      7     Cl            2.4903910       90.0000000      -90.0000000      2    3    4


          CARTESIAN COORDINATES 

    NO.       ATOM         X         Y         Z

     1        Cl        0.0000    0.0000    0.0000
     2         V        2.4904    0.0000    0.0000
     3        Cl        2.4904    2.4904    0.0000
     4        Cl        4.9808    0.0000    0.0000
     5        Cl        2.4904   -2.4904    0.0000
     6        Cl        2.4904    0.0000    2.4904
     7        Cl        2.4904    0.0000   -2.4904
 Cl (PM6): J. J. P. Stewart  J. Mol. Mod. (to be submitted)!                    
  V (PM6): J. J. P. Stewart  J. Mol. Mod. (to be submitted)!                    


      MOLECULAR POINT GROUP   :   Oh  

      THERE ARE   24 DOUBLY FILLED LEVELS


      RHF CALCULATION, NO. OF DOUBLY OCCUPIED LEVELS =   24


                       NO. OF LEVELS WITH OCCUPANCY 0.333  =  6
 ONLY ONE VARIABLE, THEREFORE ENERGY A MINIMUM

 -------------------------------------------------------------------------------
  ALLVECS OPEN(2,6) MECI CHARGE=-3 SYMMETRY
 d2 [V(III)Cl6]3- 3T1g
 H=0 HR=CKJ62 ROOT=1,3,T1G


     HEAT OF FORMATION MINIMIZED IN ONE LINE SEARCH           
     SCF FIELD WAS ACHIEVED                                   


                               MNDO    CALCULATION
                                                       MOPAC  7.10
                                                       Thu Jun  1 10:35:09 2006




          FINAL HEAT OF FORMATION =        -99.46000 KCAL =   -416.14063 KJ


          TOTAL ENERGY            =      -1651.54309 EV  STATE:  SINGLET T2g 
          ELECTRONIC ENERGY       =      -5299.33178 EV  POINT GROUP:     Oh  
          CORE-CORE REPULSION     =       3647.78869 EV

          IONIZATION POTENTIAL    =        -10.94066
          NO. OF FILLED LEVELS    =         24
          AND NO. OF OPEN LEVELS  =          6
          MOLECULAR WEIGHT        =        263.659

          MOLECULAR DIMENSIONS (Angstroms)

            Atom       Atom       Distance
           Cl     4   Cl     1     5.04971
           Cl     7   Cl     6     5.04971
           Cl     5   Cl     3     5.04971


          SCF CALCULATIONS        =         11
          COMPUTATION TIME        =          0.906 SECONDS





    ATOM   CHEMICAL       BOND LENGTH     BOND ANGLE      TWIST ANGLE
   NUMBER  SYMBOL         (ANGSTROMS)      (DEGREES)       (DEGREES)
    (I)                       NA:I           NB:NA:I       NC:NB:NA:I     NA   NB   NC

      1     Cl            0.0000000        0.0000000        0.0000000   
      2      V            2.5248540  *     0.0000000        0.0000000      1    0    0
      3     Cl            2.5248540       90.0000000        0.0000000      2    1    0
      4     Cl            2.5248540       90.0000000      180.0000000      2    3    1
      5     Cl            2.5248540       90.0000000      180.0000000      2    4    3
      6     Cl            2.5248540       90.0000000       90.0000000      2    3    4
      7     Cl            2.5248540       90.0000000      -90.0000000      2    3    4


      MOLECULAR POINT GROUP   :   Oh  


                EIGENVECTORS  


   Root No.    1       2       3       4       5       6       7       8

              1 t1u   1 t1u   1 t1u   1 eg    1 eg    1 a1g   2 a1g   2 t1u 

           -14.456 -14.456 -14.456 -14.407 -14.407 -14.406  -1.019  -0.201
  
  S  Cl  1 -0.6992  0.0963  0.0000 -0.4997 -0.2885  0.4076 -0.0108 -0.0059
  Px Cl  1  0.0053 -0.0007  0.0000  0.0075  0.0043 -0.0028  0.3352  0.1577
  Py Cl  1 -0.0006 -0.0044  0.0000  0.0000  0.0000  0.0000  0.0000  0.3065
  Pz Cl  1  0.0000  0.0000  0.0044  0.0000  0.0000  0.0000  0.0000  0.0069
  x2 Cl  1  0.0007 -0.0001  0.0000  0.0007  0.0003 -0.0005  0.0009 -0.0018
  xz Cl  1  0.0000  0.0000 -0.0003  0.0000  0.0000  0.0000  0.0000  0.0000
  z2 Cl  1 -0.0004  0.0001  0.0000 -0.0003 -0.0003  0.0003 -0.0005  0.0011
  yz Cl  1  0.0000  0.0000  0.0000  0.0000  0.0000  0.0000  0.0000  0.0000
  xz Cl  1  0.0000  0.0003  0.0000  0.0000  0.0000  0.0000  0.0000  0.0002
  S   V  2  0.0000  0.0000  0.0000  0.0000  0.0000  0.0562  0.5703  0.0000
  Px  V  2  0.0590 -0.0081  0.0000  0.0000  0.0000  0.0000  0.0000 -0.1338
  Py  V  2 -0.0081 -0.0590  0.0000  0.0000  0.0000  0.0000  0.0000  0.3657
  Pz  V  2  0.0000  0.0000  0.0595  0.0000  0.0000  0.0000  0.0000  0.0082
  x2  V  2  0.0000  0.0000  0.0000 -0.0301  0.0000  0.0000  0.0000  0.0000
  xz  V  2  0.0000  0.0000  0.0000  0.0000  0.0000  0.0000  0.0000  0.0000
  z2  V  2  0.0000  0.0000  0.0000  0.0000  0.0301  0.0000  0.0000  0.0000
  yz  V  2  0.0000  0.0000  0.0000  0.0000  0.0000  0.0000  0.0000  0.0000
  xz  V  2  0.0000  0.0000  0.0000  0.0000  0.0000  0.0000  0.0000  0.0000
  S  Cl  3 -0.0963 -0.6992 -0.0001  0.4997 -0.2885  0.4076 -0.0108 -0.0160
  Px Cl  3  0.0044 -0.0006  0.0000  0.0000  0.0000  0.0000  0.0000 -0.1121
  Py Cl  3 -0.0007 -0.0053  0.0000  0.0075 -0.0043  0.0028 -0.3352 -0.4310
  Pz Cl  3  0.0000  0.0000  0.0044  0.0000  0.0000  0.0000  0.0000  0.0069
  x2 Cl  3 -0.0001 -0.0007  0.0000  0.0007 -0.0003  0.0005 -0.0009  0.0050
  xz Cl  3  0.0000  0.0000  0.0000  0.0000  0.0000  0.0000  0.0000  0.0000
  z2 Cl  3 -0.0001 -0.0004  0.0000  0.0003 -0.0003  0.0003 -0.0005  0.0029
  yz Cl  3  0.0000  0.0000  0.0003  0.0000  0.0000  0.0000  0.0000  0.0000
  xz Cl  3  0.0003  0.0000  0.0000  0.0000  0.0000  0.0000  0.0000  0.0001
  S  Cl  4  0.6992 -0.0963  0.0000 -0.4997 -0.2885  0.4076 -0.0108  0.0059
  Px Cl  4  0.0053 -0.0007  0.0000 -0.0075 -0.0043  0.0028 -0.3352  0.1577
  Py Cl  4 -0.0006 -0.0044  0.0000  0.0000  0.0000  0.0000  0.0000  0.3065
  Pz Cl  4  0.0000  0.0000  0.0044  0.0000  0.0000  0.0000  0.0000  0.0069
  x2 Cl  4 -0.0007  0.0001  0.0000  0.0007  0.0003 -0.0005  0.0009  0.0018
  xz Cl  4  0.0000  0.0000  0.0003  0.0000  0.0000  0.0000  0.0000  0.0000
  z2 Cl  4  0.0004 -0.0001  0.0000 -0.0003 -0.0003  0.0003 -0.0005 -0.0011
  yz Cl  4  0.0000  0.0000  0.0000  0.0000  0.0000  0.0000  0.0000  0.0000
  xz Cl  4  0.0000 -0.0003  0.0000  0.0000  0.0000  0.0000  0.0000 -0.0002
  S  Cl  5  0.0963  0.6992  0.0001  0.4997 -0.2885  0.4076 -0.0108  0.0160
  Px Cl  5  0.0044 -0.0006  0.0000  0.0000  0.0000  0.0000  0.0000 -0.1121
  Py Cl  5 -0.0007 -0.0053  0.0000 -0.0075  0.0043 -0.0028  0.3352 -0.4310
  Pz Cl  5  0.0000  0.0000  0.0044  0.0000  0.0000  0.0000  0.0000  0.0069
  x2 Cl  5  0.0001  0.0007  0.0000  0.0007 -0.0003  0.0005 -0.0009 -0.0050
  xz Cl  5  0.0000  0.0000  0.0000  0.0000  0.0000  0.0000  0.0000  0.0000
  z2 Cl  5  0.0001  0.0004  0.0000  0.0003 -0.0003  0.0003 -0.0005 -0.0029
  yz Cl  5  0.0000  0.0000 -0.0003  0.0000  0.0000  0.0000  0.0000  0.0000
  xz Cl  5 -0.0003  0.0000  0.0000  0.0000  0.0000  0.0000  0.0000 -0.0001
  S  Cl  6  0.0000 -0.0001  0.7058  0.0000  0.5770  0.4076 -0.0108 -0.0004
  Px Cl  6  0.0044 -0.0006  0.0000  0.0000  0.0000  0.0000  0.0000 -0.1121
  Py Cl  6 -0.0006 -0.0044  0.0000  0.0000  0.0000  0.0000  0.0000  0.3065
  Pz Cl  6  0.0000  0.0000  0.0053  0.0000  0.0087  0.0028 -0.3352 -0.0097
  x2 Cl  6  0.0000  0.0000  0.0000  0.0001  0.0000  0.0000  0.0000  0.0000
  xz Cl  6  0.0003  0.0000  0.0000  0.0000  0.0000  0.0000  0.0000  0.0001
  z2 Cl  6  0.0000  0.0000 -0.0008  0.0000 -0.0009 -0.0005  0.0010 -0.0001
  yz Cl  6  0.0000 -0.0003  0.0000  0.0000  0.0000  0.0000  0.0000 -0.0002
  xz Cl  6  0.0000  0.0000  0.0000  0.0000  0.0000  0.0000  0.0000  0.0000
  S  Cl  7  0.0000  0.0001 -0.7058  0.0000  0.5770  0.4076 -0.0108  0.0004
  Px Cl  7  0.0044 -0.0006  0.0000  0.0000  0.0000  0.0000  0.0000 -0.1121
  Py Cl  7 -0.0006 -0.0044  0.0000  0.0000  0.0000  0.0000  0.0000  0.3065
  Pz Cl  7  0.0000  0.0000  0.0053  0.0000 -0.0087 -0.0028  0.3352 -0.0097
  x2 Cl  7  0.0000  0.0000  0.0000  0.0001  0.0000  0.0000  0.0000  0.0000
  xz Cl  7 -0.0003  0.0000  0.0000  0.0000  0.0000  0.0000  0.0000 -0.0001
  z2 Cl  7  0.0000  0.0000  0.0008  0.0000 -0.0009 -0.0005  0.0010  0.0001
  yz Cl  7  0.0000  0.0003  0.0000  0.0000  0.0000  0.0000  0.0000  0.0002
  xz Cl  7  0.0000  0.0000  0.0000  0.0000  0.0000  0.0000  0.0000  0.0000


   Root No.    9      10      11      12      13      14      15      16

              2 t1u   2 t1u   2 eg    2 eg    1 t2g   1 t2g   1 t2g   1 t2u 

            -0.201  -0.201   0.425   0.425   0.686   0.686   0.686   1.219
  
  S  Cl  1 -0.0160 -0.0001 -0.0001  0.0001  0.0000  0.0000  0.0000  0.0000
  Px Cl  1  0.4311  0.0017 -0.4486  0.2609  0.0000  0.0000  0.0000  0.0000
  Py Cl  1 -0.1121 -0.0078  0.0000  0.0000  0.4859 -0.0003 -0.0001  0.0006
  Pz Cl  1 -0.0038  0.3263  0.0000  0.0000  0.0003  0.4857 -0.0128  0.4998
  x2 Cl  1 -0.0050  0.0000  0.0099 -0.0070  0.0000  0.0000  0.0000  0.0000
  xz Cl  1  0.0000  0.0002  0.0000  0.0000  0.0000 -0.0041  0.0001 -0.0106
  z2 Cl  1  0.0029  0.0000 -0.0070  0.0019  0.0000  0.0000  0.0000  0.0000
  yz Cl  1  0.0000  0.0000  0.0000  0.0000  0.0000 -0.0001 -0.0035  0.0000
  xz Cl  1 -0.0001  0.0000  0.0000  0.0000 -0.0041  0.0000  0.0000  0.0000
  S   V  2  0.0000  0.0000  0.0000  0.0000  0.0000  0.0000  0.0000  0.0000
  Px  V  2 -0.3658 -0.0014  0.0000  0.0000  0.0000  0.0000  0.0000  0.0000
  Py  V  2 -0.1337 -0.0093  0.0000  0.0000  0.0000  0.0000  0.0000  0.0000
  Pz  V  2 -0.0045  0.3893  0.0000  0.0000  0.0000  0.0000  0.0000  0.0000
  x2  V  2  0.0000  0.0000 -0.4377  0.0014  0.0000  0.0000  0.0000  0.0000
  xz  V  2  0.0000  0.0000  0.0000  0.0000 -0.0002 -0.2356  0.0062  0.0000
  z2  V  2  0.0000  0.0000 -0.0014 -0.4377  0.0000  0.0000  0.0000  0.0000
  yz  V  2  0.0000  0.0000  0.0000  0.0000  0.0000 -0.0062 -0.2356  0.0000
  xz  V  2  0.0000  0.0000  0.0000  0.0000 -0.2357  0.0002  0.0000  0.0000
  S  Cl  3  0.0059  0.0004  0.0001  0.0001  0.0000  0.0000  0.0000  0.0000
  Px Cl  3 -0.3066 -0.0012  0.0000  0.0000 -0.4859  0.0003  0.0001 -0.0004
  Py Cl  3  0.1576  0.0109 -0.4502 -0.2580  0.0000  0.0000  0.0000  0.0000
  Pz Cl  3 -0.0038  0.3263  0.0000  0.0000 -0.0001 -0.0128 -0.4857 -0.4998
  x2 Cl  3 -0.0018 -0.0001  0.0099  0.0069  0.0000  0.0000  0.0000  0.0000
  xz Cl  3  0.0000  0.0000  0.0000  0.0000  0.0000 -0.0035  0.0001  0.0000
  z2 Cl  3 -0.0011 -0.0001  0.0070  0.0019  0.0000  0.0000  0.0000  0.0000
  yz Cl  3  0.0000 -0.0002  0.0000  0.0000  0.0000 -0.0001 -0.0041 -0.0106
  xz Cl  3  0.0002  0.0000  0.0000  0.0000 -0.0041  0.0000  0.0000  0.0000
  S  Cl  4  0.0160  0.0001 -0.0001  0.0001  0.0000  0.0000  0.0000  0.0000
  Px Cl  4  0.4311  0.0017  0.4486 -0.2609  0.0000  0.0000  0.0000  0.0000
  Py Cl  4 -0.1121 -0.0078  0.0000  0.0000 -0.4859  0.0003  0.0001  0.0006
  Pz Cl  4 -0.0038  0.3263  0.0000  0.0000 -0.0003 -0.4857  0.0128  0.4998
  x2 Cl  4  0.0050  0.0000  0.0099 -0.0070  0.0000  0.0000  0.0000  0.0000
  xz Cl  4  0.0000 -0.0002  0.0000  0.0000  0.0000 -0.0041  0.0001  0.0106
  z2 Cl  4 -0.0029  0.0000 -0.0070  0.0019  0.0000  0.0000  0.0000  0.0000
  yz Cl  4  0.0000  0.0000  0.0000  0.0000  0.0000 -0.0001 -0.0035  0.0000
  xz Cl  4  0.0001  0.0000  0.0000  0.0000 -0.0041  0.0000  0.0000  0.0000
  S  Cl  5 -0.0059 -0.0004  0.0001  0.0001  0.0000  0.0000  0.0000  0.0000
  Px Cl  5 -0.3066 -0.0012  0.0000  0.0000  0.4859 -0.0003 -0.0001 -0.0004
  Py Cl  5  0.1576  0.0109  0.4502  0.2580  0.0000  0.0000  0.0000  0.0000
  Pz Cl  5 -0.0038  0.3263  0.0000  0.0000  0.0001  0.0128  0.4857 -0.4998
  x2 Cl  5  0.0018  0.0001  0.0099  0.0069  0.0000  0.0000  0.0000  0.0000
  xz Cl  5  0.0000  0.0000  0.0000  0.0000  0.0000 -0.0035  0.0001  0.0000
  z2 Cl  5  0.0011  0.0001  0.0070  0.0019  0.0000  0.0000  0.0000  0.0000
  yz Cl  5  0.0000  0.0002  0.0000  0.0000  0.0000 -0.0001 -0.0041  0.0106
  xz Cl  5 -0.0002  0.0000  0.0000  0.0000 -0.0041  0.0000  0.0000  0.0000
  S  Cl  6  0.0002 -0.0170  0.0000 -0.0002  0.0000  0.0000  0.0000  0.0000
  Px Cl  6 -0.3066 -0.0012  0.0000  0.0000 -0.0003 -0.4857  0.0128  0.0004
  Py Cl  6 -0.1121 -0.0078  0.0000  0.0000 -0.0001 -0.0128 -0.4857 -0.0006
  Pz Cl  6  0.0053 -0.4589  0.0016  0.5189  0.0000  0.0000  0.0000  0.0000
  x2 Cl  6  0.0000  0.0000 -0.0021  0.0000  0.0000  0.0000  0.0000  0.0092
  xz Cl  6  0.0002  0.0000  0.0000  0.0000  0.0000 -0.0041  0.0001  0.0000
  z2 Cl  6  0.0001 -0.0062  0.0000  0.0139  0.0000  0.0000  0.0000  0.0000
  yz Cl  6  0.0001  0.0000  0.0000  0.0000  0.0000 -0.0001 -0.0041  0.0000
  xz Cl  6  0.0000  0.0000  0.0000  0.0000 -0.0035  0.0000  0.0000  0.0000
  S  Cl  7 -0.0002  0.0170  0.0000 -0.0002  0.0000  0.0000  0.0000  0.0000
  Px Cl  7 -0.3066 -0.0012  0.0000  0.0000  0.0003  0.4857 -0.0128  0.0004
  Py Cl  7 -0.1121 -0.0078  0.0000  0.0000  0.0001  0.0128  0.4857 -0.0006
  Pz Cl  7  0.0053 -0.4589 -0.0016 -0.5189  0.0000  0.0000  0.0000  0.0000
  x2 Cl  7  0.0000  0.0000 -0.0021  0.0000  0.0000  0.0000  0.0000 -0.0092
  xz Cl  7 -0.0002  0.0000  0.0000  0.0000  0.0000 -0.0041  0.0001  0.0000
  z2 Cl  7 -0.0001  0.0062  0.0000  0.0139  0.0000  0.0000  0.0000  0.0000
  yz Cl  7 -0.0001  0.0000  0.0000  0.0000  0.0000 -0.0001 -0.0041  0.0000
  xz Cl  7  0.0000  0.0000  0.0000  0.0000 -0.0035  0.0000  0.0000  0.0000


   Root No.   17      18      19      20      21      22      23      24

              1 t2u   1 t2u   1 t1g   1 t1g   1 t1g   3 t1u   3 t1u   3 t1u 

             1.219   1.219   1.337   1.337   1.337   1.564   1.564   1.564
  
  S  Cl  1  0.0000  0.0000  0.0000  0.0000  0.0000 -0.0016 -0.0043  0.0000
  Px Cl  1  0.0000  0.0000  0.0000  0.0000  0.0000 -0.1655 -0.4514 -0.0004
  Py Cl  1  0.4184 -0.2735  0.4998 -0.0003 -0.0002  0.3416 -0.1253 -0.0007
  Pz Cl  1 -0.0007  0.0000  0.0003  0.4993  0.0220  0.0006 -0.0005  0.3639
  x2 Cl  1 -0.0025 -0.0038  0.0000  0.0000  0.0000  0.0024  0.0065  0.0000
  xz Cl  1  0.0000  0.0000  0.0000 -0.0152 -0.0007  0.0000  0.0000 -0.0103
  z2 Cl  1 -0.0044 -0.0067  0.0000  0.0000  0.0000 -0.0014 -0.0038  0.0000
  yz Cl  1  0.0000  0.0000  0.0000  0.0000  0.0000  0.0000  0.0000  0.0000
  xz Cl  1 -0.0088  0.0058 -0.0152  0.0000  0.0000 -0.0096  0.0035  0.0000
  S   V  2  0.0000  0.0000  0.0000  0.0000  0.0000  0.0000  0.0000  0.0000
  Px  V  2  0.0000  0.0000  0.0000  0.0000  0.0000  0.0298  0.0812  0.0001
  Py  V  2  0.0000  0.0000  0.0000  0.0000  0.0000 -0.0812  0.0298  0.0002
  Pz  V  2  0.0000  0.0000  0.0000  0.0000  0.0000 -0.0001  0.0001 -0.0865
  x2  V  2  0.0000  0.0000  0.0000  0.0000  0.0000  0.0000  0.0000  0.0000
  xz  V  2  0.0000  0.0000  0.0000  0.0000  0.0000  0.0000  0.0000  0.0000
  z2  V  2  0.0000  0.0000  0.0000  0.0000  0.0000  0.0000  0.0000  0.0000
  yz  V  2  0.0000  0.0000  0.0000  0.0000  0.0000  0.0000  0.0000  0.0000
  xz  V  2  0.0000  0.0000  0.0000  0.0000  0.0000  0.0000  0.0000  0.0000
  S  Cl  3  0.0000  0.0000  0.0000  0.0000  0.0000 -0.0043  0.0016  0.0000
  Px Cl  3 -0.2735 -0.4184  0.4998 -0.0003 -0.0002 -0.1253 -0.3416 -0.0003
  Py Cl  3  0.0000  0.0000  0.0000  0.0000  0.0000  0.4514 -0.1655 -0.0010
  Pz Cl  3  0.0007  0.0000  0.0002 -0.0220  0.4993  0.0006 -0.0005  0.3639
  x2 Cl  3  0.0038 -0.0025  0.0000  0.0000  0.0000 -0.0065  0.0024  0.0000
  xz Cl  3  0.0000  0.0000  0.0000  0.0000  0.0000  0.0000  0.0000  0.0000
  z2 Cl  3 -0.0067  0.0044  0.0000  0.0000  0.0000 -0.0038  0.0014  0.0000
  yz Cl  3  0.0000  0.0000  0.0000 -0.0007  0.0152  0.0000  0.0000  0.0103
  xz Cl  3 -0.0058 -0.0088  0.0152  0.0000  0.0000 -0.0035 -0.0096  0.0000
  S  Cl  4  0.0000  0.0000  0.0000  0.0000  0.0000  0.0016  0.0043  0.0000
  Px Cl  4  0.0000  0.0000  0.0000  0.0000  0.0000 -0.1655 -0.4514 -0.0004
  Py Cl  4  0.4184 -0.2735 -0.4998  0.0003  0.0002  0.3416 -0.1253 -0.0007
  Pz Cl  4 -0.0007  0.0000 -0.0003 -0.4993 -0.0220  0.0006 -0.0005  0.3639
  x2 Cl  4  0.0025  0.0038  0.0000  0.0000  0.0000 -0.0024 -0.0065  0.0000
  xz Cl  4  0.0000  0.0000  0.0000 -0.0152 -0.0007  0.0000  0.0000  0.0103
  z2 Cl  4  0.0044  0.0067  0.0000  0.0000  0.0000  0.0014  0.0038  0.0000
  yz Cl  4  0.0000  0.0000  0.0000  0.0000  0.0000  0.0000  0.0000  0.0000
  xz Cl  4  0.0088 -0.0058 -0.0152  0.0000  0.0000  0.0096 -0.0035  0.0000
  S  Cl  5  0.0000  0.0000  0.0000  0.0000  0.0000  0.0043 -0.0016  0.0000
  Px Cl  5 -0.2735 -0.4184 -0.4998  0.0003  0.0002 -0.1253 -0.3416 -0.0003
  Py Cl  5  0.0000  0.0000  0.0000  0.0000  0.0000  0.4514 -0.1655 -0.0010
  Pz Cl  5  0.0007  0.0000 -0.0002  0.0220 -0.4993  0.0006 -0.0005  0.3639
  x2 Cl  5 -0.0038  0.0025  0.0000  0.0000  0.0000  0.0065 -0.0024  0.0000
  xz Cl  5  0.0000  0.0000  0.0000  0.0000  0.0000  0.0000  0.0000  0.0000
  z2 Cl  5  0.0067 -0.0044  0.0000  0.0000  0.0000  0.0038 -0.0014  0.0000
  yz Cl  5  0.0000  0.0000  0.0000 -0.0007  0.0152  0.0000  0.0000 -0.0103
  xz Cl  5  0.0058  0.0088  0.0152  0.0000  0.0000  0.0035  0.0096  0.0000
  S  Cl  6  0.0000  0.0000  0.0000  0.0000  0.0000  0.0000  0.0000 -0.0045
  Px Cl  6  0.2735  0.4184  0.0003  0.4993  0.0220 -0.1253 -0.3416 -0.0003
  Py Cl  6 -0.4184  0.2735 -0.0002  0.0220 -0.4993  0.3416 -0.1253 -0.0007
  Pz Cl  6  0.0000  0.0000  0.0000  0.0000  0.0000  0.0008 -0.0007  0.4808
  x2 Cl  6  0.0000  0.0000  0.0000  0.0000  0.0000  0.0000  0.0000  0.0000
  xz Cl  6  0.0058  0.0088  0.0000  0.0152  0.0007 -0.0035 -0.0096  0.0000
  z2 Cl  6  0.0000  0.0000  0.0000  0.0000  0.0000  0.0000  0.0000  0.0080
  yz Cl  6 -0.0088  0.0058  0.0000  0.0007 -0.0152  0.0096 -0.0035  0.0000
  xz Cl  6  0.0000  0.0000  0.0000  0.0000  0.0000  0.0000  0.0000  0.0000
  S  Cl  7  0.0000  0.0000  0.0000  0.0000  0.0000  0.0000  0.0000  0.0045
  Px Cl  7  0.2735  0.4184 -0.0003 -0.4993 -0.0220 -0.1253 -0.3416 -0.0003
  Py Cl  7 -0.4184  0.2735  0.0002 -0.0220  0.4993  0.3416 -0.1253 -0.0007
  Pz Cl  7  0.0000  0.0000  0.0000  0.0000  0.0000  0.0008 -0.0007  0.4808
  x2 Cl  7  0.0000  0.0000  0.0000  0.0000  0.0000  0.0000  0.0000  0.0000
  xz Cl  7 -0.0058 -0.0088  0.0000  0.0152  0.0007  0.0035  0.0096  0.0000
  z2 Cl  7  0.0000  0.0000  0.0000  0.0000  0.0000  0.0000  0.0000 -0.0080
  yz Cl  7  0.0088 -0.0058  0.0000  0.0007 -0.0152 -0.0096  0.0035  0.0000
  xz Cl  7  0.0000  0.0000  0.0000  0.0000  0.0000  0.0000  0.0000  0.0000


   Root No.   25      26      27      28      29      30      31      32

              3 a1g   2 t2g   2 t2g   2 t2g   3 eg    3 eg    4 t1u   4 t1u 

             9.431  10.170  10.170  10.170  10.941  10.941  13.371  13.371
  
  S  Cl  1 -0.0205  0.0000  0.0000  0.0000  0.0097  0.0168  0.0000 -0.0321
  Px Cl  1 -0.2331  0.0000  0.0000  0.0000  0.1262  0.2187 -0.0001 -0.1972
  Py Cl  1  0.0000  0.0000  0.0001 -0.1179  0.0000  0.0000  0.0000  0.0599
  Pz Cl  1  0.0000 -0.0888 -0.0775 -0.0001  0.0000  0.0000  0.1049  0.0000
  x2 Cl  1  0.0023  0.0000  0.0000  0.0000 -0.0045 -0.0017  0.0000  0.0089
  xz Cl  1  0.0000 -0.0091 -0.0079  0.0000  0.0000  0.0000  0.0084  0.0000
  z2 Cl  1 -0.0013  0.0000  0.0000  0.0000 -0.0035  0.0045  0.0000 -0.0051
  yz Cl  1  0.0000  0.0034 -0.0039  0.0000  0.0000  0.0000  0.0000  0.0000
  xz Cl  1  0.0000  0.0000  0.0000 -0.0121  0.0000  0.0000  0.0000  0.0048
  S   V  2  0.8195  0.0000  0.0000  0.0000  0.0000  0.0000  0.0000  0.0000
  Px  V  2  0.0000  0.0000  0.0000  0.0000  0.0000  0.0000 -0.0003 -0.7511
  Py  V  2  0.0000  0.0000  0.0000  0.0000  0.0000  0.0000  0.0002 -0.5223
  Pz  V  2  0.0000  0.0000  0.0000  0.0000  0.0000  0.0000 -0.9149  0.0001
  x2  V  2  0.0000  0.0000  0.0000  0.0000  0.0002 -0.8986  0.0000  0.0000
  xz  V  2  0.0000 -0.7323 -0.6384 -0.0005  0.0000  0.0000  0.0000  0.0000
  z2  V  2  0.0000  0.0000  0.0000  0.0000  0.8986  0.0002  0.0000  0.0000
  yz  V  2  0.0000 -0.6384  0.7323  0.0007  0.0000  0.0000  0.0000  0.0000
  xz  V  2  0.0000 -0.0001  0.0008 -0.9715  0.0000  0.0000  0.0000  0.0000
  S  Cl  3 -0.0205  0.0000  0.0000  0.0000  0.0097 -0.0168  0.0000  0.0223
  Px Cl  3  0.0000  0.0000 -0.0001  0.1179  0.0000  0.0000  0.0000  0.0861
  Py Cl  3  0.2331  0.0000  0.0000  0.0000 -0.1263  0.2187  0.0001 -0.1371
  Pz Cl  3  0.0000  0.0775 -0.0888 -0.0001  0.0000  0.0000  0.1049  0.0000
  x2 Cl  3 -0.0023  0.0000  0.0000  0.0000  0.0045 -0.0017  0.0000  0.0062
  xz Cl  3  0.0000  0.0039  0.0034  0.0000  0.0000  0.0000  0.0000  0.0000
  z2 Cl  3 -0.0013  0.0000  0.0000  0.0000 -0.0035 -0.0045  0.0000  0.0036
  yz Cl  3  0.0000 -0.0079  0.0091  0.0000  0.0000  0.0000 -0.0084  0.0000
  xz Cl  3  0.0000  0.0000  0.0000 -0.0121  0.0000  0.0000  0.0000 -0.0069
  S  Cl  4 -0.0205  0.0000  0.0000  0.0000  0.0097  0.0168  0.0000  0.0321
  Px Cl  4  0.2331  0.0000  0.0000  0.0000 -0.1262 -0.2187 -0.0001 -0.1972
  Py Cl  4  0.0000  0.0000 -0.0001  0.1179  0.0000  0.0000  0.0000  0.0599
  Pz Cl  4  0.0000  0.0888  0.0775  0.0001  0.0000  0.0000  0.1049  0.0000
  x2 Cl  4  0.0023  0.0000  0.0000  0.0000 -0.0045 -0.0017  0.0000 -0.0089
  xz Cl  4  0.0000 -0.0091 -0.0079  0.0000  0.0000  0.0000 -0.0084  0.0000
  z2 Cl  4 -0.0013  0.0000  0.0000  0.0000 -0.0035  0.0045  0.0000  0.0051
  yz Cl  4  0.0000  0.0034 -0.0039  0.0000  0.0000  0.0000  0.0000  0.0000
  xz Cl  4  0.0000  0.0000  0.0000 -0.0121  0.0000  0.0000  0.0000 -0.0048
  S  Cl  5 -0.0205  0.0000  0.0000  0.0000  0.0097 -0.0168  0.0000 -0.0223
  Px Cl  5  0.0000  0.0000  0.0001 -0.1179  0.0000  0.0000  0.0000  0.0861
  Py Cl  5 -0.2331  0.0000  0.0000  0.0000  0.1263 -0.2187  0.0001 -0.1371
  Pz Cl  5  0.0000 -0.0775  0.0888  0.0001  0.0000  0.0000  0.1049  0.0000
  x2 Cl  5 -0.0023  0.0000  0.0000  0.0000  0.0045 -0.0017  0.0000 -0.0062
  xz Cl  5  0.0000  0.0039  0.0034  0.0000  0.0000  0.0000  0.0000  0.0000
  z2 Cl  5 -0.0013  0.0000  0.0000  0.0000 -0.0035 -0.0045  0.0000 -0.0036
  yz Cl  5  0.0000 -0.0079  0.0091  0.0000  0.0000  0.0000  0.0084  0.0000
  xz Cl  5  0.0000  0.0000  0.0000 -0.0121  0.0000  0.0000  0.0000  0.0069
  S  Cl  6 -0.0205  0.0000  0.0000  0.0000 -0.0194  0.0000  0.0391  0.0000
  Px Cl  6  0.0000  0.0888  0.0775  0.0001  0.0000  0.0000  0.0000  0.0861
  Py Cl  6  0.0000  0.0775 -0.0888 -0.0001  0.0000  0.0000  0.0000  0.0599
  Pz Cl  6  0.2331  0.0000  0.0000  0.0000  0.2525  0.0001 -0.2402  0.0000
  x2 Cl  6  0.0000  0.0000  0.0000  0.0000  0.0000  0.0061  0.0000  0.0000
  xz Cl  6  0.0000 -0.0091 -0.0079  0.0000  0.0000  0.0000  0.0000 -0.0069
  z2 Cl  6  0.0026  0.0000  0.0000  0.0000  0.0042  0.0000 -0.0125  0.0000
  yz Cl  6  0.0000 -0.0079  0.0091  0.0000  0.0000  0.0000  0.0000 -0.0048
  xz Cl  6  0.0000  0.0000  0.0000  0.0051  0.0000  0.0000  0.0000  0.0000
  S  Cl  7 -0.0205  0.0000  0.0000  0.0000 -0.0194  0.0000 -0.0391  0.0000
  Px Cl  7  0.0000 -0.0888 -0.0775 -0.0001  0.0000  0.0000  0.0000  0.0861
  Py Cl  7  0.0000 -0.0775  0.0888  0.0001  0.0000  0.0000  0.0000  0.0599
  Pz Cl  7 -0.2331  0.0000  0.0000  0.0000 -0.2525 -0.0001 -0.2402  0.0000
  x2 Cl  7  0.0000  0.0000  0.0000  0.0000  0.0000  0.0061  0.0000  0.0000
  xz Cl  7  0.0000 -0.0091 -0.0079  0.0000  0.0000  0.0000  0.0000  0.0069
  z2 Cl  7  0.0026  0.0000  0.0000  0.0000  0.0042  0.0000  0.0125  0.0000
  yz Cl  7  0.0000 -0.0079  0.0091  0.0000  0.0000  0.0000  0.0000  0.0048
  xz Cl  7  0.0000  0.0000  0.0000  0.0051  0.0000  0.0000  0.0000  0.0000


   Root No.   33      34      35      36      37      38      39      40

              4 t1u   1 a2g   2 t1g   2 t1g   2 t1g   2 t2u   2 t2u   2 t2u 

            13.371  34.801  34.968  34.968  34.968  35.004  35.004  35.004
  
  S  Cl  1  0.0223  0.0000  0.0000  0.0000  0.0000  0.0000  0.0000  0.0000
  Px Cl  1  0.1371  0.0000  0.0000  0.0000  0.0000  0.0000  0.0000  0.0000
  Py Cl  1  0.0861  0.0000 -0.0152  0.0000  0.0000  0.0034 -0.0118  0.0000
  Pz Cl  1  0.0000  0.0000  0.0000  0.0152 -0.0006  0.0000  0.0000  0.0123
  x2 Cl  1 -0.0062 -0.2041  0.0000  0.0000  0.0000 -0.2074 -0.0598  0.0000
  xz Cl  1  0.0000  0.0000  0.0003  0.4994 -0.0190  0.0000  0.0002  0.3958
  z2 Cl  1  0.0036 -0.3536  0.0000  0.0000  0.0000 -0.3593 -0.1036  0.0001
  yz Cl  1  0.0000  0.0000  0.0000  0.0000  0.0000  0.0000  0.0000  0.0000
  xz Cl  1  0.0069  0.0000 -0.4998  0.0003  0.0000  0.1097 -0.3803  0.0001
  S   V  2  0.0000  0.0000  0.0000  0.0000  0.0000  0.0000  0.0000  0.0000
  Px  V  2  0.5223  0.0000  0.0000  0.0000  0.0000  0.0000  0.0000  0.0000
  Py  V  2 -0.7511  0.0000  0.0000  0.0000  0.0000  0.0000  0.0000  0.0000
  Pz  V  2 -0.0004  0.0000  0.0000  0.0000  0.0000  0.0000  0.0000  0.0000
  x2  V  2  0.0000  0.0000  0.0000  0.0000  0.0000  0.0000  0.0000  0.0000
  xz  V  2  0.0000  0.0000  0.0000  0.0000  0.0000  0.0000  0.0000  0.0000
  z2  V  2  0.0000  0.0000  0.0000  0.0000  0.0000  0.0000  0.0000  0.0000
  yz  V  2  0.0000  0.0000  0.0000  0.0000  0.0000  0.0000  0.0000  0.0000
  xz  V  2  0.0000  0.0000  0.0000  0.0000  0.0000  0.0000  0.0000  0.0000
  S  Cl  3  0.0321  0.0000  0.0000  0.0000  0.0000  0.0000  0.0000  0.0000
  Px Cl  3 -0.0599  0.0000 -0.0152  0.0000  0.0000  0.0118  0.0034  0.0000
  Py Cl  3 -0.1972  0.0000  0.0000  0.0000  0.0000  0.0000  0.0000  0.0000
  Pz Cl  3  0.0000  0.0000  0.0000  0.0006  0.0152  0.0000  0.0000 -0.0123
  x2 Cl  3  0.0089 -0.2041  0.0000  0.0000  0.0000 -0.0598  0.2074 -0.0001
  xz Cl  3  0.0000  0.0000  0.0000  0.0000  0.0000  0.0000  0.0000  0.0000
  z2 Cl  3  0.0051  0.3536  0.0000  0.0000  0.0000  0.1036 -0.3593  0.0001
  yz Cl  3  0.0000  0.0000  0.0000 -0.0190 -0.4994  0.0000  0.0002  0.3958
  xz Cl  3  0.0048  0.0000  0.4998 -0.0003  0.0000 -0.3803 -0.1097  0.0001
  S  Cl  4 -0.0223  0.0000  0.0000  0.0000  0.0000  0.0000  0.0000  0.0000
  Px Cl  4  0.1371  0.0000  0.0000  0.0000  0.0000  0.0000  0.0000  0.0000
  Py Cl  4  0.0861  0.0000  0.0152  0.0000  0.0000  0.0034 -0.0118  0.0000
  Pz Cl  4  0.0000  0.0000  0.0000 -0.0152  0.0006  0.0000  0.0000  0.0123
  x2 Cl  4  0.0062 -0.2041  0.0000  0.0000  0.0000  0.2074  0.0598  0.0000
  xz Cl  4  0.0000  0.0000  0.0003  0.4994 -0.0190  0.0000 -0.0002 -0.3958
  z2 Cl  4 -0.0036 -0.3536  0.0000  0.0000  0.0000  0.3593  0.1036 -0.0001
  yz Cl  4  0.0000  0.0000  0.0000  0.0000  0.0000  0.0000  0.0000  0.0000
  xz Cl  4 -0.0069  0.0000 -0.4998  0.0003  0.0000 -0.1097  0.3803 -0.0001
  S  Cl  5 -0.0321  0.0000  0.0000  0.0000  0.0000  0.0000  0.0000  0.0000
  Px Cl  5 -0.0599  0.0000  0.0152  0.0000  0.0000  0.0118  0.0034  0.0000
  Py Cl  5 -0.1972  0.0000  0.0000  0.0000  0.0000  0.0000  0.0000  0.0000
  Pz Cl  5  0.0000  0.0000  0.0000 -0.0006 -0.0152  0.0000  0.0000 -0.0123
  x2 Cl  5 -0.0089 -0.2041  0.0000  0.0000  0.0000  0.0598 -0.2074  0.0001
  xz Cl  5  0.0000  0.0000  0.0000  0.0000  0.0000  0.0000  0.0000  0.0000
  z2 Cl  5 -0.0051  0.3536  0.0000  0.0000  0.0000 -0.1036  0.3593 -0.0001
  yz Cl  5  0.0000  0.0000  0.0000 -0.0190 -0.4994  0.0000 -0.0002 -0.3958
  xz Cl  5 -0.0048  0.0000  0.4998 -0.0003  0.0000  0.3803  0.1097 -0.0001
  S  Cl  6  0.0000  0.0000  0.0000  0.0000  0.0000  0.0000  0.0000  0.0000
  Px Cl  6 -0.0599  0.0000  0.0000  0.0152 -0.0006 -0.0118 -0.0034  0.0000
  Py Cl  6  0.0861  0.0000  0.0000 -0.0006 -0.0152 -0.0034  0.0118  0.0000
  Pz Cl  6 -0.0001  0.0000  0.0000  0.0000  0.0000  0.0000  0.0000  0.0000
  x2 Cl  6  0.0000  0.4082  0.0000  0.0000  0.0000  0.0000 -0.0002 -0.4317
  xz Cl  6  0.0048  0.0000 -0.0003 -0.4994  0.0190  0.3803  0.1097 -0.0001
  z2 Cl  6  0.0000  0.0000  0.0000  0.0000  0.0000  0.0000  0.0000  0.0000
  yz Cl  6 -0.0069  0.0000  0.0000  0.0190  0.4994  0.1097 -0.3803  0.0001
  xz Cl  6  0.0000  0.0000  0.0000  0.0000  0.0000  0.0000  0.0000  0.0000
  S  Cl  7  0.0000  0.0000  0.0000  0.0000  0.0000  0.0000  0.0000  0.0000
  Px Cl  7 -0.0599  0.0000  0.0000 -0.0152  0.0006 -0.0118 -0.0034  0.0000
  Py Cl  7  0.0861  0.0000  0.0000  0.0006  0.0152 -0.0034  0.0118  0.0000
  Pz Cl  7 -0.0001  0.0000  0.0000  0.0000  0.0000  0.0000  0.0000  0.0000
  x2 Cl  7  0.0000  0.4082  0.0000  0.0000  0.0000  0.0000  0.0002  0.4317
  xz Cl  7 -0.0048  0.0000 -0.0003 -0.4994  0.0190 -0.3803 -0.1097  0.0001
  z2 Cl  7  0.0000  0.0000  0.0000  0.0000  0.0000  0.0000  0.0000  0.0000
  yz Cl  7  0.0069  0.0000  0.0000  0.0190  0.4994 -0.1097  0.3803 -0.0001
  xz Cl  7  0.0000  0.0000  0.0000  0.0000  0.0000  0.0000  0.0000  0.0000


   Root No.   41      42      43      44      45      46      47      48

              1 eu    1 eu    4 eg    4 eg    3 t2g   3 t2g   3 t2g   5 t1u 

            35.089  35.089  35.115  35.115  35.267  35.267  35.267  35.390
  
  S  Cl  1  0.0000  0.0000  0.0005 -0.0008  0.0000  0.0000  0.0000  0.0000
  Px Cl  1  0.0000  0.0000  0.0061 -0.0105  0.0000  0.0000  0.0000  0.0000
  Py Cl  1  0.0000  0.0000  0.0000  0.0000  0.0000  0.0000  0.0034  0.0000
  Pz Cl  1  0.0000  0.0000  0.0000  0.0000  0.0017 -0.0030  0.0000  0.0015
  x2 Cl  1  0.0000  0.0000  0.1567 -0.4562  0.0000  0.0000  0.0000 -0.0002
  xz Cl  1  0.0000  0.0000  0.0000  0.0000  0.0922 -0.1601  0.0002  0.1806
  z2 Cl  1  0.0000  0.0000 -0.2758  0.1562  0.0000  0.0000  0.0000  0.0001
  yz Cl  1  0.5002  0.2883  0.0000  0.0000  0.5693  0.3280  0.0011  0.0000
  xz Cl  1  0.0000  0.0000  0.0000  0.0000 -0.0004  0.0000  0.1848 -0.0001
  S   V  2  0.0000  0.0000  0.0000  0.0000  0.0000  0.0000  0.0000  0.0000
  Px  V  2  0.0000  0.0000  0.0000  0.0000  0.0000  0.0000  0.0000  0.0000
  Py  V  2  0.0000  0.0000  0.0000  0.0000  0.0000  0.0000  0.0000  0.0000
  Pz  V  2  0.0000  0.0000  0.0000  0.0000  0.0000  0.0000  0.0000  0.0158
  x2  V  2  0.0000  0.0000  0.0000 -0.0063  0.0000  0.0000  0.0000  0.0000
  xz  V  2  0.0000  0.0000  0.0000  0.0000 -0.0020  0.0034  0.0000  0.0000
  z2  V  2  0.0000  0.0000 -0.0063  0.0000  0.0000  0.0000  0.0000  0.0000
  yz  V  2  0.0000  0.0000  0.0000  0.0000 -0.0034 -0.0020  0.0000  0.0000
  xz  V  2  0.0000  0.0000  0.0000  0.0000  0.0000  0.0000 -0.0039  0.0000
  S  Cl  3  0.0000  0.0000  0.0005  0.0008  0.0000  0.0000  0.0000  0.0000
  Px Cl  3  0.0000  0.0000  0.0000  0.0000  0.0000  0.0000 -0.0034  0.0000
  Py Cl  3  0.0000  0.0000 -0.0061 -0.0105  0.0000  0.0000  0.0000  0.0000
  Pz Cl  3  0.0000  0.0000  0.0000  0.0000 -0.0030 -0.0017  0.0000  0.0015
  x2 Cl  3  0.0000  0.0000 -0.1561 -0.4564  0.0000  0.0000  0.0000 -0.0002
  xz Cl  3  0.4998 -0.2891  0.0000  0.0000  0.3280 -0.5693  0.0009  0.0000
  z2 Cl  3  0.0000  0.0000 -0.2756 -0.1566  0.0000  0.0000  0.0000 -0.0001
  yz Cl  3  0.0000  0.0000  0.0000  0.0000  0.1601  0.0922  0.0003 -0.1806
  xz Cl  3  0.0000  0.0000  0.0000  0.0000 -0.0004  0.0000  0.1848  0.0001
  S  Cl  4  0.0000  0.0000  0.0005 -0.0008  0.0000  0.0000  0.0000  0.0000
  Px Cl  4  0.0000  0.0000 -0.0061  0.0105  0.0000  0.0000  0.0000  0.0000
  Py Cl  4  0.0000  0.0000  0.0000  0.0000  0.0000  0.0000 -0.0034  0.0000
  Pz Cl  4  0.0000  0.0000  0.0000  0.0000 -0.0017  0.0030  0.0000  0.0015
  x2 Cl  4  0.0000  0.0000  0.1567 -0.4562  0.0000  0.0000  0.0000  0.0002
  xz Cl  4  0.0000  0.0000  0.0000  0.0000  0.0922 -0.1601  0.0002 -0.1806
  z2 Cl  4  0.0000  0.0000 -0.2758  0.1562  0.0000  0.0000  0.0000 -0.0001
  yz Cl  4 -0.5002 -0.2883  0.0000  0.0000  0.5693  0.3280  0.0011  0.0000
  xz Cl  4  0.0000  0.0000  0.0000  0.0000 -0.0004  0.0000  0.1848  0.0001
  S  Cl  5  0.0000  0.0000  0.0005  0.0008  0.0000  0.0000  0.0000  0.0000
  Px Cl  5  0.0000  0.0000  0.0000  0.0000  0.0000  0.0000  0.0034  0.0000
  Py Cl  5  0.0000  0.0000  0.0061  0.0105  0.0000  0.0000  0.0000  0.0000
  Pz Cl  5  0.0000  0.0000  0.0000  0.0000  0.0030  0.0017  0.0000  0.0015
  x2 Cl  5  0.0000  0.0000 -0.1561 -0.4564  0.0000  0.0000  0.0000  0.0002
  xz Cl  5 -0.4998  0.2891  0.0000  0.0000  0.3280 -0.5693  0.0009  0.0000
  z2 Cl  5  0.0000  0.0000 -0.2756 -0.1566  0.0000  0.0000  0.0000  0.0001
  yz Cl  5  0.0000  0.0000  0.0000  0.0000  0.1601  0.0922  0.0003  0.1806
  xz Cl  5  0.0000  0.0000  0.0000  0.0000 -0.0004  0.0000  0.1848 -0.0001
  S  Cl  6  0.0000  0.0000 -0.0009  0.0000  0.0000  0.0000  0.0000 -0.0014
  Px Cl  6  0.0000  0.0000  0.0000  0.0000 -0.0017  0.0030  0.0000  0.0000
  Py Cl  6  0.0000  0.0000  0.0000  0.0000 -0.0030 -0.0017  0.0000  0.0000
  Pz Cl  6  0.0000  0.0000  0.0121  0.0000  0.0000  0.0000  0.0000  0.0179
  x2 Cl  6  0.0000  0.0000  0.0001 -0.1854  0.0000  0.0000  0.0000  0.0000
  xz Cl  6  0.0000  0.0000  0.0000  0.0000  0.0922 -0.1601  0.0002  0.0001
  z2 Cl  6  0.0000  0.0000 -0.5466 -0.0004  0.0000  0.0000  0.0000 -0.6590
  yz Cl  6  0.0000  0.0000  0.0000  0.0000  0.1601  0.0922  0.0003  0.0001
  xz Cl  6  0.0005  0.5774  0.0000  0.0000 -0.0014  0.0002  0.6570  0.0000
  S  Cl  7  0.0000  0.0000 -0.0009  0.0000  0.0000  0.0000  0.0000  0.0014
  Px Cl  7  0.0000  0.0000  0.0000  0.0000  0.0017 -0.0030  0.0000  0.0000
  Py Cl  7  0.0000  0.0000  0.0000  0.0000  0.0030  0.0017  0.0000  0.0000
  Pz Cl  7  0.0000  0.0000 -0.0121  0.0000  0.0000  0.0000  0.0000  0.0179
  x2 Cl  7  0.0000  0.0000  0.0001 -0.1854  0.0000  0.0000  0.0000  0.0000
  xz Cl  7  0.0000  0.0000  0.0000  0.0000  0.0922 -0.1601  0.0002 -0.0001
  z2 Cl  7  0.0000  0.0000 -0.5466 -0.0004  0.0000  0.0000  0.0000  0.6590
  yz Cl  7  0.0000  0.0000  0.0000  0.0000  0.1601  0.0922  0.0003 -0.0001
  xz Cl  7 -0.0005 -0.5774  0.0000  0.0000 -0.0014  0.0002  0.6570  0.0000


   Root No.   49      50      51      52      53      54      55      56

              5 t1u   5 t1u   3 t2u   3 t2u   3 t2u   5 eg    5 eg    6 t1u 

            35.390  35.390  35.594  35.594  35.594  35.726  35.726  35.852
  
  S  Cl  1 -0.0014 -0.0005  0.0000  0.0000  0.0000 -0.0002  0.0004  0.0000
  Px Cl  1 -0.0170 -0.0057  0.0000  0.0000  0.0000 -0.0045  0.0078  0.0000
  Py Cl  1 -0.0005  0.0014 -0.0008 -0.0010  0.0000  0.0000  0.0000  0.0000
  Pz Cl  1  0.0000  0.0000  0.0000  0.0000  0.0013  0.0000  0.0000  0.0054
  x2 Cl  1 -0.5410 -0.1819 -0.2179  0.1758  0.0000 -0.3170  0.0022  0.0001
  xz Cl  1 -0.0001  0.0000  0.0000  0.0001  0.3054  0.0000  0.0000  0.4661
  z2 Cl  1  0.3123  0.1050 -0.3774  0.3044 -0.0001 -0.3637 -0.3170 -0.0001
  yz Cl  1  0.0000  0.0000  0.0000  0.0000  0.0000  0.0000  0.0000  0.0000
  xz Cl  1 -0.0575  0.1712 -0.1917 -0.2377  0.0001  0.0000  0.0000 -0.0001
  S   V  2  0.0000  0.0000  0.0000  0.0000  0.0000  0.0000  0.0000  0.0000
  Px  V  2 -0.0149 -0.0050  0.0000  0.0000  0.0000  0.0000  0.0000  0.0000
  Py  V  2 -0.0050  0.0149  0.0000  0.0000  0.0000  0.0000  0.0000  0.0000
  Pz  V  2  0.0000  0.0000  0.0000  0.0000  0.0000  0.0000  0.0000  0.0084
  x2  V  2  0.0000  0.0000  0.0000  0.0000  0.0000  0.0000 -0.0061  0.0000
  xz  V  2  0.0000  0.0000  0.0000  0.0000  0.0000  0.0000  0.0000  0.0000
  z2  V  2  0.0000  0.0000  0.0000  0.0000  0.0000 -0.0061  0.0000  0.0000
  yz  V  2  0.0000  0.0000  0.0000  0.0000  0.0000  0.0000  0.0000  0.0000
  xz  V  2  0.0000  0.0000  0.0000  0.0000  0.0000  0.0000  0.0000  0.0000
  S  Cl  3  0.0005 -0.0014  0.0000  0.0000  0.0000 -0.0002 -0.0004  0.0000
  Px Cl  3 -0.0014 -0.0005 -0.0010  0.0008  0.0000  0.0000  0.0000  0.0000
  Py Cl  3 -0.0057  0.0170  0.0000  0.0000  0.0000  0.0045  0.0078  0.0000
  Pz Cl  3  0.0000  0.0000  0.0000  0.0000 -0.0013  0.0000  0.0000  0.0054
  x2 Cl  3 -0.1819  0.5410 -0.1758 -0.2179  0.0001  0.3170  0.0023  0.0001
  xz Cl  3  0.0000  0.0000  0.0000  0.0000  0.0000  0.0000  0.0000  0.0000
  z2 Cl  3 -0.1050  0.3123  0.3044  0.3774 -0.0001 -0.3638  0.3169  0.0000
  yz Cl  3  0.0001  0.0000  0.0000  0.0001  0.3054  0.0000  0.0000 -0.4661
  xz Cl  3  0.1712  0.0575  0.2377 -0.1917  0.0001  0.0000  0.0000  0.0002
  S  Cl  4  0.0014  0.0005  0.0000  0.0000  0.0000 -0.0002  0.0004  0.0000
  Px Cl  4 -0.0170 -0.0057  0.0000  0.0000  0.0000  0.0045 -0.0078  0.0000
  Py Cl  4 -0.0005  0.0014 -0.0008 -0.0010  0.0000  0.0000  0.0000  0.0000
  Pz Cl  4  0.0000  0.0000  0.0000  0.0000  0.0013  0.0000  0.0000  0.0054
  x2 Cl  4  0.5410  0.1819  0.2179 -0.1758  0.0000 -0.3170  0.0022 -0.0001
  xz Cl  4  0.0001  0.0000  0.0000 -0.0001 -0.3054  0.0000  0.0000 -0.4661
  z2 Cl  4 -0.3123 -0.1050  0.3774 -0.3044  0.0001 -0.3637 -0.3170  0.0001
  yz Cl  4  0.0000  0.0000  0.0000  0.0000  0.0000  0.0000  0.0000  0.0000
  xz Cl  4  0.0575 -0.1712  0.1917  0.2377 -0.0001  0.0000  0.0000  0.0001
  S  Cl  5 -0.0005  0.0014  0.0000  0.0000  0.0000 -0.0002 -0.0004  0.0000
  Px Cl  5 -0.0014 -0.0005 -0.0010  0.0008  0.0000  0.0000  0.0000  0.0000
  Py Cl  5 -0.0057  0.0170  0.0000  0.0000  0.0000 -0.0045 -0.0078  0.0000
  Pz Cl  5  0.0000  0.0000  0.0000  0.0000 -0.0013  0.0000  0.0000  0.0054
  x2 Cl  5  0.1819 -0.5410  0.1758  0.2179 -0.0001  0.3170  0.0023 -0.0001
  xz Cl  5  0.0000  0.0000  0.0000  0.0000  0.0000  0.0000  0.0000  0.0000
  z2 Cl  5  0.1050 -0.3123 -0.3044 -0.3774  0.0001 -0.3638  0.3169  0.0000
  yz Cl  5 -0.0001  0.0000  0.0000 -0.0001 -0.3054  0.0000  0.0000  0.4661
  xz Cl  5 -0.1712 -0.0575 -0.2377  0.1917 -0.0001  0.0000  0.0000 -0.0002
  S  Cl  6  0.0000  0.0000  0.0000  0.0000  0.0000  0.0004  0.0000  0.0002
  Px Cl  6 -0.0014 -0.0005  0.0010 -0.0008  0.0000  0.0000  0.0000  0.0000
  Py Cl  6 -0.0005  0.0014  0.0008  0.0010  0.0000  0.0000  0.0000  0.0000
  Pz Cl  6  0.0000  0.0000  0.0000  0.0000  0.0000 -0.0090  0.0000  0.0083
  x2 Cl  6  0.0000  0.0000  0.0000  0.0002  0.5599  0.0001 -0.5467  0.0000
  xz Cl  6  0.1712  0.0575 -0.2377  0.1917 -0.0001  0.0000  0.0000  0.0002
  z2 Cl  6  0.0003 -0.0001  0.0000  0.0000  0.0000  0.1852  0.0000  0.2557
  yz Cl  6  0.0575 -0.1712 -0.1917 -0.2377  0.0001  0.0000  0.0000  0.0001
  xz Cl  6  0.0000  0.0000  0.0000  0.0000  0.0000  0.0000  0.0000  0.0000
  S  Cl  7  0.0000  0.0000  0.0000  0.0000  0.0000  0.0004  0.0000 -0.0002
  Px Cl  7 -0.0014 -0.0005  0.0010 -0.0008  0.0000  0.0000  0.0000  0.0000
  Py Cl  7 -0.0005  0.0014  0.0008  0.0010  0.0000  0.0000  0.0000  0.0000
  Pz Cl  7  0.0000  0.0000  0.0000  0.0000  0.0000  0.0090  0.0000  0.0083
  x2 Cl  7  0.0000  0.0000  0.0000 -0.0002 -0.5599  0.0001 -0.5467  0.0000
  xz Cl  7 -0.1712 -0.0575  0.2377 -0.1917  0.0001  0.0000  0.0000 -0.0002
  z2 Cl  7 -0.0003  0.0001  0.0000  0.0000  0.0000  0.1852  0.0000 -0.2557
  yz Cl  7 -0.0575  0.1712  0.1917  0.2377 -0.0001  0.0000  0.0000 -0.0001
  xz Cl  7  0.0000  0.0000  0.0000  0.0000  0.0000  0.0000  0.0000  0.0000


   Root No.   57      58      59      60      61      62      63

              6 t1u   6 t1u   1 a2u   4 t2g   4 t2g   4 t2g   4 a1g 

            35.852  35.852  35.930  36.071  36.071  36.071  36.387
  
  S  Cl  1  0.0002  0.0000  0.0000  0.0000  0.0000  0.0000 -0.0007
  Px Cl  1 -0.0082 -0.0006  0.0000  0.0000  0.0000  0.0000 -0.0007
  Py Cl  1  0.0004 -0.0054  0.0000 -0.0001  0.0000  0.0000  0.0000
  Pz Cl  1  0.0000  0.0000  0.0000  0.0000  0.0001  0.0000  0.0000
  x2 Cl  1  0.2210  0.0150  0.0000  0.0000  0.0000  0.0000 -0.3535
  xz Cl  1 -0.0002 -0.0001  0.0000 -0.0016 -0.4449 -0.1334  0.0000
  z2 Cl  1 -0.1276 -0.0086  0.0000  0.0000  0.0000  0.0000  0.2041
  yz Cl  1  0.0000  0.0000  0.4082  0.0006  0.0751 -0.2503  0.0000
  xz Cl  1  0.0315 -0.4650  0.0000  0.4644 -0.0018  0.0006  0.0000
  S   V  2  0.0000  0.0000  0.0000  0.0000  0.0000  0.0000  0.0066
  Px  V  2 -0.0083 -0.0006  0.0000  0.0000  0.0000  0.0000  0.0000
  Py  V  2  0.0006 -0.0083  0.0000  0.0000  0.0000  0.0000  0.0000
  Pz  V  2  0.0000  0.0000  0.0000  0.0000  0.0000  0.0000  0.0000
  x2  V  2  0.0000  0.0000  0.0000  0.0000  0.0000  0.0000  0.0000
  xz  V  2  0.0000  0.0000  0.0000  0.0001  0.0247  0.0074  0.0000
  z2  V  2  0.0000  0.0000  0.0000  0.0000  0.0000  0.0000  0.0000
  yz  V  2  0.0000  0.0000  0.0000  0.0001  0.0074 -0.0247  0.0000
  xz  V  2  0.0000  0.0000  0.0000 -0.0257  0.0001  0.0000  0.0000
  S  Cl  3  0.0000 -0.0002  0.0000  0.0000  0.0000  0.0000 -0.0007
  Px Cl  3 -0.0054 -0.0004  0.0000  0.0001  0.0000  0.0000  0.0000
  Py Cl  3  0.0006 -0.0082  0.0000  0.0000  0.0000  0.0000  0.0007
  Pz Cl  3  0.0000  0.0000  0.0000  0.0000  0.0000  0.0001  0.0000
  x2 Cl  3 -0.0150  0.2210  0.0000  0.0000  0.0000  0.0000  0.3535
  xz Cl  3  0.0000  0.0000 -0.4082  0.0009  0.2503  0.0751  0.0000
  z2 Cl  3 -0.0086  0.1276  0.0000  0.0000  0.0000  0.0000  0.2041
  yz Cl  3  0.0002  0.0001  0.0000 -0.0011 -0.1334  0.4449  0.0000
  xz Cl  3  0.4650  0.0315  0.0000  0.4644 -0.0018  0.0006  0.0000
  S  Cl  4 -0.0002  0.0000  0.0000  0.0000  0.0000  0.0000 -0.0007
  Px Cl  4 -0.0082 -0.0006  0.0000  0.0000  0.0000  0.0000  0.0007
  Py Cl  4  0.0004 -0.0054  0.0000  0.0001  0.0000  0.0000  0.0000
  Pz Cl  4  0.0000  0.0000  0.0000  0.0000 -0.0001  0.0000  0.0000
  x2 Cl  4 -0.2210 -0.0150  0.0000  0.0000  0.0000  0.0000 -0.3535
  xz Cl  4  0.0002  0.0001  0.0000 -0.0016 -0.4449 -0.1334  0.0000
  z2 Cl  4  0.1276  0.0086  0.0000  0.0000  0.0000  0.0000  0.2041
  yz Cl  4  0.0000  0.0000 -0.4082  0.0006  0.0751 -0.2503  0.0000
  xz Cl  4 -0.0315  0.4650  0.0000  0.4644 -0.0018  0.0006  0.0000
  S  Cl  5  0.0000  0.0002  0.0000  0.0000  0.0000  0.0000 -0.0007
  Px Cl  5 -0.0054 -0.0004  0.0000 -0.0001  0.0000  0.0000  0.0000
  Py Cl  5  0.0006 -0.0082  0.0000  0.0000  0.0000  0.0000 -0.0007
  Pz Cl  5  0.0000  0.0000  0.0000  0.0000  0.0000 -0.0001  0.0000
  x2 Cl  5  0.0150 -0.2210  0.0000  0.0000  0.0000  0.0000  0.3535
  xz Cl  5  0.0000  0.0000  0.4082  0.0009  0.2503  0.0751  0.0000
  z2 Cl  5  0.0086 -0.1276  0.0000  0.0000  0.0000  0.0000  0.2041
  yz Cl  5 -0.0002 -0.0001  0.0000 -0.0011 -0.1334  0.4449  0.0000
  xz Cl  5 -0.4650 -0.0315  0.0000  0.4644 -0.0018  0.0006  0.0000
  S  Cl  6  0.0000  0.0000  0.0000  0.0000  0.0000  0.0000 -0.0007
  Px Cl  6 -0.0054 -0.0004  0.0000  0.0000 -0.0001  0.0000  0.0000
  Py Cl  6  0.0004 -0.0054  0.0000  0.0000  0.0000  0.0001  0.0000
  Pz Cl  6  0.0000  0.0000  0.0000  0.0000  0.0000  0.0000  0.0007
  x2 Cl  6  0.0000  0.0000  0.0000  0.0000  0.0000  0.0000  0.0000
  xz Cl  6  0.4650  0.0315  0.0000 -0.0016 -0.4449 -0.1334  0.0000
  z2 Cl  6 -0.0001 -0.0001  0.0000  0.0000  0.0000  0.0000 -0.4082
  yz Cl  6 -0.0315  0.4650  0.0000 -0.0011 -0.1334  0.4449  0.0000
  xz Cl  6  0.0000  0.0000 -0.4082 -0.2613  0.0010 -0.0003  0.0000
  S  Cl  7  0.0000  0.0000  0.0000  0.0000  0.0000  0.0000 -0.0007
  Px Cl  7 -0.0054 -0.0004  0.0000  0.0000  0.0001  0.0000  0.0000
  Py Cl  7  0.0004 -0.0054  0.0000  0.0000  0.0000 -0.0001  0.0000
  Pz Cl  7  0.0000  0.0000  0.0000  0.0000  0.0000  0.0000 -0.0007
  x2 Cl  7  0.0000  0.0000  0.0000  0.0000  0.0000  0.0000  0.0000
  xz Cl  7 -0.4650 -0.0315  0.0000 -0.0016 -0.4449 -0.1334  0.0000
  z2 Cl  7  0.0001  0.0001  0.0000  0.0000  0.0000  0.0000 -0.4082
  yz Cl  7  0.0315 -0.4650  0.0000 -0.0011 -0.1334  0.4449  0.0000
  xz Cl  7  0.0000  0.0000  0.4082 -0.2613  0.0010 -0.0003  0.0000


              NET ATOMIC CHARGES AND DIPOLE CONTRIBUTIONS

         ATOM NO.   TYPE          CHARGE        ATOM  ELECTRON DENSITY
           1         Cl          -0.593750        7.5937
           2          V           0.562500        4.4375
           3         Cl          -0.593750        7.5937
           4         Cl          -0.593750        7.5937
           5         Cl          -0.593750        7.5937
           6         Cl          -0.593750        7.5937
           7         Cl          -0.593750        7.5937
 DIPOLE           X         Y         Z       TOTAL
 POINT-CHG.     0.000     0.000     0.000     0.000
 HYBRID         0.000     0.000     0.000     0.000
 SUM            0.000     0.000     0.000     0.000


          CARTESIAN COORDINATES 

    NO.       ATOM               X         Y         Z

     1        Cl                  0.0000    0.0000    0.0000
     2         V                  2.5249    0.0000    0.0000
     3        Cl                  2.5249    2.5249    0.0000
     4        Cl                  5.0497    0.0000    0.0000
     5        Cl                  2.5249   -2.5249    0.0000
     6        Cl                  2.5249    0.0000    2.5249
     7        Cl                  2.5249    0.0000   -2.5249


          ATOMIC ORBITAL ELECTRON POPULATIONS

   1.99563   1.68495   1.95518   1.95518   0.00050   0.00099   0.00029   0.00004
   0.00099   1.07939   0.32542   0.32542   0.32542   0.42955   0.50758   0.42955
   0.50758   0.50758   1.99563   1.95518   1.68495   1.95518   0.00050   0.00004
   0.00029   0.00099   0.00099   1.99563   1.68495   1.95518   1.95518   0.00050
   0.00099   0.00029   0.00004   0.00099   1.99563   1.95518   1.68495   1.95518
   0.00050   0.00004   0.00029   0.00099   0.00099   1.99563   1.95518   1.95518
   1.68495   0.00018   0.00099   0.00060   0.00099   0.00004   1.99563   1.95518
   1.95518   1.68495   0.00018   0.00099   0.00060   0.00099   0.00004


          MULTI-ELECTRON CONFIGURATION INTERACTION CALCULATION


          COMPONENT OF SPIN  =  0.0


           NO OF CONFIGURATIONS CONSIDERED =   36

 CONFIGURATIONS CONSIDERED IN C.I.      
 M.O. NUMBER :        25  26  27  28  29  30
          ENERGY

             1         1   0   0   0   0   0
         -6.0436       1   0   0   0   0   0

             2         1   0   0   0   0   0
         -5.8989       0   1   0   0   0   0

             3         1   0   0   0   0   0
         -5.8989       0   0   1   0   0   0

             4         1   0   0   0   0   0
         -5.8989       0   0   0   1   0   0

             5         1   0   0   0   0   0
         -4.9054       0   0   0   0   1   0

             6         1   0   0   0   0   0
         -4.9054       0   0   0   0   0   1

             7         0   1   0   0   0   0
         -5.8989       1   0   0   0   0   0

             8         0   1   0   0   0   0
         -5.1198       0   1   0   0   0   0

             9         0   1   0   0   0   0
         -5.7268       0   0   1   0   0   0

            10         0   1   0   0   0   0
         -5.7365       0   0   0   1   0   0

            11         0   1   0   0   0   0
         -4.6387       0   0   0   0   1   0

            12         0   1   0   0   0   0
         -4.8216       0   0   0   0   0   1

            13         0   0   1   0   0   0
         -5.8989       1   0   0   0   0   0

            14         0   0   1   0   0   0
         -5.7268       0   1   0   0   0   0

            15         0   0   1   0   0   0
         -5.1198       0   0   1   0   0   0

            16         0   0   1   0   0   0
         -5.7365       0   0   0   1   0   0

            17         0   0   1   0   0   0
         -4.6387       0   0   0   0   1   0

            18         0   0   1   0   0   0
         -4.8216       0   0   0   0   0   1

            19         0   0   0   1   0   0
         -5.8989       1   0   0   0   0   0

            20         0   0   0   1   0   0
         -5.7365       0   1   0   0   0   0

            21         0   0   0   1   0   0
         -5.7365       0   0   1   0   0   0

            22         0   0   0   1   0   0
         -5.1100       0   0   0   1   0   0

            23         0   0   0   1   0   0
         -4.9130       0   0   0   0   1   0

            24         0   0   0   1   0   0
         -4.5472       0   0   0   0   0   1

            25         0   0   0   0   1   0
         -4.9054       1   0   0   0   0   0

            26         0   0   0   0   1   0
         -4.6387       0   1   0   0   0   0

            27         0   0   0   0   1   0
         -4.6387       0   0   1   0   0   0

            28         0   0   0   0   1   0
         -4.9130       0   0   0   1   0   0

            29         0   0   0   0   1   0
         -3.3530       0   0   0   0   1   0

            30         0   0   0   0   1   0
         -3.9723       0   0   0   0   0   1

            31         0   0   0   0   0   1
         -4.9054       1   0   0   0   0   0

            32         0   0   0   0   0   1
         -4.8216       0   1   0   0   0   0

            33         0   0   0   0   0   1
         -4.8216       0   0   1   0   0   0

            34         0   0   0   0   0   1
         -4.5472       0   0   0   1   0   0

            35         0   0   0   0   0   1
         -3.9723       0   0   0   0   1   0

            36         0   0   0   0   0   1
         -3.3530       0   0   0   0   0   1


 DIAGONAL OF C.I. MATRIX
    -6.043612    -5.898911    -5.898911    -5.898911    -4.905370
    -4.905370    -5.898911    -5.119790    -5.726760    -5.736515
    -4.638689    -4.821561    -5.898911    -5.726760    -5.119790
    -5.736515    -4.638672    -4.821579    -5.898911    -5.736515
    -5.736515    -5.110035    -4.913015    -4.547236    -4.905370
    -4.638689    -4.638672    -4.913015    -3.353036    -3.972286
    -4.905370    -4.821561    -4.821579    -4.547236    -3.972286
    -3.353036

  STATE       ENERGY (EV)        Q.N.  SPIN   SYMMETRY     POLARIZATION
         ABSOLUTE    RELATIVE                            X       Y       Z

    1+   -6.394758    0.000000     1   SINGLET     T2g 
    4    -6.103269    0.291489     1   SINGLET     A1g 
    5    -6.083157    0.311602     1   TRIPLET     T1g 
    8    -6.040743    0.354016     1   TRIPLET     T2g 
   11    -5.777331    0.617428     1   SINGLET     Eg  
   13    -5.210821    1.183938     2   TRIPLET     T2g 
   16    -5.148159    1.246599     1   TRIPLET     Eg  
   18    -5.107158    1.287600     2   SINGLET     T2g 
   21    -4.678125    1.716634     2   SINGLET     A1g 
   22    -4.652262    1.742497     2   TRIPLET     T1g 
   25    -4.649380    1.745378     2   SINGLET     Eg  
   27    -4.398867    1.995891     1   SINGLET     T1g 
   30    -4.303587    2.091172     3   SINGLET     T2g 
   33    -4.281910    2.112848     1   TRIPLET     A2g 
   34    -3.311865    3.082893     3   SINGLET     Eg  
   36    -2.809063    3.585695     3   SINGLET     A1g 



 TOTAL CPU TIME:             0.95 SECONDS

 == MOPAC DONE ==
