 NO REFERENCE DATA:RE(II)(H2O)6 6TG.   
      ELEMENT  TOT  H.O.F.    I.P.   DIPOLE   GEOMETRY
   1    O     167    163        4        0        0
   2    H     163    159        4        0        0
   3    F     160    160        0        0        0
   4    C      98     97        1        0        0
   5    CL     91     90        1        0        0
   6    N      90     89        1        0        0
   7    CR     86     86        0        0        0
   8    FR     70     70        0        0        0
   9    I      59     59        0        0        0
  10    BR     57     57        0        0        0
  11    CO     52     48        4        0        0
  12    FE     43     41        2        0        0
  13    NI     40     40        0        0        0
  14    V      38     38        0        0        0
  15    SC     33     33        0        0        0
  16    ZR     30     30        0        0        0
  17    TI     29     29        0        0        0
  18    MN     29     29        0        0        0
  19    MO     22     22        0        0        0
  20    W      21     21        0        0        0
  21    Y      20     20        0        0        0
  22    LA     18     18        0        0        0
  23    RE     17     17        0        0        0
  24    TA     15     15        0        0        0
  25    OS     15     15        0        0        0
  26    PD     14     14        0        0        0
  27    HF     14     14        0        0        0
  28    IR     14     14        0        0        0
  29    RH     13     13        0        0        0
  30    TC     12     12        0        0        0
  31    NB     11     11        0        0        0
  32    RU     11     11        0        0        0
  33    CU      9      9        0        0        0
  34    AG      6      6        0        0        0
  35    PT      6      6        0        0        0
  36    AU      6      6        0        0        0
  37    K       4      4        0        0        0
  38    CS      4      4        0        0        0
  39    LI      2      2        0        0        0
  MAXIMUM NUMBERS OF EACH TYPE OF ELEMENT IN ANY REFERENCE DATA SET
          H   24          He   0          Li   2          Be   0
          B    0          C    6          N    6          O   12
          F    6          Ne   0          Na   0          Mg   0
          Al   0          Si   0          P    0          S    0
          Cl   6          Ar   0          K    2          Ca   0
          Sc   1          Ti   1          V    1          Cr   1
          Mn   1          Fe   1          Co   1          Ni   1
          Cu   1          Zn   0          Ga   0          Ge   0
          As   0          Se   0          Br   6          Kr   0
          Rb   0          Sr   0          Y    1          Zr   1
          Nb   1          Mo   1          Tc   1          Ru   1
          Rh   1          Pd   1          Ag   1          Cd   0
          In   0          Sn   0          Sb   0          Te   0
          I    6          Xe   0          Cs   2          Ba   0
          La   1          Ce   0          Pr   0          Nd   0
          Pm   0          Sm   0          Eu   0          Gd   0
          Tb   0          Dy   0          Ho   0          Er   0
          Tm   0          Yb   0          Lu   0          Hf   1
          Ta   1          W    1          Re   1          Os   1
          Ir   1          Pt   1          Au   1          Hg   0
          Tl   0          Pb   0          Bi   0

   SEQUENCE OF COMPOUNDS IN PERIODIC TABLE ORDER

 Emp. Formula File name            Name of data-set                                                   H.o.F. Dipole I.P.
 Li2                lithium dimer singlet sigma(g)                                                      0.0+             Li
 Li2                lithium dimer singlet sigma(u)                                                      2.0+             Li
 K2                 potassium, dimer singlet sigma(g)                                                   0.0+             K
 K2                 potassium, dimer singlet sigma(u)                                                   5.0+             K
 K2                 potassium, dimer triplet pi(u)                                                      5.0+             K
 K2                 potassium, dimer triplet sigma(u)                                                   5.0+             K
 C4N4Sc             Scandium(II) tetracyanide 2E                                                        0.0+             C  N  Sc
 C6N6Sc             Sc(II)(CN)6 2T2g                                                                    0.0+             C  N  Sc
 H12O6Sc            d1 [Sc(II)(H2O)6]2+ 2Tg                                                             0.0+             H  O  Sc
 H12O6Sc            sc(ii)(h2o)6 2ag                                                                   30.0+             H  O  Sc
 H12O6Sc            sc(ii)(h2o)6 2eg                                                                   30.0+             H  O  Sc
 H12O6Sc            Sc(II)(H2O)6 2Tg                                                                    0.0+             H  O  Sc
 H12O6Sc            sc(ii)(h2o)6 2tu                                                                   30.0+             H  O  Sc
 H12O6Sc            sc(ii)(h2o)6_2ag                                                                   30.0+             H  O  Sc
 H12O6Sc            sc(ii)(h2o)6_2eg                                                                   30.0+             H  O  Sc
 H12O6Sc            sc(ii)(h2o)6_2tg                                                                    0.0+             H  O  Sc
 H12O6Sc            sc(ii)(h2o)6_2tu                                                                   30.0+             H  O  Sc
 H12O6Sc            Sc(II)(Water)6 2Ag                                                                 30.0+             H  O  Sc
 H12O6Sc            Sc(II)(Water)6 2Eg                                                                 30.0+             H  O  Sc
 H12O6Sc            Sc(II)(Water)6 2Tu                                                                 30.0+             H  O  Sc
 F4Sc               Scandium(II) tetrafluoride 2E                                                       0.0+             F  Sc
 F6Sc               d1 [Sc(II)F6]4- 2T2g                                                                0.0+             F  Sc Fr
 F6Sc               Sc(II)F6 2T2g                                                                       0.0+             F  Sc Fr
 F6Sc               sc(ii)f6                                                                            0.0+             F  Sc Fr
 F6Sc               sc(ii)f6 2A1g                                                                      40.0+             F  Sc
 F6Sc               sc(ii)f6 2Eg                                                                       30.0+             F  Sc
 F6Sc               sc(ii)f6 2t1u                                                                      65.0+             F  Sc
 F6Sc               sc(ii)f6_2a1g                                                                      50.0+             F  Sc
 F6Sc               sc(ii)f6_2eg                                                                       20.0+             F  Sc
 F6Sc               sc(ii)f6_2t2g                                                                       0.0+             F  Sc
 F6Sc               Scandium(II) hexafluoride 2A1g                                                     50.0+             F  Sc
 F6Sc               Scandium(II) hexafluoride 2T1u                                                     50.0+             F  Sc
 F6Sc               scandium(ii) hexafluoride                                                           0.0+             F  Sc
 Cl4Sc              Scandium(II) tetrachloride 2E                                                       0.0+             Cl Sc
 Cl6Sc              Sc(II)Cl6 2T2g                                                                      0.0+             Cl Sc Fr
 C4N4Ti             Titanium(III) tetracyanide 2E                                                       0.0+             C  N  Ti
 C6N6Ti             Ti(III)(CN)6 2T2g                                                                   0.0+             C  N  Ti
 H12O6Ti            d1 [Ti(III)(H2O)6]3+ 2Tg -  2Eg                                                    57.5+             H  O  Ti
 H12O6Ti            d1 [Ti(III)(H2O)6]3+ 2Tg                                                            0.0+             H  O  Ti
 H12O6Ti            ti(iii)(h2o)6 2Ag                                                                  20.0+             H  O  Ti
 H12O6Ti            Ti(III)(H2O)6 2Tg                                                                 -10.0+             H  O  Ti
 H12O6Ti            ti(iii)(h2o)6 d1                                                                   80.0+             H  O  Ti
 H12O6Ti            ti(iii)(h2o)6                                                                       0.0+             H  O  Ti
 H12O6Ti            ti(iii)(h2o)6_2ag                                                                  80.0+             H  O  Ti
 H12O6Ti            ti(iii)(h2o)6_2eg                                                                  57.5+             H  O  Ti
 H12O6Ti            Ti(III)(Water)6 d1                                                                 80.0+             H  O  Ti
 H12O6Ti            d2 [Ti(II)(H2O)6]2+ 3Tg                                                             0.0+             H  O  Ti
 H12O6Ti            ti(ii)(h2o)6                                                                        0.0+             H  O  Ti
 F4Ti               Titanium(III) tetrafluoride 2E                                                      0.0+             F  Ti
 F6Ti               d1 [Ti(III)F6]3- 2T2g                                                               0.0+             F  Ti
 F6Ti               Ti(III)F6 2T2g                                                                      0.0+             F  Ti
 F6Ti               ti(iii)f6                                                                           0.0+             F  Ti
 F6Ti               d2 [Ti(II)F6]4- 3T1g                                                                0.0+             F  Ti
 F6Ti               ti(ii)f6                                                                            0.0+             F  Ti
 Cl4Ti              Titanium(III) tetrachloride 2E                                                      0.0+             Cl Ti
 Cl6Ti              d2 [Ti(II)Cl6]4- 3T1g                                                               0.0+             Cl Ti Fr
 Cl6Ti              ti(ii)cl6                                                                           0.0+             Cl Ti Fr
 Cl6Ti              d1 [Ti(III)Cl6]3- 2T2g                                                              0.0+             Cl Ti
 Cl6Ti              Ti(III)Cl6 2T2g                                                                     0.0+             Cl Ti
 Cl6Ti              ti(iii)cl6                                                                          0.0+             Cl Ti
 C4N4V              Vanadium(IV) tetracyanide 2E                                                        0.0+             C  N  V
 C6N6V              V(IV)(CN)6 2T2g                                                                     0.0+             C  N  V
 H12O6V             V(IV)(H2O)6 2Tg                                                                     0.0+             H  O  V
 H12O6V             d2 [V(III)(H2O)6]3+ 3Tg (F) -  3Tg (P)                                             72.0+             H  O  V
 H12O6V             d2 [V(III)(H2O)6]3+ 3Tg (F) -  3Tg                                                 48.6+             H  O  V
 H12O6V             d2 [V(III)(H2O)6]3+ 3Tg                                                             0.0+             H  O  V
 H12O6V             v(iii)(h2o)6 3tg (f) -  3tg (p)                                                    71.5+             H  O  V
 H12O6V             v(iii)(h2o)6 3tg (f) -  3tg                                                        49.3+             H  O  V
 H12O6V             v(iii)(h2o)6_3tg                                                                    0.0+             H  O  V
 H12O6V             v(iii)(h2o)6_3tg2                                                                  48.6+             H  O  V
 H12O6V             v(iii)(h2o)6_3tg3                                                                  72.0+             H  O  V
 H12O6V             V(III)(Water)6 3Tg (F) -  3Tg (P)                                                  71.5+             H  O  V
 H12O6V             V(III)(Water)6 3Tg (F) -  3Tg                                                      49.3+             H  O  V
 F4V                Vanadium(IV) tetrafluoride 2E                                                       0.0+             F  V
 F6V                V(IV)F6 2T2g                                                                        0.0+             F  V
 F6V                d2 [V(III)F6]3- 3T1g -  1Eg                                                        29.2+             F  V
 F6V                d2 [V(III)F6]3- 3T1g -  1T2g                                                       29.2+             F  V
 F6V                d2 [V(III)F6]3- 3T1g -  3T2g                                                       42.3+             F  V
 F6V                d2 [V(III)F6]3- 3T1g                                                                0.0+             F  V
 F6V                v(iii)f6_1eg                                                                       29.2+             F  V
 F6V                v(iii)f6_1t2g                                                                      29.2+             F  V
 F6V                v(iii)f6_3t1g                                                                       0.0+             F  V
 F6V                v(iii)f6_3t2g                                                                      42.3+             F  V
 F6V                vanadium(iii) hexafluoride 3t1g -  1eg                                             29.2+             F  V
 F6V                vanadium(iii) hexafluoride 3t1g -  1t2g                                            29.2+             F  V
 F6V                vanadium(iii) hexafluoride 3t1g -  3t1g                                            65.8+             F  V
 F6V                vanadium(iii) hexafluoride 3t1g -  3t2g                                            42.3+             F  V
 Cl4V               Vanadium(IV) tetrachloride 2E                                                       0.0+             Cl V
 Cl4V               d2 [V(III)Cl4]- 3A2 -  3T1 (P)                                                     42.9+             Cl V
 Cl4V               v(iii)cl4_3t1                                                                      42.9+             Cl V
 Cl4V               vanadium(iii) tetrachloride 3a2 -  3t1 (p)                                         42.9+             Cl V
 Cl6V               V(IV)Cl6 2T2g                                                                       0.0+             Cl V
 Cl6V               d2 [V(III)Cl6]3- 3T1g                                                               0.0+             Cl V
 Cl6V               v(iii)cl6_3t1g                                                                      0.0+             Cl V
 C4N4Cr             Chromium(III) tetracyanide 4T1                                                      0.0+             C  N  Cr
 C6N6Cr             cr(iii)(cn)6 4a2g -  2eg                                                           35.5+             C  N  Cr
 C6N6Cr             cr(iii)(cn)6 4a2g -  2t1g                                                          37.4+             C  N  Cr
 C6N6Cr             cr(iii)(cn)6 4a2g -  2t2g                                                          52.6+             C  N  Cr
 C6N6Cr             cr(iii)(cn)6 4a2g -  4t1g                                                          93.6+             C  N  Cr
 C6N6Cr             cr(iii)(cn)6 4a2g -  4t2g                                                          76.3+             C  N  Cr
 C6N6Cr             Cr(III)(CN)6 4A2g                                                                   0.0+             C  N  Cr
 C6N6Cr             cr(iii)(cn)6_2eg                                                                   35.5+             C  N  Cr
 C6N6Cr             cr(iii)(cn)6_2t1g                                                                  37.4+             C  N  Cr
 C6N6Cr             cr(iii)(cn)6_2t2g                                                                  52.6+             C  N  Cr
 C6N6Cr             cr(iii)(cn)6_4a2g                                                                   0.0+             C  N  Cr
 C6N6Cr             cr(iii)(cn)6_4t1g                                                                  93.6+             C  N  Cr
 C6N6Cr             cr(iii)(cn)6_4t2g                                                                  76.3+             C  N  Cr
 C6N6Cr             d3 [Cr(III)(CN)6]3- 4A2g -  2Eg                                                    35.5+             C  N  Cr
 C6N6Cr             d3 [Cr(III)(CN)6]3- 4A2g -  2T1g                                                   37.4+             C  N  Cr
 C6N6Cr             d3 [Cr(III)(CN)6]3- 4A2g -  2T2g                                                   52.6+             C  N  Cr
 C6N6Cr             d3 [Cr(III)(CN)6]3- 4A2g -  4T1g                                                   93.6+             C  N  Cr
 C6N6Cr             d3 [Cr(III)(CN)6]3- 4A2g -  4T2g                                                   76.3+             C  N  Cr
 C6N6Cr             d3 [Cr(III)(CN)6]3- 4A2g                                                            0.0+             C  N  Cr
 C6H24N6Cr          cr(iii)(en)3 4a2g -  4t1g                                                          81.5+             H  C  N  Cr
 C6H24N6Cr          cr(iii)(en)3 4a2g -  4t2g                                                          62.5+             H  C  N  Cr
 C6H24N6Cr          cr(iii)(en)3_4t1g                                                                  81.5+             H  C  N  Cr
 C6H24N6Cr          cr(iii)(en)3_4t2g                                                                  62.5+             H  C  N  Cr
 CH12O6r            cr(iv)(h2o)6                                                                        0.0+             H  O  Cr
 CH12O6r            d2 [Cr(IV)(H2O)6]4+ 3Tg                                                             0.0+             H  O  Cr
 CH12O6r            cr(iii)(h2o)6 4ag -  2eg                                                           42.6+             H  O  Cr
 CH12O6r            cr(iii)(h2o)6 4ag -  2tg(2)                                                        60.0+             H  O  Cr
 CH12O6r            cr(iii)(h2o)6 4ag -  2tg                                                           43.2+             H  O  Cr
 CH12O6r            cr(iii)(h2o)6 4ag -  4tg(2)                                                        70.3+             H  O  Cr
 CH12O6r            cr(iii)(h2o)6 4ag -  4tg(3)                                                       104.6+             H  O  Cr
 CH12O6r            cr(iii)(h2o)6 4ag -  4tg                                                           41.5+             H  O  Cr
 CH12O6r            Cr(III)(H2O)6 4Ag                                                                   0.0+             H  O  Cr
 CH12O6r            cr(iii)(h2o)6                                                                       0.0+             H  O  Cr
 CH12O6r            cr(iii)(h2o)6_2eg                                                                  42.6+             H  O  Cr
 CH12O6r            cr(iii)(h2o)6_2tg                                                                  43.2+             H  O  Cr
 CH12O6r            cr(iii)(h2o)6_2tg2                                                                 60.0+             H  O  Cr
 CH12O6r            cr(iii)(h2o)6_4ag                                                                   0.0+             H  O  Cr
 CH12O6r            cr(iii)(h2o)6_4tg                                                                  41.5+             H  O  Cr
 CH12O6r            cr(iii)(h2o)6_4tg2                                                                 70.3+             H  O  Cr
 CH12O6r            cr(iii)(h2o)6_4tg3                                                                104.6+             H  O  Cr
 CH12O6r            Cr(III)(Water)6 4Ag -  2Eg                                                         42.6+             H  O  Cr
 CH12O6r            Cr(III)(Water)6 4Ag -  2Tg(2)                                                      60.0+             H  O  Cr
 CH12O6r            Cr(III)(Water)6 4Ag -  2Tg                                                         43.2+             H  O  Cr
 CH12O6r            Cr(III)(Water)6 4Ag -  4Tg(2)                                                      70.3+             H  O  Cr
 CH12O6r            Cr(III)(Water)6 4Ag -  4Tg(3)                                                     104.6+             H  O  Cr
 CH12O6r            Cr(III)(Water)6 4Ag -  4Tg                                                         41.5+             H  O  Cr
 CH12O6r            Cr(III)(Water)6 4Ag                                                                 0.0+             H  O  Cr
 CH12O6r            d3 [Cr(III)(H2O)6]3+ 4Ag                                                            0.0+             H  O  Cr
 CH12O6r            cr(ii)(h2o)6_5eg                                                                    0.0+             H  O  Cr
 CH12O6r            d4 [Cr(II)(H2O)6]2+ 5Eg                                                             0.0+             H  O  Cr
 C6O6Cr             cr(0)(co)6_1a1g                                                                     0.0+             C  O  Cr
 C6O6Cr             d6 [Cr(0)(CO)6] 1A1g                                                                0.0+             C  O  Cr
 C6O12Cr            cr(iii)(ox)3 4a2g -  4t1g                                                          68.3+             C  O  Cr
 C6O12Cr            cr(iii)(ox)3 4a2g -  4t2g                                                          50.0+             C  O  Cr
 C6O12Cr            cr(iii)(ox)3_4t1g                                                                  68.3+             C  O  Cr
 C6O12Cr            cr(iii)(ox)3_4t2g                                                                  50.0+             C  O  Cr
 F4Cr               Chromium(III) tetrafluoride 2E                                                      0.0+             F  Cr
 F6Cr               chromium(iii) hexafluoride 4a2g -  2eg                                             44.9+             F  Cr
 F6Cr               chromium(iii) hexafluoride 4a2g -  2t1g                                            46.9+             F  Cr
 F6Cr               chromium(iii) hexafluoride 4a2g -  2t2g                                            62.9+             F  Cr
 F6Cr               chromium(iii) hexafluoride 4a2g -  4t1g(1)                                         64.9+             F  Cr
 F6Cr               chromium(iii) hexafluoride 4a2g -  4t1g(2)                                         98.1+             F  Cr
 F6Cr               chromium(iii) hexafluoride 4a2g -  4t2g                                            42.6+             F  Cr
 F6Cr               Cr(III)F6 4A2g                                                                      0.0+             F  Cr
 F6Cr               cr(iii)f6_2eg                                                                      44.9+             F  Cr
 F6Cr               cr(iii)f6_2t1g                                                                     46.9+             F  Cr
 F6Cr               cr(iii)f6_2t2g                                                                     62.9+             F  Cr
 F6Cr               cr(iii)f6_4a2g                                                                      0.0+             F  Cr
 F6Cr               cr(iii)f6_4t1g1                                                                    64.9+             F  Cr
 F6Cr               cr(iii)f6_4t1g2                                                                    98.1+             F  Cr
 F6Cr               cr(iii)f6_4t2g                                                                     42.6+             F  Cr
 F6Cr               d3 [Cr(III)F6]3- 4A2g -  2Eg                                                       44.9+             F  Cr
 F6Cr               d3 [Cr(III)F6]3- 4A2g -  2T1g                                                      46.9+             F  Cr
 F6Cr               d3 [Cr(III)F6]3- 4A2g -  2T2g                                                      62.9+             F  Cr
 F6Cr               d3 [Cr(III)F6]3- 4A2g -  4T1g(1)                                                   64.9+             F  Cr
 F6Cr               d3 [Cr(III)F6]3- 4A2g -  4T1g(2)                                                   98.1+             F  Cr
 F6Cr               d3 [Cr(III)F6]3- 4A2g -  4T2g                                                      42.6+             F  Cr
 F6Cr               d3 [Cr(III)F6]3- 4A2g                                                               0.0+             F  Cr
 Cl4Cr              Chromium(III) tetrachloride 4T1                                                     0.0+             Cl Cr
 Cl6Cr              Cr(III)Cl6 4A2g                                                                     0.0+             Cl Cr
 Cl6Cr              cr(iii)cl6_4a2g                                                                     0.0+             Cl Cr
 Cl6Cr              d3 [Cr(III)Cl6]3- 4A2g                                                              0.0+             Cl Cr
 C4N4Mn             Manganese(II) tetracyanide 6A1                                                      0.0+             C  N  Mn
 C6N6Mn             Mn(II)(CN)6 2T2g                                                                    0.0+             C  N  Mn
 H12O6Mn            Mn(II)(H2O)6 6Ag -  4Ag                                                            72.3+             H  O  Mn
 H12O6Mn            Mn(II)(H2O)6 6Ag -  4Eg (D)                                                        84.9+             H  O  Mn
 H12O6Mn            Mn(II)(H2O)6 6Ag -  4Eg                                                            71.4+             H  O  Mn
 H12O6Mn            Mn(II)(H2O)6 6Ag -  4Tg (D)                                                        80.0+             H  O  Mn
 H12O6Mn            Mn(II)(H2O)6 6Ag -  4Tg (G)                                                        66.0+             H  O  Mn
 H12O6Mn            Mn(II)(H2O)6 6Ag -  4Tg                                                            54.0+             H  O  Mn
 H12O6Mn            Mn(II)(H2O)6 6Ag                                                                    0.0+             H  O  Mn
 H12O6Mn            mn(ii)(h2o)6_4ag                                                                   72.3+             H  O  Mn
 H12O6Mn            mn(ii)(h2o)6_4eg                                                                   71.4+             H  O  Mn
 H12O6Mn            mn(ii)(h2o)6_4eg2                                                                  84.9+             H  O  Mn
 H12O6Mn            mn(ii)(h2o)6_4tg                                                                   54.0+             H  O  Mn
 H12O6Mn            mn(ii)(h2o)6_4tg2                                                                  66.0+             H  O  Mn
 H12O6Mn            mn(ii)(h2o)6_4tg3                                                                  80.0+             H  O  Mn
 H12O6Mn            mn(ii)(h2o)6_6ag                                                                    0.0+             H  O  Mn
 F4Mn               Manganese(II) tetrafluoride 6A1                                                     0.0+             F  Mn
 F6Mn               Manganese(II) hexafluoride 6A1g                                                     0.0+             F  Mn
 F6Mn               mn(ii)f6 4T1g                                                                      10.0+             F  Mn Fr
 F6Mn               Mn(II)F6 6A1g                                                                       0.0+             F  Mn
 F6Mn               mn(ii)f6_6a1g                                                                       0.0+             F  Mn
 Cl4Mn              Manganese(II) tetrachloride 6A1                                                     0.0+             Cl Mn
 Cl6Mn              Manganese(II) hexachloride 6A1g                                                     0.0+             Cl Mn
 Cl6Mn              Mn(II)Cl6 6A1g                                                                      0.0+             Cl Mn
 Cl6Mn              mn(ii)cl6                                                                           0.0+             Cl Mn
 C4N4Fe             Iron(III) tetracyanide 2T2                                                          0.0+             C  N  Fe
 C6N6Fe             d5 [Fe(III)(CN)6]3- 2T2g                                                            0.0+             C  N  Fe
 C6N6Fe             Fe(III)(CN)6 2T2g                                                                   0.0+             C  N  Fe
 C6N6Fe             fe(iii)(cn)6_2t2g                                                                   0.0+             C  N  Fe
 C6N6Fe             [Fe(II)(CN)6](4-) 1T1(g)                                                           88.5+             C  N  Fe
 C6N6Fe             [Fe(II)(CN)6](4-) 1T2(g)                                                          105.6+             C  N  Fe
 H12O6Fe            Fe(III)(H2O)6 2Tg                                                                   0.0+             H  O  Fe
 H12O6Fe            Fe(III)(H2O)6 4Ag                                                                  70.0+             H  O  Fe
 H12O6Fe            Fe(III)(H2O)6 4Tg                                                                  36.0+             H  O  Fe
 H12O6Fe            Fe(III)(H2O)6 4Tg2                                                                 53.0+             H  O  Fe
 H12O6Fe            fe(iii)(h2o)6                                                                       0.0+       15.0+ H  O  Fe
 H12O6Fe            fe(iii)(water)6                                                                     0.0+       15.0+ H  O  Fe
 H12O6Fe            d6 [Fe(II)(H2O)6]2+ 5Tg                                                             0.0+             H  O  Fe
 H12O6Fe            Fe(II)(H2O)6 5E(g)                                                                 30.0+             H  O  Fe
 H12O6Fe            Fe(II)(H2O)6 5T(g)                                                                -10.0+             H  O  Fe
 H12O6Fe            fe(ii)(h2o)6_5tg                                                                    0.0+             H  O  Fe
 F4Fe               Iron(III) tetrafluoride 2T2                                                         0.0+             F  Fe
 F4Fe               iron(iii) tetrafluoride 6A1                                                         0.0+             F  Fe
 F6Fe               d5 [Fe(III)F6]3- 2T2g                                                               0.0+             F  Fe
 F6Fe               Fe(III)F6 2T2g                                                                      0.0+             F  Fe
 F6Fe               Fe(III)F6 4A2(g)                                                                   41.0+             F  Fe
 F6Fe               Fe(III)F6 4T1(g)                                                                   41.0+             F  Fe
 F6Fe               Fe(III)F6 6A1(g)                                                                    0.0+             F  Fe
 F6Fe               Fe(III)F6 6E(g)                                                                    10.0@             F  Fe
 F6Fe               Fe(III)F6 6T2(u)                                                                   30.0@             F  Fe
 F6Fe               fe(iii)f6_2t2g                                                                      0.0+             F  Fe
 F6Fe               d6 [Fe(II)F6]3- 1A1g                                                                0.0+             F  Fe
 F6Fe               fe(ii)f6_1a1g                                                                       0.0+             F  Fe
 F6Fe               [Fe(II)F6](3-) for 4p                                                              20.0+             F  Fe
 Cl4Fe              Iron(III) tetrachloride 6A1                                                         0.0+             Cl Fe
 Cl6Fe              d5 [Fe(III)Cl6]3- 6A1g                                                              0.0+             Cl Fe
 Cl6Fe              Fe(III)Cl6 2T2g                                                                     0.0+             Cl Fe
 Cl6Fe              fe(iii)cl6 6A1g                                                                     0.0+             Cl Fe
 Cl6Fe              fe(iii)cl6_6a1g                                                                     0.0+             Cl Fe
 Cl6Fe              d6 [Fe(II)Cl6]4- 5T2g                                                               0.0+             Cl Fe
 Cl6Fe              fe(ii)cl6_5t2g                                                                      0.0+             Cl Fe
 C4N4Co             Cobalt(II) tetracyanide 4A2                                                         0.0+             C  N  Co
 C6N6Co             co(ii)(cn)6_2eg                                                                     0.0+             C  N  Co Fr
 C6N6Co             d7 [Co(II)(CN)6]4- 2Eg                                                              0.0+             C  N  Co Fr
 C6N6Co             co(iii)(cn)6 1a1g -  1t1g                                                          92.9+             C  N  Co
 C6N6Co             co(iii)(cn)6 1a1g -  1t2g                                                         112.1+             C  N  Co
 C6N6Co             co(iii)(cn)6 1a1g -  3t1g                                                          74.2+             C  N  Co
 C6N6Co             Co(III)(CN)6 1A1g                                                                   0.0+       -7.0+ C  N  Co
 C6N6Co             Co(III)(CN)6 5T2g                                                                   0.0+             C  N  Co
 C6N6Co             co(iii)(cn)6_1a1g                                                                   0.0+             C  N  Co
 C6N6Co             co(iii)(cn)6_1t1g                                                                  92.9+             C  N  Co
 C6N6Co             co(iii)(cn)6_1t2g                                                                 112.1+             C  N  Co
 C6N6Co             co(iii)(cn)6_3t1g                                                                  74.2+             C  N  Co
 C6N6Co             d6 [Co(III)(CN)6]3- 1A1g -  1T1g                                                   92.9+             C  N  Co
 C6N6Co             d6 [Co(III)(CN)6]3- 1A1g -  1T2g                                                  112.1+             C  N  Co
 C6N6Co             d6 [Co(III)(CN)6]3- 1A1g -  3T1g                                                   74.2+             C  N  Co
 C6N6Co             d6 [Co(III)(CN)6]3- 1A1g                                                            0.0+             C  N  Co
 CH12O6o            Co(III)(H2O)6 1Ag                                                                   0.0+             H  O  Co
 CH12O6o            co(iii)(h2o)6_1ag                                                                   0.0+             H  O  Co
 CH12O6o            d6 [Co(III)(H2O)6]3+ 1Ag                                                            0.0+             H  O  Co
 CH12O6o            co(ii)(h2o)6 4tg -  2eg                                                            10.0+             H  O  Co
 CH12O6o            co(ii)(h2o)6 4tg -  4tg(3)                                                         60.0+             H  O  Co
 CH12O6o            co(ii)(h2o)6 4tg                                                                    0.0+       10.0+ H  O  Co
 CH12O6o            co(ii)(h2o)6_4tg                                                                    0.0+             H  O  Co
 CH12O6o            Co(II)(Water)6 4Tg -  2Eg                                                          10.0+             H  O  Co
 CH12O6o            Co(II)(Water)6 4Tg -  4Tg(3)                                                       60.0+             H  O  Co
 CH12O6o            Co(II)(Water)6 4Tg                                                                  0.0+       10.0+ H  O  Co
 CH12O6o            d7 [Co(II)(H2O)6]2+ 4Tg                                                             0.0+             H  O  Co
 F4Co               Cobalt(II) tetrafluoride 4A2                                                        0.0+             F  Co
 F6Co               Co(III)F6 1A1g                                                                      0.0+             F  Co
 Cl4Co              co(ii)cl4 4a2 -  4t1 (f)                                                           16.6+       -5.5+ Cl Co
 Cl4Co              co(ii)cl4 4a2 -  4t1 (p)                                                           42.9+             Cl Co
 Cl4Co              co(ii)cl4_4a2                                                                     -10.0+             Cl Co
 Cl4Co              co(ii)cl4_4t1                                                                      16.6+             Cl Co
 Cl4Co              co(ii)cl4_4t12                                                                     42.9+             Cl Co
 Cl4Co              co(ii)cl4_6E                                                                       20.0+             Cl Co
 Cl4Co              Cobalt(II) tetrachloride 4A2                                                        0.0+             Cl Co
 Cl4Co              CoCl4_4A2                                                                           0.0+             Cl Co
 Cl4Co              d7 [Co(II)Cl4]2-  4A2 -  4T1 (F)                                                   16.6+             Cl Co
 Cl4Co              d7 [Co(II)Cl4]2- 4A2 -  4T1 (P)                                                    42.9+             Cl Co
 Cl4Co              d7 [Co(II)Cl4]2- 4A2                                                                0.0+             Cl Co
 Cl6Co              Co(III)Cl6 1A1g                                                                     0.0+             Cl Co
 Cl6Co              Co(III)Cl6 5T2g                                                                     0.0+             Cl Co
 C6N6Ni             Ni(II)(CN)6 3A2g                                                                    0.0+             C  N  Ni
 H12O6Ni            d8 [Ni(II)(H2O)6]2+ 3Ag -  3Tg (F)                                                 39.5+             H  O  Ni
 H12O6Ni            d8 [Ni(II)(H2O)6]2+ 3Ag -  3Tg (P)                                                 72.3+             H  O  Ni
 H12O6Ni            d8 [Ni(II)(H2O)6]2+ 3Ag -  3Tg                                                     24.3+             H  O  Ni
 H12O6Ni            d8 [Ni(II)(H2O)6]2+ 3Ag                                                             0.0+             H  O  Ni
 H12O6Ni            Ni(II)(H2O)6 3Ag                                                                    0.0+             H  O  Ni
 H12O6Ni            ni(ii)(h2o)6_3ag                                                                    0.0+             H  O  Ni
 H12O6Ni            ni(ii)(h2o)6_3tg                                                                   24.3+             H  O  Ni
 H12O6Ni            ni(ii)(h2o)6_3tg2                                                                  39.5+             H  O  Ni
 H12O6Ni            ni(ii)(h2o)6_3tg3                                                                  72.3+             H  O  Ni
 H12O6Ni            Ni(II)(Water)6 3Ag                                                                  0.0+             H  O  Ni
 F4Ni               nickel(ii) tetrafluoride 3E                                                        10.0+             F  Ni
 F4Ni               Nickel(II) tetrafluoride 3T1                                                      -10.0+             F  Ni
 F6Ni               Copy of ni(ii)f6 3a2g                                                               0.0+             F  Ni Fr
 F6Ni               nickel(ii) hexafluoride 3a2g -  1eg                                                44.1+             F  Ni Fr
 F6Ni               nickel(ii) hexafluoride 3a2g -  3t1g (1)                                           35.8+             F  Ni Fr
 F6Ni               nickel(ii) hexafluoride 3a2g -  3t1g                                               68.1+             F  Ni Fr
 F6Ni               nickel(ii) hexafluoride 3a2g -  3t2g (1)                                           20.7+             F  Ni Fr
 F6Ni               nickel(ii) hexafluoride 3a2g                                                        0.0+             F  Ni Fr
 F6Ni               d8 [Ni(II)F6]4- 3A2g -  1Eg                                                        44.1+             F  Ni
 F6Ni               d8 [Ni(II)F6]4- 3A2g -  3T1g                                                       68.1+             F  Ni
 F6Ni               d8 [Ni(II)F6]4- 3A2g -  3T2g                                                       20.7+             F  Ni
 F6Ni               d8 [Ni(II)F6]4- 3A2g                                                                0.0+             F  Ni
 F6Ni               Ni(II)F6 3A2g                                                                       0.0+             F  Ni
 F6Ni               ni(ii)f6_1eg                                                                       44.1+             F  Ni
 F6Ni               ni(ii)f6_3a2g                                                                       0.0+             F  Ni
 F6Ni               ni(ii)f6_3t1g                                                                      35.8+             F  Ni
 F6Ni               ni(ii)f6_3t1g2                                                                     68.1+             F  Ni
 F6Ni               ni(ii)f6_3t2g                                                                      20.7+             F  Ni
 F6Ni               ni(ii)f6_3t2g2                                                                     59.8+             F  Ni
 F6Ni               nickel(ii) hexafluoride 3a2g -  3t2g                                               59.8+             F  Ni
 Cl4Ni              Nickel(II) tetrachloride 3T1                                                        0.0+             Cl Ni
 Cl6Ni              d8 [Ni(II)Cl6]4- 3A2g                                                               0.0+             Cl Ni
 Cl6Ni              Ni(II)Cl6 3A2g                                                                      0.0+             Cl Ni
 Cl6Ni              ni(ii)cl6_3a2g                                                                      0.0+             Cl Ni
 C6N6Cu             Cu(II)(CN)6 2Eg                                                                     0.0+             C  N  Cu Fr
 CH12O6u            Cu(II)(H2O)6 2Eg                                                                    0.0+             H  O  Cu
 CH12O6u            cu(ii)(h2o)6                                                                        0.0+             H  O  Cu
 CH12O6u            d9 [Cu(II)(H2O)6]2+ 2Eg                                                             0.0+             H  O  Cu
 F6Cu               Cu(II)F6 2Eg                                                                        0.0+             F  Cu Fr
 Cl6Cu              Cu(II)Cl6 2Eg                                                                       0.0+             Cl Cu Fr
 ScBr4              Scandium(II) tetrabromide 2E                                                        0.0+             Sc Br
 TiBr4              Titanium(III) tetrabromide 2E                                                       0.0+             Ti Br
 VBr4               Vanadium(IV) tetrabromide 2E                                                        0.0+             V  Br
 CrBr4              Chromium(III) tetrabromide 4T1                                                      0.0+             Cr Br
 MnBr4              Manganese(II) tetrabromide 6A1                                                      0.0+             Mn Br
 FeBr4              Iron(III) tetrabromide 6A1                                                          0.0+             Fe Br
 CoBr4              Cobalt(II) tetrabromide 4A2                                                         0.0+             Co Br
 NiBr4              Nickel(II) tetrabromide 3T1                                                         0.0+             Ni Br
 ScBr6              Sc(II)Br6 2T2g                                                                      0.0+             Sc Br
 TiBr6              Ti(III)Br6 2T2g                                                                     0.0+             Ti Br
 VBr6               V(IV)Br6 2T2g                                                                       0.0+             V  Br
 CrBr6              Cr(III)Br6 4A2g                                                                     0.0+             Cr Br
 MnBr6              Mn(II)Br6 6A1g                                                                      0.0+             Mn Br
 FeBr6              Fe(III)Br6 6A1g                                                                     0.0+             Fe Br
 CoBr6              Co(III)Br6 1 5T2g                                                                   0.0+             Co Br
 CoBr6              Co(III)Br6 1A1g                                                                     0.0+             Co Br
 NiBr6              Ni(II)Br6 3A2g                                                                      0.0+             Ni Br Fr
 NiBr6              Ni(II)Br6 3T2g                                                                      1.0+             Ni Br Fr
 CuBr6              Cu(II)Br6 2Eg                                                                       0.0+             Cu Br Fr
 C4N4Y              Yttrium(II) tetracyanide 2E                                                         0.0+             C  N  Y
 C6N6Y              Y(II)(CN)6 2T2g                                                                     0.0+             C  N  Y
 C6N6Y              Y(II)(CN)6_2A1g                                                                    70.0+             C  N  Y
 H12O6Y             Y(II)(H2O)6 2Tg                                                                     0.0+             H  O  Y
 H12O6Y             Y(II)(H2O)6_2Ag                                                                    70.0+             H  O  Y
 H12O6Y             Y(II)(H2O)6_2Tg                                                                   -10.0+             H  O  Y
 H12O6Y             Y(II)(H2O)6_2Tu                                                                    70.0+             H  O  Y
 F4Y                Yttrium(II) tetrafluoride 2E                                                        0.0+             F  Y
 F6Y                d1 [Y(II)F6]4- 2A1g                                                                46.0+             F  Y  Fr
 F6Y                y(ii)f6_2ag                                                                        46.0+             F  Y  Fr
 F6Y                Y(II)F6 2T2g                                                                        0.0+             F  Y
 F6Y                Y(II)F6_2A1g                                                                       50.0+             F  Y
 F6Y                Y(II)F6_2T1u                                                                       50.0+             F  Y
 F6Y                Y(II)F6_2T2g                                                                      -10.0+             F  Y
 Cl4Y               Yttrium(II) tetrachloride 2E                                                        0.0+             Cl Y
 Cl6Y               Y(II)Cl6 2T2g                                                                       0.0+             Cl Y  Fr
 Br4Y               Yttrium(II) tetrabromide 2E                                                         0.0+             Br Y
 Br6Y               Y(II)Br6 2T2g                                                                       0.0+             Br Y
 C4N4Zr             Zirconium(III) tetracyanide 2E                                                      0.0+             C  N  Zr
 C6N6Zr             Zr(III)(CN)6 2T2g                                                                   0.0+             C  N  Zr
 H12O6Zr            d1 [Zr(III)(H2O)6]3+ 2Tg -  2Ag                                                    40.0+             H  O  Zr
 H12O6Zr            d1 [Zr(III)(H2O)6]3+ 2Tg -  2Eg                                                    30.0+             H  O  Zr
 H12O6Zr            d1 [Zr(III)(H2O)6]3+ 2Tg -  2Tu                                                    40.0+             H  O  Zr
 H12O6Zr            d1 [Zr(III)(H2O)6]3+ 2Tg                                                            0.0+             H  O  Zr
 H12O6Zr            zr(iii)(h2o)6 2tg -  2ag                                                           40.0+             H  O  Zr
 H12O6Zr            zr(iii)(h2o)6 2tg -  2eg                                                           30.0+             H  O  Zr
 H12O6Zr            zr(iii)(h2o)6 2tg -  2tu                                                           40.0+             H  O  Zr
 H12O6Zr            Zr(III)(H2O)6 2Tg                                                                   0.0+             H  O  Zr
 H12O6Zr            zr(iii)(h2o)6_2ag                                                                  40.0+             H  O  Zr
 H12O6Zr            zr(iii)(h2o)6_2eg                                                                  30.0+             H  O  Zr
 H12O6Zr            zr(iii)(h2o)6_2tg                                                                   0.0+             H  O  Zr
 H12O6Zr            zr(iii)(h2o)6_2tu                                                                  50.0+             H  O  Zr
 H12O6Zr            Zr(III)(Water)6 2Tg -  2Ag                                                         40.0+             H  O  Zr
 H12O6Zr            Zr(III)(Water)6 2Tg -  2Eg                                                         30.0+             H  O  Zr
 H12O6Zr            Zr(III)(Water)6 2Tg -  2Tu                                                         40.0+             H  O  Zr
 H12O6Zr            Zr(III)(Water)6 2Tg                                                                 0.0+             H  O  Zr
 F4Zr               Zirconium(III) tetrafluoride 2E                                                     0.0+             F  Zr
 F6Zr               d1 [Zr(III)F6]3- 2T2g                                                               0.0+             F  Zr
 F6Zr               Zr(III)F6 2T2g                                                                      0.0+             F  Zr
 F6Zr               zr(iii)f6_2t2g                                                                      0.0+             F  Zr
 Cl4Zr              Zirconium(III) tetrachloride 2E                                                     0.0+             Cl Zr
 Cl6Zr              d1 [Zr(III)Cl6]3- 2T2g                                                              0.0+             Cl Zr
 Cl6Zr              Zr(III)Cl6 2T2g                                                                     0.0+             Cl Zr
 Cl6Zr              zr(iii)cl6_2t2g                                                                     0.0+             Cl Zr
 Br4Zr              Zirconium(III) tetrabromide 2E                                                      0.0+             Br Zr
 Br6Zr              Zr(III)Br6 2T2g                                                                     0.0+             Br Zr
 C4N4Nb             Niobium(IV) tetracyanide 2E                                                         0.0+             C  N  Nb
 C6N6Nb             Nb(IV)(CN)6 2T2g                                                                    0.0+             C  N  Nb
 H12O6Nb            Nb(IV)(H2O)6 2Tg                                                                    0.0+             H  O  Nb
 F4Nb               Niobium(IV) tetrafluoride 2E                                                        0.0+             F  Nb
 F6Nb               Nb(IV)F6 2T2g                                                                       0.0+             F  Nb
 Cl4Nb              Niobium(IV) tetrachloride 2E                                                        0.0+             Cl Nb
 Cl6Nb              Nb(IV)Cl6 2T2g                                                                      0.0+             Cl Nb
 Br4Nb              Niobium(IV) tetrabromide 2E                                                         0.0+             Br Nb
 Br6Nb              Nb(IV)Br6 2T2g                                                                      0.0+             Br Nb
 C4N4Mo             Molybdenum(III) tetracyanide 2E                                                     0.0+             C  N  Mo
 C6N6Mo             Mo(III)(CN)6 4A2g                                                                   0.0+             C  N  Mo
 H12O6Mo            d3 [Mo(III)(H2O)6]3+ 4Ag                                                            0.0+             H  O  Mo
 H12O6Mo            Mo(III)(H2O)6 4Ag                                                                   0.0+             H  O  Mo
 H12O6Mo            mo(iii)(h2o)6_4ag                                                                   0.0+             H  O  Mo
 C6O6Mo             d6 [Mo(0)(CO)6] 1A1g                                                                0.0+             C  O  Mo
 C6O6Mo             mo(0)(co)6_1a1g                                                                     0.0+             C  O  Mo
 F4Mo               Molybdenum(III) tetrafluoride 2E                                                    0.0+             F  Mo
 F6Mo               d0 [mo(vi)f6] 1a1g                                                                  0.0+             F  Mo
 F6Mo               mo(vi)f6_1a1g                                                                       0.0+             F  Mo
 F6Mo               Mo(III)F6 4A2g                                                                    -10.0+             F  Mo
 F6Mo               mo(iii)f6 4T1g                                                                     21.0+             F  Mo
 Cl4Mo              Molybdenum(III) tetrachloride 2E                                                    0.0+             Cl Mo
 Cl6Mo              d0 [Mo(VI)Cl6] 1A1g                                                                 0.0+             Cl Mo
 Cl6Mo              mo(vi)cl6_1a1g                                                                      0.0+             Cl Mo
 Cl6Mo              Mo(III)Cl6 4A2g                                                                     0.0+             Cl Mo
 Br4Mo              Molybdenum(III) tetrabromide 4T1                                                    0.0+             Br Mo
 Br6Mo              Mo(III)Br6 4A2g                                                                     0.0+             Br Mo
 C4N4Tc             Technetium(II) tetracyanide 6A1                                                     0.0+             C  N  Tc
 C6N6Tc             Tc(II)(CN)6 2T2g                                                                    0.0+             C  N  Tc
 H12O6Tc            Tc(II)(H2O)6 6Ag                                                                    0.0+             H  O  Tc
 F4Tc               Technetium(II) tetrafluoride 6A1                                                  -10.0+             F  Tc
 F6Tc               Tc(II)F6 2T2g                                                                       0.0+             F  Tc
 F6Tc               tc(ii)f6 6A1g                                                                       0.0+             F  Tc
 Cl4Tc              Technetium(II) tetrachloride 6A1                                                    0.0+             Cl Tc
 Cl6Tc              Tc(II)Cl6 6A1g                                                                      0.0+             Cl Tc
 Br4Tc              Technetium(II) tetrabromide 6A1                                                     0.0+             Br Tc
 Br6Tc              Tc(II)Br6 6A1g                                                                      0.0+             Br Tc
 C4N4Ru             Ruthenium(III) tetracyanide 6A1                                                     0.0+             C  N  Ru
 C6N6Ru             Ru(III)(CN)6 2T2g                                                                   0.0+             C  N  Ru
 H12O6Ru            Ru(III)(H2O)6 6Ag                                                                   0.0+             H  O  Ru
 F4Ru               Ruthenium(III) tetrafluoride 2T2                                                    0.0+             F  Ru
 F6Ru               Ru(III)F6 2T2g                                                                      0.0+             F  Ru
 Cl4Ru              Ruthenium(III) tetrachloride 6A1                                                    0.0+             Cl Ru
 Cl6Ru              Ru(III)Cl6 6A1g                                                                     0.0+             Cl Ru
 Br4Ru              Ruthenium(III) tetrabromide 6A1                                                     0.0+             Br Ru
 Br6Ru              Ru(III)Br6 6A1g                                                                     0.0+             Br Ru
 C4N4Rh             Rhodium(II) tetracyanide 4A2                                                        0.0+             C  N  Rh
 C6N6Rh             Rh(III)(CN)6 1A1g                                                                   0.0+             C  N  Rh
 H12O6Rh            Rh(III)(H2O)6 5Tg                                                                   0.0+             H  O  Rh
 F4Rh               Rhodium(II) tetrafluoride 4A2                                                       0.0+             F  Rh
 F4Rh               rhodium(ii) tetrafluoride 6E                                                       20.0+             F  Rh
 F6Rh               Rh(III)F6 5T2g                                                                      0.0+             F  Rh
 Cl4Rh              Rhodium(II) tetrachloride 4A2                                                       0.0+             Cl Rh
 Cl6Rh              rh(iii)cl6 1A1g                                                                     0.0+             Cl Rh Fr
 Cl6Rh              Rh(III)Cl6 5T2g                                                                     0.0+             Cl Rh Fr
 Br4Rh              Rhodium(II) tetrabromide 4A2                                                        0.0+             Br Rh
 Br6Rh              Rh(III)Br6 1A1g                                                                     0.0+             Br Rh Fr
 C6N6Pd             Pd(II)(CN)6 3A2g                                                                    0.0+             C  N  Pd
 H12O6Pd            Pd(II)(H2O)6 3Ag                                                                    0.0+             H  O  Pd
 F4Pd               palladium(ii) tetrafluoride 3T1                                                     0.0+             F  Pd
 F4Pd               Palladium(II) tetrafluoride 4A2                                                     0.0+             F  Pd
 F6Pd               Pd(II)F6 3A2g                                                                       0.0+             F  Pd Fr
 Cl4Pd              palladium(ii) tetrachloride 3T1                                                     0.0+             Cl Pd
 Cl4Pd              Palladium(II) tetrachloride 4A2                                                     0.0+             Cl Pd
 Cl6Pd              Pd(II)Cl6 3A2g                                                                      0.0+             Cl Pd Fr
 Br4Pd              palladium(ii) tetrabromide 3T1                                                      0.0+             Br Pd
 Br4Pd              Palladium(II) tetrabromide 4A2                                                      0.0+             Br Pd
 Br6Pd              Pd(II)Br6 3A2g                                                                      0.0+             Br Pd Fr
 C6N6Ag             Ag(II)(CN)6 2Eg                                                                     0.0+             C  N  Ag Fr
 H12O6Ag            Ag(II)(H2O)6 2Eg                                                                    0.0+             H  O  Ag
 F6Ag               Ag(II)F6 2Eg                                                                        0.0+             F  Ag Fr
 Cl6Ag              Ag(II)Cl6 2Eg                                                                       0.0+             Cl Ag Fr
 Br6Ag              Ag(II)Br6 2Eg                                                                       0.0+             Br Ag Fr
 ScI4               Scandium(II) tetraiodide 2E                                                         0.0+             Sc I
 TiI4               Titanium(III) tetraiodide 2E                                                        0.0+             Ti I
 VI4                Vanadium(IV) tetraiodide 2E                                                         0.0+             V  I
 CrI4               Chromium(III) tetraiodide 4T1                                                       0.0+             Cr I
 MnI4               Manganese(II) tetraiodide 6A1                                                       0.0+             Mn I
 FeI4               Iron(III) tetraiodide 6A1                                                           0.0+             Fe I
 CoI4               Cobalt(II) tetraiodide 4A2                                                          0.0+             Co I
 NiI4               Nickel(II) tetraiodide 3T1                                                          0.0+             Ni I
 YI4                Yttrium(II) tetraiodide 2E                                                          0.0+             Y  I
 ZrI4               Zirconium(III) tetraiodide 2E                                                       0.0+             Zr I
 NbI4               Niobium(IV) tetraiodide 2E                                                          0.0+             Nb I
 MoI4               molybdenum(iii) tetraiodide 2E                                                      0.0+             Mo I
 MoI4               Molybdenum(III) tetraiodide 4T1                                                     0.0+             Mo I
 TcI4               Technetium(II) tetraiodide 6A1                                                      0.0+             Tc I
 RuI4               Ruthenium(III) tetraiodide 6A1                                                      0.0+             Ru I
 RhI4               Rhodium(II) tetraiodide 4A2                                                         0.0+             Rh I
 PdI4               palladium(ii) tetraiodide 3T1                                                       0.0+             Pd I
 PdI4               Palladium(II) tetraiodide 4A2                                                       0.0+             Pd I
 ScI6               Sc(II)I6 2T2g                                                                       0.0+             Sc I
 TiI6               Ti(III)I6 2T2g                                                                      0.0+             Ti I
 VI6                V(IV)I6 2T2g                                                                        0.0+             V  I
 CrI6               Cr(III)I6 4A2g                                                                      0.0+             Cr I
 MnI6               Mn(II)I6 6A1g                                                                       0.0+             Mn I
 FeI6               Fe(III)I6 2T2g                                                                      0.0+             Fe I
 FeI6               Fe(III)I6 6A1g                                                                      0.0+             Fe I
 CoI6               Co(III)I6 1A1g                                                                      0.0+             Co I
 CoI6               co(iii)i6 5T2g                                                                      0.0+             Co I
 NiI6               Ni(II)I6 3A2g                                                                       0.0+             Ni I
 CuI6               Cu(II)I6 2Ag                                                                       30.0+             Cu I  Fr
 CuI6               Cu(II)I6 2Eg                                                                        0.0+             Cu I  Fr
 YI6                Y(II)I6 2T2g                                                                        0.0+             Y  I
 ZrI6               Zr(III)I6 2T2g                                                                      0.0+             Zr I
 NbI6               Nb(IV)I6 2T2g                                                                       0.0+             Nb I
 MoI6               Mo(III)I6 4A2g                                                                      0.0+             Mo I
 MoI6               mo(iii)i6 4T1g                                                                     10.0+             Mo I
 TcI6               Tc(II)I6 6A1g                                                                       0.0+             Tc I
 RuI6               Ru(III)I6 2T2g                                                                      0.0+             Ru I  Fr
 RhI6               Rh(III)I6 1A1g                                                                      0.0+             Rh I  Fr
 PdI6               Pd(II)I6 3A2g                                                                       0.0+             Pd I  Fr
 AgI6               Ag(II)I6 2Eg                                                                        0.0+             Ag I  Fr
 Cs2                cesium, dimer singlet sigma(g)                                                      0.0+             Cs
 Cs2                cesium, dimer singlet sigma(u)                                                     22.0+             Cs
 Cs2                cesium, dimer triplet pi(u)                                                         8.0+             Cs
 Cs2                cesium, dimer triplet sigma(u)                                                      7.0+             Cs
 C4N4La             Lanthanum(II) tetracyanide 2E                                                       0.0+             C  N  La
 C6N6La             La(II)(CN)6 2T2g                                                                    0.0+             C  N  La
 H12O6La            La(II)(H2O)6 2Tg                                                                    0.0+             H  O  La
 H12O6La            la(ii)(h2o)6_2ag                                                                   10.0+             H  O  La
 H12O6La            la(ii)(h2o)6_2tg                                                                  -20.0+             H  O  La
 F4La               Lanthanum(II) tetrafluoride 2E                                                      0.0+             F  La
 F6La               La(II)F6 2T2g                                                                       0.0+             F  La
 F6La               La(II)F6_2A1g                                                                      70.0+             F  La
 F6La               La(II)F6_2T1u                                                                      60.0+             F  La
 F6La               La(II)F6_2T2g                                                                     -10.0+             F  La
 Cl4La              Lanthanum(II) tetrachloride 2E                                                      0.0+             Cl La
 Cl6La              La(II)Cl6 2T2g                                                                      0.0+             Cl La
 Br4La              Lanthanum(II) tetrabromide 2E                                                       0.0+             Br La
 Br6La              la(ii)br6 2A1g                                                                     10.0+             Br La
 Br6La              la(ii)br6 2t1u                                                                     10.0+             Br La
 Br6La              La(II)Br6 2T2g                                                                    -10.0+             Br La
 I4La               Lanthanum(II) tetraiodide 2E                                                        0.0+             I  La
 I6La               La(II)I6 2T2g                                                                       0.0+             I  La
 C4N4Hf             hafnium(III) tetracyanide 2E                                                        0.0+             C  N  Hf
 C6N6Hf             Hf(III)(CN)6 2T2g                                                                   0.0+             C  N  Hf
 H12O6Hf            Hf(IV)(H2O)6 2Tg                                                                    0.0+             H  O  Hf
 F4Hf               hafnium(III) tetrafluoride 2E                                                       0.0+             F  Hf
 F6Hf               Hf(III)F6 2T2g                                                                      0.0+             F  Hf
 F6Hf               Hf(III)F6_A1g                                                                      60.0+             F  Hf
 F6Hf               Hf(III)F6_T1u                                                                      60.0+             F  Hf
 F6Hf               Hf(III)F6_T2g                                                                     -10.0+             F  Hf
 Cl4Hf              hafnium(III) tetrachloride 2E                                                       0.0+             Cl Hf
 Cl6Hf              Hf(III)Cl6 2T2g                                                                     0.0+             Cl Hf Fr
 Br4Hf              hafnium(III) tetrabromide 2E                                                        0.0+             Br Hf
 Br6Hf              Hf(III)Br6 2T2g                                                                     0.0+             Br Hf
 I4Hf               hafnium(III) tetraiodide 2E                                                         0.0+             I  Hf
 I6Hf               Hf(III)I6 2T2g                                                                      0.0+             I  Hf
 C4N4Ta             Tantalum(IV) tetracyanide 2E                                                        0.0+             C  N  Ta
 C6N6Ta             Ta(IV)(CN)6 2T2g                                                                    0.0+             C  N  Ta
 H12O6Ta            Ta(IV)(H2O)6 2Tg                                                                    0.0+             H  O  Ta
 F4Ta               Tantalum(IV) tetrafluoride 2E                                                       0.0+             F  Ta
 F6Ta               d3 [Ta(II)F6]4- 2T2g                                                               10.0+             F  Ta Fr
 F6Ta               d3 [Ta(II)F6]4- 4A2g                                                                0.0+             F  Ta Fr
 F6Ta               ta(ii)f6_2t2g                                                                      10.0+             F  Ta Fr
 F6Ta               ta(ii)f6_4a2g                                                                       0.0+             F  Ta Fr
 F6Ta               Ta(IV)F6 2T2g                                                                       0.0+             F  Ta
 Cl4Ta              Tantalum(IV) tetrachloride 2E                                                       0.0+             Cl Ta
 Cl6Ta              Ta(IV)Cl6 2T2g                                                                      0.0+             Cl Ta
 Br4Ta              Tantalum(IV) tetrabromide 2E                                                        0.0+             Br Ta
 Br6Ta              Ta(IV)Br6 2T2g                                                                      0.0+             Br Ta
 I4Ta               Tantalum(IV) tetraiodide 2E                                                         0.0+             I  Ta
 I6Ta               Ta(IV)I6 2T2g                                                                       0.0+             I  Ta
 C4N4W              Tungsten(III) tetracyanide 4T1                                                      0.0+             C  N  W
 C6N6W              W(III)(CN)6 4A2g                                                                    0.0+             C  N  W
 H12O6W             W(III)(H2O)6 4Ag                                                                    0.0+             H  O  W
 H12O6W             W(III)(H2O)6_4Ag                                                                  -10.0+             H  O  W
 H12O6W             W(III)(H2O)6_4Tg                                                                   40.0+             H  O  W
 F4W                Tungsten(III) tetrafluoride 2E                                                      0.0+             F  W
 F4W                tungsten(iii) tetrafluoride 4T1                                                     0.0+             F  W
 F6W                d3 [W(III)F6]3- 2T2g                                                               60.0+             F  W  Fr
 F6W                w(iii)f6_2t2g                                                                      60.0+             F  W  Fr
 F6W                W(III)F6 4A2g                                                                      -1.0+             F  W
 F6W                w(iii)f6 4T1g                                                                      20.0+             F  W
 Cl4W               Tungsten(III) tetrachloride 2E                                                      0.0+             Cl W
 Cl4W               Tungsten(III) tetrachloride 4T1                                                     0.0+             Cl W
 Cl6W               W(III)Cl6 4A2g                                                                      0.0+             Cl W
 Br4W               Tungsten(III) tetrabromide 2E                                                       0.0+             Br W
 Br4W               tungsten(iii) tetrabromide 4T1                                                      0.0+             Br W
 Br6W               W(III)Br6 4A2g                                                                      0.0+             Br W
 I4W                Tungsten(III) tetraiodide 4T1                                                       0.0+             I  W
 I6W                W(III)I6 4A2g                                                                       0.0+             I  W
 I6W                W(III)I6_4A2g                                                                     -10.0+             I  W
 I6W                W(III)I6_4T1g                                                                      10.0+             I  W
 C4N4Re             Rhenium(II) tetracyanide 6A1                                                        0.0+             C  N  Re
 C6N6Re             Re(II)(CN)6 2T2g                                                                    0.0+             C  N  Re Fr
 H12O6Re            Re(II)(H2O)6 2Tg                                                                    0.0+             H  O  Re
 H12O6Re            Re(II)(H2O)6 6Ag                                                                  -10.0+             H  O  Re
 H12O6Re            Re(II)(H2O)6 6Eg                                                                   30.0+             H  O  Re
 H12O6Re            re(ii)(h2o)6 ground state                                                           0.0+             H  O  Re
 F4Re               Rhenium(II) tetrafluoride 6A1                                                       0.0+             F  Re
 F4Re               Rhenium(II) tetrafluoride 6T2                                                      40.0+             F  Re
 F6Re               Re(II)F6 6A1g                                                                       0.0+             F  Re Fr
 Cl4Re              Rhenium(II) tetrachloride 6A1                                                       0.0+             Cl Re
 Cl6Re              Re(II)Cl6 6A1g                                                                      0.0+             Cl Re Fr
 Cl6Re              Re(II)Cl6_6A1g                                                                    -10.0+             Cl Re Fr
 Cl6Re              Re(II)Cl6_6Eg                                                                      40.0+             Cl Re Fr
 Br4Re              Rhenium(II) tetrabromide 6A1                                                        0.0+             Br Re
 Br6Re              Re(II)Br6 6A12g                                                                     0.0+             Br Re Fr
 I4Re               Rhenium(II) tetraiodide 6A1                                                         0.0+             I  Re
 I6Re               Re(II)I6 6A1g                                                                       0.0+             I  Re Fr
 C4N4Os             Osmium(III) tetracyanide 6A1                                                        0.0+             C  N  Os
 C6N6Os             Os(III)(CN)6 2T2g                                                                   0.0+             C  N  Os
 H12O6Os            Os(III)(H2O)6 6Ag                                                                   0.0+             H  O  Os
 F4Os               Osmium(III) tetrafluoride 6A1                                                       0.0+             F  Os
 F6Os               Os(III)F6 2T2g                                                                      0.0+             F  Os
 F6Os               Os(III)F6 4A2g (2 electrons in 6S M.O.)                                            90.0+             F  Os
 F6Os               Os(III)F6 6A1g (ground state)                                                     -10.0+             F  Os
 F6Os               Os(III)F6 6A1g                                                                      0.0+             F  Os
 Cl4Os              Osmium(III) tetrachloride 6A1                                                       0.0+             Cl Os
 Cl6Os              Os(III)Cl6 6A1g                                                                     0.0+             Cl Os Fr
 Br4Os              Osmium(III) tetrabromide 6A1                                                        0.0+             Br Os
 Br6Os              Os(III)Br6 2T2g                                                                     0.0+             Br Os
 Br6Os              Os(III)Br6 6A1g                                                                     0.0+             Br Os
 I4Os               Osmium(III) tetraiodide 6A1                                                         0.0+             I  Os
 I6Os               Os(III)I6 6A1g                                                                      0.0+             I  Os Fr
 C4N4Ir             Iridium(II) tetracyanide 4A2                                                        0.0+             C  N  Ir
 C6N6Ir             ir(iii)(cn)6 1A1g                                                                   0.0+             C  N  Ir
 C6N6Ir             Ir(III)(CN)6 5T2g                                                                   0.0+             C  N  Ir
 H12O6Ir            Ir(III)(H2O)6 5Tg                                                                 -10.0+             H  O  Ir
 H12O6Ir            ir(iii)(h2o)6 7Ag                                                                  20.0+             H  O  Ir
 F4Ir               Iridium(II) tetrafluoride 4A2                                                       0.0+             F  Ir
 F6Ir               Ir(III)F6 5T2g                                                                      0.0+             F  Ir Fr
 Cl4Ir              Iridium(IV) tetrachloride 6A1                                                       0.0+             Cl Ir
 Cl6Ir              Ir(III)Cl6 5T2g                                                                     0.0+             Cl Ir Fr
 Br4Ir              Iridium(II) tetrabromide 4A2                                                        0.0+             Br Ir
 Br6Ir              Ir(III)Br6 5T2g                                                                     0.0+             Br Ir Fr
 I4Ir               Iridium(II) tetraiodide 4A2                                                         0.0+             I  Ir
 I6Ir               ir(iii)i6 1A1g                                                                      0.0+             I  Ir Fr
 I6Ir               Ir(III)I6 5T2g                                                                      0.0+             I  Ir Fr
 C6N6Pt             Pt(II)(CN)6 3A2g                                                                    0.0+             C  N  Pt Fr
 H12O6Pt            Pt(II)(H2O)6 3Ag                                                                    0.0+             H  O  Pt
 F6Pt               Pt(II)F6 3A2g                                                                       0.0+             F  Pt
 Cl6Pt              Pt(II)Cl6 3A2g                                                                      0.0+             Cl Pt Fr
 Br6Pt              Pt(II)Br6 3A2g                                                                      0.0+             Br Pt Fr
 I6Pt               Pt(II)I6 3A2g                                                                       0.0+             I  Pt Fr
 C6N6Au             Au(II)(CN)6 2Eg                                                                     0.0+             C  N  Au Fr
 H12O6Au            Au(II)(H2O)6 2Eg                                                                    0.0+             H  O  Au
 F6Au               Au(II)F6 2Eg                                                                        0.0+             F  Au Fr
 Cl6Au              Au(II)Cl6 2Eg                                                                       0.0+             Cl Au Fr
 Br6Au              Au(II)Br6 2Eg                                                                       0.0+             Br Au Fr
 I6Au               Au(II)I6 2Eg                                                                        0.0+             I  Au Fr
 TOTAL NUMBER 
 OF FILES:              628
 OF HEATS OF FORMATION: 628,  WITH REFS: 626 = 99.68%   AND SD'S:   0 =  0.00
 OF DIPOLE MOMENTS:       1,  WITH REFS:   1 =100.00%   AND SD'S:   0 =  0.00
 OF I.P.s:                6,  WITH REFS:   6 =100.00%   AND SD'S:   0 =  0.00
 OF GEOMETRY FILES:       1,  WITH REFS:   1 =100.00%
