 *******************************************************************************
 **  MOPAC: For non-commercial use only        Written by James J. P. Stewart **
 *******************************************************************************

                                MNDO CALCULATION RESULTS


 *******************************************************************************
 *                   MOPAC   7.10               CALC'D. Thu Jun  1 10:45:08 2006
 *  SYMMETRY - SYMMETRY CONDITIONS TO BE IMPOSED
 *
 *
 *
 *                 CHARGE ON SYSTEM =    -1
 *
 *
 *
 *  OPEN(N,N)- THERE ARE 5 ELECTRONS IN 6 LEVELS
 *  MS=      - IN MECI, MAGNETIC COMPONENT OF SPIN =  2
 *  T=       - A TIME OF172800.0 SECONDS REQUESTED
 *  DUMP=N   - RESTART FILE WRITTEN EVERY  7200.000 SECONDS
 *  ALLVEC   - PRINT ALL EIGENVECTORS
 *  MECI     - M.E.C.I. WORKING TO BE PRINTED
 *******************************************************************************



     PARAMETER DEPENDENCE DATA

        REFERENCE ATOM      FUNCTION NO.    DEPENDENT ATOM(S)
            2                  1             3  4  5

             DESCRIPTIONS OF THE FUNCTIONS USED

   1      BOND LENGTH    IS SET EQUAL TO THE REFERENCE BOND LENGTH   
  SYMMETRY OPEN(5,6) MECI ALLVECS CHARGE=-1 MS=1.5
 Iron(III) tetrachloride 6A1
 ROOT=1,6,A1 H=0 HR=GS

    ATOM   CHEMICAL       BOND LENGTH     BOND ANGLE      TWIST ANGLE
   NUMBER  SYMBOL         (ANGSTROMS)      (DEGREES)       (DEGREES)
    (I)                       NA:I           NB:NA:I       NC:NB:NA:I     NA   NB   NC

      1     Cl            0.0000000        0.0000000        0.0000000   
      2     Fe            2.2155650  *     0.0000000        0.0000000      1    0    0
      3     Cl            2.2155650      109.4712210        0.0000000      2    1    0
      4     Cl            2.2155650      109.4712210      120.0000000      2    1    3
      5     Cl            2.2155650      109.4712210     -120.0000000      2    1    3


          CARTESIAN COORDINATES 

    NO.       ATOM         X         Y         Z

     1        Cl        0.0000    0.0000    0.0000
     2        Fe        2.2156    0.0000    0.0000
     3        Cl        2.9541    2.0889    0.0000
     4        Cl        2.9541   -1.0444    1.8090
     5        Cl        2.9541   -1.0444   -1.8090
 Cl (PM6): J. J. P. Stewart  J. Mol. Mod. (to be submitted)!                    
 Fe (PM6): J. J. P. Stewart  J. Mol. Mod. (to be submitted)!                    


      MOLECULAR POINT GROUP   :   Td  

      THERE ARE   16 DOUBLY FILLED LEVELS


      RHF CALCULATION, NO. OF DOUBLY OCCUPIED LEVELS =   16


                       NO. OF LEVELS WITH OCCUPANCY 0.833  =  6
 ONLY ONE VARIABLE, THEREFORE ENERGY A MINIMUM

 -------------------------------------------------------------------------------
  SYMMETRY OPEN(5,6) MECI ALLVECS CHARGE=-1 MS=1.5
 Iron(III) tetrachloride 6A1
 ROOT=1,6,A1 H=0 HR=GS


     HEAT OF FORMATION MINIMIZED IN ONE LINE SEARCH           
     SCF FIELD WAS ACHIEVED                                   


                               MNDO    CALCULATION
                                                       MOPAC  7.10
                                                       Thu Jun  1 10:45:10 2006




          FINAL HEAT OF FORMATION =       -190.60671 KCAL =   -797.49847 KJ


          TOTAL ENERGY            =      -1445.62402 EV  STATE:  QUARTET ????
          ELECTRONIC ENERGY       =      -5376.40839 EV  POINT GROUP:     Td  
          CORE-CORE REPULSION     =       3930.78437 EV

          IONIZATION POTENTIAL    =         -7.89241
          NO. OF FILLED LEVELS    =         16
          AND NO. OF OPEN LEVELS  =          6
          MOLECULAR WEIGHT        =        197.659

          MOLECULAR DIMENSIONS (Angstroms)

            Atom       Atom       Distance
           Cl     3   Cl     1     1.85244
           Cl     4   Cl     5     1.85244
           Cl     1   Cl     4     1.30987


          SCF CALCULATIONS        =         24
          COMPUTATION TIME        =          2.344 SECONDS





    ATOM   CHEMICAL       BOND LENGTH     BOND ANGLE      TWIST ANGLE
   NUMBER  SYMBOL         (ANGSTROMS)      (DEGREES)       (DEGREES)
    (I)                       NA:I           NB:NA:I       NC:NB:NA:I     NA   NB   NC

      1     Cl            0.0000000        0.0000000        0.0000000   
      2     Fe            1.1343802  *     0.0000000        0.0000000      1    0    0
      3     Cl            1.1343802      109.4712210        0.0000000      2    1    0
      4     Cl            1.1343802      109.4712210      120.0000000      2    1    3
      5     Cl            1.1343802      109.4712210     -120.0000000      2    1    3


      MOLECULAR POINT GROUP   :   Td  


                EIGENVECTORS  


   Root No.    1       2       3       4       5       6       7       8

              1 a1    1 e     1 e     1 t2    1 t2    1 t2    2 a1    8 ????

           -15.710 -13.079 -13.032 -12.479 -12.479 -12.464  -9.572  -8.518
  
  S  Cl  1 -0.1024  0.0000  0.0309  0.1541  0.0216 -0.1194  0.4407  0.6101
  Px Cl  1  0.0245  0.0000  0.0054 -0.1840 -0.0258  0.1339  0.2182 -0.1478
  Py Cl  1 -0.0028  0.0000 -0.2493  0.1144  0.0166  0.1915  0.0063 -0.1346
  Pz Cl  1  0.0000 -0.2477  0.0000  0.0297 -0.2099  0.0004  0.0000 -0.0254
  x2 Cl  1  0.0010  0.0000  0.0097  0.0330  0.0046 -0.0172 -0.0079  0.0025
  xz Cl  1  0.0000  0.0290  0.0000 -0.0010  0.0068  0.0000  0.0000  0.0012
  z2 Cl  1 -0.0011  0.0000  0.0198 -0.0138 -0.0019  0.0197  0.0047 -0.0050
  yz Cl  1  0.0000  0.0241  0.0000  0.0011 -0.0078  0.0000  0.0000 -0.0004
  xz Cl  1  0.0009  0.0000  0.0291 -0.0024 -0.0003 -0.0040 -0.0011  0.0060
  S  Fe  2  0.9774  0.0000 -0.0021  0.0000  0.0000  0.0000  0.1640  0.0001
  Px Fe  2 -0.0001  0.0000 -0.0001  0.0975  0.0137 -0.0688  0.0001 -0.1731
  Py Fe  2  0.0000  0.0000  0.0000  0.0668  0.0096  0.1005  0.0001 -0.1236
  Pz Fe  2  0.0000 -0.0001  0.0000  0.0167 -0.1182  0.0002  0.0000 -0.0239
  x2 Fe  2  0.0038  0.0000  0.2485  0.8105  0.1144 -0.1279 -0.0174 -0.0976
  xz Fe  2  0.0000  0.7067  0.0000 -0.0700  0.4949 -0.0010  0.0000  0.0067
  z2 Fe  2  0.0066  0.0000  0.4307 -0.0107 -0.0001  0.7267 -0.0305 -0.0005
  yz Fe  2  0.0000  0.4995  0.0000  0.0991 -0.7002  0.0014  0.0000 -0.0095
  xz Fe  2  0.0107  0.0000  0.7034 -0.2798 -0.0404 -0.3998 -0.0499  0.0347
  S  Cl  3 -0.1025  0.0000  0.0309 -0.1507 -0.0216 -0.1239  0.4416 -0.6133
  Px Cl  3 -0.0055  0.0000  0.2333  0.0532  0.0071 -0.2237 -0.0784 -0.1752
  Py Cl  3 -0.0241  0.0000 -0.0881 -0.2097 -0.0298 -0.0687 -0.2035 -0.0963
  Pz Cl  3  0.0000  0.2476  0.0000  0.0297 -0.2100  0.0004  0.0000 -0.0254
  x2 Cl  3 -0.0002  0.0000  0.0107  0.0268  0.0038  0.0117  0.0055 -0.0017
  xz Cl  3  0.0000  0.0324  0.0000 -0.0007  0.0051  0.0000  0.0000  0.0000
  z2 Cl  3 -0.0011  0.0000  0.0198  0.0132  0.0019  0.0201  0.0047  0.0050
  yz Cl  3  0.0000  0.0193  0.0000  0.0013 -0.0090  0.0000  0.0000 -0.0012
  xz Cl  3  0.0014  0.0000  0.0287 -0.0184 -0.0026 -0.0145 -0.0058 -0.0062
  S  Cl  4 -0.1025  0.0000  0.0309 -0.0234  0.1524  0.1213  0.4411 -0.0664
  Px Cl  4 -0.0095  0.2022 -0.1193  0.1556  0.1402 -0.0416 -0.0696 -0.1833
  Py Cl  4  0.0134  0.1429  0.1687  0.1435 -0.1469  0.0643  0.0988 -0.1338
  Pz Cl  4 -0.0184  0.0000  0.1396 -0.0147  0.0809  0.2210 -0.1817 -0.0225
  x2 Cl  4 -0.0001 -0.0027  0.0108  0.0101 -0.0011 -0.0040  0.0008 -0.0083
  xz Cl  4  0.0004  0.0307 -0.0003 -0.0019  0.0184  0.0088 -0.0041 -0.0053
  z2 Cl  4  0.0016  0.0000  0.0166 -0.0023  0.0142  0.0183 -0.0055 -0.0009
  yz Cl  4 -0.0005  0.0217  0.0005  0.0044 -0.0258 -0.0125  0.0058 -0.0037
  xz Cl  4 -0.0003  0.0010  0.0306 -0.0023 -0.0074 -0.0118  0.0021  0.0031
  S  Cl  5 -0.1025  0.0000  0.0309  0.0197 -0.1524  0.1220  0.4412  0.0708
  Px Cl  5 -0.0095 -0.2022 -0.1193  0.1885 -0.0917 -0.0411 -0.0696 -0.1863
  Py Cl  5  0.0134 -0.1429  0.1687  0.0971  0.1812  0.0636  0.0988 -0.1295
  Pz Cl  5  0.0184  0.0000 -0.1396 -0.0082  0.0809 -0.2213  0.1817 -0.0220
  x2 Cl  5 -0.0001  0.0027  0.0108  0.0094  0.0038 -0.0040  0.0008 -0.0084
  xz Cl  5 -0.0004  0.0307  0.0003 -0.0033  0.0182 -0.0089  0.0041  0.0053
  z2 Cl  5  0.0016  0.0000  0.0166  0.0017 -0.0142  0.0183 -0.0055  0.0009
  yz Cl  5  0.0005  0.0217 -0.0005  0.0029 -0.0259  0.0126 -0.0058  0.0038
  xz Cl  5 -0.0003 -0.0010  0.0306 -0.0042  0.0065 -0.0118  0.0021  0.0028


   Root No.    9      10      11      12      13      14      15      16

              9 ???? 10 ????  2 t2    2 t2    2 t2    3 a1   15 ???? 16 ????

            -8.518  -8.326  -5.787  -5.764  -5.764  -5.228   0.089   0.089
  
  S  Cl  1 -0.0687 -0.4359  0.0982 -0.0140 -0.1286 -0.2094  0.0260  0.1052
  Px Cl  1  0.0166  0.1070 -0.1031  0.0157  0.1447  0.4491 -0.0462 -0.1868
  Py Cl  1  0.0150 -0.1797 -0.0381 -0.0039 -0.0363 -0.0041  0.0665  0.2683
  Pz Cl  1 -0.2269  0.0001  0.0001  0.0608 -0.0066  0.0000 -0.4745  0.1174
  x2 Cl  1 -0.0003 -0.0070  0.0167 -0.0029 -0.0266 -0.0083  0.0184  0.0744
  xz Cl  1  0.0104  0.0000  0.0000  0.0006 -0.0001  0.0000  0.0289 -0.0072
  z2 Cl  1  0.0006 -0.0019 -0.0122  0.0013  0.0122  0.0056 -0.0060 -0.0245
  yz Cl  1 -0.0035  0.0000  0.0000  0.0043 -0.0005  0.0000 -0.0252  0.0062
  xz Cl  1 -0.0007  0.0078 -0.0009  0.0000 -0.0002  0.0003 -0.0035 -0.0142
  S  Fe  2  0.0000  0.0000  0.0000  0.0000  0.0000 -0.1331  0.0000  0.0000
  Px Fe  2  0.0195  0.1402  0.5323 -0.0802 -0.7367 -0.0002 -0.0602 -0.2435
  Py Fe  2  0.0138 -0.1966 -0.7382 -0.0564 -0.5313 -0.0001 -0.0425 -0.1716
  Pz Fe  2 -0.2127  0.0001  0.0011  0.9082 -0.0981  0.0000  0.2979 -0.0737
  x2 Fe  2  0.0110  0.0208 -0.0510  0.0280  0.2590  0.0040 -0.0907 -0.3668
  xz Fe  2  0.0597  0.0000  0.0002  0.1590 -0.0172  0.0000 -0.2245  0.0555
  z2 Fe  2  0.0000 -0.1062  0.2528 -0.0001  0.0024  0.0068  0.0001  0.0005
  yz Fe  2 -0.0846  0.0000 -0.0003 -0.2247  0.0243  0.0000  0.3176 -0.0786
  xz Fe  2 -0.0039  0.0577 -0.1368 -0.0099 -0.0931  0.0111  0.0320  0.1293
  S  Cl  3  0.0685 -0.4307  0.0957  0.0140  0.1304 -0.2092 -0.0260 -0.1049
  Px Cl  3  0.0197  0.1353  0.0700  0.0016  0.0152 -0.1457  0.0474  0.1920
  Py Cl  3  0.0107 -0.1600  0.0817  0.0161  0.1503 -0.4246 -0.0657 -0.2656
  Pz Cl  3 -0.2269  0.0001  0.0001  0.0609 -0.0066  0.0000 -0.4745  0.1174
  x2 Cl  3  0.0002  0.0103 -0.0132 -0.0022 -0.0208  0.0067  0.0165  0.0667
  xz Cl  3 -0.0002  0.0000  0.0000 -0.0042  0.0005  0.0000  0.0142 -0.0035
  z2 Cl  3 -0.0006 -0.0020 -0.0119 -0.0013 -0.0124  0.0056  0.0060  0.0243
  yz Cl  3 -0.0110  0.0000  0.0000  0.0008 -0.0001  0.0000 -0.0357  0.0088
  xz Cl  3  0.0007  0.0017  0.0095  0.0018  0.0171 -0.0050 -0.0088 -0.0356
  S  Cl  4 -0.6117  0.4336 -0.0971 -0.1295  0.0131 -0.2093  0.1050 -0.0261
  Px Cl  4  0.0344  0.1213 -0.0154 -0.0709 -0.0427 -0.1516  0.2849  0.3409
  Py Cl  4 -0.0045 -0.1698  0.0228  0.0889 -0.0450  0.2144 -0.1995  0.3398
  Pz Cl  4 -0.1985 -0.0171 -0.1054 -0.0981  0.0098 -0.3642 -0.0029  0.0002
  x2 Cl  4  0.0013 -0.0002  0.0027  0.0017 -0.0031  0.0012  0.0036  0.0365
  xz Cl  4  0.0004  0.0053 -0.0092 -0.0143  0.0039 -0.0046  0.0450 -0.0033
  z2 Cl  4 -0.0081 -0.0053 -0.0101 -0.0140  0.0014 -0.0049  0.0221 -0.0055
  yz Cl  4  0.0007 -0.0075  0.0129  0.0208 -0.0004  0.0065 -0.0598  0.0204
  xz Cl  4  0.0007 -0.0008  0.0076  0.0059  0.0005  0.0034 -0.0176 -0.0088
  S  Cl  5  0.6117  0.4329 -0.0967  0.1295 -0.0148 -0.2093 -0.1051  0.0259
  Px Cl  5  0.0072  0.1213 -0.0152  0.0602 -0.0569 -0.1516 -0.0931  0.4344
  Py Cl  5  0.0338 -0.1698  0.0226 -0.0966 -0.0250  0.2144  0.3350  0.2075
  Pz Cl  5 -0.1986  0.0174  0.1051 -0.0982  0.0114  0.3642 -0.0028  0.0012
  x2 Cl  5  0.0006 -0.0002  0.0027 -0.0024 -0.0027  0.0012  0.0139  0.0339
  xz Cl  5 -0.0008 -0.0053  0.0091 -0.0148 -0.0008  0.0046  0.0414 -0.0181
  z2 Cl  5  0.0081 -0.0053 -0.0101  0.0140 -0.0016 -0.0049 -0.0221  0.0054
  yz Cl  5 -0.0001  0.0075 -0.0129  0.0204 -0.0041 -0.0065 -0.0624  0.0098
  xz Cl  5 -0.0014 -0.0008  0.0076 -0.0057  0.0017  0.0034  0.0115 -0.0160


   Root No.   17      18      19      20      21      22      23      24

             17 ???? 18 ???? 19 ???? 20 ???? 21 ???? 22 ????  3 t2    3 t2  

             4.286   6.451   6.829   7.744   7.892   7.892  16.208  16.276
  
  S  Cl  1 -0.0614  0.0000  0.0089  0.0000  0.0002  0.0008 -0.1813 -0.0191
  Px Cl  1  0.1251  0.0000  0.0045  0.0000  0.0034  0.0117 -0.4101 -0.0430
  Py Cl  1  0.3952  0.0000  0.4161  0.0000 -0.1629 -0.5563  0.1467 -0.0088
  Pz Cl  1  0.0001 -0.4167  0.0000  0.4729  0.3203 -0.0938  0.0000 -0.1793
  x2 Cl  1 -0.0356  0.0000 -0.0283  0.0000 -0.0052 -0.0179  0.1332  0.0135
  xz Cl  1  0.0000  0.1015  0.0000 -0.1614 -0.1099  0.0322  0.0000  0.0583
  z2 Cl  1  0.0480  0.0000 -0.0536  0.0000 -0.0060 -0.0206 -0.0701 -0.0081
  yz Cl  1  0.0000  0.0640  0.0000  0.0212  0.0170 -0.0050  0.0000 -0.0061
  xz Cl  1 -0.0306  0.0000 -0.1009  0.0000  0.0550  0.1880 -0.0478  0.0029
  S  Fe  2  0.0000  0.0000  0.0016  0.0000  0.0000  0.0000  0.0000  0.0000
  Px Fe  2  0.1700  0.0000  0.0000  0.0000  0.0011  0.0039 -0.0604 -0.0063
  Py Fe  2 -0.2411  0.0000  0.0000  0.0000  0.0008  0.0028  0.0853 -0.0045
  Pz Fe  2 -0.0001  0.0000  0.0000  0.0000  0.0048 -0.0014  0.0000 -0.1028
  x2 Fe  2  0.0727  0.0000  0.1445  0.0000 -0.0003 -0.0011 -0.0051 -0.0025
  xz Fe  2  0.0001 -0.4064  0.0000  0.0000  0.0007 -0.0002  0.0000  0.0205
  z2 Fe  2 -0.3809  0.0000  0.2502  0.0000  0.0000 -0.0001  0.0266  0.0000
  yz Fe  2 -0.0001 -0.2873  0.0000  0.0000 -0.0008  0.0002  0.0000 -0.0290
  xz Fe  2  0.2076  0.0000  0.4087  0.0000  0.0001  0.0002 -0.0145  0.0009
  S  Cl  3 -0.0616  0.0000  0.0089  0.0000 -0.0002 -0.0008 -0.1809  0.0192
  Px Cl  3 -0.4137  0.0000 -0.3944  0.0000 -0.1524 -0.5202 -0.0022 -0.0226
  Py Cl  3  0.0130  0.0000  0.1346  0.0000  0.0575  0.1963  0.4347 -0.0378
  Pz Cl  3  0.0001  0.4168  0.0000 -0.4726  0.3205 -0.0938  0.0000 -0.1793
  x2 Cl  3  0.0087  0.0000 -0.0415  0.0000 -0.0387 -0.1320 -0.1334  0.0087
  xz Cl  3  0.0000  0.0942  0.0000 -0.0338  0.0206 -0.0060  0.0000 -0.0137
  z2 Cl  3  0.0481  0.0000 -0.0536  0.0000  0.0060  0.0206 -0.0699  0.0081
  yz Cl  3  0.0000  0.0745  0.0000 -0.1592  0.1094 -0.0320  0.0000 -0.0569
  xz Cl  3 -0.0463  0.0000 -0.0965  0.0000 -0.0395 -0.1349  0.0463 -0.0107
  S  Cl  4  0.0615  0.0000  0.0089  0.0000 -0.0008  0.0002  0.1811  0.2556
  Px Cl  4 -0.1437  0.3403  0.1949  0.3861  0.3424  0.1837 -0.2059 -0.1478
  Py Cl  4  0.2046  0.2405 -0.2754  0.2728 -0.3222  0.2953  0.2909  0.1858
  Pz Cl  4  0.3303 -0.0001 -0.2441 -0.0001 -0.3115  0.0913 -0.2497 -0.5372
  x2 Cl  4 -0.0070  0.0060 -0.0329  0.1042 -0.0013  0.0796  0.0203  0.0123
  xz Cl  4  0.0136  0.0979  0.0040  0.0976  0.0650  0.0518 -0.0816 -0.0934
  z2 Cl  4  0.0593  0.0000 -0.0638 -0.0001 -0.1586  0.0465 -0.0344 -0.1374
  yz Cl  4 -0.0192  0.0692 -0.0056  0.0690 -0.0514  0.0652  0.1154  0.1264
  xz Cl  4 -0.0201 -0.0022 -0.0931 -0.0369 -0.0714 -0.0071  0.0575  0.0434
  S  Cl  5  0.0615  0.0000  0.0089  0.0000  0.0008 -0.0002  0.1811 -0.2557
  Px Cl  5 -0.1436 -0.3403  0.1949 -0.3861 -0.1892  0.3394 -0.2059  0.1259
  Py Cl  5  0.2045 -0.2405 -0.2754 -0.2728  0.4306  0.0749  0.2909 -0.2014
  Pz Cl  5 -0.3303 -0.0001  0.2441 -0.0001 -0.3115  0.0911  0.2496 -0.5372
  x2 Cl  5 -0.0070 -0.0060 -0.0329 -0.1042  0.0440  0.0664  0.0203 -0.0177
  xz Cl  5 -0.0136  0.0979 -0.0041  0.0976  0.0267 -0.0787  0.0816 -0.0880
  z2 Cl  5  0.0593  0.0000 -0.0639  0.0001  0.1586 -0.0464 -0.0344  0.1374
  yz Cl  5  0.0192  0.0692  0.0057  0.0690 -0.0784 -0.0271 -0.1154  0.1302
  xz Cl  5 -0.0201  0.0022 -0.0931  0.0369  0.0563 -0.0445  0.0575 -0.0414


   Root No.   25      26      27      28      29      30      31      32

              3 t2    1 t1    1 t1    1 t1    2 e     2 e     4 t2    4 t2  

            16.276  28.014  28.014  28.051  29.390  29.404  30.521  30.545
  
  S  Cl  1 -0.2555  0.0001 -0.0008  0.0000  0.0000  0.0004 -0.0020  0.0048
  Px Cl  1 -0.5751  0.0001 -0.0013  0.0000  0.0000  0.0005  0.0084 -0.0127
  Py Cl  1 -0.1167 -0.0012  0.0136  0.0000  0.0000 -0.0440  0.0276  0.0174
  Pz Cl  1  0.0134  0.0060  0.0005  0.0079 -0.0481  0.0000  0.0000 -0.0009
  x2 Cl  1  0.1802  0.0278 -0.3039 -0.0002  0.0000 -0.2437 -0.2332 -0.1987
  xz Cl  1 -0.0044 -0.0326 -0.0030 -0.0422  0.0942  0.0000  0.0000 -0.0004
  z2 Cl  1 -0.1076  0.0480 -0.5249 -0.0004  0.0000 -0.4237 -0.4420 -0.2935
  yz Cl  1  0.0005 -0.3559 -0.0322 -0.4961 -0.4888  0.0000 -0.0002  0.0177
  xz Cl  1  0.0387  0.0045 -0.0488  0.0000  0.0000  0.0949  0.0151  0.0146
  S  Fe  2  0.0000  0.0000  0.0000  0.0000  0.0000 -0.0014  0.0000  0.0000
  Px Fe  2 -0.0839  0.0000 -0.0002  0.0000  0.0000  0.0000  0.0031 -0.0031
  Py Fe  2 -0.0594  0.0000 -0.0002  0.0000  0.0000  0.0000 -0.0044 -0.0022
  Pz Fe  2  0.0077  0.0003  0.0000  0.0000  0.0000  0.0000  0.0000  0.0001
  x2 Fe  2 -0.0335  0.0000 -0.0005  0.0000  0.0000 -0.0040  0.0013 -0.0078
  xz Fe  2 -0.0015 -0.0003  0.0000  0.0000 -0.0109  0.0000  0.0000 -0.0001
  z2 Fe  2  0.0000  0.0000  0.0000  0.0000  0.0000 -0.0070 -0.0071  0.0000
  yz Fe  2  0.0022  0.0004  0.0000  0.0000 -0.0077  0.0000  0.0000  0.0002
  xz Fe  2  0.0118  0.0000  0.0002  0.0000  0.0000 -0.0114  0.0039  0.0028
  S  Cl  3  0.2558 -0.0001  0.0008  0.0000  0.0000  0.0004 -0.0021 -0.0048
  Px Cl  3 -0.3017 -0.0011  0.0125  0.0000  0.0000  0.0413 -0.0287  0.0122
  Py Cl  3 -0.5041  0.0005 -0.0057  0.0000  0.0000 -0.0151  0.0012 -0.0178
  Pz Cl  3  0.0134  0.0060  0.0006 -0.0079  0.0481  0.0000  0.0000 -0.0008
  x2 Cl  3  0.1161  0.0188 -0.2056 -0.0002  0.0000  0.2492  0.1901 -0.1648
  xz Cl  3  0.0010  0.3406  0.0315 -0.4857 -0.4292  0.0000  0.0002 -0.0166
  z2 Cl  3  0.1077 -0.0480  0.5246  0.0004  0.0000 -0.4239 -0.4406  0.2959
  yz Cl  3  0.0043 -0.0863 -0.0080  0.1266  0.2516  0.0000 -0.0001  0.0063
  xz Cl  3 -0.1434 -0.0209  0.2288  0.0002  0.0000 -0.0794 -0.1343  0.1142
  S  Cl  4 -0.0193 -0.0008 -0.0001  0.0000  0.0000  0.0004  0.0021  0.0001
  Px Cl  4 -0.1359  0.0073 -0.0043  0.0064  0.0392 -0.0209 -0.0101  0.0243
  Py Cl  4 -0.1182 -0.0093 -0.0043  0.0046  0.0278  0.0295  0.0144  0.0164
  Pz Cl  4  0.0404 -0.0068 -0.0006  0.0000  0.0000  0.0250  0.0227 -0.0001
  x2 Cl  4 -0.0375 -0.2014  0.2380 -0.3591  0.4275 -0.1211  0.1368 -0.4797
  xz Cl  4 -0.0291 -0.1373 -0.2023  0.2638 -0.1675 -0.1509  0.1304  0.2743
  z2 Cl  4  0.0103  0.1348  0.0124 -0.0008 -0.0001  0.2190 -0.1658  0.0034
  yz Cl  4 -0.0352  0.2338 -0.1127  0.1846 -0.1186  0.2135 -0.1827  0.2015
  xz Cl  4  0.0096 -0.4889 -0.1355  0.1303 -0.1510 -0.3421  0.3907  0.1599
  S  Cl  5  0.0190  0.0008  0.0001  0.0000  0.0000  0.0004  0.0021 -0.0001
  Px Cl  5 -0.1564 -0.0065 -0.0055 -0.0064 -0.0392 -0.0209 -0.0101  0.0236
  Py Cl  5 -0.0892  0.0100 -0.0026 -0.0046 -0.0278  0.0295  0.0144  0.0174
  Pz Cl  5  0.0400 -0.0068 -0.0006  0.0000  0.0000 -0.0250 -0.0227  0.0001
  x2 Cl  5 -0.0353  0.1549  0.2700  0.3595 -0.4275 -0.1211  0.1367 -0.4743
  xz Cl  5  0.0427 -0.1717  0.1736  0.2641 -0.1675  0.1509 -0.1303 -0.2808
  z2 Cl  5 -0.0103 -0.1348 -0.0123  0.0008  0.0001  0.2191 -0.1658 -0.0025
  yz Cl  5  0.0159  0.2095  0.1530  0.1848 -0.1186 -0.2135  0.1826 -0.1923
  xz Cl  5  0.0160  0.5053 -0.0443 -0.1305  0.1510 -0.3421  0.3906  0.1753


   Root No.   33      34      35      36      37      38      39      40

              4 t2    3 e     3 e    36 ???? 37 ???? 38 ????  2 t1    2 t1  

            30.545  33.928  33.949  34.420  34.420  34.522  35.422  35.422
  
  S  Cl  1  0.0001 -0.0013  0.0000  0.0000  0.0000 -0.0002  0.0002 -0.0013
  Px Cl  1 -0.0004 -0.0009  0.0000  0.0412 -0.0002 -0.0327  0.0004 -0.0034
  Py Cl  1  0.0005 -0.1116  0.0000 -0.0289  0.0002 -0.0412  0.0251 -0.1959
  Pz Cl  1  0.0293  0.0000 -0.1127  0.0002  0.0453  0.0000 -0.1145 -0.0147
  x2 Cl  1 -0.0057 -0.0484  0.0000  0.2292 -0.0012 -0.1829 -0.0016  0.0122
  xz Cl  1  0.0141  0.0000 -0.4797  0.0031  0.5567  0.0001 -0.3331 -0.0427
  z2 Cl  1 -0.0084 -0.0675  0.0000 -0.1538  0.0008  0.0776 -0.0052  0.0404
  yz Cl  1 -0.6091  0.0000 -0.0810  0.0001  0.0253  0.0000  0.0296  0.0038
  xz Cl  1  0.0004 -0.4797  0.0000 -0.3297  0.0019 -0.4554  0.0733 -0.5713
  S  Fe  2  0.0000  0.0008  0.0000  0.0000  0.0000  0.0000  0.0000  0.0000
  Px Fe  2 -0.0001  0.0000  0.0000  0.0075  0.0000 -0.0081  0.0000 -0.0003
  Py Fe  2 -0.0001  0.0000  0.0000  0.0053  0.0000  0.0114  0.0000 -0.0002
  Pz Fe  2 -0.0038  0.0000  0.0000 -0.0001 -0.0092  0.0000  0.0003  0.0000
  x2 Fe  2 -0.0002 -0.0161  0.0000  0.0129 -0.0001 -0.0042  0.0001 -0.0006
  xz Fe  2  0.0048  0.0000 -0.0455  0.0000  0.0079  0.0000 -0.0003  0.0000
  z2 Fe  2  0.0000 -0.0279  0.0000  0.0001  0.0000  0.0218  0.0000  0.0000
  yz Fe  2 -0.0068  0.0000 -0.0321 -0.0001 -0.0112  0.0000  0.0005  0.0001
  xz Fe  2  0.0001 -0.0456  0.0000 -0.0046  0.0000 -0.0118  0.0000  0.0002
  S  Cl  3 -0.0001 -0.0013  0.0000  0.0000  0.0000 -0.0002 -0.0002  0.0013
  Px Cl  3  0.0004  0.1054  0.0000 -0.0133  0.0001  0.0497  0.0238 -0.1859
  Py Cl  3 -0.0005 -0.0363  0.0000  0.0485 -0.0003  0.0170 -0.0080  0.0620
  Pz Cl  3  0.0293  0.0000  0.1126  0.0003  0.0453  0.0000 -0.1147 -0.0147
  x2 Cl  3 -0.0049 -0.2635  0.0000  0.3851 -0.0021 -0.1449 -0.0473  0.3686
  xz Cl  3  0.5699  0.0000 -0.2361 -0.0012 -0.2095  0.0000  0.0834  0.0107
  z2 Cl  3  0.0087 -0.0675  0.0000  0.1540 -0.0009  0.0771  0.0052 -0.0404
  yz Cl  3 -0.2164  0.0000 -0.4250 -0.0029 -0.5165 -0.0001  0.3246  0.0416
  xz Cl  3  0.0034 -0.4033  0.0000  0.1112 -0.0005 -0.4693 -0.0560  0.4370
  S  Cl  4 -0.0048 -0.0013  0.0000  0.0000  0.0000  0.0002 -0.0013 -0.0002
  Px Cl  4 -0.0117 -0.0522  0.0920 -0.0371 -0.0271  0.0086 -0.1031  0.0819
  Py Cl  4  0.0181  0.0739  0.0651 -0.0260  0.0388 -0.0120  0.1205  0.0827
  Pz Cl  4 -0.0003  0.0651  0.0000 -0.0002 -0.0170 -0.0505  0.1159  0.0149
  x2 Cl  4  0.0799 -0.0976 -0.1987  0.2832 -0.0851  0.0590 -0.0514 -0.2142
  xz Cl  4  0.1194  0.0659 -0.3579  0.3842  0.1860  0.0111  0.1432 -0.1935
  z2 Cl  4 -0.1017 -0.3718 -0.0001  0.0001 -0.1256  0.4635 -0.4832 -0.0620
  yz Cl  4 -0.1516 -0.0932 -0.2530  0.2694 -0.2678 -0.0170 -0.1460 -0.1684
  xz Cl  4  0.2702 -0.2758  0.0703 -0.1014 -0.2353  0.1682 -0.2283  0.0442
  S  Cl  5  0.0048 -0.0013  0.0000  0.0000  0.0000  0.0002  0.0013  0.0002
  Px Cl  5  0.0131 -0.0522 -0.0920 -0.0368  0.0275  0.0086  0.0791  0.1053
  Py Cl  5 -0.0171  0.0739 -0.0651 -0.0264 -0.0385 -0.0121 -0.1375  0.0496
  Pz Cl  5 -0.0003 -0.0651  0.0000  0.0000 -0.0170  0.0505  0.1159  0.0149
  x2 Cl  5 -0.1077 -0.0976  0.1987  0.2841  0.0819  0.0590  0.1038 -0.1943
  xz Cl  5  0.1033 -0.0659 -0.3579 -0.3821  0.1903 -0.0110  0.0897  0.2234
  z2 Cl  5  0.1019 -0.3717  0.0001  0.0015  0.1254  0.4635  0.4833  0.0620
  yz Cl  5 -0.1632  0.0932 -0.2530 -0.2724 -0.2647  0.0169 -0.1838  0.1261
  xz Cl  5 -0.2607 -0.2758 -0.0703 -0.0987  0.2364  0.1683  0.2098  0.1004


   Root No.   41      42      43      44      45

              2 t1    4 a1    5 t2    5 t2    5 t2  

            35.478  36.709  37.282  37.282  37.290
  
  S  Cl  1  0.0000 -0.0042  0.0555  0.0076 -0.0369
  Px Cl  1  0.0000 -0.0130  0.2273  0.0312 -0.1508
  Py Cl  1  0.0000  0.0044  0.0021  0.0003  0.0101
  Pz Cl  1 -0.1626  0.0000  0.0016 -0.0117  0.0001
  x2 Cl  1  0.0000 -0.4328  0.5300  0.0726 -0.3609
  xz Cl  1 -0.4715  0.0000  0.0334 -0.2387  0.0010
  z2 Cl  1  0.0000  0.2501 -0.3148 -0.0432  0.1935
  yz Cl  1  0.0375  0.0000 -0.0022  0.0155 -0.0001
  xz Cl  1  0.0000  0.0075  0.1229  0.0181  0.2009
  S  Fe  2  0.0000  0.0024  0.0000  0.0000  0.0000
  Px Fe  2  0.0000  0.0000  0.0178  0.0024 -0.0112
  Py Fe  2  0.0000  0.0000  0.0118  0.0017  0.0170
  Pz Fe  2  0.0000  0.0000  0.0030 -0.0214  0.0001
  x2 Fe  2  0.0000  0.0004  0.0202  0.0028 -0.0028
  xz Fe  2  0.0000  0.0000 -0.0017  0.0123 -0.0001
  z2 Fe  2  0.0000  0.0007 -0.0006  0.0000  0.0182
  yz Fe  2  0.0000  0.0000  0.0024 -0.0174  0.0001
  xz Fe  2  0.0000  0.0012 -0.0068 -0.0010 -0.0101
  S  Cl  3  0.0000 -0.0042 -0.0530 -0.0076 -0.0404
  Px Cl  3  0.0000  0.0002  0.0749  0.0107  0.0456
  Py Cl  3  0.0000  0.0136  0.2037  0.0292  0.1592
  Pz Cl  3  0.1625  0.0000  0.0016 -0.0117  0.0001
  x2 Cl  3  0.0000  0.3413  0.3079  0.0450  0.4281
  xz Cl  3 -0.1217  0.0000 -0.0091  0.0650 -0.0003
  z2 Cl  3  0.0000  0.2500  0.3016  0.0432  0.2136
  yz Cl  3 -0.4568  0.0000 -0.0323  0.2303 -0.0010
  xz Cl  3  0.0000 -0.2660 -0.4233 -0.0597 -0.0982
  S  Cl  4  0.0000 -0.0042 -0.0089  0.0542  0.0384
  Px Cl  4 -0.1328  0.0064  0.0216 -0.0716 -0.0568
  Py Cl  4 -0.0938 -0.0090 -0.0103  0.1041  0.0810
  Pz Cl  4  0.0000  0.0080  0.0296 -0.1828 -0.1224
  x2 Cl  4  0.2854  0.0494 -0.1339 -0.0598 -0.0732
  xz Cl  4  0.2967 -0.2369 -0.1958  0.2357  0.2374
  z2 Cl  4 -0.0002 -0.2438 -0.0590  0.4093  0.0484
  yz Cl  4  0.2095  0.3352 -0.0451 -0.3786 -0.3463
  xz Cl  4 -0.1011  0.1395  0.0723 -0.1058 -0.1922
  S  Cl  5  0.0000 -0.0042  0.0063 -0.0543  0.0389
  Px Cl  5  0.1328  0.0064  0.0012  0.0743 -0.0574
  Py Cl  5  0.0938 -0.0090  0.0186 -0.1023  0.0819
  Pz Cl  5  0.0000 -0.0080  0.0216 -0.1829  0.1240
  x2 Cl  5 -0.2854  0.0494 -0.1451  0.0201 -0.0736
  xz Cl  5  0.2967  0.2369  0.1238  0.2784 -0.2397
  z2 Cl  5  0.0002 -0.2437  0.0557 -0.4094  0.0519
  yz Cl  5  0.2095 -0.3352  0.1470 -0.3487  0.3495
  xz Cl  5  0.1011  0.1395  0.0407  0.1199 -0.1932


              NET ATOMIC CHARGES AND DIPOLE CONTRIBUTIONS

         ATOM NO.   TYPE          CHARGE        ATOM  ELECTRON DENSITY
           1         Cl           2.094853        4.9051
           2         Fe          -9.378789       17.3788
           3         Cl           2.094541        4.9055
           4         Cl           2.094718        4.9053
           5         Cl           2.094676        4.9053
 DIPOLE           X         Y         Z       TOTAL
 POINT-CHG.    -0.001    -0.001     0.000     0.001
 HYBRID         0.001     0.001     0.000     0.001
 SUM            0.000     0.000     0.000     0.000


          CARTESIAN COORDINATES 

    NO.       ATOM               X         Y         Z

     1        Cl                  0.0000    0.0000    0.0000
     2        Fe                  1.1344    0.0000    0.0000
     3        Cl                  1.5125    1.0695    0.0000
     4        Cl                  1.5125   -0.5348    0.9262
     5        Cl                  1.5125   -0.5348   -0.9262


          ATOMIC ORBITAL ELECTRON POPULATIONS

   1.79363   0.84033   1.08392   1.09189   0.02051   0.02801   0.01144   0.00692
   0.02850   1.99998   1.97615   1.97471   1.97757   1.97393   1.82326   1.92430
   1.90965   1.81923   1.79366   1.05275   0.87168   1.09199   0.02197   0.01174
   0.01144   0.02320   0.02704   1.79364   1.06438   1.03674   0.91514   0.01082
   0.02323   0.02470   0.02177   0.01486   1.79365   1.06440   1.03676   0.91515
   0.01082   0.02323   0.02470   0.02177   0.01486


          MULTI-ELECTRON CONFIGURATION INTERACTION CALCULATION


          COMPONENT OF SPIN  =  1.5


           NO OF CONFIGURATIONS CONSIDERED =   90

 CONFIGURATIONS CONSIDERED IN C.I.      
 M.O. NUMBER :        17  18  19  20  21  22
          ENERGY

             1         1   1   1   1   0   0
        -14.8947       1   0   0   0   0   0

             2         1   1   1   1   0   0
        -12.8172       0   1   0   0   0   0

             3         1   1   1   1   0   0
        -12.3319       0   0   1   0   0   0

             4         1   1   1   1   0   0
        -11.7448       0   0   0   1   0   0

             5         1   1   1   1   0   0
        -11.5774       0   0   0   0   1   0

             6         1   1   1   1   0   0
        -11.5774       0   0   0   0   0   1

             7         1   1   1   0   1   0
        -14.9006       1   0   0   0   0   0

             8         1   1   1   0   1   0
        -13.0003       0   1   0   0   0   0

             9         1   1   1   0   1   0
        -12.2689       0   0   1   0   0   0

            10         1   1   1   0   1   0
        -11.9530       0   0   0   1   0   0

            11         1   1   1   0   1   0
        -11.2561       0   0   0   0   1   0

            12         1   1   1   0   1   0
        -11.8786       0   0   0   0   0   1

            13         1   1   1   0   0   1
        -14.9006       1   0   0   0   0   0

            14         1   1   1   0   0   1
        -13.0003       0   1   0   0   0   0

            15         1   1   1   0   0   1
        -12.2689       0   0   1   0   0   0

            16         1   1   1   0   0   1
        -11.9530       0   0   0   1   0   0

            17         1   1   1   0   0   1
        -11.8786       0   0   0   0   1   0

            18         1   1   1   0   0   1
        -11.2561       0   0   0   0   0   1

            19         1   1   0   1   1   0
        -14.0197       1   0   0   0   0   0

            20         1   1   0   1   1   0
        -11.8444       0   1   0   0   0   0

            21         1   1   0   1   1   0
        -11.6940       0   0   1   0   0   0

            22         1   1   0   1   1   0
        -10.5037       0   0   0   1   0   0

            23         1   1   0   1   1   0
        -10.0780       0   0   0   0   1   0

            24         1   1   0   1   1   0
        -10.7004       0   0   0   0   0   1

            25         1   1   0   1   0   1
        -14.0197       1   0   0   0   0   0

            26         1   1   0   1   0   1
        -11.8444       0   1   0   0   0   0

            27         1   1   0   1   0   1
        -11.6940       0   0   1   0   0   0

            28         1   1   0   1   0   1
        -10.5037       0   0   0   1   0   0

            29         1   1   0   1   0   1
        -10.7004       0   0   0   0   1   0

            30         1   1   0   1   0   1
        -10.0780       0   0   0   0   0   1

            31         1   1   0   0   1   1
        -13.6867       1   0   0   0   0   0

            32         1   1   0   0   1   1
        -11.6885       0   1   0   0   0   0

            33         1   1   0   0   1   1
        -11.2921       0   0   1   0   0   0

            34         1   1   0   0   1   1
        -10.3730       0   0   0   1   0   0

            35         1   1   0   0   1   1
        -10.0403       0   0   0   0   1   0

            36         1   1   0   0   1   1
        -10.0403       0   0   0   0   0   1

            37         1   0   1   1   1   0
        -13.8714       1   0   0   0   0   0

            38         1   0   1   1   1   0
        -12.0350       0   1   0   0   0   0

            39         1   0   1   1   1   0
        -11.0698       0   0   1   0   0   0

            40         1   0   1   1   1   0
        -10.4604       0   0   0   1   0   0

            41         1   0   1   1   1   0
         -9.7887       0   0   0   0   1   0

            42         1   0   1   1   1   0
        -10.4111       0   0   0   0   0   1

            43         1   0   1   1   0   1
        -13.8714       1   0   0   0   0   0

            44         1   0   1   1   0   1
        -12.0350       0   1   0   0   0   0

            45         1   0   1   1   0   1
        -11.0698       0   0   1   0   0   0

            46         1   0   1   1   0   1
        -10.4604       0   0   0   1   0   0

            47         1   0   1   1   0   1
        -10.4111       0   0   0   0   1   0

            48         1   0   1   1   0   1
         -9.7887       0   0   0   0   0   1

            49         1   0   1   0   1   1
        -14.2110       1   0   0   0   0   0

            50         1   0   1   0   1   1
        -12.5518       0   1   0   0   0   0

            51         1   0   1   0   1   1
        -11.3405       0   0   1   0   0   0

            52         1   0   1   0   1   1
        -11.0024       0   0   0   1   0   0

            53         1   0   1   0   1   1
        -10.4236       0   0   0   0   1   0

            54         1   0   1   0   1   1
        -10.4236       0   0   0   0   0   1

            55         1   0   0   1   1   1
        -12.7227       1   0   0   0   0   0

            56         1   0   0   1   1   1
        -10.7884       0   1   0   0   0   0

            57         1   0   0   1   1   1
        -10.1582       0   0   1   0   0   0

            58         1   0   0   1   1   1
         -8.9456       0   0   0   1   0   0

            59         1   0   0   1   1   1
         -8.6381       0   0   0   0   1   0

            60         1   0   0   1   1   1
         -8.6381       0   0   0   0   0   1

            61         0   1   1   1   1   0
        -11.8703       1   0   0   0   0   0

            62         0   1   1   1   1   0
         -9.6766       0   1   0   0   0   0

            63         0   1   1   1   1   0
         -9.0502       0   0   1   0   0   0

            64         0   1   1   1   1   0
         -8.1659       0   0   0   1   0   0

            65         0   1   1   1   1   0
         -7.6713       0   0   0   0   1   0

            66         0   1   1   1   1   0
         -8.2938       0   0   0   0   0   1

            67         0   1   1   1   0   1
        -11.8703       1   0   0   0   0   0

            68         0   1   1   1   0   1
         -9.6766       0   1   0   0   0   0

            69         0   1   1   1   0   1
         -9.0502       0   0   1   0   0   0

            70         0   1   1   1   0   1
         -8.1659       0   0   0   1   0   0

            71         0   1   1   1   0   1
         -8.2938       0   0   0   0   1   0

            72         0   1   1   1   0   1
         -7.6713       0   0   0   0   0   1

            73         0   1   1   0   1   1
        -11.5493       1   0   0   0   0   0

            74         0   1   1   0   1   1
         -9.5326       0   1   0   0   0   0

            75         0   1   1   0   1   1
         -8.6603       0   0   1   0   0   0

            76         0   1   1   0   1   1
         -8.0472       0   0   0   1   0   0

            77         0   1   1   0   1   1
         -7.6456       0   0   0   0   1   0

            78         0   1   1   0   1   1
         -7.6456       0   0   0   0   0   1

            79         0   1   0   1   1   1
        -10.8995       1   0   0   0   0   0

            80         0   1   0   1   1   1
         -8.6079       0   1   0   0   0   0

            81         0   1   0   1   1   1
         -8.3165       0   0   1   0   0   0

            82         0   1   0   1   1   1
         -6.8290       0   0   0   1   0   0

            83         0   1   0   1   1   1
         -6.6986       0   0   0   0   1   0

            84         0   1   0   1   1   1
         -6.6986       0   0   0   0   0   1

            85         0   0   1   1   1   1
        -10.2761       1   0   0   0   0   0

            86         0   0   1   1   1   1
         -8.3234       0   1   0   0   0   0

            87         0   0   1   1   1   1
         -7.2172       0   0   1   0   0   0

            88         0   0   1   1   1   1
         -6.3106       0   0   0   1   0   0

            89         0   0   1   1   1   1
         -5.9342       0   0   0   0   1   0

            90         0   0   1   1   1   1
         -5.9342       0   0   0   0   0   1


 DIAGONAL OF C.I. MATRIX
   -14.894691   -12.817219   -12.331896   -11.744803   -11.577356
   -11.577355   -14.900614   -13.000258   -12.268928   -11.953042
   -11.256139   -11.878570   -14.900614   -13.000258   -12.268929
   -11.953042   -11.878571   -11.256139   -14.019667   -11.844366
   -11.693982   -10.503678   -10.077981   -10.700412   -14.019667
   -11.844366   -11.693983   -10.503678   -10.700413   -10.077980
   -13.686702   -11.688517   -11.292128   -10.373028   -10.040308
   -10.040307   -13.871385   -12.034983   -11.069765   -10.460407
    -9.788704   -10.411135   -13.871386   -12.034983   -11.069767
   -10.460408   -10.411137    -9.788704   -14.211039   -12.551752
   -11.340529   -11.002376   -10.423650   -10.423649   -12.722674
   -10.788441   -10.158164    -8.945593    -8.638072    -8.638071
   -11.870285    -9.676552    -9.050233    -8.165929    -7.671341
    -8.293773   -11.870284    -9.676551    -9.050233    -8.165928
    -8.293773    -7.671340   -11.549266    -9.532649    -8.660325
    -8.047226    -7.645616    -7.645615   -10.899463    -8.607899
    -8.316521    -6.829004    -6.698600    -6.698599   -10.276097
    -8.323432    -7.217221    -6.310650    -5.934239    -5.934238

  STATE       ENERGY (EV)        Q.N.  SPIN   SYMMETRY     POLARIZATION
         ABSOLUTE    RELATIVE                            X       Y       Z

    1+  -15.273208    0.000000     1   QUARTET     ????  0.0089  0.0072  0.0025
    2   -15.273207    0.000000     2   QUARTET     ????  0.0021  0.0014  0.0114
    3   -15.237021    0.036187     3   QUARTET     ????  0.0000  0.0000  0.0000
    4   -14.396446    0.876762     4   QUARTET     ????  0.0477  0.0342  0.1291
    5   -14.396445    0.876762     5   QUARTET     ????  0.1050  0.0751  0.0587
    6   -14.277826    0.995382     6   QUARTET     ????  0.0006  0.0009  0.0003
    7   -14.081592    1.191616     7   QUARTET     ????  0.2298  0.1622  0.0466
    8   -14.081590    1.191617     8   QUARTET     ????  0.0382  0.0267  0.2812
    9   -14.037916    1.235291     9   QUARTET     ????  0.0010  0.0007  0.0002
   10   -13.369548    1.903660    10   QUARTET     ????  0.0063  0.0044  0.0041
   11   -13.369548    1.903660    11   QUARTET     ????  0.0034  0.0024  0.0077
   12   -13.238068    2.035140     1   SEXTET      ????
   13   -13.181539    2.091668     2   SEXTET      ????
   14   -13.181539    2.091669     3   SEXTET      ????
   15   -13.166319    2.106888    12   QUARTET     ????  0.0631  0.0885  0.0001
   16   -13.129803    2.143404    13   QUARTET     ????  0.0000  0.0000  0.0002
   17   -12.819974    2.453233    14   QUARTET     ????  0.2220  0.3148  0.0000
   18   -12.573195    2.700013    15   QUARTET     ????  0.0109  0.0072  0.0530
   19   -12.573194    2.700013    16   QUARTET     ????  0.0437  0.0300  0.0131
   20   -12.455880    2.817327    17   QUARTET     ????  0.0518  0.0367  0.0783
   21   -12.455880    2.817328    18   QUARTET     ????  0.0638  0.0454  0.0635
   22   -12.417720    2.855488    19   QUARTET     ????  0.0418  0.0592  0.0000
   23   -12.221813    3.051395    20   QUARTET     ????  0.0057  0.0078  0.0008
   24   -12.171247    3.101961    21   QUARTET     ????  0.0000  0.0000  0.0000
   25   -12.100823    3.172384    22   QUARTET     ????  0.1589  0.1114  0.0253
   26   -12.100821    3.172386    23   QUARTET     ????  0.0206  0.0147  0.1940
   27   -11.973858    3.299350     4   SEXTET      ????
   28   -11.954622    3.318586     5   SEXTET      ????
   29   -11.933408    3.339800    24   QUARTET     ????  0.0006  0.0004  0.0001
   30   -11.638146    3.635061    25   QUARTET     ????  0.0624  0.0440  0.1902
   31   -11.638146    3.635062    26   QUARTET     ????  0.1556  0.1095  0.0764
   32   -11.557218    3.715989    27   QUARTET     ????  0.0069  0.0092  0.0025
   33   -11.536134    3.737073    28   QUARTET     ????  0.0002  0.0001  0.0019
   34   -11.452659    3.820549    29   QUARTET     ????  0.3920  0.2755  0.0397
   35   -11.452657    3.820550    30   QUARTET     ????  0.0326  0.0226  0.4791
   36   -11.365125    3.908083    31   QUARTET     ????  0.0450  0.0680  0.0003
   37   -11.337947    3.935260    32   QUARTET     ????  0.0134  0.0095  0.1024
   38   -11.337946    3.935261    33   QUARTET     ????  0.0835  0.0592  0.0165
   39   -11.326568    3.946639    34   QUARTET     ????  0.0001  0.0001  0.0008
   40   -11.100988    4.172219    35   QUARTET     ????  0.0086  0.0062  0.0672
   41   -11.100961    4.172247    36   QUARTET     ????  0.0550  0.0387  0.0106
   42   -11.083593    4.189615    37   QUARTET     ????  0.0014  0.0012  0.0032
   43   -10.880684    4.392523    38   QUARTET     ????  0.0539  0.0780  0.0002
   44   -10.860538    4.412670    39   QUARTET     ????  0.0004  0.0002  0.0001
   45   -10.792325    4.480882    40   QUARTET     ????  0.0124  0.0088  0.1279
   46   -10.792322    4.480886    41   QUARTET     ????  0.1049  0.0732  0.0152
   47   -10.704943    4.568265    42   QUARTET     ????  0.0001  0.0000  0.0006
   48   -10.521861    4.751346    43   QUARTET     ????  0.0053  0.0074  0.0002
   49   -10.374012    4.899196    44   QUARTET     ????  0.0750  0.0518  0.0121
   50   -10.374006    4.899201    45   QUARTET     ????  0.0099  0.0070  0.0911
   51   -10.279383    4.993825    46   QUARTET     ????  0.0002  0.0002  0.0000
   52   -10.230363    5.042845    47   QUARTET     ????  0.0730  0.1043  0.0001
   53   -10.115959    5.157249    48   QUARTET     ????  0.0009  0.0013  0.0003
   54    -9.879895    5.393312    49   QUARTET     ????  0.0001  0.0001  0.0000
   55    -9.784753    5.488455    50   QUARTET     ????  0.0192  0.0135  0.0853
   56    -9.784751    5.488456    51   QUARTET     ????  0.0697  0.0492  0.0235
   57    -9.614240    5.658968     6   SEXTET      ????
   58    -9.593543    5.679664    52   QUARTET     ????  0.0001  0.0001  0.0006
   59    -9.513854    5.759353    53   QUARTET     ????  0.0145  0.0129  0.0008
   60    -9.513846    5.759361    54   QUARTET     ????  0.0004  0.0008  0.0193
   61    -9.491724    5.781484    55   QUARTET     ????  0.0967  0.1364  0.0000
   62    -9.298440    5.974768    56   QUARTET     ????
   63    -9.268257    6.004950    57   QUARTET     ????  0.0004  0.0006  0.0000
   64    -9.246196    6.027011    58   QUARTET     ????  0.0012  0.0009  0.0144
   65    -9.246196    6.027012    59   QUARTET     ????  0.0116  0.0084  0.0015
   66    -9.155769    6.117439    60   QUARTET     ????  0.0017  0.0025  0.0002
   67    -8.953772    6.319436    61   QUARTET     ????  0.0007  0.0005  0.0113
   68    -8.953771    6.319437    62   QUARTET     ????  0.0094  0.0062  0.0008
   69    -8.815832    6.457375    63   QUARTET     ????  0.0000  0.0000  0.0001
   70    -8.591240    6.681967    64   QUARTET     ????  0.0248  0.0174  0.0019
   71    -8.591235    6.681973    65   QUARTET     ????  0.0016  0.0011  0.0303
   72    -8.583637    6.689570    66   QUARTET     ????  0.0035  0.0059  0.0001
   73    -8.295571    6.977637    67   QUARTET     ????  0.0000  0.0000  0.0001
   74    -8.108380    7.164827    68   QUARTET     ????  0.0004  0.0003  0.0001
   75    -8.048321    7.224886    69   QUARTET     ????  0.0026  0.0018  0.0264
   76    -8.048313    7.224895    70   QUARTET     ????  0.0216  0.0152  0.0032
   77    -7.846604    7.426604    71   QUARTET     ????  0.0136  0.0191  0.0000
   78    -7.447964    7.825244    72   QUARTET     ????  0.0458  0.0647  0.0000
   79    -7.425443    7.847765    73   QUARTET     ????  0.0000  0.0000  0.0001
   80    -7.356401    7.916807    74   QUARTET     ????
   81    -7.184335    8.088873    75   QUARTET     ????  0.0000  0.0000  0.0002
   82    -7.184330    8.088878    76   QUARTET     ????  0.0003  0.0000  0.0000
   83    -6.904746    8.368461    77   QUARTET     ????
   84    -6.670277    8.602931    78   QUARTET     ????  0.0172  0.0243  0.0000
   85    -6.581152    8.692056    79   QUARTET     ????
   86    -6.389560    8.883648    80   QUARTET     ????  0.0048  0.0035  0.0016
   87    -6.389558    8.883650    81   QUARTET     ????  0.0013  0.0010  0.0059
   88    -5.895549    9.377659    82   QUARTET     ????  0.0020  0.0028  0.0001
   89    -5.501624    9.771583    83   QUARTET     ????  0.0000  0.0000  0.0000
   90    -5.501623    9.771584    84   QUARTET     ????  0.0001  0.0000  0.0000
 'RELATIVE ENERGY' IS RELATIVE TO LOWEST STATE CALCULATED.
 THIS MAY OR MAY NOT BE THE GROUND STATE



 TOTAL CPU TIME:             2.38 SECONDS

 == MOPAC DONE ==
