 *******************************************************************************
 **  MOPAC: For non-commercial use only        Written by James J. P. Stewart **
 *******************************************************************************

                                MNDO CALCULATION RESULTS


 *******************************************************************************
 *                   MOPAC   7.10               CALC'D. Thu Jun  1 10:43:07 2006
 *  PM5      - This Hamiltonian is not supported
 *  SYMMETRY - SYMMETRY CONDITIONS TO BE IMPOSED
 *
 *
 *
 *                 CHARGE ON SYSTEM =    -4
 *
 *
 *
 *  OPEN(N,N)- THERE ARE 5 ELECTRONS IN 6 LEVELS
 *  PULAY    - PULAY'S METHOD TO BE USED IN SCF
 *  T=       - A TIME OF172800.0 SECONDS REQUESTED
 *  DUMP=N   - RESTART FILE WRITTEN EVERY  7200.000 SECONDS
 *  SHIFT    - A DAMPING FACTOR OF   80.00 DEFINED
 *  ALLVEC   - PRINT ALL EIGENVECTORS
 *  MECI     - M.E.C.I. WORKING TO BE PRINTED
 *******************************************************************************



     PARAMETER DEPENDENCE DATA

        REFERENCE ATOM      FUNCTION NO.    DEPENDENT ATOM(S)
            2                  1             3  4  5  6  7

             DESCRIPTIONS OF THE FUNCTIONS USED

   1      BOND LENGTH    IS SET EQUAL TO THE REFERENCE BOND LENGTH   
  ALLVECS OPEN(5,6) MECI CHARGE=-4 SYMMETRY PM5  pulay shift=80           NOLOG
 Manganese(II) hexachloride 6A1g
 H=0 HR=METALS ROOT=1,6,A1G

    ATOM   CHEMICAL       BOND LENGTH     BOND ANGLE      TWIST ANGLE
   NUMBER  SYMBOL         (ANGSTROMS)      (DEGREES)       (DEGREES)
    (I)                       NA:I           NB:NA:I       NC:NB:NA:I     NA   NB   NC

      1     Mn            0.0000000        0.0000000        0.0000000   
      2     Cl            2.0484060  *     0.0000000        0.0000000      1    0    0
      3     Cl            2.0484060       90.0000000        0.0000000      1    2    0
      4     Cl            2.0484060       90.0000000      180.0000000      1    2    3
      5     Cl            2.0484060      180.0000000        0.0000000      1    2    3
      6     Cl            2.0484060       90.0000000       90.0000000      1    2    3
      7     Cl            2.0484060       90.0000000      -90.0000000      1    2    3


          CARTESIAN COORDINATES 

    NO.       ATOM         X         Y         Z

     1        Mn        0.0000    0.0000    0.0000
     2        Cl        2.0484    0.0000    0.0000
     3        Cl        0.0000    2.0484    0.0000
     4        Cl        0.0000   -2.0484    0.0000
     5        Cl       -2.0484    0.0000    0.0000
     6        Cl        0.0000    0.0000   -2.0484
     7        Cl        0.0000    0.0000    2.0484
 Cl (PM6): J. J. P. Stewart  J. Mol. Mod. (to be submitted)!                    
 Mn (PM6): J. J. P. Stewart  J. Mol. Mod. (to be submitted)!                    


      MOLECULAR POINT GROUP   :   Oh  

      THERE ARE   24 DOUBLY FILLED LEVELS


      RHF CALCULATION, NO. OF DOUBLY OCCUPIED LEVELS =   24


                       NO. OF LEVELS WITH OCCUPANCY 0.833  =  6
 ONLY ONE VARIABLE, THEREFORE ENERGY A MINIMUM

 -------------------------------------------------------------------------------
  ALLVECS OPEN(5,6) MECI CHARGE=-4 SYMMETRY PM5  pulay shift=80           NOLOG
 Manganese(II) hexachloride 6A1g
 H=0 HR=METALS ROOT=1,6,A1G


     HEAT OF FORMATION MINIMIZED IN ONE LINE SEARCH           
     SCF FIELD WAS ACHIEVED                                   


                               MNDO    CALCULATION
                                                       MOPAC  7.10
                                                       Thu Jun  1 10:43:10 2006




          FINAL HEAT OF FORMATION =         84.78964 KCAL =    354.75986 KJ


          TOTAL ENERGY            =      -1738.26887 EV  STATE:  QUARTET T1g 
          ELECTRONIC ENERGY       =      -3904.96616 EV  POINT GROUP:     Oh  
          CORE-CORE REPULSION     =       2166.69729 EV

          IONIZATION POTENTIAL    =         -5.35859
          NO. OF FILLED LEVELS    =         24
          AND NO. OF OPEN LEVELS  =          6
          MOLECULAR WEIGHT        =        267.656

          MOLECULAR DIMENSIONS (Angstroms)

            Atom       Atom       Distance
           Cl     4   Cl     3    10.13692
           Cl     5   Cl     2    10.13692
           Cl     7   Cl     6    10.13692


          SCF CALCULATIONS        =         24
          COMPUTATION TIME        =          2.719 SECONDS





    ATOM   CHEMICAL       BOND LENGTH     BOND ANGLE      TWIST ANGLE
   NUMBER  SYMBOL         (ANGSTROMS)      (DEGREES)       (DEGREES)
    (I)                       NA:I           NB:NA:I       NC:NB:NA:I     NA   NB   NC

      1     Mn            0.0000000        0.0000000        0.0000000   
      2     Cl            5.0684589  *     0.0000000        0.0000000      1    0    0
      3     Cl            5.0684589       90.0000000        0.0000000      1    2    0
      4     Cl            5.0684589       90.0000000      180.0000000      1    2    3
      5     Cl            5.0684589      180.0000000        0.0000000      1    2    3
      6     Cl            5.0684589       90.0000000       90.0000000      1    2    3
      7     Cl            5.0684589       90.0000000      -90.0000000      1    2    3


      MOLECULAR POINT GROUP   :   Oh  


                EIGENVECTORS  


   Root No.    1       2       3       4       5       6       7       8

              1 eg    1 eg    1 t1u   1 t1u   1 t1u   1 a1g   2 a1g   1 t1g 

           -16.258 -16.258 -16.257 -16.257 -16.257 -16.251  -1.165  -0.089
  
  S  Mn  1  0.0000  0.0000  0.0000  0.0000  0.0000 -0.0007  0.9993  0.0000
  Px Mn  1  0.0000  0.0000 -0.0004  0.0002  0.0000  0.0000  0.0000  0.0000
  Py Mn  1  0.0000  0.0000 -0.0002 -0.0004  0.0000  0.0000  0.0000  0.0000
  Pz Mn  1  0.0000  0.0000  0.0000  0.0000  0.0004  0.0000  0.0000  0.0000
  x2 Mn  1  0.0000  0.0000  0.0000  0.0000  0.0000  0.0000  0.0000  0.0000
  xz Mn  1  0.0000  0.0000  0.0000  0.0000  0.0000  0.0000  0.0000  0.0000
  z2 Mn  1  0.0000  0.0000  0.0000  0.0000  0.0000  0.0000  0.0000  0.0000
  yz Mn  1  0.0000  0.0000  0.0000  0.0000  0.0000  0.0000  0.0000  0.0000
  xz Mn  1  0.0000  0.0000  0.0000  0.0000  0.0000  0.0000  0.0000  0.0000
  S  Cl  2  0.5008  0.2872 -0.6220  0.3363  0.0004 -0.4082 -0.0001  0.0000
  Px Cl  2  0.0034  0.0020 -0.0044  0.0024  0.0000 -0.0040 -0.0151  0.0000
  Py Cl  2  0.0000  0.0000  0.0000  0.0000  0.0000  0.0000  0.0000 -0.0002
  Pz Cl  2  0.0000  0.0000  0.0000  0.0000  0.0000  0.0000  0.0000  0.4997
  x2 Cl  2 -0.0001 -0.0001  0.0001 -0.0001  0.0000  0.0001  0.0002  0.0000
  xz Cl  2  0.0000  0.0000  0.0000  0.0000  0.0000  0.0000  0.0000  0.0018
  z2 Cl  2  0.0001  0.0000 -0.0001  0.0000  0.0000 -0.0001 -0.0001  0.0000
  yz Cl  2  0.0000  0.0000  0.0000  0.0000  0.0000  0.0000  0.0000  0.0000
  xz Cl  2  0.0000  0.0000  0.0000  0.0000  0.0000  0.0000  0.0000  0.0000
  S  Cl  3 -0.4991  0.2901 -0.3363 -0.6220 -0.0010 -0.4082 -0.0001  0.0000
  Px Cl  3  0.0000  0.0000  0.0000  0.0000  0.0000  0.0000  0.0000  0.0002
  Py Cl  3 -0.0034  0.0020 -0.0024 -0.0044  0.0000 -0.0040 -0.0151  0.0000
  Pz Cl  3  0.0000  0.0000  0.0000  0.0000  0.0000  0.0000  0.0000 -0.0168
  x2 Cl  3 -0.0001  0.0001 -0.0001 -0.0001  0.0000 -0.0001 -0.0002  0.0000
  xz Cl  3  0.0000  0.0000  0.0000  0.0000  0.0000  0.0000  0.0000  0.0000
  z2 Cl  3 -0.0001  0.0000  0.0000 -0.0001  0.0000 -0.0001 -0.0001  0.0000
  yz Cl  3  0.0000  0.0000  0.0000  0.0000  0.0000  0.0000  0.0000 -0.0001
  xz Cl  3  0.0000  0.0000  0.0000  0.0000  0.0000  0.0000  0.0000  0.0000
  S  Cl  4 -0.4991  0.2901  0.3363  0.6220  0.0010 -0.4082 -0.0001  0.0000
  Px Cl  4  0.0000  0.0000  0.0000  0.0000  0.0000  0.0000  0.0000 -0.0002
  Py Cl  4  0.0034 -0.0020 -0.0024 -0.0044  0.0000  0.0040  0.0151  0.0000
  Pz Cl  4  0.0000  0.0000  0.0000  0.0000  0.0000  0.0000  0.0000  0.0168
  x2 Cl  4 -0.0001  0.0001  0.0001  0.0001  0.0000 -0.0001 -0.0002  0.0000
  xz Cl  4  0.0000  0.0000  0.0000  0.0000  0.0000  0.0000  0.0000  0.0000
  z2 Cl  4 -0.0001  0.0000  0.0000  0.0001  0.0000 -0.0001 -0.0001  0.0000
  yz Cl  4  0.0000  0.0000  0.0000  0.0000  0.0000  0.0000  0.0000 -0.0001
  xz Cl  4  0.0000  0.0000  0.0000  0.0000  0.0000  0.0000  0.0000  0.0000
  S  Cl  5  0.5008  0.2872  0.6220 -0.3363 -0.0004 -0.4082 -0.0001  0.0000
  Px Cl  5 -0.0034 -0.0020 -0.0044  0.0024  0.0000  0.0040  0.0151  0.0000
  Py Cl  5  0.0000  0.0000  0.0000  0.0000  0.0000  0.0000  0.0000  0.0002
  Pz Cl  5  0.0000  0.0000  0.0000  0.0000  0.0000  0.0000  0.0000 -0.4997
  x2 Cl  5 -0.0001 -0.0001 -0.0001  0.0001  0.0000  0.0001  0.0002  0.0000
  xz Cl  5  0.0000  0.0000  0.0000  0.0000  0.0000  0.0000  0.0000  0.0018
  z2 Cl  5  0.0001  0.0000  0.0001  0.0000  0.0000 -0.0001 -0.0001  0.0000
  yz Cl  5  0.0000  0.0000  0.0000  0.0000  0.0000  0.0000  0.0000  0.0000
  xz Cl  5  0.0000  0.0000  0.0000  0.0000  0.0000  0.0000  0.0000  0.0000
  S  Cl  6 -0.0017 -0.5773  0.0001  0.0011 -0.7071 -0.4082 -0.0001  0.0000
  Px Cl  6  0.0000  0.0000  0.0000  0.0000  0.0000  0.0000  0.0000  0.4997
  Py Cl  6  0.0000  0.0000  0.0000  0.0000  0.0000  0.0000  0.0000 -0.0168
  Pz Cl  6  0.0000  0.0039  0.0000  0.0000  0.0051  0.0040  0.0151  0.0000
  x2 Cl  6  0.0000  0.0000  0.0000  0.0000  0.0000  0.0000  0.0000  0.0000
  xz Cl  6  0.0000  0.0000  0.0000  0.0000  0.0000  0.0000  0.0000 -0.0018
  z2 Cl  6  0.0000  0.0001  0.0000  0.0000  0.0002  0.0001  0.0002  0.0000
  yz Cl  6  0.0000  0.0000  0.0000  0.0000  0.0000  0.0000  0.0000  0.0001
  xz Cl  6  0.0000  0.0000  0.0000  0.0000  0.0000  0.0000  0.0000  0.0000
  S  Cl  7 -0.0017 -0.5773 -0.0001 -0.0011  0.7071 -0.4082 -0.0001  0.0000
  Px Cl  7  0.0000  0.0000  0.0000  0.0000  0.0000  0.0000  0.0000 -0.4997
  Py Cl  7  0.0000  0.0000  0.0000  0.0000  0.0000  0.0000  0.0000  0.0168
  Pz Cl  7  0.0000 -0.0039  0.0000  0.0000  0.0051 -0.0040 -0.0151  0.0000
  x2 Cl  7  0.0000  0.0000  0.0000  0.0000  0.0000  0.0000  0.0000  0.0000
  xz Cl  7  0.0000  0.0000  0.0000  0.0000  0.0000  0.0000  0.0000 -0.0018
  z2 Cl  7  0.0000  0.0001  0.0000  0.0000 -0.0002  0.0001  0.0002  0.0000
  yz Cl  7  0.0000  0.0000  0.0000  0.0000  0.0000  0.0000  0.0000  0.0001
  xz Cl  7  0.0000  0.0000  0.0000  0.0000  0.0000  0.0000  0.0000  0.0000


   Root No.    9      10      11      12      13      14      15      16

              1 t1g   1 t1g   1 t2u   1 t2u   1 t2u   2 t1u   2 t1u   2 t1u 

            -0.089  -0.089  -0.089  -0.089  -0.089  -0.089  -0.089  -0.089
  
  S  Mn  1  0.0000  0.0000  0.0000  0.0000  0.0000  0.0000  0.0000  0.0000
  Px Mn  1  0.0000  0.0000  0.0000  0.0000  0.0000  0.0009 -0.0001  0.0000
  Py Mn  1  0.0000  0.0000  0.0000  0.0000  0.0000  0.0001  0.0009  0.0000
  Pz Mn  1  0.0000  0.0000  0.0000  0.0000  0.0000  0.0000  0.0000  0.0009
  x2 Mn  1  0.0000  0.0000  0.0000  0.0000  0.0000  0.0000  0.0000  0.0000
  xz Mn  1  0.0000  0.0000  0.0000  0.0000  0.0000  0.0000  0.0000  0.0000
  z2 Mn  1  0.0000  0.0000  0.0000  0.0000  0.0000  0.0000  0.0000  0.0000
  yz Mn  1  0.0000  0.0000  0.0000  0.0000  0.0000  0.0000  0.0000  0.0000
  xz Mn  1  0.0000  0.0000  0.0000  0.0000  0.0000  0.0000  0.0000  0.0000
  S  Cl  2  0.0000  0.0000  0.0000  0.0000  0.0000  0.0000  0.0000  0.0000
  Px Cl  2  0.0000  0.0000  0.0000  0.0000  0.0000  0.0033 -0.0005  0.0000
  Py Cl  2  0.0004  0.5000  0.0005  0.5000 -0.0011  0.0802  0.4935  0.0002
  Pz Cl  2 -0.0168  0.0002  0.0000  0.0011  0.5000 -0.0007 -0.0001  0.5000
  x2 Cl  2  0.0000  0.0000  0.0000  0.0000  0.0000  0.0000  0.0000  0.0000
  xz Cl  2 -0.0001  0.0000  0.0000  0.0000  0.0018  0.0000  0.0000  0.0018
  z2 Cl  2  0.0000  0.0000  0.0000  0.0000  0.0000  0.0000  0.0000  0.0000
  yz Cl  2  0.0000  0.0000  0.0000  0.0000  0.0000  0.0000  0.0000  0.0000
  xz Cl  2  0.0000  0.0018  0.0000  0.0018  0.0000  0.0003  0.0018  0.0000
  S  Cl  3  0.0000  0.0000  0.0000  0.0000  0.0000  0.0000  0.0000  0.0000
  Px Cl  3 -0.0004 -0.5000  0.5000 -0.0005  0.0000  0.4935 -0.0802  0.0006
  Py Cl  3  0.0000  0.0000  0.0000  0.0000  0.0000  0.0005  0.0033  0.0000
  Pz Cl  3 -0.4997  0.0004  0.0000 -0.0011 -0.5000 -0.0007 -0.0001  0.5000
  x2 Cl  3  0.0000  0.0000  0.0000  0.0000  0.0000  0.0000  0.0000  0.0000
  xz Cl  3  0.0000  0.0000  0.0000  0.0000  0.0000  0.0000  0.0000  0.0000
  z2 Cl  3  0.0000  0.0000  0.0000  0.0000  0.0000  0.0000  0.0000  0.0000
  yz Cl  3 -0.0018  0.0000  0.0000  0.0000 -0.0018  0.0000  0.0000  0.0018
  xz Cl  3  0.0000 -0.0018  0.0018  0.0000  0.0000  0.0018 -0.0003  0.0000
  S  Cl  4  0.0000  0.0000  0.0000  0.0000  0.0000  0.0000  0.0000  0.0000
  Px Cl  4  0.0004  0.5000  0.5000 -0.0005  0.0000  0.4935 -0.0802  0.0006
  Py Cl  4  0.0000  0.0000  0.0000  0.0000  0.0000  0.0005  0.0033  0.0000
  Pz Cl  4  0.4997 -0.0004  0.0000 -0.0011 -0.5000 -0.0007 -0.0001  0.5000
  x2 Cl  4  0.0000  0.0000  0.0000  0.0000  0.0000  0.0000  0.0000  0.0000
  xz Cl  4  0.0000  0.0000  0.0000  0.0000  0.0000  0.0000  0.0000  0.0000
  z2 Cl  4  0.0000  0.0000  0.0000  0.0000  0.0000  0.0000  0.0000  0.0000
  yz Cl  4 -0.0018  0.0000  0.0000  0.0000  0.0018  0.0000  0.0000 -0.0018
  xz Cl  4  0.0000 -0.0018 -0.0018  0.0000  0.0000 -0.0018  0.0003  0.0000
  S  Cl  5  0.0000  0.0000  0.0000  0.0000  0.0000  0.0000  0.0000  0.0000
  Px Cl  5  0.0000  0.0000  0.0000  0.0000  0.0000  0.0033 -0.0005  0.0000
  Py Cl  5 -0.0004 -0.5000  0.0005  0.5000 -0.0011  0.0802  0.4935  0.0002
  Pz Cl  5  0.0168 -0.0002  0.0000  0.0011  0.5000 -0.0007 -0.0001  0.5000
  x2 Cl  5  0.0000  0.0000  0.0000  0.0000  0.0000  0.0000  0.0000  0.0000
  xz Cl  5 -0.0001  0.0000  0.0000  0.0000 -0.0018  0.0000  0.0000 -0.0018
  z2 Cl  5  0.0000  0.0000  0.0000  0.0000  0.0000  0.0000  0.0000  0.0000
  yz Cl  5  0.0000  0.0000  0.0000  0.0000  0.0000  0.0000  0.0000  0.0000
  xz Cl  5  0.0000  0.0018  0.0000 -0.0018  0.0000 -0.0003 -0.0018  0.0000
  S  Cl  6  0.0000  0.0000  0.0000  0.0000  0.0000  0.0000  0.0000  0.0000
  Px Cl  6 -0.0168  0.0002 -0.5000  0.0005  0.0000  0.4935 -0.0802  0.0006
  Py Cl  6 -0.4997  0.0004 -0.0005 -0.5000  0.0011  0.0802  0.4935  0.0002
  Pz Cl  6  0.0000  0.0000  0.0000  0.0000  0.0000  0.0000  0.0000  0.0033
  x2 Cl  6  0.0000  0.0000  0.0000  0.0000  0.0000  0.0000  0.0000  0.0000
  xz Cl  6  0.0001  0.0000  0.0018  0.0000  0.0000 -0.0018  0.0003  0.0000
  z2 Cl  6  0.0000  0.0000  0.0000  0.0000  0.0000  0.0000  0.0000  0.0000
  yz Cl  6  0.0018  0.0000  0.0000  0.0018  0.0000 -0.0003 -0.0018  0.0000
  xz Cl  6  0.0000  0.0000  0.0000  0.0000  0.0000  0.0000  0.0000  0.0000
  S  Cl  7  0.0000  0.0000  0.0000  0.0000  0.0000  0.0000  0.0000  0.0000
  Px Cl  7  0.0168 -0.0002 -0.5000  0.0005  0.0000  0.4935 -0.0802  0.0006
  Py Cl  7  0.4997 -0.0004 -0.0005 -0.5000  0.0011  0.0802  0.4935  0.0002
  Pz Cl  7  0.0000  0.0000  0.0000  0.0000  0.0000  0.0000  0.0000  0.0033
  x2 Cl  7  0.0000  0.0000  0.0000  0.0000  0.0000  0.0000  0.0000  0.0000
  xz Cl  7  0.0001  0.0000 -0.0018  0.0000  0.0000  0.0018 -0.0003  0.0000
  z2 Cl  7  0.0000  0.0000  0.0000  0.0000  0.0000  0.0000  0.0000  0.0000
  yz Cl  7  0.0018  0.0000  0.0000 -0.0018  0.0000  0.0003  0.0018  0.0000
  xz Cl  7  0.0000  0.0000  0.0000  0.0000  0.0000  0.0000  0.0000  0.0000


   Root No.   17      18      19      20      21      22      23      24

              1 t2g   1 t2g   1 t2g   2 eg    2 eg    3 t1u   3 t1u   3 t1u 

            -0.089  -0.089  -0.089   0.378   0.378   0.488   0.488   0.488
  
  S  Mn  1  0.0000  0.0000  0.0000  0.0000  0.0000  0.0000  0.0000  0.0000
  Px Mn  1  0.0000  0.0000  0.0000  0.0000  0.0000 -0.0067  0.0039  0.0000
  Py Mn  1  0.0000  0.0000  0.0000  0.0000  0.0000 -0.0039 -0.0067  0.0000
  Pz Mn  1  0.0000  0.0000  0.0000  0.0000  0.0000  0.0000  0.0000 -0.0078
  x2 Mn  1  0.0000  0.0000  0.0000  0.0010  0.0000  0.0000  0.0000  0.0000
  xz Mn  1  0.0000  0.0001  0.0000  0.0000  0.0000  0.0000  0.0000  0.0000
  z2 Mn  1  0.0000  0.0000  0.0000  0.0000 -0.0010  0.0000  0.0000  0.0000
  yz Mn  1  0.0001  0.0000  0.0000  0.0000  0.0000  0.0000  0.0000  0.0000
  xz Mn  1  0.0000  0.0000  0.0001  0.0000  0.0000  0.0000  0.0000  0.0000
  S  Cl  2  0.0000  0.0000  0.0000  0.0034  0.0020 -0.0044  0.0025  0.0000
  Px Cl  2  0.0000  0.0000  0.0000 -0.4978 -0.2924  0.6131 -0.3522 -0.0012
  Py Cl  2  0.0001  0.0000  0.5000  0.0000  0.0000 -0.0012 -0.0020  0.0000
  Pz Cl  2 -0.1711  0.4698  0.0000  0.0000  0.0000  0.0000  0.0000 -0.0024
  x2 Cl  2  0.0000  0.0000  0.0000 -0.0016 -0.0010  0.0021 -0.0012  0.0000
  xz Cl  2 -0.0006  0.0017  0.0000  0.0000  0.0000  0.0000  0.0000 -0.0003
  z2 Cl  2  0.0000  0.0000  0.0000  0.0009  0.0005 -0.0012  0.0007  0.0000
  yz Cl  2  0.0000  0.0000  0.0000  0.0000  0.0000  0.0000  0.0000  0.0000
  xz Cl  2  0.0000  0.0000  0.0018  0.0000  0.0000 -0.0002 -0.0003  0.0000
  S  Cl  3  0.0000  0.0000  0.0000 -0.0034  0.0019 -0.0025 -0.0044  0.0000
  Px Cl  3  0.0001  0.0000  0.5000  0.0000  0.0000 -0.0020  0.0012  0.0000
  Py Cl  3  0.0000  0.0000  0.0000  0.5021 -0.2849  0.3522  0.6131  0.0045
  Pz Cl  3  0.4698  0.1711 -0.0001  0.0000  0.0000  0.0000  0.0000 -0.0024
  x2 Cl  3  0.0000  0.0000  0.0000 -0.0016  0.0009 -0.0012 -0.0021  0.0000
  xz Cl  3  0.0000  0.0000  0.0000  0.0000  0.0000  0.0000  0.0000  0.0000
  z2 Cl  3  0.0000  0.0000  0.0000 -0.0009  0.0005 -0.0007 -0.0012  0.0000
  yz Cl  3  0.0017  0.0006  0.0000  0.0000  0.0000  0.0000  0.0000 -0.0003
  xz Cl  3  0.0000  0.0000  0.0018  0.0000  0.0000 -0.0003  0.0002  0.0000
  S  Cl  4  0.0000  0.0000  0.0000 -0.0034  0.0019  0.0025  0.0044  0.0000
  Px Cl  4 -0.0001  0.0000 -0.5000  0.0000  0.0000 -0.0020  0.0012  0.0000
  Py Cl  4  0.0000  0.0000  0.0000 -0.5021  0.2849  0.3522  0.6131  0.0045
  Pz Cl  4 -0.4698 -0.1711  0.0001  0.0000  0.0000  0.0000  0.0000 -0.0024
  x2 Cl  4  0.0000  0.0000  0.0000 -0.0016  0.0009  0.0012  0.0021  0.0000
  xz Cl  4  0.0000  0.0000  0.0000  0.0000  0.0000  0.0000  0.0000  0.0000
  z2 Cl  4  0.0000  0.0000  0.0000 -0.0009  0.0005  0.0007  0.0012  0.0000
  yz Cl  4  0.0017  0.0006  0.0000  0.0000  0.0000  0.0000  0.0000  0.0003
  xz Cl  4  0.0000  0.0000  0.0018  0.0000  0.0000  0.0003 -0.0002  0.0000
  S  Cl  5  0.0000  0.0000  0.0000  0.0034  0.0020  0.0044 -0.0025  0.0000
  Px Cl  5  0.0000  0.0000  0.0000  0.4978  0.2924  0.6131 -0.3522 -0.0012
  Py Cl  5 -0.0001  0.0000 -0.5000  0.0000  0.0000 -0.0012 -0.0020  0.0000
  Pz Cl  5  0.1711 -0.4698  0.0000  0.0000  0.0000  0.0000  0.0000 -0.0024
  x2 Cl  5  0.0000  0.0000  0.0000 -0.0016 -0.0010 -0.0021  0.0012  0.0000
  xz Cl  5 -0.0006  0.0017  0.0000  0.0000  0.0000  0.0000  0.0000  0.0003
  z2 Cl  5  0.0000  0.0000  0.0000  0.0009  0.0005  0.0012 -0.0007  0.0000
  yz Cl  5  0.0000  0.0000  0.0000  0.0000  0.0000  0.0000  0.0000  0.0000
  xz Cl  5  0.0000  0.0000  0.0018  0.0000  0.0000  0.0002  0.0003  0.0000
  S  Cl  6  0.0000  0.0000  0.0000  0.0000 -0.0039  0.0000  0.0000  0.0050
  Px Cl  6  0.1711 -0.4698  0.0000  0.0000  0.0000 -0.0020  0.0012  0.0000
  Py Cl  6 -0.4698 -0.1711  0.0001  0.0000  0.0000 -0.0012 -0.0020  0.0000
  Pz Cl  6  0.0000  0.0000  0.0000  0.0043 -0.5773 -0.0011 -0.0045  0.7070
  x2 Cl  6  0.0000  0.0000  0.0000  0.0000  0.0000  0.0000  0.0000  0.0000
  xz Cl  6 -0.0006  0.0017  0.0000  0.0000  0.0000  0.0003 -0.0002  0.0000
  z2 Cl  6  0.0000  0.0000  0.0000  0.0000  0.0022  0.0000  0.0000 -0.0028
  yz Cl  6  0.0017  0.0006  0.0000  0.0000  0.0000  0.0002  0.0003  0.0000
  xz Cl  6  0.0000  0.0000  0.0000  0.0000  0.0000  0.0000  0.0000  0.0000
  S  Cl  7  0.0000  0.0000  0.0000  0.0000 -0.0039  0.0000  0.0000 -0.0050
  Px Cl  7 -0.1711  0.4698  0.0000  0.0000  0.0000 -0.0020  0.0012  0.0000
  Py Cl  7  0.4698  0.1711 -0.0001  0.0000  0.0000 -0.0012 -0.0020  0.0000
  Pz Cl  7  0.0000  0.0000  0.0000 -0.0043  0.5773 -0.0011 -0.0045  0.7070
  x2 Cl  7  0.0000  0.0000  0.0000  0.0000  0.0000  0.0000  0.0000  0.0000
  xz Cl  7 -0.0006  0.0017  0.0000  0.0000  0.0000 -0.0003  0.0002  0.0000
  z2 Cl  7  0.0000  0.0000  0.0000  0.0000  0.0022  0.0000  0.0000  0.0028
  yz Cl  7  0.0017  0.0006  0.0000  0.0000  0.0000 -0.0002 -0.0003  0.0000
  xz Cl  7  0.0000  0.0000  0.0000  0.0000  0.0000  0.0000  0.0000  0.0000


   Root No.   25      26      27      28      29      30      31      32

              3 a1g   3 eg    3 eg    2 t2g   2 t2g   2 t2g   4 t1u   4 t1u 

             1.543   5.359   5.359   5.359   5.359   5.359  12.499  12.499
  
  S  Mn  1 -0.0371  0.0000  0.0000  0.0000  0.0000  0.0000  0.0000  0.0000
  Px Mn  1  0.0000  0.0000  0.0000  0.0000  0.0000  0.0000  0.0017  0.4454
  Py Mn  1  0.0000  0.0000  0.0000  0.0000  0.0000  0.0000 -0.0033  0.8953
  Pz Mn  1  0.0000  0.0000  0.0000  0.0000  0.0000  0.0000  1.0000  0.0022
  x2 Mn  1  0.0000 -0.0009  1.0000  0.0000  0.0000  0.0000  0.0000  0.0000
  xz Mn  1  0.0000  0.0000  0.0000 -0.9693 -0.2460 -0.0007  0.0000  0.0000
  z2 Mn  1  0.0000 -1.0000 -0.0009  0.0000  0.0000  0.0000  0.0000  0.0000
  yz Mn  1  0.0000  0.0000  0.0000  0.2460 -0.9693  0.0016  0.0000  0.0000
  xz Mn  1  0.0000  0.0000  0.0000  0.0011 -0.0014 -1.0000  0.0000  0.0000
  S  Cl  2  0.0040  0.0000  0.0000  0.0000  0.0000  0.0000  0.0000 -0.0001
  Px Cl  2 -0.4079  0.0003  0.0005  0.0000  0.0000  0.0000  0.0000  0.0024
  Py Cl  2  0.0000  0.0000  0.0000  0.0000  0.0000  0.0000  0.0000 -0.0004
  Pz Cl  2  0.0000  0.0000  0.0000  0.0000  0.0000  0.0000 -0.0005  0.0000
  x2 Cl  2 -0.0019  0.0002  0.0003  0.0000  0.0000  0.0000  0.0000 -0.0003
  xz Cl  2  0.0000  0.0000  0.0000  0.0001  0.0000  0.0000  0.0002  0.0000
  z2 Cl  2  0.0011 -0.0001 -0.0002  0.0000  0.0000  0.0000  0.0000  0.0002
  yz Cl  2  0.0000  0.0000  0.0000  0.0000  0.0000  0.0000  0.0000  0.0000
  xz Cl  2  0.0000  0.0000  0.0000  0.0000  0.0000  0.0001  0.0000  0.0002
  S  Cl  3  0.0040  0.0000  0.0000  0.0000  0.0000  0.0000  0.0000 -0.0003
  Px Cl  3  0.0000  0.0000  0.0000  0.0000  0.0000  0.0000  0.0000 -0.0002
  Py Cl  3 -0.4079  0.0003 -0.0005  0.0000  0.0000  0.0000  0.0000  0.0049
  Pz Cl  3  0.0000  0.0000  0.0000  0.0000  0.0000  0.0000 -0.0005  0.0000
  x2 Cl  3  0.0019 -0.0002  0.0003  0.0000  0.0000  0.0000  0.0000  0.0006
  xz Cl  3  0.0000  0.0000  0.0000  0.0000  0.0000  0.0000  0.0000  0.0000
  z2 Cl  3  0.0011 -0.0001  0.0002  0.0000  0.0000  0.0000  0.0000  0.0003
  yz Cl  3  0.0000  0.0000  0.0000  0.0000  0.0001  0.0000  0.0002  0.0000
  xz Cl  3  0.0000  0.0000  0.0000  0.0000  0.0000  0.0001  0.0000  0.0001
  S  Cl  4  0.0040  0.0000  0.0000  0.0000  0.0000  0.0000  0.0000  0.0003
  Px Cl  4  0.0000  0.0000  0.0000  0.0000  0.0000  0.0000  0.0000 -0.0002
  Py Cl  4  0.4079 -0.0003  0.0005  0.0000  0.0000  0.0000  0.0000  0.0049
  Pz Cl  4  0.0000  0.0000  0.0000  0.0000  0.0000  0.0000 -0.0005  0.0000
  x2 Cl  4  0.0019 -0.0002  0.0003  0.0000  0.0000  0.0000  0.0000 -0.0006
  xz Cl  4  0.0000  0.0000  0.0000  0.0000  0.0000  0.0000  0.0000  0.0000
  z2 Cl  4  0.0011 -0.0001  0.0002  0.0000  0.0000  0.0000  0.0000 -0.0003
  yz Cl  4  0.0000  0.0000  0.0000  0.0000  0.0001  0.0000 -0.0002  0.0000
  xz Cl  4  0.0000  0.0000  0.0000  0.0000  0.0000  0.0001  0.0000 -0.0001
  S  Cl  5  0.0040  0.0000  0.0000  0.0000  0.0000  0.0000  0.0000  0.0001
  Px Cl  5  0.4079 -0.0003 -0.0005  0.0000  0.0000  0.0000  0.0000  0.0024
  Py Cl  5  0.0000  0.0000  0.0000  0.0000  0.0000  0.0000  0.0000 -0.0004
  Pz Cl  5  0.0000  0.0000  0.0000  0.0000  0.0000  0.0000 -0.0005  0.0000
  x2 Cl  5 -0.0019  0.0002  0.0003  0.0000  0.0000  0.0000  0.0000  0.0003
  xz Cl  5  0.0000  0.0000  0.0000  0.0001  0.0000  0.0000 -0.0002  0.0000
  z2 Cl  5  0.0011 -0.0001 -0.0002  0.0000  0.0000  0.0000  0.0000 -0.0002
  yz Cl  5  0.0000  0.0000  0.0000  0.0000  0.0000  0.0000  0.0000  0.0000
  xz Cl  5  0.0000  0.0000  0.0000  0.0000  0.0000  0.0001  0.0000 -0.0002
  S  Cl  6  0.0040  0.0000  0.0000  0.0000  0.0000  0.0000  0.0003  0.0000
  Px Cl  6  0.0000  0.0000  0.0000  0.0000  0.0000  0.0000  0.0000 -0.0002
  Py Cl  6  0.0000  0.0000  0.0000  0.0000  0.0000  0.0000  0.0000 -0.0004
  Pz Cl  6  0.4079  0.0006  0.0000  0.0000  0.0000  0.0000  0.0055  0.0000
  x2 Cl  6  0.0000  0.0000  0.0000  0.0000  0.0000  0.0000  0.0000  0.0000
  xz Cl  6  0.0000  0.0000  0.0000  0.0001  0.0000  0.0000  0.0000 -0.0001
  z2 Cl  6 -0.0022 -0.0004  0.0000  0.0000  0.0000  0.0000  0.0007  0.0000
  yz Cl  6  0.0000  0.0000  0.0000  0.0000  0.0001  0.0000  0.0000 -0.0002
  xz Cl  6  0.0000  0.0000  0.0000  0.0000  0.0000  0.0000  0.0000  0.0000
  S  Cl  7  0.0040  0.0000  0.0000  0.0000  0.0000  0.0000 -0.0003  0.0000
  Px Cl  7  0.0000  0.0000  0.0000  0.0000  0.0000  0.0000  0.0000 -0.0002
  Py Cl  7  0.0000  0.0000  0.0000  0.0000  0.0000  0.0000  0.0000 -0.0004
  Pz Cl  7 -0.4079 -0.0006  0.0000  0.0000  0.0000  0.0000  0.0055  0.0000
  x2 Cl  7  0.0000  0.0000  0.0000  0.0000  0.0000  0.0000  0.0000  0.0000
  xz Cl  7  0.0000  0.0000  0.0000  0.0001  0.0000  0.0000  0.0000  0.0001
  z2 Cl  7 -0.0022 -0.0004  0.0000  0.0000  0.0000  0.0000 -0.0007  0.0000
  yz Cl  7  0.0000  0.0000  0.0000  0.0000  0.0001  0.0000  0.0000  0.0002
  xz Cl  7  0.0000  0.0000  0.0000  0.0000  0.0000  0.0000  0.0000  0.0000


   Root No.   33      34      35      36      37      38      39      40

              4 t1u   4 eg    4 eg    5 t1u   5 t1u   5 t1u   4 a1g   2 t1g 

            12.499  34.595  34.595  34.597  34.597  34.597  34.605  34.613
  
  S  Mn  1  0.0000  0.0000  0.0000  0.0000  0.0000  0.0000  0.0008  0.0000
  Px Mn  1  0.8953  0.0000  0.0000  0.0000  0.0001 -0.0010  0.0000  0.0000
  Py Mn  1 -0.4454  0.0000  0.0000  0.0000 -0.0010 -0.0001  0.0000  0.0000
  Pz Mn  1 -0.0030  0.0000  0.0000 -0.0010  0.0000  0.0000  0.0000  0.0000
  x2 Mn  1  0.0000  0.0000  0.0008  0.0000  0.0000  0.0000  0.0000  0.0000
  xz Mn  1  0.0000  0.0000  0.0000  0.0000  0.0000  0.0000  0.0000  0.0000
  z2 Mn  1  0.0000  0.0008  0.0000  0.0000  0.0000  0.0000  0.0000  0.0000
  yz Mn  1  0.0000  0.0000  0.0000  0.0000  0.0000  0.0000  0.0000  0.0000
  xz Mn  1  0.0000  0.0000  0.0000  0.0000  0.0000  0.0000  0.0000  0.0000
  S  Cl  2 -0.0003  0.0001 -0.0001  0.0000  0.0000 -0.0002 -0.0002  0.0000
  Px Cl  2  0.0049 -0.0011  0.0019  0.0000 -0.0001  0.0027  0.0022  0.0000
  Py Cl  2  0.0002  0.0000  0.0000  0.0000  0.0002  0.0000  0.0000  0.0000
  Pz Cl  2  0.0000  0.0000  0.0000  0.0002  0.0000  0.0000  0.0000 -0.0011
  x2 Cl  2 -0.0006  0.2504 -0.4328  0.0000  0.0306 -0.6086 -0.3535  0.0000
  xz Cl  2  0.0000  0.0000  0.0000 -0.0498  0.0000  0.0000  0.0000  0.3002
  z2 Cl  2  0.0003 -0.1438  0.2503  0.0000 -0.0177  0.3513  0.2041  0.0000
  yz Cl  2  0.0000  0.0000  0.0000  0.0000  0.0000  0.0000  0.0000  0.0000
  xz Cl  2 -0.0001  0.0000  0.0000  0.0000 -0.0498 -0.0025  0.0000 -0.0007
  S  Cl  3  0.0001  0.0001  0.0001  0.0000 -0.0002  0.0000 -0.0002  0.0000
  Px Cl  3 -0.0004  0.0000  0.0000  0.0000  0.0000  0.0002  0.0000  0.0000
  Py Cl  3 -0.0024 -0.0011 -0.0019  0.0000  0.0027  0.0001  0.0022  0.0000
  Pz Cl  3  0.0000  0.0000  0.0000  0.0002  0.0000  0.0000  0.0000  0.0015
  x2 Cl  3 -0.0003 -0.2503 -0.4328  0.0000  0.6086  0.0306  0.3535  0.0000
  xz Cl  3  0.0000  0.0000  0.0000  0.0000  0.0000  0.0000  0.0000  0.0000
  z2 Cl  3 -0.0002 -0.1437 -0.2504  0.0000  0.3513  0.0177  0.2041  0.0000
  yz Cl  3  0.0000  0.0000  0.0000 -0.0498  0.0000  0.0000  0.0000 -0.3998
  xz Cl  3  0.0002  0.0000  0.0000  0.0000  0.0025 -0.0498  0.0000  0.0007
  S  Cl  4 -0.0001  0.0001  0.0001  0.0000  0.0002  0.0000 -0.0002  0.0000
  Px Cl  4 -0.0004  0.0000  0.0000  0.0000  0.0000  0.0002  0.0000  0.0000
  Py Cl  4 -0.0024  0.0011  0.0019  0.0000  0.0027  0.0001 -0.0022  0.0000
  Pz Cl  4  0.0000  0.0000  0.0000  0.0002  0.0000  0.0000  0.0000 -0.0015
  x2 Cl  4  0.0003 -0.2503 -0.4328  0.0000 -0.6086 -0.0306  0.3535  0.0000
  xz Cl  4  0.0000  0.0000  0.0000  0.0000  0.0000  0.0000  0.0000  0.0000
  z2 Cl  4  0.0002 -0.1437 -0.2504  0.0000 -0.3513 -0.0177  0.2041  0.0000
  yz Cl  4  0.0000  0.0000  0.0000  0.0498  0.0000  0.0000  0.0000 -0.3998
  xz Cl  4 -0.0002  0.0000  0.0000  0.0000 -0.0025  0.0498  0.0000  0.0007
  S  Cl  5  0.0003  0.0001 -0.0001  0.0000  0.0000  0.0002 -0.0002  0.0000
  Px Cl  5  0.0049  0.0011 -0.0019  0.0000 -0.0001  0.0027 -0.0022  0.0000
  Py Cl  5  0.0002  0.0000  0.0000  0.0000  0.0002  0.0000  0.0000  0.0000
  Pz Cl  5  0.0000  0.0000  0.0000  0.0002  0.0000  0.0000  0.0000  0.0011
  x2 Cl  5  0.0006  0.2504 -0.4328  0.0000 -0.0306  0.6086 -0.3535  0.0000
  xz Cl  5  0.0000  0.0000  0.0000  0.0498  0.0000  0.0000  0.0000  0.3002
  z2 Cl  5 -0.0003 -0.1438  0.2503  0.0000  0.0177 -0.3513  0.2041  0.0000
  yz Cl  5  0.0000  0.0000  0.0000  0.0000  0.0000  0.0000  0.0000  0.0000
  xz Cl  5  0.0001  0.0000  0.0000  0.0000  0.0498  0.0025  0.0000 -0.0007
  S  Cl  6  0.0000 -0.0001  0.0000  0.0002  0.0000  0.0000 -0.0002  0.0000
  Px Cl  6 -0.0004  0.0000  0.0000  0.0000  0.0000  0.0002  0.0000 -0.0011
  Py Cl  6  0.0002  0.0000  0.0000  0.0000  0.0002  0.0000  0.0000  0.0015
  Pz Cl  6  0.0000 -0.0022  0.0000  0.0027  0.0000  0.0000 -0.0022  0.0000
  x2 Cl  6  0.0000  0.0000  0.0008  0.0000  0.0000  0.0000  0.0000  0.0000
  xz Cl  6 -0.0002  0.0000  0.0000  0.0000 -0.0025  0.0498  0.0000 -0.3002
  z2 Cl  6  0.0000 -0.5773 -0.0001  0.7036  0.0000  0.0000 -0.4082  0.0000
  yz Cl  6  0.0001  0.0000  0.0000  0.0000  0.0498  0.0025  0.0000  0.3998
  xz Cl  6  0.0000  0.0000  0.0000  0.0000  0.0000  0.0000  0.0000  0.0000
  S  Cl  7  0.0000 -0.0001  0.0000 -0.0002  0.0000  0.0000 -0.0002  0.0000
  Px Cl  7 -0.0004  0.0000  0.0000  0.0000  0.0000  0.0002  0.0000  0.0011
  Py Cl  7  0.0002  0.0000  0.0000  0.0000  0.0002  0.0000  0.0000 -0.0015
  Pz Cl  7  0.0000  0.0022  0.0000  0.0027  0.0000  0.0000  0.0022  0.0000
  x2 Cl  7  0.0000  0.0000  0.0008  0.0000  0.0000  0.0000  0.0000  0.0000
  xz Cl  7  0.0002  0.0000  0.0000  0.0000  0.0025 -0.0498  0.0000 -0.3002
  z2 Cl  7  0.0000 -0.5773 -0.0001 -0.7036  0.0000  0.0000 -0.4082  0.0000
  yz Cl  7 -0.0001  0.0000  0.0000  0.0000 -0.0498 -0.0025  0.0000  0.3998
  xz Cl  7  0.0000  0.0000  0.0000  0.0000  0.0000  0.0000  0.0000  0.0000


   Root No.   41      42      43      44      45      46      47      48

              2 t1g   2 t1g   2 t2u   2 t2u   2 t2u   6 t1u   6 t1u   6 t1u 

            34.613  34.613  34.617  34.617  34.617  34.620  34.620  34.620
  
  S  Mn  1  0.0000  0.0000  0.0000  0.0000  0.0000  0.0000  0.0000  0.0000
  Px Mn  1  0.0000  0.0000  0.0000  0.0000  0.0000 -0.0004  0.0002  0.0000
  Py Mn  1  0.0000  0.0000  0.0000  0.0000  0.0000 -0.0002 -0.0004  0.0000
  Pz Mn  1  0.0000  0.0000  0.0000  0.0000  0.0000  0.0000  0.0000 -0.0004
  x2 Mn  1  0.0000  0.0000  0.0000  0.0000  0.0000  0.0000  0.0000  0.0000
  xz Mn  1  0.0000  0.0000  0.0000  0.0000  0.0000  0.0000  0.0000  0.0000
  z2 Mn  1  0.0000  0.0000  0.0000  0.0000  0.0000  0.0000  0.0000  0.0000
  yz Mn  1  0.0000  0.0000  0.0000  0.0000  0.0000  0.0000  0.0000  0.0000
  xz Mn  1  0.0000  0.0000  0.0000  0.0000  0.0000  0.0000  0.0000  0.0000
  S  Cl  2  0.0000  0.0000  0.0000  0.0000  0.0000  0.0000  0.0000  0.0000
  Px Cl  2  0.0000  0.0000  0.0000  0.0000  0.0000  0.0006 -0.0003  0.0000
  Py Cl  2  0.0000 -0.0018  0.0008 -0.0016  0.0000 -0.0008 -0.0016  0.0000
  Pz Cl  2 -0.0015  0.0000  0.0000  0.0000  0.0018  0.0000  0.0000 -0.0018
  x2 Cl  2  0.0000  0.0000  0.0111  0.0058  0.0000 -0.0540  0.0284  0.0000
  xz Cl  2  0.3998  0.0009  0.0003 -0.0008 -0.4997 -0.0006 -0.0004  0.4975
  z2 Cl  2  0.0000  0.0000  0.0192  0.0100  0.0000  0.0312 -0.0164  0.0000
  yz Cl  2  0.0000  0.0000  0.0000  0.0000  0.0000  0.0000  0.0000  0.0000
  xz Cl  2 -0.0006  0.5000 -0.2311  0.4430 -0.0008  0.2319  0.4401  0.0007
  S  Cl  3  0.0000  0.0000  0.0000  0.0000  0.0000  0.0000  0.0000  0.0000
  Px Cl  3  0.0000  0.0018  0.0016  0.0008  0.0000 -0.0016  0.0008  0.0000
  Py Cl  3  0.0000  0.0000  0.0000  0.0000  0.0000  0.0003  0.0006  0.0000
  Pz Cl  3 -0.0011  0.0000  0.0000  0.0000 -0.0018  0.0000  0.0000 -0.0018
  x2 Cl  3  0.0000  0.0000 -0.0058  0.0111  0.0000  0.0284  0.0540  0.0001
  xz Cl  3  0.0000  0.0000  0.0000  0.0000  0.0000  0.0000  0.0000  0.0000
  z2 Cl  3  0.0000  0.0000  0.0100 -0.0192  0.0000  0.0164  0.0312  0.0000
  yz Cl  3  0.3002 -0.0002 -0.0003  0.0008  0.4997 -0.0006 -0.0004  0.4975
  xz Cl  3  0.0006 -0.5000 -0.4430 -0.2311  0.0001  0.4401 -0.2319  0.0003
  S  Cl  4  0.0000  0.0000  0.0000  0.0000  0.0000  0.0000  0.0000  0.0000
  Px Cl  4  0.0000 -0.0018  0.0016  0.0008  0.0000 -0.0016  0.0008  0.0000
  Py Cl  4  0.0000  0.0000  0.0000  0.0000  0.0000  0.0003  0.0006  0.0000
  Pz Cl  4  0.0011  0.0000  0.0000  0.0000 -0.0018  0.0000  0.0000 -0.0018
  x2 Cl  4  0.0000  0.0000  0.0058 -0.0111  0.0000 -0.0284 -0.0540 -0.0001
  xz Cl  4  0.0000  0.0000  0.0000  0.0000  0.0000  0.0000  0.0000  0.0000
  z2 Cl  4  0.0000  0.0000 -0.0100  0.0192  0.0000 -0.0164 -0.0312  0.0000
  yz Cl  4  0.3002 -0.0002  0.0003 -0.0008 -0.4997  0.0006  0.0004 -0.4975
  xz Cl  4  0.0006 -0.5000  0.4430  0.2311 -0.0001 -0.4401  0.2319 -0.0003
  S  Cl  5  0.0000  0.0000  0.0000  0.0000  0.0000  0.0000  0.0000  0.0000
  Px Cl  5  0.0000  0.0000  0.0000  0.0000  0.0000  0.0006 -0.0003  0.0000
  Py Cl  5  0.0000  0.0018  0.0008 -0.0016  0.0000 -0.0008 -0.0016  0.0000
  Pz Cl  5  0.0015  0.0000  0.0000  0.0000  0.0018  0.0000  0.0000 -0.0018
  x2 Cl  5  0.0000  0.0000 -0.0111 -0.0058  0.0000  0.0540 -0.0284  0.0000
  xz Cl  5  0.3998  0.0009 -0.0003  0.0008  0.4997  0.0006  0.0004 -0.4975
  z2 Cl  5  0.0000  0.0000 -0.0192 -0.0100  0.0000 -0.0312  0.0164  0.0000
  yz Cl  5  0.0000  0.0000  0.0000  0.0000  0.0000  0.0000  0.0000  0.0000
  xz Cl  5 -0.0006  0.5000  0.2311 -0.4430  0.0008 -0.2319 -0.4401 -0.0007
  S  Cl  6  0.0000  0.0000  0.0000  0.0000  0.0000  0.0000  0.0000  0.0000
  Px Cl  6 -0.0015  0.0000 -0.0016 -0.0008  0.0000 -0.0016  0.0008  0.0000
  Py Cl  6 -0.0011  0.0000 -0.0008  0.0016  0.0000 -0.0008 -0.0016  0.0000
  Pz Cl  6  0.0000  0.0000  0.0000  0.0000  0.0000  0.0000  0.0000  0.0007
  x2 Cl  6  0.0000  0.0000  0.0000  0.0000  0.0251  0.0000  0.0000  0.0000
  xz Cl  6 -0.3998 -0.0009 -0.4430 -0.2311  0.0001 -0.4401  0.2319 -0.0003
  z2 Cl  6  0.0000  0.0000  0.0000  0.0000  0.0000 -0.0001 -0.0001  0.0705
  yz Cl  6 -0.3002  0.0002 -0.2311  0.4430 -0.0008 -0.2319 -0.4401 -0.0007
  xz Cl  6  0.0000  0.0000  0.0000  0.0000  0.0000  0.0000  0.0000  0.0000
  S  Cl  7  0.0000  0.0000  0.0000  0.0000  0.0000  0.0000  0.0000  0.0000
  Px Cl  7  0.0015  0.0000 -0.0016 -0.0008  0.0000 -0.0016  0.0008  0.0000
  Py Cl  7  0.0011  0.0000 -0.0008  0.0016  0.0000 -0.0008 -0.0016  0.0000
  Pz Cl  7  0.0000  0.0000  0.0000  0.0000  0.0000  0.0000  0.0000  0.0007
  x2 Cl  7  0.0000  0.0000  0.0000  0.0000 -0.0251  0.0000  0.0000  0.0000
  xz Cl  7 -0.3998 -0.0009  0.4430  0.2311 -0.0001  0.4401 -0.2319  0.0003
  z2 Cl  7  0.0000  0.0000  0.0000  0.0000  0.0000  0.0001  0.0001 -0.0705
  yz Cl  7 -0.3002  0.0002  0.2311 -0.4430  0.0008  0.2319  0.4401  0.0007
  xz Cl  7  0.0000  0.0000  0.0000  0.0000  0.0000  0.0000  0.0000  0.0000


   Root No.   49      50      51      52      53      54      55      56

              3 t2g   3 t2g   3 t2g   1 a2g   1 eu    1 eu    4 t2g   4 t2g 

            34.623  34.623  34.623  34.676  34.678  34.678  34.678  34.678
  
  S  Mn  1  0.0000  0.0000  0.0000  0.0000  0.0000  0.0000  0.0000  0.0000
  Px Mn  1  0.0000  0.0000  0.0000  0.0000  0.0000  0.0000  0.0000  0.0000
  Py Mn  1  0.0000  0.0000  0.0000  0.0000  0.0000  0.0000  0.0000  0.0000
  Pz Mn  1  0.0000  0.0000  0.0000  0.0000  0.0000  0.0000  0.0000  0.0000
  x2 Mn  1  0.0000  0.0000  0.0000  0.0000  0.0000  0.0000  0.0000  0.0000
  xz Mn  1 -0.0002  0.0001  0.0000  0.0000  0.0000  0.0000  0.0000  0.0000
  z2 Mn  1  0.0000  0.0000  0.0000  0.0000  0.0000  0.0000  0.0000  0.0000
  yz Mn  1 -0.0001 -0.0002  0.0000  0.0000  0.0000  0.0000  0.0000  0.0000
  xz Mn  1  0.0000  0.0000  0.0002  0.0000  0.0000  0.0000  0.0000  0.0000
  S  Cl  2  0.0000  0.0000  0.0000  0.0000  0.0000  0.0000  0.0000  0.0000
  Px Cl  2  0.0000  0.0000  0.0000  0.0000  0.0000  0.0000  0.0000  0.0000
  Py Cl  2  0.0000  0.0000 -0.0018  0.0000  0.0000  0.0000  0.0000  0.0000
  Pz Cl  2  0.0018 -0.0004  0.0000  0.0000  0.0000  0.0000  0.0000  0.0000
  x2 Cl  2  0.0000  0.0000  0.0000 -0.2041  0.0000  0.0000  0.0000  0.0000
  xz Cl  2 -0.4865  0.1152  0.0001  0.0000  0.0000  0.0000  0.0000  0.0001
  z2 Cl  2  0.0000  0.0000  0.0000 -0.3536  0.0000  0.0000  0.0000  0.0000
  yz Cl  2 -0.0018 -0.0078  0.0000  0.0000  0.2891 -0.4998  0.0000  0.7070
  xz Cl  2  0.0002  0.0003  0.5000  0.0000  0.0000  0.0000 -0.0056  0.0000
  S  Cl  3  0.0000  0.0000  0.0000  0.0000  0.0000  0.0000  0.0000  0.0000
  Px Cl  3  0.0000  0.0000 -0.0018  0.0000  0.0000  0.0000  0.0000  0.0000
  Py Cl  3  0.0000  0.0000  0.0000  0.0000  0.0000  0.0000  0.0000  0.0000
  Pz Cl  3  0.0004  0.0018  0.0000  0.0000  0.0000  0.0000  0.0000  0.0000
  x2 Cl  3  0.0000  0.0000  0.0000 -0.2041  0.0000  0.0000  0.0000  0.0000
  xz Cl  3 -0.0078  0.0018  0.0000  0.0000  0.2883  0.5002  0.0000 -0.0102
  z2 Cl  3  0.0000  0.0000  0.0000  0.3536  0.0000  0.0000  0.0000  0.0000
  yz Cl  3 -0.1152 -0.4865  0.0004  0.0000  0.0000  0.0000  0.0000 -0.0056
  xz Cl  3  0.0002  0.0003  0.5000  0.0000  0.0000  0.0000 -0.0056  0.0000
  S  Cl  4  0.0000  0.0000  0.0000  0.0000  0.0000  0.0000  0.0000  0.0000
  Px Cl  4  0.0000  0.0000  0.0018  0.0000  0.0000  0.0000  0.0000  0.0000
  Py Cl  4  0.0000  0.0000  0.0000  0.0000  0.0000  0.0000  0.0000  0.0000
  Pz Cl  4 -0.0004 -0.0018  0.0000  0.0000  0.0000  0.0000  0.0000  0.0000
  x2 Cl  4  0.0000  0.0000  0.0000 -0.2041  0.0000  0.0000  0.0000  0.0000
  xz Cl  4 -0.0078  0.0018  0.0000  0.0000 -0.2883 -0.5002  0.0000 -0.0102
  z2 Cl  4  0.0000  0.0000  0.0000  0.3536  0.0000  0.0000  0.0000  0.0000
  yz Cl  4 -0.1152 -0.4865  0.0004  0.0000  0.0000  0.0000  0.0000 -0.0056
  xz Cl  4  0.0002  0.0003  0.5000  0.0000  0.0000  0.0000 -0.0056  0.0000
  S  Cl  5  0.0000  0.0000  0.0000  0.0000  0.0000  0.0000  0.0000  0.0000
  Px Cl  5  0.0000  0.0000  0.0000  0.0000  0.0000  0.0000  0.0000  0.0000
  Py Cl  5  0.0000  0.0000  0.0018  0.0000  0.0000  0.0000  0.0000  0.0000
  Pz Cl  5 -0.0018  0.0004  0.0000  0.0000  0.0000  0.0000  0.0000  0.0000
  x2 Cl  5  0.0000  0.0000  0.0000 -0.2041  0.0000  0.0000  0.0000  0.0000
  xz Cl  5 -0.4865  0.1152  0.0001  0.0000  0.0000  0.0000  0.0000  0.0001
  z2 Cl  5  0.0000  0.0000  0.0000 -0.3536  0.0000  0.0000  0.0000  0.0000
  yz Cl  5 -0.0018 -0.0078  0.0000  0.0000 -0.2891  0.4998  0.0000  0.7070
  xz Cl  5  0.0002  0.0003  0.5000  0.0000  0.0000  0.0000 -0.0056  0.0000
  S  Cl  6  0.0000  0.0000  0.0000  0.0000  0.0000  0.0000  0.0000  0.0000
  Px Cl  6 -0.0018  0.0004  0.0000  0.0000  0.0000  0.0000  0.0000  0.0000
  Py Cl  6 -0.0004 -0.0018  0.0000  0.0000  0.0000  0.0000  0.0000  0.0000
  Pz Cl  6  0.0000  0.0000  0.0000  0.0000  0.0000  0.0000  0.0000  0.0000
  x2 Cl  6  0.0000  0.0000  0.0000  0.4082  0.0000  0.0000  0.0000  0.0000
  xz Cl  6 -0.4865  0.1152  0.0001  0.0000  0.0000  0.0000  0.0000  0.0001
  z2 Cl  6  0.0000  0.0000  0.0000  0.0000  0.0000  0.0000  0.0000  0.0000
  yz Cl  6 -0.1152 -0.4865  0.0004  0.0000  0.0000  0.0000  0.0000 -0.0056
  xz Cl  6  0.0000  0.0000  0.0080  0.0000  0.5774  0.0005  0.7071  0.0000
  S  Cl  7  0.0000  0.0000  0.0000  0.0000  0.0000  0.0000  0.0000  0.0000
  Px Cl  7  0.0018 -0.0004  0.0000  0.0000  0.0000  0.0000  0.0000  0.0000
  Py Cl  7  0.0004  0.0018  0.0000  0.0000  0.0000  0.0000  0.0000  0.0000
  Pz Cl  7  0.0000  0.0000  0.0000  0.0000  0.0000  0.0000  0.0000  0.0000
  x2 Cl  7  0.0000  0.0000  0.0000  0.4082  0.0000  0.0000  0.0000  0.0000
  xz Cl  7 -0.4865  0.1152  0.0001  0.0000  0.0000  0.0000  0.0000  0.0001
  z2 Cl  7  0.0000  0.0000  0.0000  0.0000  0.0000  0.0000  0.0000  0.0000
  yz Cl  7 -0.1152 -0.4865  0.0004  0.0000  0.0000  0.0000  0.0000 -0.0056
  xz Cl  7  0.0000  0.0000  0.0080  0.0000 -0.5774 -0.0005  0.7071  0.0000


   Root No.   57      58      59      60      61      62      63

              4 t2g   3 t2u   3 t2u   3 t2u   1 a2u   5 eg    5 eg  

            34.678  34.678  34.678  34.678  34.679  34.679  34.679
  
  S  Mn  1  0.0000  0.0000  0.0000  0.0000  0.0000  0.0000  0.0000
  Px Mn  1  0.0000  0.0000  0.0000  0.0000  0.0000  0.0000  0.0000
  Py Mn  1  0.0000  0.0000  0.0000  0.0000  0.0000  0.0000  0.0000
  Pz Mn  1  0.0000  0.0000  0.0000  0.0000  0.0000  0.0000  0.0000
  x2 Mn  1  0.0000  0.0000  0.0000  0.0000  0.0000  0.0000  0.0000
  xz Mn  1  0.0000  0.0000  0.0000  0.0000  0.0000  0.0000  0.0000
  z2 Mn  1  0.0000  0.0000  0.0000  0.0000  0.0000  0.0000  0.0000
  yz Mn  1  0.0000  0.0000  0.0000  0.0000  0.0000  0.0000  0.0000
  xz Mn  1  0.0000  0.0000  0.0000  0.0000  0.0000  0.0000  0.0000
  S  Cl  2  0.0000  0.0000  0.0000  0.0000  0.0000  0.0000  0.0000
  Px Cl  2  0.0000  0.0000  0.0000  0.0000  0.0000  0.0000  0.0000
  Py Cl  2  0.0000  0.0001  0.0000  0.0000  0.0000  0.0000  0.0000
  Pz Cl  2  0.0000  0.0000  0.0000 -0.0001  0.0000  0.0000  0.0000
  x2 Cl  2  0.0000 -0.1242  0.3308  0.0000  0.0000 -0.2496  0.1450
  xz Cl  2  0.0056  0.0000  0.0000  0.0177  0.0000  0.0000  0.0000
  z2 Cl  2  0.0000 -0.2152  0.5729  0.0000  0.0000 -0.4332  0.2497
  yz Cl  2 -0.0102  0.0000  0.0000  0.0000  0.4082  0.0000  0.0000
  xz Cl  2  0.0000 -0.0166 -0.0062  0.0000  0.0000  0.0000  0.0000
  S  Cl  3  0.0000  0.0000  0.0000  0.0000  0.0000  0.0000  0.0000
  Px Cl  3  0.0000  0.0000 -0.0001  0.0000  0.0000  0.0000  0.0000
  Py Cl  3  0.0000  0.0000  0.0000  0.0000  0.0000  0.0000  0.0000
  Pz Cl  3  0.0000  0.0000  0.0000  0.0001  0.0000  0.0000  0.0000
  x2 Cl  3  0.0000  0.3308  0.1242  0.0000  0.0000  0.2497  0.1449
  xz Cl  3 -0.7070  0.0000  0.0000  0.0000  0.4082  0.0000  0.0000
  z2 Cl  3  0.0000 -0.5729 -0.2152  0.0000  0.0000 -0.4332 -0.2496
  yz Cl  3  0.0001  0.0000  0.0000 -0.0177  0.0000  0.0000  0.0000
  xz Cl  3  0.0000 -0.0062  0.0166  0.0000  0.0000  0.0000  0.0000
  S  Cl  4  0.0000  0.0000  0.0000  0.0000  0.0000  0.0000  0.0000
  Px Cl  4  0.0000  0.0000 -0.0001  0.0000  0.0000  0.0000  0.0000
  Py Cl  4  0.0000  0.0000  0.0000  0.0000  0.0000  0.0000  0.0000
  Pz Cl  4  0.0000  0.0000  0.0000  0.0001  0.0000  0.0000  0.0000
  x2 Cl  4  0.0000 -0.3308 -0.1242  0.0000  0.0000  0.2497  0.1449
  xz Cl  4 -0.7070  0.0000  0.0000  0.0000 -0.4082  0.0000  0.0000
  z2 Cl  4  0.0000  0.5729  0.2152  0.0000  0.0000 -0.4332 -0.2496
  yz Cl  4  0.0001  0.0000  0.0000  0.0177  0.0000  0.0000  0.0000
  xz Cl  4  0.0000  0.0062 -0.0166  0.0000  0.0000  0.0000  0.0000
  S  Cl  5  0.0000  0.0000  0.0000  0.0000  0.0000  0.0000  0.0000
  Px Cl  5  0.0000  0.0000  0.0000  0.0000  0.0000  0.0000  0.0000
  Py Cl  5  0.0000  0.0001  0.0000  0.0000  0.0000  0.0000  0.0000
  Pz Cl  5  0.0000  0.0000  0.0000 -0.0001  0.0000  0.0000  0.0000
  x2 Cl  5  0.0000  0.1242 -0.3308  0.0000  0.0000 -0.2496  0.1450
  xz Cl  5  0.0056  0.0000  0.0000 -0.0177  0.0000  0.0000  0.0000
  z2 Cl  5  0.0000  0.2152 -0.5729  0.0000  0.0000 -0.4332  0.2497
  yz Cl  5 -0.0102  0.0000  0.0000  0.0000 -0.4082  0.0000  0.0000
  xz Cl  5  0.0000  0.0166  0.0062  0.0000  0.0000  0.0000  0.0000
  S  Cl  6  0.0000  0.0000  0.0000  0.0000  0.0000  0.0000  0.0000
  Px Cl  6  0.0000  0.0000  0.0001  0.0000  0.0000  0.0000  0.0000
  Py Cl  6  0.0000 -0.0001  0.0000  0.0000  0.0000  0.0000  0.0000
  Pz Cl  6  0.0000  0.0000  0.0000  0.0000  0.0000  0.0000  0.0000
  x2 Cl  6  0.0000  0.0000  0.0000  0.7067  0.0000  0.0000  0.5773
  xz Cl  6  0.0056 -0.0062  0.0166  0.0000  0.0000  0.0000  0.0000
  z2 Cl  6  0.0000  0.0000  0.0000  0.0000  0.0000 -0.0008  0.0000
  yz Cl  6  0.0001 -0.0166 -0.0062  0.0000  0.0000  0.0000  0.0000
  xz Cl  6  0.0000  0.0000  0.0000  0.0000 -0.4082  0.0000  0.0000
  S  Cl  7  0.0000  0.0000  0.0000  0.0000  0.0000  0.0000  0.0000
  Px Cl  7  0.0000  0.0000  0.0001  0.0000  0.0000  0.0000  0.0000
  Py Cl  7  0.0000 -0.0001  0.0000  0.0000  0.0000  0.0000  0.0000
  Pz Cl  7  0.0000  0.0000  0.0000  0.0000  0.0000  0.0000  0.0000
  x2 Cl  7  0.0000  0.0000  0.0000 -0.7067  0.0000  0.0000  0.5773
  xz Cl  7  0.0056  0.0062 -0.0166  0.0000  0.0000  0.0000  0.0000
  z2 Cl  7  0.0000  0.0000  0.0000  0.0000  0.0000 -0.0008  0.0000
  yz Cl  7  0.0001  0.0166  0.0062  0.0000  0.0000  0.0000  0.0000
  xz Cl  7  0.0000  0.0000  0.0000  0.0000  0.4082  0.0000  0.0000


              NET ATOMIC CHARGES AND DIPOLE CONTRIBUTIONS

         ATOM NO.   TYPE          CHARGE        ATOM  ELECTRON DENSITY
           1         Mn           1.999259        5.0007
           2         Cl          -0.999876        7.9999
           3         Cl          -0.999876        7.9999
           4         Cl          -0.999876        7.9999
           5         Cl          -0.999876        7.9999
           6         Cl          -0.999876        7.9999
           7         Cl          -0.999876        7.9999
 DIPOLE           X         Y         Z       TOTAL
 POINT-CHG.     0.000     0.000     0.000     0.000
 HYBRID         0.000     0.000     0.000     0.000
 SUM            0.000     0.000     0.000     0.000


          CARTESIAN COORDINATES 

    NO.       ATOM               X         Y         Z

     1        Mn                  0.0000    0.0000    0.0000
     2        Cl                  5.0685    0.0000    0.0000
     3        Cl                  0.0000    5.0685    0.0000
     4        Cl                  0.0000   -5.0685    0.0000
     5        Cl                 -5.0685    0.0000    0.0000
     6        Cl                  0.0000    0.0000   -5.0685
     7        Cl                  0.0000    0.0000    5.0685


          ATOMIC ORBITAL ELECTRON POPULATIONS

   2.00000   0.00012   0.00012   0.00012   0.60008   0.60007   0.60008   0.60007
   0.60007   2.00000   1.99984   1.99997   1.99997   0.00003   0.00003   0.00001
   0.00000   0.00003   2.00000   1.99997   1.99984   1.99997   0.00003   0.00000
   0.00001   0.00003   0.00003   2.00000   1.99997   1.99984   1.99997   0.00003
   0.00000   0.00001   0.00003   0.00003   2.00000   1.99984   1.99997   1.99997
   0.00003   0.00003   0.00001   0.00000   0.00003   2.00000   1.99997   1.99997
   1.99984   0.00000   0.00003   0.00003   0.00003   0.00000   2.00000   1.99997
   1.99997   1.99984   0.00000   0.00003   0.00003   0.00003   0.00000


          MULTI-ELECTRON CONFIGURATION INTERACTION CALCULATION


          COMPONENT OF SPIN  =  0.5


           NO OF CONFIGURATIONS CONSIDERED =  300

 CONFIGURATIONS CONSIDERED IN C.I.      
 M.O. NUMBER :        25  26  27  28  29  30
          ENERGY

             1         1   1   1   0   0   0
         -9.8449       1   1   0   0   0   0

             2         1   1   1   0   0   0
         -9.8449       1   0   1   0   0   0

             3         1   1   1   0   0   0
        -10.2114       1   0   0   1   0   0

             4         1   1   1   0   0   0
        -10.2114       1   0   0   0   1   0

             5         1   1   1   0   0   0
        -10.2114       1   0   0   0   0   1

             6         1   1   1   0   0   0
         -8.8949       0   1   1   0   0   0

             7         1   1   1   0   0   0
         -8.8471       0   1   0   1   0   0

             8         1   1   1   0   0   0
         -8.8464       0   1   0   0   1   0

             9         1   1   1   0   0   0
         -9.2613       0   1   0   0   0   1

            10         1   1   1   0   0   0
         -9.1228       0   0   1   1   0   0

            11         1   1   1   0   0   0
         -9.1235       0   0   1   0   1   0

            12         1   1   1   0   0   0
         -8.7085       0   0   1   0   0   1

            13         1   1   1   0   0   0
         -9.4896       0   0   0   1   1   0

            14         1   1   1   0   0   0
         -9.4896       0   0   0   1   0   1

            15         1   1   1   0   0   0
         -9.4896       0   0   0   0   1   1

            16         1   1   0   1   0   0
         -9.1545       1   1   0   0   0   0

            17         1   1   0   1   0   0
        -10.0733       1   0   1   0   0   0

            18         1   1   0   1   0   0
         -9.1545       1   0   0   1   0   0

            19         1   1   0   1   0   0
         -9.7969       1   0   0   0   1   0

            20         1   1   0   1   0   0
        -10.0735       1   0   0   0   0   1

            21         1   1   0   1   0   0
         -8.8471       0   1   1   0   0   0

            22         1   1   0   1   0   0
         -7.5140       0   1   0   1   0   0

            23         1   1   0   1   0   0
         -8.1557       0   1   0   0   1   0

            24         1   1   0   1   0   0
         -8.8473       0   1   0   0   0   1

            25         1   1   0   1   0   0
         -8.7085       0   0   1   1   0   0

            26         1   1   0   1   0   0
         -9.3516       0   0   1   0   1   0

            27         1   1   0   1   0   0
         -9.2133       0   0   1   0   0   1

            28         1   1   0   1   0   0
         -8.4324       0   0   0   1   1   0

            29         1   1   0   1   0   0
         -8.7091       0   0   0   1   0   1

            30         1   1   0   1   0   0
         -9.3515       0   0   0   0   1   1

            31         1   1   0   0   1   0
         -9.1533       1   1   0   0   0   0

            32         1   1   0   0   1   0
        -10.0731       1   0   1   0   0   0

            33         1   1   0   0   1   0
         -9.7967       1   0   0   1   0   0

            34         1   1   0   0   1   0
         -9.1533       1   0   0   0   1   0

            35         1   1   0   0   1   0
        -10.0728       1   0   0   0   0   1

            36         1   1   0   0   1   0
         -8.8464       0   1   1   0   0   0

            37         1   1   0   0   1   0
         -8.1557       0   1   0   1   0   0

            38         1   1   0   0   1   0
         -7.5116       0   1   0   0   1   0

            39         1   1   0   0   1   0
         -8.8461       0   1   0   0   0   1

            40         1   1   0   0   1   0
         -9.3511       0   0   1   1   0   0

            41         1   1   0   0   1   0
         -8.7085       0   0   1   0   1   0

            42         1   1   0   0   1   0
         -9.2130       0   0   1   0   0   1

            43         1   1   0   0   1   0
         -8.4317       0   0   0   1   1   0

            44         1   1   0   0   1   0
         -9.3512       0   0   0   1   0   1

            45         1   1   0   0   1   0
         -8.7079       0   0   0   0   1   1

            46         1   1   0   0   0   1
         -9.8449       1   1   0   0   0   0

            47         1   1   0   0   0   1
        -10.2114       1   0   1   0   0   0

            48         1   1   0   0   0   1
        -10.2116       1   0   0   1   0   0

            49         1   1   0   0   0   1
        -10.2111       1   0   0   0   1   0

            50         1   1   0   0   0   1
         -9.8449       1   0   0   0   0   1

            51         1   1   0   0   0   1
         -9.2613       0   1   1   0   0   0

            52         1   1   0   0   0   1
         -8.8473       0   1   0   1   0   0

            53         1   1   0   0   0   1
         -8.8461       0   1   0   0   1   0

            54         1   1   0   0   0   1
         -8.8949       0   1   0   0   0   1

            55         1   1   0   0   0   1
         -9.4894       0   0   1   1   0   0

            56         1   1   0   0   0   1
         -9.4897       0   0   1   0   1   0

            57         1   1   0   0   0   1
         -8.7085       0   0   1   0   0   1

            58         1   1   0   0   0   1
         -9.4896       0   0   0   1   1   0

            59         1   1   0   0   0   1
         -9.1233       0   0   0   1   0   1

            60         1   1   0   0   0   1
         -9.1229       0   0   0   0   1   1

            61         1   0   1   1   0   0
        -10.1652       1   1   0   0   0   0

            62         1   0   1   1   0   0
         -9.6140       1   0   1   0   0   0

            63         1   0   1   1   0   0
         -9.6140       1   0   0   1   0   0

            64         1   0   1   1   0   0
        -10.2573       1   0   0   0   1   0

            65         1   0   1   1   0   0
         -9.9807       1   0   0   0   0   1

            66         1   0   1   1   0   0
         -9.1228       0   1   1   0   0   0

            67         1   0   1   1   0   0
         -8.7085       0   1   0   1   0   0

            68         1   0   1   1   0   0
         -9.3511       0   1   0   0   1   0

            69         1   0   1   1   0   0
         -9.4894       0   1   0   0   0   1

            70         1   0   1   1   0   0
         -8.4330       0   0   1   1   0   0

            71         1   0   1   1   0   0
         -9.0770       0   0   1   0   1   0

            72         1   0   1   1   0   0
         -8.3854       0   0   1   0   0   1

            73         1   0   1   1   0   0
         -9.0767       0   0   0   1   1   0

            74         1   0   1   1   0   0
         -8.8000       0   0   0   1   0   1

            75         1   0   1   1   0   0
         -9.4434       0   0   0   0   1   1

            76         1   0   1   0   1   0
        -10.1654       1   1   0   0   0   0

            77         1   0   1   0   1   0
         -9.6152       1   0   1   0   0   0

            78         1   0   1   0   1   0
        -10.2576       1   0   0   1   0   0

            79         1   0   1   0   1   0
         -9.6152       1   0   0   0   1   0

            80         1   0   1   0   1   0
         -9.9814       1   0   0   0   0   1

            81         1   0   1   0   1   0
         -9.1235       0   1   1   0   0   0

            82         1   0   1   0   1   0
         -9.3516       0   1   0   1   0   0

            83         1   0   1   0   1   0
         -8.7085       0   1   0   0   1   0

            84         1   0   1   0   1   0
         -9.4897       0   1   0   0   0   1

            85         1   0   1   0   1   0
         -9.0770       0   0   1   1   0   0

            86         1   0   1   0   1   0
         -8.4354       0   0   1   0   1   0

            87         1   0   1   0   1   0
         -8.3866       0   0   1   0   0   1

            88         1   0   1   0   1   0
         -9.0774       0   0   0   1   1   0

            89         1   0   1   0   1   0
         -9.4436       0   0   0   1   0   1

            90         1   0   1   0   1   0
         -8.8012       0   0   0   0   1   1

            91         1   0   1   0   0   1
        -10.0271       1   1   0   0   0   0

            92         1   0   1   0   0   1
         -8.9236       1   0   1   0   0   0

            93         1   0   1   0   0   1
         -9.8426       1   0   0   1   0   0

            94         1   0   1   0   0   1
         -9.8431       1   0   0   0   1   0

            95         1   0   1   0   0   1
         -8.9236       1   0   0   0   0   1

            96         1   0   1   0   0   1
         -8.7085       0   1   1   0   0   0

            97         1   0   1   0   0   1
         -9.2133       0   1   0   1   0   0

            98         1   0   1   0   0   1
         -9.2130       0   1   0   0   1   0

            99         1   0   1   0   0   1
         -8.7085       0   1   0   0   0   1

           100         1   0   1   0   0   1
         -8.3854       0   0   1   1   0   0

           101         1   0   1   0   0   1
         -8.3866       0   0   1   0   1   0

           102         1   0   1   0   0   1
         -7.0521       0   0   1   0   0   1

           103         1   0   1   0   0   1
         -9.3053       0   0   0   1   1   0

           104         1   0   1   0   0   1
         -8.3858       0   0   0   1   0   1

           105         1   0   1   0   0   1
         -8.3863       0   0   0   0   1   1

           106         1   0   0   1   1   0
         -9.8889       1   1   0   0   0   0

           107         1   0   0   1   1   0
        -10.2575       1   0   1   0   0   0

           108         1   0   0   1   1   0
         -9.6146       1   0   0   1   0   0

           109         1   0   0   1   1   0
         -9.6146       1   0   0   0   1   0

           110         1   0   0   1   1   0
        -10.2575       1   0   0   0   0   1

           111         1   0   0   1   1   0
         -9.4896       0   1   1   0   0   0

           112         1   0   0   1   1   0
         -8.4324       0   1   0   1   0   0

           113         1   0   0   1   1   0
         -8.4317       0   1   0   0   1   0

           114         1   0   0   1   1   0
         -9.4896       0   1   0   0   0   1

           115         1   0   0   1   1   0
         -9.0767       0   0   1   1   0   0

           116         1   0   0   1   1   0
         -9.0774       0   0   1   0   1   0

           117         1   0   0   1   1   0
         -9.3053       0   0   1   0   0   1

           118         1   0   0   1   1   0
         -8.4342       0   0   0   1   1   0

           119         1   0   0   1   1   0
         -9.0770       0   0   0   1   0   1

           120         1   0   0   1   1   0
         -9.0770       0   0   0   0   1   1

           121         1   0   0   1   0   1
        -10.1656       1   1   0   0   0   0

           122         1   0   0   1   0   1
         -9.9808       1   0   1   0   0   0

           123         1   0   0   1   0   1
         -9.6146       1   0   0   1   0   0

           124         1   0   0   1   0   1
        -10.2575       1   0   0   0   1   0

           125         1   0   0   1   0   1
         -9.6146       1   0   0   0   0   1

           126         1   0   0   1   0   1
         -9.4896       0   1   1   0   0   0

           127         1   0   0   1   0   1
         -8.7091       0   1   0   1   0   0

           128         1   0   0   1   0   1
         -9.3512       0   1   0   0   1   0

           129         1   0   0   1   0   1
         -9.1233       0   1   0   0   0   1

           130         1   0   0   1   0   1
         -8.8000       0   0   1   1   0   0

           131         1   0   0   1   0   1
         -9.4436       0   0   1   0   1   0

           132         1   0   0   1   0   1
         -8.3858       0   0   1   0   0   1

           133         1   0   0   1   0   1
         -9.0770       0   0   0   1   1   0

           134         1   0   0   1   0   1
         -8.4342       0   0   0   1   0   1

           135         1   0   0   1   0   1
         -9.0770       0   0   0   0   1   1

           136         1   0   0   0   1   1
        -10.1651       1   1   0   0   0   0

           137         1   0   0   0   1   1
         -9.9813       1   0   1   0   0   0

           138         1   0   0   0   1   1
        -10.2575       1   0   0   1   0   0

           139         1   0   0   0   1   1
         -9.6146       1   0   0   0   1   0

           140         1   0   0   0   1   1
         -9.6146       1   0   0   0   0   1

           141         1   0   0   0   1   1
         -9.4896       0   1   1   0   0   0

           142         1   0   0   0   1   1
         -9.3515       0   1   0   1   0   0

           143         1   0   0   0   1   1
         -8.7079       0   1   0   0   1   0

           144         1   0   0   0   1   1
         -9.1229       0   1   0   0   0   1

           145         1   0   0   0   1   1
         -9.4434       0   0   1   1   0   0

           146         1   0   0   0   1   1
         -8.8012       0   0   1   0   1   0

           147         1   0   0   0   1   1
         -8.3863       0   0   1   0   0   1

           148         1   0   0   0   1   1
         -9.0770       0   0   0   1   1   0

           149         1   0   0   0   1   1
         -9.0770       0   0   0   1   0   1

           150         1   0   0   0   1   1
         -8.4342       0   0   0   0   1   1

           151         0   1   1   1   0   0
         -9.1681       1   1   0   0   0   0

           152         0   1   1   1   0   0
         -9.3519       1   0   1   0   0   0

           153         0   1   1   1   0   0
         -9.0757       1   0   0   1   0   0

           154         0   1   1   1   0   0
         -9.7186       1   0   0   0   1   0

           155         0   1   1   1   0   0
         -9.7186       1   0   0   0   0   1

           156         0   1   1   1   0   0
         -4.1044       0   1   1   0   0   0

           157         0   1   1   1   0   0
         -3.4140       0   1   0   1   0   0

           158         0   1   1   1   0   0
         -4.0561       0   1   0   0   1   0

           159         0   1   1   1   0   0
         -4.4711       0   1   0   0   0   1

           160         0   1   1   1   0   0
         -3.8734       0   0   1   1   0   0

           161         0   1   1   1   0   0
         -4.5170       0   0   1   0   1   0

           162         0   1   1   1   0   0
         -4.1021       0   0   1   0   0   1

           163         0   1   1   1   0   0
         -4.2405       0   0   0   1   1   0

           164         0   1   1   1   0   0
         -4.2405       0   0   0   1   0   1

           165         0   1   1   1   0   0
         -4.8833       0   0   0   0   1   1

           166         0   1   1   0   1   0
         -9.1676       1   1   0   0   0   0

           167         0   1   1   0   1   0
         -9.3524       1   0   1   0   0   0

           168         0   1   1   0   1   0
         -9.7186       1   0   0   1   0   0

           169         0   1   1   0   1   0
         -9.0757       1   0   0   0   1   0

           170         0   1   1   0   1   0
         -9.7186       1   0   0   0   0   1

           171         0   1   1   0   1   0
         -4.1044       0   1   1   0   0   0

           172         0   1   1   0   1   0
         -4.0563       0   1   0   1   0   0

           173         0   1   1   0   1   0
         -3.4128       0   1   0   0   1   0

           174         0   1   1   0   1   0
         -4.4706       0   1   0   0   0   1

           175         0   1   1   0   1   0
         -4.5168       0   0   1   1   0   0

           176         0   1   1   0   1   0
         -3.8746       0   0   1   0   1   0

           177         0   1   1   0   1   0
         -4.1025       0   0   1   0   0   1

           178         0   1   1   0   1   0
         -4.2405       0   0   0   1   1   0

           179         0   1   1   0   1   0
         -4.8833       0   0   0   1   0   1

           180         0   1   1   0   1   0
         -4.2405       0   0   0   0   1   1

           181         0   1   1   0   0   1
         -9.4443       1   1   0   0   0   0

           182         0   1   1   0   0   1
         -9.0757       1   0   1   0   0   0

           183         0   1   1   0   0   1
         -9.7186       1   0   0   1   0   0

           184         0   1   1   0   0   1
         -9.7186       1   0   0   0   1   0

           185         0   1   1   0   0   1
         -9.0757       1   0   0   0   0   1

           186         0   1   1   0   0   1
         -4.1044       0   1   1   0   0   0

           187         0   1   1   0   0   1
         -4.3330       0   1   0   1   0   0

           188         0   1   1   0   0   1
         -4.3323       0   1   0   0   1   0

           189         0   1   1   0   0   1
         -4.1044       0   1   0   0   0   1

           190         0   1   1   0   0   1
         -4.2401       0   0   1   1   0   0

           191         0   1   1   0   0   1
         -4.2409       0   0   1   0   1   0

           192         0   1   1   0   0   1
         -3.1830       0   0   1   0   0   1

           193         0   1   1   0   0   1
         -4.8833       0   0   0   1   1   0

           194         0   1   1   0   0   1
         -4.2405       0   0   0   1   0   1

           195         0   1   1   0   0   1
         -4.2405       0   0   0   0   1   1

           196         0   1   0   1   1   0
         -8.4768       1   1   0   0   0   0

           197         0   1   0   1   1   0
         -9.5804       1   0   1   0   0   0

           198         0   1   0   1   1   0
         -8.6613       1   0   0   1   0   0

           199         0   1   0   1   1   0
         -8.6609       1   0   0   0   1   0

           200         0   1   0   1   1   0
         -9.5804       1   0   0   0   0   1

           201         0   1   0   1   1   0
         -4.0562       0   1   1   0   0   0

           202         0   1   0   1   1   0
         -2.7229       0   1   0   1   0   0

           203         0   1   0   1   1   0
         -2.7217       0   1   0   0   1   0

           204         0   1   0   1   1   0
         -4.0562       0   1   0   0   0   1

           205         0   1   0   1   1   0
         -4.1022       0   0   1   1   0   0

           206         0   1   0   1   1   0
         -4.1024       0   0   1   0   1   0

           207         0   1   0   1   1   0
         -4.6069       0   0   1   0   0   1

           208         0   1   0   1   1   0
         -3.1830       0   0   0   1   1   0

           209         0   1   0   1   1   0
         -4.1025       0   0   0   1   0   1

           210         0   1   0   1   1   0
         -4.1020       0   0   0   0   1   1

           211         0   1   0   1   0   1
         -9.1685       1   1   0   0   0   0

           212         0   1   0   1   0   1
         -9.7187       1   0   1   0   0   0

           213         0   1   0   1   0   1
         -9.0763       1   0   0   1   0   0

           214         0   1   0   1   0   1
         -9.7187       1   0   0   0   1   0

           215         0   1   0   1   0   1
         -9.3525       1   0   0   0   0   1

           216         0   1   0   1   0   1
         -4.4712       0   1   1   0   0   0

           217         0   1   0   1   0   1
         -3.4145       0   1   0   1   0   0

           218         0   1   0   1   0   1
         -4.0562       0   1   0   0   1   0

           219         0   1   0   1   0   1
         -4.1050       0   1   0   0   0   1

           220         0   1   0   1   0   1
         -4.2405       0   0   1   1   0   0

           221         0   1   0   1   0   1
         -4.8836       0   0   1   0   1   0

           222         0   1   0   1   0   1
         -4.1024       0   0   1   0   0   1

           223         0   1   0   1   0   1
         -4.2408       0   0   0   1   1   0

           224         0   1   0   1   0   1
         -3.8746       0   0   0   1   0   1

           225         0   1   0   1   0   1
         -4.5170       0   0   0   0   1   1

           226         0   1   0   0   1   1
         -9.1673       1   1   0   0   0   0

           227         0   1   0   0   1   1
         -9.7185       1   0   1   0   0   0

           228         0   1   0   0   1   1
         -9.7185       1   0   0   1   0   0

           229         0   1   0   0   1   1
         -9.0751       1   0   0   0   1   0

           230         0   1   0   0   1   1
         -9.3518       1   0   0   0   0   1

           231         0   1   0   0   1   1
         -4.4705       0   1   1   0   0   0

           232         0   1   0   0   1   1
         -4.0562       0   1   0   1   0   0

           233         0   1   0   0   1   1
         -3.4121       0   1   0   0   1   0

           234         0   1   0   0   1   1
         -4.1038       0   1   0   0   0   1

           235         0   1   0   0   1   1
         -4.8831       0   0   1   1   0   0

           236         0   1   0   0   1   1
         -4.2405       0   0   1   0   1   0

           237         0   1   0   0   1   1
         -4.1022       0   0   1   0   0   1

           238         0   1   0   0   1   1
         -4.2401       0   0   0   1   1   0

           239         0   1   0   0   1   1
         -4.5167       0   0   0   1   0   1

           240         0   1   0   0   1   1
         -3.8734       0   0   0   0   1   1

           241         0   0   1   1   1   0
         -9.7647       1   1   0   0   0   0

           242         0   0   1   1   1   0
         -9.3982       1   0   1   0   0   0

           243         0   0   1   1   1   0
         -9.3979       1   0   0   1   0   0

           244         0   0   1   1   1   0
         -9.3984       1   0   0   0   1   0

           245         0   0   1   1   1   0
         -9.7646       1   0   0   0   0   1

           246         0   0   1   1   1   0
         -4.6090       0   1   1   0   0   0

           247         0   0   1   1   1   0
         -4.1945       0   1   0   1   0   0

           248         0   0   1   1   1   0
         -4.1943       0   1   0   0   1   0

           249         0   0   1   1   1   0
         -4.9755       0   1   0   0   0   1

           250         0   0   1   1   1   0
         -4.1038       0   0   1   1   0   0

           251         0   0   1   1   1   0
         -4.1050       0   0   1   0   1   0

           252         0   0   1   1   1   0
         -4.0562       0   0   1   0   0   1

           253         0   0   1   1   1   0
         -4.1043       0   0   0   1   1   0

           254         0   0   1   1   1   0
         -4.4706       0   0   0   1   0   1

           255         0   0   1   1   1   0
         -4.4710       0   0   0   0   1   1

           256         0   0   1   1   0   1
         -9.6263       1   1   0   0   0   0

           257         0   0   1   1   0   1
         -8.7066       1   0   1   0   0   0

           258         0   0   1   1   0   1
         -8.9830       1   0   0   1   0   0

           259         0   0   1   1   0   1
         -9.6263       1   0   0   0   1   0

           260         0   0   1   1   0   1
         -8.7068       1   0   0   0   0   1

           261         0   0   1   1   0   1
         -4.1941       0   1   1   0   0   0

           262         0   0   1   1   0   1
         -4.0562       0   1   0   1   0   0

           263         0   0   1   1   0   1
         -4.6988       0   1   0   0   1   0

           264         0   0   1   1   0   1
         -4.1943       0   1   0   0   0   1

           265         0   0   1   1   0   1
         -3.4121       0   0   1   1   0   0

           266         0   0   1   1   0   1
         -4.0562       0   0   1   0   1   0

           267         0   0   1   1   0   1
         -2.7217       0   0   1   0   0   1

           268         0   0   1   1   0   1
         -4.3322       0   0   0   1   1   0

           269         0   0   1   1   0   1
         -3.4127       0   0   0   1   0   1

           270         0   0   1   1   0   1
         -4.0561       0   0   0   0   1   1

           271         0   0   1   0   1   1
         -9.6266       1   1   0   0   0   0

           272         0   0   1   0   1   1
         -8.7078       1   0   1   0   0   0

           273         0   0   1   0   1   1
         -9.6266       1   0   0   1   0   0

           274         0   0   1   0   1   1
         -8.9842       1   0   0   0   1   0

           275         0   0   1   0   1   1
         -8.7075       1   0   0   0   0   1

           276         0   0   1   0   1   1
         -4.1948       0   1   1   0   0   0

           277         0   0   1   0   1   1
         -4.6993       0   1   0   1   0   0

           278         0   0   1   0   1   1
         -4.0562       0   1   0   0   1   0

           279         0   0   1   0   1   1
         -4.1945       0   1   0   0   0   1

           280         0   0   1   0   1   1
         -4.0562       0   0   1   1   0   0

           281         0   0   1   0   1   1
         -3.4145       0   0   1   0   1   0

           282         0   0   1   0   1   1
         -2.7229       0   0   1   0   0   1

           283         0   0   1   0   1   1
         -4.3330       0   0   0   1   1   0

           284         0   0   1   0   1   1
         -4.0563       0   0   0   1   0   1

           285         0   0   1   0   1   1
         -3.4139       0   0   0   0   1   1

           286         0   0   0   1   1   1
         -9.7646       1   1   0   0   0   0

           287         0   0   0   1   1   1
         -9.7646       1   0   1   0   0   0

           288         0   0   0   1   1   1
         -9.3982       1   0   0   1   0   0

           289         0   0   0   1   1   1
         -9.3982       1   0   0   0   1   0

           290         0   0   0   1   1   1
         -9.3982       1   0   0   0   0   1

           291         0   0   0   1   1   1
         -4.9755       0   1   1   0   0   0

           292         0   0   0   1   1   1
         -4.1948       0   1   0   1   0   0

           293         0   0   0   1   1   1
         -4.1940       0   1   0   0   1   0

           294         0   0   0   1   1   1
         -4.6090       0   1   0   0   0   1

           295         0   0   0   1   1   1
         -4.4704       0   0   1   1   0   0

           296         0   0   0   1   1   1
         -4.4712       0   0   1   0   1   0

           297         0   0   0   1   1   1
         -4.0562       0   0   1   0   0   1

           298         0   0   0   1   1   1
         -4.1043       0   0   0   1   1   0

           299         0   0   0   1   1   1
         -4.1043       0   0   0   1   0   1

           300         0   0   0   1   1   1
         -4.1043       0   0   0   0   1   1


 DIAGONAL OF C.I. MATRIX
    -9.844946    -9.844946   -10.211392   -10.211392   -10.211392
    -8.894889    -8.847078    -8.846359    -9.261330    -9.122766
    -9.123486    -8.708515    -9.489569    -9.489569    -9.489569
    -9.154520   -10.073308    -9.154513    -9.796896   -10.073543
    -8.847075    -7.514023    -8.155686    -8.847305    -8.708500
    -9.351601    -9.213278    -8.432444    -8.709091    -9.351474
    -9.153321   -10.073069    -9.796656    -9.153314   -10.072824
    -8.846356    -8.155686    -7.511625    -8.846106    -9.351122
    -8.708500    -9.213038    -8.431725    -9.351234    -8.707892
    -9.844940   -10.211392   -10.211627   -10.211147    -9.844933
    -9.261327    -8.847305    -8.846106    -8.894862    -9.489446
    -9.489685    -8.708500    -9.489558    -9.123343    -9.122863
   -10.165205    -9.614000    -9.613994   -10.257335    -9.980688
    -9.122763    -8.708500    -9.351122    -9.489446    -8.432984
    -9.077045    -8.385426    -9.076676    -8.800028    -9.443370
   -10.165444    -9.615199   -10.257575    -9.615193    -9.981407
    -9.123483    -9.351601    -8.708500    -9.489685    -9.077045
    -8.435382    -8.386625    -9.077395    -9.443610    -8.801227
   -10.027121    -8.923581    -9.842604    -9.843083    -8.923574
    -8.708512    -9.213278    -9.213038    -8.708500    -8.385426
    -8.386625    -7.052145    -9.305286    -8.385777    -8.386256
    -9.888912   -10.257456    -9.614590    -9.614590   -10.257452
    -9.489563    -8.432441    -8.431722    -9.489555    -9.076673
    -9.077392    -9.305283    -8.434164    -9.077026    -9.077026
   -10.165560    -9.980808    -9.614590   -10.257452    -9.614590
    -9.489563    -8.709088    -9.351231    -9.123340    -8.800025
    -9.443607    -8.385774    -9.077026    -8.434164    -9.077026
   -10.165080    -9.981288   -10.257452    -9.614590    -9.614590
    -9.489563    -9.351471    -8.707890    -9.122861    -9.443367
    -8.801224    -8.386253    -9.077026    -9.077026    -8.434164
    -9.168109    -9.351901    -9.075719    -9.718581    -9.718581
    -4.104399    -3.413960    -4.056102    -4.471073    -3.873440
    -4.517021    -4.102050    -4.240476    -4.240476    -4.883338
    -9.167630    -9.352381    -9.718581    -9.075719    -9.718581
    -4.104399    -4.056342    -3.412761    -4.470594    -4.516781
    -3.874639    -4.102530    -4.240476    -4.883338    -4.240476
    -9.444277    -9.075733    -9.718581    -9.718581    -9.075719
    -4.104399    -4.332989    -4.332270    -4.104379    -4.240134
    -4.240853    -3.183020    -4.883338    -4.240476    -4.240476
    -8.476841    -9.580381    -8.661339    -8.660860    -9.580369
    -4.056223    -2.722925    -2.721726    -4.056206    -4.102153
    -4.102392    -4.606931    -3.182989    -4.102498    -4.102018
    -9.168459    -9.718704    -9.076310    -9.718693    -9.352478
    -4.471194    -3.414543    -4.056206    -4.104963    -4.240476
    -4.883578    -4.102392    -4.240822    -3.874607    -4.516989
    -9.167260    -9.718464    -9.718453    -9.075111    -9.351759
    -4.470474    -4.056206    -3.412145    -4.103764    -4.883098
    -4.240476    -4.102153    -4.240102    -4.516750    -3.873408
    -9.764652    -9.398199    -9.397947    -9.398426    -9.764641
    -4.609038    -4.194528    -4.194288    -4.975474    -4.103764
    -4.104963    -4.056206    -4.104347    -4.470562    -4.471041
    -9.626329    -8.706581    -8.982976    -9.626317    -8.706808
    -4.194067    -4.056205    -4.698827    -4.194288    -3.412145
    -4.056206    -2.721726    -4.332238    -3.412729    -4.056070
    -9.626568    -8.707780    -9.626557    -8.984174    -8.707527
    -4.194786    -4.699306    -4.056205    -4.194528    -4.056206
    -3.414543    -2.722925    -4.332958    -4.056310    -3.413928
    -9.764645    -9.764645    -9.398181    -9.398181    -9.398181
    -4.975476    -4.194755    -4.194035    -4.609006    -4.470443
    -4.471162    -4.056191    -4.104335    -4.104335    -4.104335

  STATE       ENERGY (EV)        Q.N.  SPIN   SYMMETRY     POLARIZATION
         ABSOLUTE    RELATIVE                            X       Y       Z

    1+  -10.900861    0.000000     1   QUARTET     T1g 
    4   -10.900857    0.000003     1   QUARTET     T2g 
    7   -10.900853    0.000007     1   QUARTET     A2g 
    8   -10.591571    0.309290     1   SEXTET      T2g 
   11   -10.591561    0.309300     1   SEXTET      Eg  
   13   -10.590393    0.310468     2   QUARTET     T2g 
   16   -10.590387    0.310474     1   QUARTET     Eg  
   18   -10.212566    0.688295     2   QUARTET     T1g 
   21   -10.168082    0.732779     1   DOUBLET     T2g 
   24   -10.168079    0.732781     1   DOUBLET     Eg  
   26   -10.168078    0.732782     1   DOUBLET     T1g 
   29   -10.168077    0.732783     1   DOUBLET     A1g 
   30    -9.940213    0.960648     2   DOUBLET     T1g 
   33    -9.937577    0.963284     3   DOUBLET     T1g 
   36    -9.937576    0.963284     2   DOUBLET     T2g 
   39    -9.937575    0.963285     2   DOUBLET     Eg  
   41    -9.937575    0.963286     4   DOUBLET     T1g 
   44    -9.848218    1.052642     3   DOUBLET     T2g 
   47    -9.848217    1.052644     3   DOUBLET     Eg  
   49    -9.674118    1.226742     3   QUARTET     T1g 
   52    -9.674116    1.226745     3   QUARTET     T2g 
   55    -9.674109    1.226752     2   QUARTET     Eg  
   57    -9.674107    1.226753     4   QUARTET     T1g 
   60    -9.671772    1.229089     5   DOUBLET     T1g 
   63    -9.671770    1.229090     4   DOUBLET     T2g 
   66    -9.671767    1.229094     4   DOUBLET     Eg  
   68    -9.671766    1.229094     6   DOUBLET     T1g 
   71    -9.557179    1.343682     5   QUARTET     T1g 
   74    -9.554954    1.345906     7   DOUBLET     T1g 
   77    -9.540504    1.360356     8   DOUBLET     T1g 
   80    -9.540501    1.360360     5   DOUBLET     T2g 
   83    -9.540497    1.360364     1   DOUBLET     A2g 
   84    -9.536123    1.364738     6   QUARTET     T1g 
   87    -9.536120    1.364740     4   QUARTET     T2g 
   90    -9.536117    1.364744     2   QUARTET     A2g 
   91    -9.443940    1.456921     5   QUARTET     T2g 
   94    -9.443934    1.456927     3   QUARTET     Eg  
   96    -9.443931    1.456929     7   QUARTET     T1g 
   99    -9.443928    1.456932     1   QUARTET     A1g 
  100    -9.441925    1.458935     6   DOUBLET     T2g 
  103    -9.441919    1.458942     5   DOUBLET     Eg  
  105    -9.441916    1.458944     9   DOUBLET     T1g 
  108    -9.441913    1.458947     2   DOUBLET     A1g 
  109    -9.242691    1.658170     2   DOUBLET     A2g 
  110    -9.242691    1.658170     7   DOUBLET     T2g 
  113    -9.242690    1.658170    10   DOUBLET     T1g 
  116    -9.215270    1.685591     3   DOUBLET     A1g 
  117    -9.215268    1.685593    11   DOUBLET     T1g 
  120    -9.215266    1.685595     8   DOUBLET     T2g 
  123    -9.215258    1.685602     3   DOUBLET     A2g 
  124    -9.215256    1.685605     9   DOUBLET     T2g 
  127    -9.215255    1.685605     6   DOUBLET     Eg  
  129    -9.132478    1.768382     4   DOUBLET     A1g 
  130    -9.132474    1.768387    12   DOUBLET     T1g 
  133    -9.132470    1.768390     7   DOUBLET     Eg  
  135    -9.132460    1.768400    10   DOUBLET     T2g 
  138    -9.121516    1.779345     6   QUARTET     T2g 
  141    -9.121511    1.779350     4   QUARTET     Eg  
  143    -9.119940    1.780921    11   DOUBLET     T2g 
  146    -9.119934    1.780927     8   DOUBLET     Eg  
  148    -8.895163    2.005698     5   DOUBLET     A1g 
  149    -8.792243    2.108617    12   DOUBLET     T2g 
  152    -8.792233    2.108627     9   DOUBLET     Eg  
  154    -8.522464    2.378396    13   DOUBLET     T1g 
  157    -8.522464    2.378396    13   DOUBLET     T2g 
  160    -8.522464    2.378397     4   DOUBLET     A2g 
  161    -8.278376    2.622485    14   DOUBLET     T2g 
  164    -8.278372    2.622489    10   DOUBLET     Eg  
  166    -8.156336    2.744525     3   QUARTET     A2g 
  167    -8.156335    2.744526     7   QUARTET     T2g 
  170    -8.156334    2.744527     8   QUARTET     T1g 
  173    -8.155957    2.744903    14   DOUBLET     T1g 
  176    -8.155955    2.744905    15   DOUBLET     T2g 
  179    -8.155953    2.744908     5   DOUBLET     A2g 
  180    -8.132831    2.768029     9   QUARTET     T1g 
  183    -8.132614    2.768247    15   DOUBLET     T1g 
  186    -7.826985    3.073875    16   DOUBLET     T2g 
  189    -7.826977    3.073883    11   DOUBLET     Eg  
  191    -7.826975    3.073886    16   DOUBLET     T1g 
  194    -7.826971    3.073889     6   DOUBLET     A1g 
  195    -6.878366    4.022495    12   DOUBLET     Eg  
  197    -6.878360    4.022501    17   DOUBLET     T2g 
  200    -6.627649    4.273211     1   SEXTET      A1g 
  201    -5.767212    5.133648     7   DOUBLET     A1g 
  202    -5.250675    5.650185     2   QUARTET     A1g 
  203    -5.250675    5.650186    10   QUARTET     T1g 
  206    -5.250675    5.650186     5   QUARTET     Eg  
  208    -5.250674    5.650186     8   QUARTET     T2g 
  211    -5.022221    5.878640    11   QUARTET     T1g 
  214    -4.927930    5.972931     6   QUARTET     Eg  
  216    -4.927929    5.972932     9   QUARTET     T2g 
  219    -4.655077    6.245783     8   DOUBLET     A1g 
  220    -4.655077    6.245784    17   DOUBLET     T1g 
  223    -4.655077    6.245784    18   DOUBLET     T2g 
  226    -4.655076    6.245784     6   DOUBLET     A2g 
  227    -4.655076    6.245784    19   DOUBLET     T2g 
  230    -4.655076    6.245784    13   DOUBLET     Eg  
  232    -4.379414    6.521446    20   DOUBLET     T2g 
  235    -4.379414    6.521447    14   DOUBLET     Eg  
  237    -4.334194    6.566667    18   DOUBLET     T1g 
  240    -4.334193    6.566667    21   DOUBLET     T2g 
  243    -4.334193    6.566668     7   DOUBLET     A2g 
  244    -4.331486    6.569375     4   QUARTET     A2g 
  245    -4.331483    6.569377    10   QUARTET     T2g 
  248    -4.331481    6.569379    12   QUARTET     T1g 
  251    -4.196466    6.704394    19   DOUBLET     T1g 
  254    -4.196466    6.704394    22   DOUBLET     T2g 
  257    -4.196466    6.704395    15   DOUBLET     Eg  
  259    -4.196465    6.704395    20   DOUBLET     T1g 
  262    -4.147855    6.753006     9   DOUBLET     A1g 
  263    -4.147855    6.753006    21   DOUBLET     T1g 
  266    -4.147855    6.753006    16   DOUBLET     Eg  
  268    -4.147855    6.753006    23   DOUBLET     T2g 
  271    -3.963444    6.937416     8   DOUBLET     A2g 
  272    -3.963444    6.937417    24   DOUBLET     T2g 
  275    -3.963444    6.937417    22   DOUBLET     T1g 
  278    -3.686560    7.214301    10   DOUBLET     A1g 
  279    -3.366647    7.534213    17   DOUBLET     Eg  
  281    -3.366647    7.534213    25   DOUBLET     T2g 
  284    -3.044597    7.856263    26   DOUBLET     T2g 
  287    -3.044597    7.856263    18   DOUBLET     Eg  
  289    -3.044597    7.856263    23   DOUBLET     T1g 
  292    -3.044597    7.856263    11   DOUBLET     A1g 
  293    -2.261130    8.639730    24   DOUBLET     T1g 
  296    -1.895699    9.005161    27   DOUBLET     T2g 
  299    -1.895697    9.005163    19   DOUBLET     Eg  
 'RELATIVE ENERGY' IS RELATIVE TO LOWEST STATE CALCULATED.
 THIS MAY OR MAY NOT BE THE GROUND STATE



 TOTAL CPU TIME:             3.22 SECONDS

 == MOPAC DONE ==
