 *******************************************************************************
 **  MOPAC: For non-commercial use only        Written by James J. P. Stewart **
 *******************************************************************************

                                MNDO CALCULATION RESULTS


 *******************************************************************************
 *                   MOPAC   7.10               CALC'D. Thu Jun  1 11:02:21 2006
 *  SYMMETRY - SYMMETRY CONDITIONS TO BE IMPOSED
 *
 *
 *
 *                 CHARGE ON SYSTEM =    -2
 *
 *
 *
 *  OPEN(N,N)- THERE ARE 1 ELECTRONS IN 8 LEVELS
 *  T=       - A TIME OF172800.0 SECONDS REQUESTED
 *  DUMP=N   - RESTART FILE WRITTEN EVERY  7200.000 SECONDS
 *  ALLVEC   - PRINT ALL EIGENVECTORS
 *  MECI     - M.E.C.I. WORKING TO BE PRINTED
 *******************************************************************************



     PARAMETER DEPENDENCE DATA

        REFERENCE ATOM      FUNCTION NO.    DEPENDENT ATOM(S)
            2                  1             3  4  5  6  7
            8                  1             9 10 11 12 13

             DESCRIPTIONS OF THE FUNCTIONS USED

   1      BOND LENGTH    IS SET EQUAL TO THE REFERENCE BOND LENGTH   
  ALLVECS SYMMETRY CHARGE=-2 OPEN(1,8)  MECI
 Nb(IV)(CN)6 2T2g
 ROOT=1,2,T2G H=0 HR=GS

    ATOM   CHEMICAL       BOND LENGTH     BOND ANGLE      TWIST ANGLE
   NUMBER  SYMBOL         (ANGSTROMS)      (DEGREES)       (DEGREES)
    (I)                       NA:I           NB:NA:I       NC:NB:NA:I     NA   NB   NC

      1     Nb            0.0000000        0.0000000        0.0000000   
      2      C            2.2680700  *     0.0000000        0.0000000      1    0    0
      3      C            2.2680700       90.0000000        0.0000000      1    2    0
      4      C            2.2680700       90.0000000      180.0000000      1    2    3
      5      C            2.2680700      180.0000000        0.0000000      1    2    3
      6      C            2.2680700       90.0000000       90.0000000      1    2    3
      7      C            2.2680700       90.0000000      -90.0000000      1    2    3
      8      N            1.1818430  *   180.0000000        0.0000000      2    1    3
      9      N            1.1818430      180.0000000        0.0000000      4    1    3
     10      N            1.1818430      180.0000000        0.0000000      5    1    3
     11      N            1.1818430      180.0000000        0.0000000      6    1    3
     12      N            1.1818430      180.0000000        0.0000000      7    1    3
     13      N            1.1818430      180.0000000        0.0000000      3    1    4


          CARTESIAN COORDINATES 

    NO.       ATOM         X         Y         Z

     1        Nb        0.0000    0.0000    0.0000
     2         C        2.2681    0.0000    0.0000
     3         C        0.0000    2.2681    0.0000
     4         C        0.0000   -2.2681    0.0000
     5         C       -2.2681    0.0000    0.0000
     6         C        0.0000    0.0000   -2.2681
     7         C        0.0000    0.0000    2.2681
     8         N        3.4499    0.0000    0.0000
     9         N        0.0000   -3.4499    0.0000
    10         N       -3.4499    0.0000    0.0000
    11         N        0.0000    0.0000   -3.4499
    12         N        0.0000    0.0000    3.4499
    13         N        0.0000    3.4499    0.0000
  C (PM6): J. J. P. Stewart  J. Mol. Mod. (to be submitted)!                    
  N (PM6): J. J. P. Stewart  J. Mol. Mod. (to be submitted)!                    
 Nb (PM6): J. J. P. Stewart  J. Mol. Mod. (to be submitted)!                    


      MOLECULAR POINT GROUP   :   Oh  

      THERE ARE   30 DOUBLY FILLED LEVELS


      RHF CALCULATION, NO. OF DOUBLY OCCUPIED LEVELS =   30


                       NO. OF LEVELS WITH OCCUPANCY 0.125  =  8

          DIAGONAL MATRIX USED AS START HESSIAN

 CYCLE:   1 TIME:   0.594 TIME LEFT:  2.00D  GRAD.:   305.019 HEAT:  165.0870    
 CYCLE:   2 TIME:   1.125 TIME LEFT:  2.00D  GRAD.:   146.351 HEAT:  161.3012    
 CYCLE:   3 TIME:   0.547 TIME LEFT:  2.00D  GRAD.:    38.112 HEAT:  158.3595    
 CYCLE:   4 TIME:   0.562 TIME LEFT:  2.00D  GRAD.:     7.452 HEAT:  158.1542    
 CYCLE:   5 TIME:   0.547 TIME LEFT:  2.00D  GRAD.:     0.280 HEAT:  158.1508    

     RMS GRADIENT =  0.28007  IS LESS THAN CUTOFF =  1.00000



 -------------------------------------------------------------------------------
  ALLVECS SYMMETRY CHARGE=-2 OPEN(1,8)  MECI
 Nb(IV)(CN)6 2T2g
 ROOT=1,2,T2G H=0 HR=GS


     GEOMETRY OPTIMISED USING EIGENVECTOR FOLLOWING (EF).     
     SCF FIELD WAS ACHIEVED                                   


                               MNDO    CALCULATION
                                                       MOPAC  7.10
                                                       Thu Jun  1 11:02:25 2006




          FINAL HEAT OF FORMATION =        158.15044 KCAL =    661.70142 KJ


          TOTAL ENERGY            =      -1930.19918 EV  STATE:  DOUBLET T2g 
          ELECTRONIC ENERGY       =      -8275.43703 EV  POINT GROUP:     Oh  
          CORE-CORE REPULSION     =       6345.23786 EV

          IONIZATION POTENTIAL    =         -7.73273
          NO. OF FILLED LEVELS    =         30
          AND NO. OF OPEN LEVELS  =          8
          MOLECULAR WEIGHT        =        249.013

          MOLECULAR DIMENSIONS (Angstroms)

            Atom       Atom       Distance
            N    10    N     8     6.75031
            N    11    N    12     6.75031
            N    13    N     9     6.75031


          SCF CALCULATIONS        =          7
          COMPUTATION TIME        =          3.422 SECONDS





    ATOM   CHEMICAL       BOND LENGTH     BOND ANGLE      TWIST ANGLE
   NUMBER  SYMBOL         (ANGSTROMS)      (DEGREES)       (DEGREES)
    (I)                       NA:I           NB:NA:I       NC:NB:NA:I     NA   NB   NC

      1     Nb            0.0000000        0.0000000        0.0000000   
      2      C            2.2084987  *     0.0000000        0.0000000      1    0    0
      3      C            2.2084987       90.0000000        0.0000000      1    2    0
      4      C            2.2084987       90.0000000      180.0000000      1    2    3
      5      C            2.2084987      180.0000000        0.0000000      1    2    3
      6      C            2.2084987       90.0000000       90.0000000      1    2    3
      7      C            2.2084987       90.0000000      -90.0000000      1    2    3
      8      N            1.1666554  *   180.0000000        0.0000000      2    1    3
      9      N            1.1666554      180.0000000        0.0000000      4    1    3
     10      N            1.1666554      180.0000000        0.0000000      5    1    3
     11      N            1.1666554      180.0000000        0.0000000      6    1    3
     12      N            1.1666554      180.0000000        0.0000000      7    1    3
     13      N            1.1666554      180.0000000        0.0000000      3    1    4


      MOLECULAR POINT GROUP   :   Oh  


                EIGENVECTORS  


   Root No.    1       2       3       4       5       6       7       8

              1 a1g   1 t1u   1 t1u   1 t1u   1 eg    1 eg    2 a1g   2 eg  

           -24.221 -24.118 -24.118 -24.118 -24.043 -24.043 -14.604 -10.420
  
  S  Nb  1 -0.1574  0.0000  0.0000  0.0000  0.0000  0.0000  0.5931  0.0000
  Px Nb  1  0.0000 -0.1033  0.0038  0.0000  0.0000  0.0000  0.0000  0.0000
  Py Nb  1  0.0000 -0.0038 -0.1033 -0.0003  0.0000  0.0000  0.0000  0.0000
  Pz Nb  1  0.0000  0.0000 -0.0003  0.1034  0.0000  0.0000  0.0000  0.0000
  x2 Nb  1  0.0000  0.0000  0.0000  0.0000  0.0908 -0.0009  0.0000  0.4824
  xz Nb  1  0.0000  0.0000  0.0000  0.0000  0.0000  0.0000  0.0000  0.0000
  z2 Nb  1  0.0000  0.0000  0.0000  0.0000 -0.0009 -0.0908  0.0000 -0.0059
  yz Nb  1  0.0000  0.0000  0.0000  0.0000  0.0000  0.0000  0.0000  0.0000
  xz Nb  1  0.0000  0.0000  0.0000  0.0000  0.0000  0.0000  0.0000  0.0000
  S   C  2 -0.2278 -0.3660  0.0134  0.0000  0.2630  0.1483  0.1969  0.2843
  Px  C  2 -0.1148 -0.2361  0.0087  0.0000  0.1659  0.0935 -0.2130 -0.1775
  Py  C  2  0.0000 -0.0001 -0.0039  0.0000  0.0000  0.0000  0.0000  0.0000
  Pz  C  2  0.0000  0.0000  0.0000  0.0039  0.0000  0.0000  0.0000  0.0000
  S   C  3 -0.2278 -0.0134 -0.3660 -0.0010 -0.2599  0.1537  0.1969 -0.2803
  Px  C  3  0.0000 -0.0039  0.0001  0.0000  0.0000  0.0000  0.0000  0.0000
  Py  C  3 -0.1148 -0.0087 -0.2361 -0.0006 -0.1639  0.0969 -0.2130  0.1750
  Pz  C  3  0.0000  0.0000  0.0000  0.0039  0.0000  0.0000  0.0000  0.0000
  S   C  4 -0.2278  0.0134  0.3660  0.0010 -0.2599  0.1537  0.1969 -0.2803
  Px  C  4  0.0000 -0.0039  0.0001  0.0000  0.0000  0.0000  0.0000  0.0000
  Py  C  4  0.1148 -0.0087 -0.2361 -0.0006  0.1639 -0.0969  0.2130 -0.1750
  Pz  C  4  0.0000  0.0000  0.0000  0.0039  0.0000  0.0000  0.0000  0.0000
  S   C  5 -0.2278  0.3660 -0.0134  0.0000  0.2630  0.1483  0.1969  0.2843
  Px  C  5  0.1148 -0.2361  0.0087  0.0000 -0.1659 -0.0935  0.2130  0.1775
  Py  C  5  0.0000 -0.0001 -0.0039  0.0000  0.0000  0.0000  0.0000  0.0000
  Pz  C  5  0.0000  0.0000  0.0000  0.0039  0.0000  0.0000  0.0000  0.0000
  S   C  6 -0.2278  0.0001  0.0010 -0.3663 -0.0031 -0.3019  0.1969 -0.0040
  Px  C  6  0.0000 -0.0039  0.0001  0.0000  0.0000  0.0000  0.0000  0.0000
  Py  C  6  0.0000 -0.0001 -0.0039  0.0000  0.0000  0.0000  0.0000  0.0000
  Pz  C  6  0.1148  0.0000 -0.0006  0.2363  0.0020  0.1904  0.2130 -0.0025
  S   C  7 -0.2278 -0.0001 -0.0010  0.3663 -0.0031 -0.3019  0.1969 -0.0040
  Px  C  7  0.0000 -0.0039  0.0001  0.0000  0.0000  0.0000  0.0000  0.0000
  Py  C  7  0.0000 -0.0001 -0.0039  0.0000  0.0000  0.0000  0.0000  0.0000
  Pz  C  7 -0.1148  0.0000 -0.0006  0.2363 -0.0020 -0.1904 -0.2130  0.0025
  S   N  8 -0.2749 -0.4894  0.0179  0.0000  0.3481  0.1962 -0.1503 -0.2422
  Px  N  8  0.1479  0.2544 -0.0093  0.0000 -0.1817 -0.1024 -0.0364 -0.1535
  Py  N  8  0.0000 -0.0001 -0.0016  0.0000  0.0000  0.0000  0.0000  0.0000
  Pz  N  8  0.0000  0.0000  0.0000  0.0016  0.0000  0.0000  0.0000  0.0000
  S   N  9 -0.2749  0.0179  0.4894  0.0013 -0.3440  0.2033 -0.1503  0.2388
  Px  N  9  0.0000 -0.0016  0.0001  0.0000  0.0000  0.0000  0.0000  0.0000
  Py  N  9 -0.1479  0.0093  0.2544  0.0007 -0.1795  0.1061  0.0364 -0.1513
  Pz  N  9  0.0000  0.0000  0.0000  0.0016  0.0000  0.0000  0.0000  0.0000
  S   N 10 -0.2749  0.4894 -0.0179  0.0000  0.3481  0.1962 -0.1503 -0.2422
  Px  N 10 -0.1479  0.2544 -0.0093  0.0000  0.1817  0.1024  0.0364  0.1535
  Py  N 10  0.0000 -0.0001 -0.0016  0.0000  0.0000  0.0000  0.0000  0.0000
  Pz  N 10  0.0000  0.0000  0.0000  0.0016  0.0000  0.0000  0.0000  0.0000
  S   N 11 -0.2749  0.0001  0.0013 -0.4897 -0.0041 -0.3995 -0.1503  0.0034
  Px  N 11  0.0000 -0.0016  0.0001  0.0000  0.0000  0.0000  0.0000  0.0000
  Py  N 11  0.0000 -0.0001 -0.0016  0.0000  0.0000  0.0000  0.0000  0.0000
  Pz  N 11 -0.1479  0.0000  0.0007 -0.2545 -0.0021 -0.2086  0.0364 -0.0022
  S   N 12 -0.2749 -0.0001 -0.0013  0.4897 -0.0041 -0.3995 -0.1503  0.0034
  Px  N 12  0.0000 -0.0016  0.0001  0.0000  0.0000  0.0000  0.0000  0.0000
  Py  N 12  0.0000 -0.0001 -0.0016  0.0000  0.0000  0.0000  0.0000  0.0000
  Pz  N 12  0.1479  0.0000  0.0007 -0.2545  0.0021  0.2086 -0.0364  0.0022
  S   N 13 -0.2749 -0.0179 -0.4894 -0.0013 -0.3440  0.2033 -0.1503  0.2388
  Px  N 13  0.0000 -0.0016  0.0001  0.0000  0.0000  0.0000  0.0000  0.0000
  Py  N 13  0.1479  0.0093  0.2544  0.0007  0.1795 -0.1061 -0.0364  0.1513
  Pz  N 13  0.0000  0.0000  0.0000  0.0016  0.0000  0.0000  0.0000  0.0000


   Root No.    9      10      11      12      13      14      15      16

              2 eg    2 t1u   2 t1u   2 t1u   1 t2g   1 t2g   1 t2g   3 t1u 

           -10.420  -9.178  -9.178  -9.178  -6.882  -6.882  -6.882  -6.408
  
  S  Nb  1  0.0000  0.0000  0.0000  0.0000  0.0000  0.0000  0.0000  0.0000
  Px Nb  1  0.0000 -0.2321  0.1279  0.0002  0.0000  0.0000  0.0000  0.0004
  Py Nb  1  0.0000  0.1279  0.2321  0.0024  0.0000  0.0000  0.0000  0.0005
  Pz Nb  1  0.0000  0.0010  0.0022 -0.2650  0.0000  0.0000  0.0000  0.0860
  x2 Nb  1  0.0059  0.0000  0.0000  0.0000  0.0000  0.0000  0.0000  0.0000
  xz Nb  1  0.0000  0.0000  0.0000  0.0000  0.0010  0.2037  0.0990  0.0000
  z2 Nb  1  0.4824  0.0000  0.0000  0.0000  0.0000  0.0000  0.0000  0.0000
  yz Nb  1  0.0000  0.0000  0.0000  0.0000 -0.0002 -0.0990  0.2037  0.0000
  xz Nb  1  0.0000  0.0000  0.0000  0.0000  0.2265 -0.0010 -0.0002  0.0000
  S   C  2 -0.1595 -0.3519  0.1940  0.0003  0.0000  0.0000  0.0000 -0.0001
  Px  C  2  0.0996  0.1581 -0.0871 -0.0001  0.0000  0.0000  0.0000 -0.0002
  Py  C  2  0.0000  0.0249  0.0451  0.0005  0.3212 -0.0014 -0.0003  0.0017
  Pz  C  2  0.0000  0.0002  0.0004 -0.0515  0.0014  0.2889  0.1404  0.3066
  S   C  3 -0.1664  0.1939  0.3519  0.0037  0.0000  0.0000  0.0000 -0.0002
  Px  C  3  0.0000 -0.0451  0.0249  0.0000  0.3212 -0.0014 -0.0003  0.0013
  Py  C  3  0.1039 -0.0871 -0.1581 -0.0016  0.0000  0.0000  0.0000 -0.0003
  Pz  C  3  0.0000  0.0002  0.0004 -0.0515 -0.0003 -0.1404  0.2889  0.3066
  S   C  4 -0.1664 -0.1939 -0.3519 -0.0037  0.0000  0.0000  0.0000  0.0002
  Px  C  4  0.0000 -0.0451  0.0249  0.0000 -0.3212  0.0014  0.0003  0.0013
  Py  C  4 -0.1039 -0.0871 -0.1581 -0.0016  0.0000  0.0000  0.0000 -0.0003
  Pz  C  4  0.0000  0.0002  0.0004 -0.0515  0.0003  0.1404 -0.2889  0.3066
  S   C  5 -0.1595  0.3519 -0.1940 -0.0003  0.0000  0.0000  0.0000  0.0001
  Px  C  5 -0.0996  0.1581 -0.0871 -0.0001  0.0000  0.0000  0.0000 -0.0002
  Py  C  5  0.0000  0.0249  0.0451  0.0005 -0.3212  0.0014  0.0003  0.0017
  Pz  C  5  0.0000  0.0002  0.0004 -0.0515 -0.0014 -0.2889 -0.1404  0.3066
  S   C  6  0.3259 -0.0015 -0.0033  0.4018  0.0000  0.0000  0.0000  0.0322
  Px  C  6  0.0000 -0.0451  0.0249  0.0000 -0.0014 -0.2889 -0.1404  0.0013
  Py  C  6  0.0000  0.0249  0.0451  0.0005  0.0003  0.1404 -0.2889  0.0017
  Pz  C  6  0.2035 -0.0007 -0.0015  0.1805  0.0000  0.0000  0.0000 -0.0469
  S   C  7  0.3259  0.0015  0.0033 -0.4018  0.0000  0.0000  0.0000 -0.0322
  Px  C  7  0.0000 -0.0451  0.0249  0.0000  0.0014  0.2889  0.1404  0.0013
  Py  C  7  0.0000  0.0249  0.0451  0.0005 -0.0003 -0.1404  0.2889  0.0017
  Pz  C  7 -0.2035 -0.0007 -0.0015  0.1805  0.0000  0.0000  0.0000 -0.0469
  S   N  8  0.1359  0.3545 -0.1954 -0.0003  0.0000  0.0000  0.0000  0.0004
  Px  N  8  0.0861  0.2735 -0.1508 -0.0002  0.0000  0.0000  0.0000  0.0005
  Py  N  8  0.0000  0.0219  0.0397  0.0004  0.3661 -0.0016 -0.0004  0.0021
  Pz  N  8  0.0000  0.0002  0.0004 -0.0454  0.0016  0.3292  0.1600  0.3765
  S   N  9  0.1418  0.1954  0.3545  0.0037  0.0000  0.0000  0.0000 -0.0005
  Px  N  9  0.0000 -0.0397  0.0219  0.0000 -0.3661  0.0016  0.0004  0.0016
  Py  N  9 -0.0899 -0.1508 -0.2735 -0.0029  0.0000  0.0000  0.0000  0.0006
  Pz  N  9  0.0000  0.0002  0.0004 -0.0454  0.0004  0.1600 -0.3292  0.3765
  S   N 10  0.1359 -0.3545  0.1954  0.0003  0.0000  0.0000  0.0000 -0.0004
  Px  N 10 -0.0861  0.2735 -0.1508 -0.0002  0.0000  0.0000  0.0000  0.0005
  Py  N 10  0.0000  0.0219  0.0397  0.0004 -0.3661  0.0016  0.0004  0.0021
  Pz  N 10  0.0000  0.0002  0.0004 -0.0454 -0.0016 -0.3292 -0.1600  0.3765
  S   N 11 -0.2777  0.0015  0.0034 -0.4048  0.0000  0.0000  0.0000 -0.0904
  Px  N 11  0.0000 -0.0397  0.0219  0.0000 -0.0016 -0.3292 -0.1600  0.0016
  Py  N 11  0.0000  0.0219  0.0397  0.0004  0.0004  0.1600 -0.3292  0.0021
  Pz  N 11  0.1760 -0.0012 -0.0026  0.3123  0.0000  0.0000  0.0000  0.1155
  S   N 12 -0.2777 -0.0015 -0.0034  0.4048  0.0000  0.0000  0.0000  0.0904
  Px  N 12  0.0000 -0.0397  0.0219  0.0000  0.0016  0.3292  0.1600  0.0016
  Py  N 12  0.0000  0.0219  0.0397  0.0004 -0.0004 -0.1600  0.3292  0.0021
  Pz  N 12 -0.1760 -0.0012 -0.0026  0.3123  0.0000  0.0000  0.0000  0.1155
  S   N 13  0.1418 -0.1954 -0.3545 -0.0037  0.0000  0.0000  0.0000  0.0005
  Px  N 13  0.0000 -0.0397  0.0219  0.0000  0.3661 -0.0016 -0.0004  0.0016
  Py  N 13  0.0899 -0.1508 -0.2735 -0.0029  0.0000  0.0000  0.0000  0.0006
  Pz  N 13  0.0000  0.0002  0.0004 -0.0454 -0.0004 -0.1600  0.3292  0.3765


   Root No.   17      18      19      20      21      22      23      24

              3 t1u   3 t1u   1 t2u   1 t2u   1 t2u   3 a1g   1 t1g   1 t1g 

            -6.408  -6.408  -6.258  -6.258  -6.258  -6.252  -6.168  -6.168
  
  S  Nb  1  0.0000  0.0000  0.0000  0.0000  0.0000 -0.2522  0.0000  0.0000
  Px Nb  1  0.0207 -0.0835  0.0000  0.0000  0.0000  0.0000  0.0000  0.0000
  Py Nb  1  0.0835  0.0207  0.0000  0.0000  0.0000  0.0000  0.0000  0.0000
  Pz Nb  1 -0.0006  0.0002  0.0000  0.0000  0.0000  0.0000  0.0000  0.0000
  x2 Nb  1  0.0000  0.0000  0.0000  0.0000  0.0000  0.0000  0.0000  0.0000
  xz Nb  1  0.0000  0.0000  0.0000  0.0000  0.0000  0.0000  0.0000  0.0000
  z2 Nb  1  0.0000  0.0000  0.0000  0.0000  0.0000  0.0000  0.0000  0.0000
  yz Nb  1  0.0000  0.0000  0.0000  0.0000  0.0000  0.0000  0.0000  0.0000
  xz Nb  1  0.0000  0.0000  0.0000  0.0000  0.0000  0.0000  0.0000  0.0000
  S   C  2 -0.0078  0.0313  0.0000  0.0000  0.0000  0.0516  0.0000  0.0000
  Px  C  2 -0.0113  0.0455  0.0000  0.0000  0.0000  0.1415  0.0000  0.0000
  Py  C  2  0.2976  0.0739 -0.0009 -0.3081 -0.0456  0.0000  0.3071  0.0009
  Pz  C  2 -0.0020  0.0009 -0.3115  0.0009 -0.0001  0.0000 -0.0009  0.3071
  S   C  3 -0.0313 -0.0078  0.0000  0.0000  0.0000  0.0516  0.0000  0.0000
  Px  C  3  0.0739 -0.2976  0.0002  0.0456 -0.3081  0.0000 -0.3071 -0.0009
  Py  C  3 -0.0455 -0.0113  0.0000  0.0000  0.0000  0.1415  0.0000  0.0000
  Pz  C  3 -0.0020  0.0009  0.3115 -0.0009  0.0001  0.0000 -0.0001  0.0023
  S   C  4  0.0313  0.0078  0.0000  0.0000  0.0000  0.0516  0.0000  0.0000
  Px  C  4  0.0739 -0.2976  0.0002  0.0456 -0.3081  0.0000  0.3071  0.0009
  Py  C  4 -0.0455 -0.0113  0.0000  0.0000  0.0000 -0.1415  0.0000  0.0000
  Pz  C  4 -0.0020  0.0009  0.3115 -0.0009  0.0001  0.0000  0.0001 -0.0023
  S   C  5  0.0078 -0.0313  0.0000  0.0000  0.0000  0.0516  0.0000  0.0000
  Px  C  5 -0.0113  0.0455  0.0000  0.0000  0.0000 -0.1415  0.0000  0.0000
  Py  C  5  0.2976  0.0739 -0.0009 -0.3081 -0.0456  0.0000 -0.3071 -0.0009
  Pz  C  5 -0.0020  0.0009 -0.3115  0.0009 -0.0001  0.0000  0.0009 -0.3071
  S   C  6 -0.0002  0.0001  0.0000  0.0000  0.0000  0.0516  0.0000  0.0000
  Px  C  6  0.0739 -0.2976 -0.0002 -0.0456  0.3081  0.0000 -0.0009  0.3071
  Py  C  6  0.2976  0.0739  0.0009  0.3081  0.0456  0.0000 -0.0001  0.0023
  Pz  C  6  0.0003 -0.0001  0.0000  0.0000  0.0000 -0.1415  0.0000  0.0000
  S   C  7  0.0002 -0.0001  0.0000  0.0000  0.0000  0.0516  0.0000  0.0000
  Px  C  7  0.0739 -0.2976 -0.0002 -0.0456  0.3081  0.0000  0.0009 -0.3071
  Py  C  7  0.2976  0.0739  0.0009  0.3081  0.0456  0.0000  0.0001 -0.0023
  Pz  C  7  0.0003 -0.0001  0.0000  0.0000  0.0000  0.1415  0.0000  0.0000
  S   N  8  0.0218 -0.0877  0.0000  0.0000  0.0000 -0.2302  0.0000  0.0000
  Px  N  8  0.0279 -0.1121  0.0000  0.0000  0.0000 -0.2835  0.0000  0.0000
  Py  N  8  0.3654  0.0908 -0.0011 -0.3869 -0.0572  0.0000  0.3946  0.0011
  Pz  N  8 -0.0024  0.0010 -0.3911  0.0011 -0.0001  0.0000 -0.0011  0.3945
  S   N  9 -0.0877 -0.0218  0.0000  0.0000  0.0000 -0.2302  0.0000  0.0000
  Px  N  9  0.0908 -0.3654  0.0003  0.0572 -0.3869  0.0000  0.3946  0.0011
  Py  N  9  0.1121  0.0279  0.0000  0.0000  0.0000  0.2835  0.0000  0.0000
  Pz  N  9 -0.0024  0.0010  0.3911 -0.0011  0.0001  0.0000  0.0002 -0.0029
  S   N 10 -0.0218  0.0877  0.0000  0.0000  0.0000 -0.2302  0.0000  0.0000
  Px  N 10  0.0279 -0.1121  0.0000  0.0000  0.0000  0.2835  0.0000  0.0000
  Py  N 10  0.3654  0.0908 -0.0011 -0.3869 -0.0572  0.0000 -0.3946 -0.0011
  Pz  N 10 -0.0024  0.0010 -0.3911  0.0011 -0.0001  0.0000  0.0011 -0.3945
  S   N 11  0.0006 -0.0003  0.0000  0.0000  0.0000 -0.2302  0.0000  0.0000
  Px  N 11  0.0908 -0.3654 -0.0003 -0.0572  0.3869  0.0000 -0.0011  0.3945
  Py  N 11  0.3654  0.0908  0.0011  0.3869  0.0572  0.0000 -0.0002  0.0029
  Pz  N 11 -0.0007  0.0003  0.0000  0.0000  0.0000  0.2835  0.0000  0.0000
  S   N 12 -0.0006  0.0003  0.0000  0.0000  0.0000 -0.2302  0.0000  0.0000
  Px  N 12  0.0908 -0.3654 -0.0003 -0.0572  0.3869  0.0000  0.0011 -0.3945
  Py  N 12  0.3654  0.0908  0.0011  0.3869  0.0572  0.0000  0.0002 -0.0029
  Pz  N 12 -0.0007  0.0003  0.0000  0.0000  0.0000 -0.2835  0.0000  0.0000
  S   N 13  0.0877  0.0218  0.0000  0.0000  0.0000 -0.2302  0.0000  0.0000
  Px  N 13  0.0908 -0.3654  0.0003  0.0572 -0.3869  0.0000 -0.3946 -0.0011
  Py  N 13  0.1121  0.0279  0.0000  0.0000  0.0000 -0.2835  0.0000  0.0000
  Pz  N 13 -0.0024  0.0010  0.3911 -0.0011  0.0001  0.0000 -0.0002  0.0029


   Root No.   25      26      27      28      29      30      31      32

              1 t1g   3 eg    3 eg    4 t1u   4 t1u   4 t1u   2 t2g   2 t2g 

            -6.168  -5.379  -5.379  -3.742  -3.742  -3.742   3.652   3.652
  
  S  Nb  1  0.0000  0.0000  0.0000  0.0000  0.0000  0.0000  0.0000  0.0000
  Px Nb  1  0.0000  0.0000  0.0000 -0.3491 -0.2024  0.0002  0.0000  0.0000
  Py Nb  1  0.0000  0.0000  0.0000  0.2024 -0.3491 -0.0033  0.0000  0.0000
  Pz Nb  1  0.0000  0.0000  0.0000  0.0018 -0.0028  0.4035  0.0000  0.0000
  x2 Nb  1  0.0000 -0.4525  0.0037  0.0000  0.0000  0.0000  0.0000  0.0000
  xz Nb  1  0.0000  0.0000  0.0000  0.0000  0.0000  0.0000  0.9096 -0.1200
  z2 Nb  1  0.0000  0.0037  0.4525  0.0000  0.0000  0.0000  0.0000  0.0000
  yz Nb  1  0.0000  0.0000  0.0000  0.0000  0.0000  0.0000 -0.1200 -0.9096
  xz Nb  1  0.0000  0.0000  0.0000  0.0000  0.0000  0.0000 -0.0020  0.0083
  S   C  2  0.0000 -0.0275 -0.0156 -0.1832 -0.1062  0.0001  0.0000  0.0000
  Px  C  2  0.0000  0.2224  0.1260  0.3544  0.2055 -0.0002  0.0000  0.0000
  Py  C  2 -0.0001  0.0000  0.0000 -0.0215  0.0370  0.0004 -0.0001  0.0005
  Pz  C  2  0.0023  0.0000  0.0000 -0.0002  0.0003 -0.0428  0.0553 -0.0073
  S   C  3  0.0000  0.0273 -0.0160  0.1062 -0.1832 -0.0017  0.0000  0.0000
  Px  C  3  0.0001  0.0000  0.0000  0.0370  0.0215  0.0000 -0.0001  0.0005
  Py  C  3  0.0000 -0.2203  0.1296 -0.2055  0.3544  0.0034  0.0000  0.0000
  Pz  C  3 -0.3071  0.0000  0.0000 -0.0002  0.0003 -0.0428 -0.0073 -0.0553
  S   C  4  0.0000  0.0273 -0.0160 -0.1062  0.1832  0.0017  0.0000  0.0000
  Px  C  4 -0.0001  0.0000  0.0000  0.0370  0.0215  0.0000  0.0001 -0.0005
  Py  C  4  0.0000  0.2203 -0.1296 -0.2055  0.3544  0.0034  0.0000  0.0000
  Pz  C  4  0.3071  0.0000  0.0000 -0.0002  0.0003 -0.0428  0.0073  0.0553
  S   C  5  0.0000 -0.0275 -0.0156  0.1832  0.1062 -0.0001  0.0000  0.0000
  Px  C  5  0.0000 -0.2224 -0.1260  0.3544  0.2055 -0.0002  0.0000  0.0000
  Py  C  5  0.0001  0.0000  0.0000 -0.0215  0.0370  0.0004  0.0001 -0.0005
  Pz  C  5 -0.0023  0.0000  0.0000 -0.0002  0.0003 -0.0428 -0.0553  0.0073
  S   C  6  0.0000  0.0003  0.0316 -0.0010  0.0015 -0.2117  0.0000  0.0000
  Px  C  6  0.0023  0.0000  0.0000  0.0370  0.0215  0.0000 -0.0553  0.0073
  Py  C  6 -0.3071  0.0000  0.0000 -0.0215  0.0370  0.0004  0.0073  0.0553
  Pz  C  6  0.0000  0.0021  0.2556 -0.0018  0.0028 -0.4097  0.0000  0.0000
  S   C  7  0.0000  0.0003  0.0316  0.0010 -0.0015  0.2117  0.0000  0.0000
  Px  C  7 -0.0023  0.0000  0.0000  0.0370  0.0215  0.0000  0.0553 -0.0073
  Py  C  7  0.3071  0.0000  0.0000 -0.0215  0.0370  0.0004 -0.0073 -0.0553
  Pz  C  7  0.0000 -0.0021 -0.2556 -0.0018  0.0028 -0.4097  0.0000  0.0000
  S   N  8  0.0000 -0.2216 -0.1255 -0.1711 -0.0992  0.0001  0.0000  0.0000
  Px  N  8  0.0000 -0.3184 -0.1804 -0.3326 -0.1929  0.0002  0.0000  0.0000
  Py  N  8 -0.0002  0.0000  0.0000 -0.0438  0.0756  0.0007  0.0004 -0.0017
  Pz  N  8  0.0029  0.0000  0.0000 -0.0004  0.0006 -0.0874 -0.1892  0.0250
  S   N  9  0.0000  0.2195 -0.1291 -0.0992  0.1711  0.0016  0.0000  0.0000
  Px  N  9 -0.0002  0.0000  0.0000  0.0756  0.0438  0.0000 -0.0004  0.0017
  Py  N  9  0.0000 -0.3154  0.1855  0.1928 -0.3326 -0.0032  0.0000  0.0000
  Pz  N  9  0.3945  0.0000  0.0000 -0.0004  0.0006 -0.0874 -0.0250 -0.1892
  S   N 10  0.0000 -0.2216 -0.1255  0.1711  0.0992 -0.0001  0.0000  0.0000
  Px  N 10  0.0000  0.3184  0.1804 -0.3326 -0.1929  0.0002  0.0000  0.0000
  Py  N 10  0.0002  0.0000  0.0000 -0.0438  0.0756  0.0007 -0.0004  0.0017
  Pz  N 10 -0.0029  0.0000  0.0000 -0.0004  0.0006 -0.0874  0.1892 -0.0250
  S   N 11  0.0000  0.0021  0.2546 -0.0009  0.0014 -0.1978  0.0000  0.0000
  Px  N 11  0.0029  0.0000  0.0000  0.0756  0.0438  0.0000  0.1892 -0.0250
  Py  N 11 -0.3945  0.0000  0.0000 -0.0438  0.0756  0.0007 -0.0250 -0.1892
  Pz  N 11  0.0000 -0.0030 -0.3659  0.0017 -0.0027  0.3845  0.0000  0.0000
  S   N 12  0.0000  0.0021  0.2546  0.0009 -0.0014  0.1978  0.0000  0.0000
  Px  N 12 -0.0029  0.0000  0.0000  0.0756  0.0438  0.0000 -0.1892  0.0250
  Py  N 12  0.3945  0.0000  0.0000 -0.0438  0.0756  0.0007  0.0250  0.1892
  Pz  N 12  0.0000  0.0030  0.3659  0.0017 -0.0027  0.3845  0.0000  0.0000
  S   N 13  0.0000  0.2195 -0.1291  0.0992 -0.1711 -0.0016  0.0000  0.0000
  Px  N 13  0.0002  0.0000  0.0000  0.0756  0.0438  0.0000  0.0004 -0.0017
  Py  N 13  0.0000  0.3154 -0.1855  0.1928 -0.3326 -0.0032  0.0000  0.0000
  Pz  N 13 -0.3945  0.0000  0.0000 -0.0004  0.0006 -0.0874  0.0250  0.1892


   Root No.   33      34      35      36      37      38      39      40

              2 t2g   5 t1u   5 t1u   5 t1u   4 eg    4 eg    6 t1u   6 t1u 

             3.652   7.447   7.447   7.447   7.733   7.733   8.613   8.613
  
  S  Nb  1  0.0000  0.0000  0.0000  0.0000  0.0000  0.0000  0.0000  0.0000
  Px Nb  1  0.0000 -0.7529  0.3583 -0.0016  0.0000  0.0000  0.0011  0.0297
  Py Nb  1  0.0000 -0.3582 -0.7529 -0.0105  0.0000  0.0000  0.0021  0.2277
  Pz Nb  1  0.0000  0.0060  0.0088 -0.8337  0.0000  0.0000  0.2296 -0.0023
  x2 Nb  1  0.0000  0.0000  0.0000  0.0000 -0.7393 -0.0027  0.0000  0.0000
  xz Nb  1 -0.0030  0.0000  0.0000  0.0000  0.0000  0.0000  0.0000  0.0000
  z2 Nb  1  0.0000  0.0000  0.0000  0.0000  0.0027 -0.7393  0.0000  0.0000
  yz Nb  1 -0.0080  0.0000  0.0000  0.0000  0.0000  0.0000  0.0000  0.0000
  xz Nb  1 -0.9175  0.0000  0.0000  0.0000  0.0000  0.0000  0.0000  0.0000
  S   C  2  0.0000  0.2275 -0.1083  0.0005  0.2561 -0.1466 -0.0002 -0.0045
  Px  C  2  0.0000 -0.2111  0.1004 -0.0005 -0.1921  0.1100  0.0002  0.0059
  Py  C  2 -0.0558 -0.0333 -0.0701 -0.0010  0.0000  0.0000 -0.0036 -0.3780
  Pz  C  2 -0.0002  0.0006  0.0008 -0.0776  0.0000  0.0000 -0.3812  0.0038
  S   C  3  0.0000  0.1083  0.2275  0.0032 -0.2550 -0.1485 -0.0003 -0.0342
  Px  C  3 -0.0558 -0.0701  0.0333 -0.0002  0.0000  0.0000 -0.0019 -0.0494
  Py  C  3  0.0000 -0.1004 -0.2111 -0.0030  0.1913  0.1114  0.0004  0.0453
  Pz  C  3 -0.0005  0.0006  0.0008 -0.0776  0.0000  0.0000 -0.3812  0.0038
  S   C  4  0.0000 -0.1083 -0.2275 -0.0032 -0.2550 -0.1485  0.0003  0.0342
  Px  C  4  0.0558 -0.0701  0.0333 -0.0002  0.0000  0.0000 -0.0019 -0.0494
  Py  C  4  0.0000 -0.1004 -0.2111 -0.0030 -0.1913 -0.1114  0.0004  0.0453
  Pz  C  4  0.0005  0.0006  0.0008 -0.0776  0.0000  0.0000 -0.3812  0.0038
  S   C  5  0.0000 -0.2275  0.1083 -0.0005  0.2561 -0.1466  0.0002  0.0045
  Px  C  5  0.0000 -0.2111  0.1004 -0.0005  0.1921 -0.1100  0.0002  0.0059
  Py  C  5  0.0558 -0.0333 -0.0701 -0.0010  0.0000  0.0000 -0.0036 -0.3780
  Pz  C  5  0.0002  0.0006  0.0008 -0.0776  0.0000  0.0000 -0.3812  0.0038
  S   C  6  0.0000  0.0018  0.0027 -0.2520 -0.0011  0.2951  0.0345 -0.0003
  Px  C  6  0.0002 -0.0701  0.0333 -0.0002  0.0000  0.0000 -0.0019 -0.0494
  Py  C  6  0.0005 -0.0333 -0.0701 -0.0010  0.0000  0.0000 -0.0036 -0.3780
  Pz  C  6  0.0000  0.0017  0.0025 -0.2337 -0.0008  0.2214  0.0457 -0.0005
  S   C  7  0.0000 -0.0018 -0.0027  0.2520 -0.0011  0.2951 -0.0345  0.0003
  Px  C  7 -0.0002 -0.0701  0.0333 -0.0002  0.0000  0.0000 -0.0019 -0.0494
  Py  C  7 -0.0005 -0.0333 -0.0701 -0.0010  0.0000  0.0000 -0.0036 -0.3780
  Pz  C  7  0.0000  0.0017  0.0025 -0.2337  0.0008 -0.2214  0.0457 -0.0005
  S   N  8  0.0000  0.0371 -0.0176  0.0001  0.0023 -0.0013 -0.0001 -0.0017
  Px  N  8  0.0000  0.0487 -0.0232  0.0001  0.1066 -0.0610  0.0000  0.0007
  Py  N  8  0.1909  0.0403  0.0847  0.0012  0.0000  0.0000  0.0028  0.2970
  Pz  N  8  0.0006 -0.0007 -0.0010  0.0938  0.0000  0.0000  0.2995 -0.0030
  S   N  9  0.0000 -0.0176 -0.0370 -0.0005 -0.0023 -0.0013  0.0001  0.0134
  Px  N  9 -0.1909  0.0847 -0.0403  0.0002  0.0000  0.0000  0.0015  0.0388
  Py  N  9  0.0000  0.0232  0.0487  0.0007  0.1061  0.0618  0.0001  0.0053
  Pz  N  9 -0.0017 -0.0007 -0.0010  0.0938  0.0000  0.0000  0.2995 -0.0030
  S   N 10  0.0000 -0.0371  0.0176 -0.0001  0.0023 -0.0013  0.0001  0.0017
  Px  N 10  0.0000  0.0487 -0.0232  0.0001 -0.1066  0.0610  0.0000  0.0007
  Py  N 10 -0.1909  0.0403  0.0847  0.0012  0.0000  0.0000  0.0028  0.2970
  Pz  N 10 -0.0006 -0.0007 -0.0010  0.0938  0.0000  0.0000  0.2995 -0.0030
  S   N 11  0.0000  0.0003  0.0004 -0.0410  0.0000  0.0027  0.0135 -0.0001
  Px  N 11 -0.0006  0.0847 -0.0403  0.0002  0.0000  0.0000  0.0015  0.0388
  Py  N 11 -0.0017  0.0403  0.0847  0.0012  0.0000  0.0000  0.0028  0.2970
  Pz  N 11  0.0000 -0.0004 -0.0006  0.0540  0.0004 -0.1228  0.0054 -0.0001
  S   N 12  0.0000 -0.0003 -0.0004  0.0410  0.0000  0.0027 -0.0135  0.0001
  Px  N 12  0.0006  0.0847 -0.0403  0.0002  0.0000  0.0000  0.0015  0.0388
  Py  N 12  0.0017  0.0403  0.0847  0.0012  0.0000  0.0000  0.0028  0.2970
  Pz  N 12  0.0000 -0.0004 -0.0006  0.0540 -0.0004  0.1228  0.0054 -0.0001
  S   N 13  0.0000  0.0176  0.0370  0.0005 -0.0023 -0.0013 -0.0001 -0.0134
  Px  N 13  0.1909  0.0847 -0.0403  0.0002  0.0000  0.0000  0.0015  0.0388
  Py  N 13  0.0000  0.0232  0.0487  0.0007 -0.1061 -0.0618  0.0001  0.0053
  Pz  N 13  0.0017 -0.0007 -0.0010  0.0938  0.0000  0.0000  0.2995 -0.0030


   Root No.   41      42      43      44      45      46      47      48

              6 t1u   2 t2u   2 t2u   2 t2u   2 t1g   2 t1g   2 t1g   3 t2g 

             8.613   8.629   8.629   8.629   8.768   8.768   8.768   8.953
  
  S  Nb  1  0.0000  0.0000  0.0000  0.0000  0.0000  0.0000  0.0000  0.0000
  Px Nb  1  0.2277  0.0000  0.0000  0.0000  0.0000  0.0000  0.0000  0.0000
  Py Nb  1 -0.0297  0.0000  0.0000  0.0000  0.0000  0.0000  0.0000  0.0000
  Pz Nb  1 -0.0008  0.0000  0.0000  0.0000  0.0000  0.0000  0.0000  0.0000
  x2 Nb  1  0.0000  0.0000  0.0000  0.0000  0.0000  0.0000  0.0000  0.0000
  xz Nb  1  0.0000  0.0000  0.0000  0.0000  0.0000  0.0000  0.0000  0.0004
  z2 Nb  1  0.0000  0.0000  0.0000  0.0000  0.0000  0.0000  0.0000  0.0000
  yz Nb  1  0.0000  0.0000  0.0000  0.0000  0.0000  0.0000  0.0000 -0.0003
  xz Nb  1  0.0000  0.0000  0.0000  0.0000  0.0000  0.0000  0.0000 -0.3270
  S   C  2 -0.0342  0.0000  0.0000  0.0000  0.0000  0.0000  0.0000  0.0000
  Px  C  2  0.0453  0.0000  0.0000  0.0000  0.0000  0.0000  0.0000  0.0000
  Py  C  2  0.0494 -0.0017 -0.3829 -0.0798 -0.3946  0.0006 -0.0001  0.3791
  Pz  C  2  0.0014 -0.3911  0.0017  0.0003  0.0002  0.1858  0.3481 -0.0005
  S   C  3  0.0045  0.0000  0.0000  0.0000  0.0000  0.0000  0.0000  0.0000
  Px  C  3 -0.3780  0.0000  0.0798 -0.3829  0.3946 -0.0006  0.0001  0.3791
  Py  C  3 -0.0059  0.0000  0.0000  0.0000  0.0000  0.0000  0.0000  0.0000
  Pz  C  3  0.0014  0.3911 -0.0017 -0.0003  0.0006  0.3481 -0.1858  0.0004
  S   C  4 -0.0045  0.0000  0.0000  0.0000  0.0000  0.0000  0.0000  0.0000
  Px  C  4 -0.3780  0.0000  0.0798 -0.3829 -0.3946  0.0006 -0.0001 -0.3791
  Py  C  4 -0.0059  0.0000  0.0000  0.0000  0.0000  0.0000  0.0000  0.0000
  Pz  C  4  0.0014  0.3911 -0.0017 -0.0003 -0.0006 -0.3481  0.1858 -0.0004
  S   C  5  0.0342  0.0000  0.0000  0.0000  0.0000  0.0000  0.0000  0.0000
  Px  C  5  0.0453  0.0000  0.0000  0.0000  0.0000  0.0000  0.0000  0.0000
  Py  C  5  0.0494 -0.0017 -0.3829 -0.0798  0.3946 -0.0006  0.0001 -0.3791
  Pz  C  5  0.0014 -0.3911  0.0017  0.0003 -0.0002 -0.1858 -0.3481  0.0005
  S   C  6 -0.0001  0.0000  0.0000  0.0000  0.0000  0.0000  0.0000  0.0000
  Px  C  6 -0.3780  0.0000 -0.0798  0.3829  0.0002  0.1858  0.3481  0.0005
  Py  C  6  0.0494  0.0017  0.3829  0.0798  0.0006  0.3481 -0.1858 -0.0004
  Pz  C  6 -0.0002  0.0000  0.0000  0.0000  0.0000  0.0000  0.0000  0.0000
  S   C  7  0.0001  0.0000  0.0000  0.0000  0.0000  0.0000  0.0000  0.0000
  Px  C  7 -0.3780  0.0000 -0.0798  0.3829 -0.0002 -0.1858 -0.3481 -0.0005
  Py  C  7  0.0494  0.0017  0.3829  0.0798 -0.0006 -0.3481  0.1858  0.0004
  Pz  C  7 -0.0002  0.0000  0.0000  0.0000  0.0000  0.0000  0.0000  0.0000
  S   N  8 -0.0134  0.0000  0.0000  0.0000  0.0000  0.0000  0.0000  0.0000
  Px  N  8  0.0053  0.0000  0.0000  0.0000  0.0000  0.0000  0.0000  0.0000
  Py  N  8 -0.0388  0.0014  0.3050  0.0635  0.3071 -0.0005  0.0001 -0.2821
  Pz  N  8 -0.0011  0.3115 -0.0014 -0.0003 -0.0002 -0.1446 -0.2709  0.0003
  S   N  9 -0.0017  0.0000  0.0000  0.0000  0.0000  0.0000  0.0000  0.0000
  Px  N  9  0.2970  0.0000 -0.0635  0.3050  0.3071 -0.0005  0.0001  0.2821
  Py  N  9 -0.0007  0.0000  0.0000  0.0000  0.0000  0.0000  0.0000  0.0000
  Pz  N  9 -0.0011 -0.3115  0.0014  0.0003  0.0005  0.2709 -0.1446  0.0003
  S   N 10  0.0134  0.0000  0.0000  0.0000  0.0000  0.0000  0.0000  0.0000
  Px  N 10  0.0053  0.0000  0.0000  0.0000  0.0000  0.0000  0.0000  0.0000
  Py  N 10 -0.0388  0.0014  0.3050  0.0635 -0.3071  0.0005 -0.0001  0.2821
  Pz  N 10 -0.0011  0.3115 -0.0014 -0.0003  0.0002  0.1446  0.2709 -0.0003
  S   N 11  0.0000  0.0000  0.0000  0.0000  0.0000  0.0000  0.0000  0.0000
  Px  N 11  0.2970  0.0000  0.0635 -0.3050 -0.0002 -0.1446 -0.2709 -0.0003
  Py  N 11 -0.0388 -0.0014 -0.3050 -0.0635 -0.0005 -0.2709  0.1446  0.0003
  Pz  N 11  0.0000  0.0000  0.0000  0.0000  0.0000  0.0000  0.0000  0.0000
  S   N 12  0.0000  0.0000  0.0000  0.0000  0.0000  0.0000  0.0000  0.0000
  Px  N 12  0.2970  0.0000  0.0635 -0.3050  0.0002  0.1446  0.2709  0.0003
  Py  N 12 -0.0388 -0.0014 -0.3050 -0.0635  0.0005  0.2709 -0.1446 -0.0003
  Pz  N 12  0.0000  0.0000  0.0000  0.0000  0.0000  0.0000  0.0000  0.0000
  S   N 13  0.0017  0.0000  0.0000  0.0000  0.0000  0.0000  0.0000  0.0000
  Px  N 13  0.2970  0.0000 -0.0635  0.3050 -0.3071  0.0005 -0.0001 -0.2821
  Py  N 13 -0.0007  0.0000  0.0000  0.0000  0.0000  0.0000  0.0000  0.0000
  Pz  N 13 -0.0011 -0.3115  0.0014  0.0003 -0.0005 -0.2709  0.1446 -0.0003


   Root No.   49      50      51      52      53      54      55      56

              3 t2g   3 t2g   4 a1g   7 t1u   7 t1u   7 t1u   5 eg    5 eg  

             8.953   8.953  11.107  12.623  12.623  12.623  12.705  12.705
  
  S  Nb  1  0.0000  0.0000 -0.5665  0.0000  0.0000  0.0000  0.0000  0.0000
  Px Nb  1  0.0000  0.0000  0.0000 -0.0294  0.0003  0.0000  0.0000  0.0000
  Py Nb  1  0.0000  0.0000  0.0000 -0.0003 -0.0294  0.0000  0.0000  0.0000
  Pz Nb  1  0.0000  0.0000  0.0000  0.0000  0.0000  0.0294  0.0000  0.0000
  x2 Nb  1  0.0000  0.0000  0.0000  0.0000  0.0000  0.0000  0.0876 -0.0006
  xz Nb  1 -0.2100 -0.2506  0.0000  0.0000  0.0000  0.0000  0.0000  0.0000
  z2 Nb  1  0.0000  0.0000  0.0000  0.0000  0.0000  0.0000 -0.0006 -0.0876
  yz Nb  1 -0.2506  0.2100  0.0000  0.0000  0.0000  0.0000  0.0000  0.0000
  xz Nb  1  0.0000 -0.0005  0.0000  0.0000  0.0000  0.0000  0.0000  0.0000
  S   C  2  0.0000  0.0000  0.2695  0.3063 -0.0027  0.0001  0.1903  0.1080
  Px  C  2  0.0000  0.0000  0.0020  0.4299 -0.0038  0.0002  0.3269  0.1856
  Py  C  2  0.0000  0.0006  0.0000  0.0001  0.0105  0.0000  0.0000  0.0000
  Pz  C  2  0.2435  0.2906  0.0000  0.0000  0.0000 -0.0105  0.0000  0.0000
  S   C  3  0.0000  0.0000  0.2695  0.0027  0.3063  0.0003 -0.1887  0.1108
  Px  C  3  0.0000  0.0006  0.0000  0.0105 -0.0001  0.0000  0.0000  0.0000
  Py  C  3  0.0000  0.0000  0.0020  0.0038  0.4299  0.0004 -0.3242  0.1903
  Pz  C  3  0.2906 -0.2435  0.0000  0.0000  0.0000 -0.0105  0.0000  0.0000
  S   C  4  0.0000  0.0000  0.2695 -0.0027 -0.3063 -0.0003 -0.1887  0.1108
  Px  C  4  0.0000 -0.0006  0.0000  0.0105 -0.0001  0.0000  0.0000  0.0000
  Py  C  4  0.0000  0.0000 -0.0020  0.0038  0.4299  0.0004  0.3242 -0.1903
  Pz  C  4 -0.2906  0.2435  0.0000  0.0000  0.0000 -0.0105  0.0000  0.0000
  S   C  5  0.0000  0.0000  0.2695 -0.3063  0.0027 -0.0001  0.1903  0.1080
  Px  C  5  0.0000  0.0000 -0.0020  0.4299 -0.0038  0.0002 -0.3269 -0.1856
  Py  C  5  0.0000 -0.0006  0.0000  0.0001  0.0105  0.0000  0.0000  0.0000
  Pz  C  5 -0.2435 -0.2906  0.0000  0.0000  0.0000 -0.0105  0.0000  0.0000
  S   C  6  0.0000  0.0000  0.2695 -0.0001 -0.0003  0.3063 -0.0016 -0.2188
  Px  C  6 -0.2435 -0.2906  0.0000  0.0105 -0.0001  0.0000  0.0000  0.0000
  Py  C  6 -0.2906  0.2435  0.0000  0.0001  0.0105  0.0000  0.0000  0.0000
  Pz  C  6  0.0000  0.0000 -0.0020  0.0002  0.0004 -0.4299  0.0027  0.3759
  S   C  7  0.0000  0.0000  0.2695  0.0001  0.0003 -0.3063 -0.0016 -0.2188
  Px  C  7  0.2435  0.2906  0.0000  0.0105 -0.0001  0.0000  0.0000  0.0000
  Py  C  7  0.2906 -0.2435  0.0000  0.0001  0.0105  0.0000  0.0000  0.0000
  Pz  C  7  0.0000  0.0000  0.0020  0.0002  0.0004 -0.4299 -0.0027 -0.3759
  S   N  8  0.0000  0.0000 -0.0683 -0.2171  0.0019 -0.0001 -0.1549 -0.0879
  Px  N  8  0.0000  0.0000  0.1894  0.4165 -0.0037  0.0002  0.2883  0.1637
  Py  N  8  0.0000 -0.0004  0.0000  0.0000 -0.0048  0.0000  0.0000  0.0000
  Pz  N  8 -0.1811 -0.2162  0.0000  0.0000  0.0000  0.0048  0.0000  0.0000
  S   N  9  0.0000  0.0000 -0.0683  0.0019  0.2171  0.0002  0.1536 -0.0902
  Px  N  9  0.0000  0.0004  0.0000 -0.0048  0.0000  0.0000  0.0000  0.0000
  Py  N  9  0.0000  0.0000 -0.1894  0.0037  0.4165  0.0004  0.2859 -0.1678
  Pz  N  9  0.2162 -0.1811  0.0000  0.0000  0.0000  0.0048  0.0000  0.0000
  S   N 10  0.0000  0.0000 -0.0683  0.2171 -0.0019  0.0001 -0.1549 -0.0879
  Px  N 10  0.0000  0.0000 -0.1894  0.4165 -0.0037  0.0002 -0.2883 -0.1637
  Py  N 10  0.0000  0.0004  0.0000  0.0000 -0.0048  0.0000  0.0000  0.0000
  Pz  N 10  0.1811  0.2162  0.0000  0.0000  0.0000  0.0048  0.0000  0.0000
  S   N 11  0.0000  0.0000 -0.0683  0.0001  0.0002 -0.2171  0.0013  0.1781
  Px  N 11  0.1811  0.2162  0.0000 -0.0048  0.0000  0.0000  0.0000  0.0000
  Py  N 11  0.2162 -0.1811  0.0000  0.0000 -0.0048  0.0000  0.0000  0.0000
  Pz  N 11  0.0000  0.0000 -0.1894  0.0002  0.0004 -0.4166  0.0024  0.3315
  S   N 12  0.0000  0.0000 -0.0683 -0.0001 -0.0002  0.2171  0.0013  0.1781
  Px  N 12 -0.1811 -0.2162  0.0000 -0.0048  0.0000  0.0000  0.0000  0.0000
  Py  N 12 -0.2162  0.1811  0.0000  0.0000 -0.0048  0.0000  0.0000  0.0000
  Pz  N 12  0.0000  0.0000  0.1894  0.0002  0.0004 -0.4166 -0.0024 -0.3315
  S   N 13  0.0000  0.0000 -0.0683 -0.0019 -0.2171 -0.0002  0.1536 -0.0902
  Px  N 13  0.0000 -0.0004  0.0000 -0.0048  0.0000  0.0000  0.0000  0.0000
  Py  N 13  0.0000  0.0000  0.1894  0.0037  0.4165  0.0004 -0.2859  0.1678
  Pz  N 13 -0.2162  0.1811  0.0000  0.0000  0.0000  0.0048  0.0000  0.0000


   Root No.   57

              5 a1g 

            13.505
  
  S  Nb  1  0.4888
  Px Nb  1  0.0000
  Py Nb  1  0.0000
  Pz Nb  1  0.0000
  x2 Nb  1  0.0000
  xz Nb  1  0.0000
  z2 Nb  1  0.0000
  yz Nb  1  0.0000
  xz Nb  1  0.0000
  S   C  2  0.0267
  Px  C  2  0.2968
  Py  C  2  0.0000
  Pz  C  2  0.0000
  S   C  3  0.0267
  Px  C  3  0.0000
  Py  C  3  0.2968
  Pz  C  3  0.0000
  S   C  4  0.0267
  Px  C  4  0.0000
  Py  C  4 -0.2968
  Pz  C  4  0.0000
  S   C  5  0.0267
  Px  C  5 -0.2968
  Py  C  5  0.0000
  Pz  C  5  0.0000
  S   C  6  0.0267
  Px  C  6  0.0000
  Py  C  6  0.0000
  Pz  C  6 -0.2968
  S   C  7  0.0267
  Px  C  7  0.0000
  Py  C  7  0.0000
  Pz  C  7  0.2968
  S   N  8 -0.1040
  Px  N  8  0.1649
  Py  N  8  0.0000
  Pz  N  8  0.0000
  S   N  9 -0.1040
  Px  N  9  0.0000
  Py  N  9 -0.1649
  Pz  N  9  0.0000
  S   N 10 -0.1040
  Px  N 10 -0.1649
  Py  N 10  0.0000
  Pz  N 10  0.0000
  S   N 11 -0.1040
  Px  N 11  0.0000
  Py  N 11  0.0000
  Pz  N 11 -0.1649
  S   N 12 -0.1040
  Px  N 12  0.0000
  Py  N 12  0.0000
  Pz  N 12  0.1649
  S   N 13 -0.1040
  Px  N 13  0.0000
  Py  N 13  0.1649
  Pz  N 13  0.0000


              NET ATOMIC CHARGES AND DIPOLE CONTRIBUTIONS

         ATOM NO.   TYPE          CHARGE        ATOM  ELECTRON DENSITY
           1         Nb          -0.320027        5.3200
           2          C           0.199233        3.8008
           3          C           0.199233        3.8008
           4          C           0.199233        3.8008
           5          C           0.199233        3.8008
           6          C           0.199233        3.8008
           7          C           0.199233        3.8008
           8          N          -0.479229        5.4792
           9          N          -0.479229        5.4792
          10          N          -0.479229        5.4792
          11          N          -0.479229        5.4792
          12          N          -0.479229        5.4792
          13          N          -0.479229        5.4792
 DIPOLE           X         Y         Z       TOTAL
 POINT-CHG.     0.000     0.000     0.000     0.000
 HYBRID         0.000     0.000     0.000     0.000
 SUM            0.000     0.000     0.000     0.000


          CARTESIAN COORDINATES 

    NO.       ATOM               X         Y         Z

     1        Nb                  0.0000    0.0000    0.0000
     2         C                  2.2085    0.0000    0.0000
     3         C                  0.0000    2.2085    0.0000
     4         C                  0.0000   -2.2085    0.0000
     5         C                 -2.2085    0.0000    0.0000
     6         C                  0.0000    0.0000   -2.2085
     7         C                  0.0000    0.0000    2.2085
     8         N                  3.3752    0.0000    0.0000
     9         N                  0.0000   -3.3752    0.0000
    10         N                 -3.3752    0.0000    0.0000
    11         N                  0.0000    0.0000   -3.3752
    12         N                  0.0000    0.0000    3.3752
    13         N                  0.0000    3.3752    0.0000


          ATOMIC ORBITAL ELECTRON POPULATIONS

   0.88032   0.50236   0.50236   0.50236   0.89153   0.38319   0.89153   0.38319
   0.38319   1.26639   0.96012   0.78713   0.78713   1.26639   0.78713   0.96012
   0.78713   1.26639   0.78713   0.96012   0.78713   1.26639   0.96012   0.78713
   0.78713   1.26639   0.78713   0.78713   0.96012   1.26639   0.78713   0.78713
   0.96012   1.80761   1.27093   1.20035   1.20035   1.80761   1.20035   1.27093
   1.20035   1.80761   1.27093   1.20035   1.20035   1.80761   1.20035   1.20035
   1.27093   1.80761   1.20035   1.20035   1.27093   1.80761   1.20035   1.27093
   1.20035


          MULTI-ELECTRON CONFIGURATION INTERACTION CALCULATION


          COMPONENT OF SPIN  =  0.5


           NO OF CONFIGURATIONS CONSIDERED =    8

 CONFIGURATIONS CONSIDERED IN C.I.      
 M.O. NUMBER :        31  32  33  34  35  36  37  38
          ENERGY

             1         1   0   0   0   0   0   0   0
         -5.6408       0   0   0   0   0   0   0   0

             2         0   1   0   0   0   0   0   0
         -5.6408       0   0   0   0   0   0   0   0

             3         0   0   1   0   0   0   0   0
         -5.6408       0   0   0   0   0   0   0   0

             4         0   0   0   1   0   0   0   0
         -0.5854       0   0   0   0   0   0   0   0

             5         0   0   0   0   1   0   0   0
         -0.5854       0   0   0   0   0   0   0   0

             6         0   0   0   0   0   1   0   0
         -0.5854       0   0   0   0   0   0   0   0

             7         0   0   0   0   0   0   1   0
         -1.4394       0   0   0   0   0   0   0   0

             8         0   0   0   0   0   0   0   1
         -1.4394       0   0   0   0   0   0   0   0


 DIAGONAL OF C.I. MATRIX
    -5.640808    -5.640808    -5.640808    -0.585416    -0.585416
    -0.585416    -1.439353    -1.439353

  STATE       ENERGY (EV)        Q.N.  SPIN   SYMMETRY     POLARIZATION
         ABSOLUTE    RELATIVE                            X       Y       Z

    1+   -5.640808    0.000000     1   DOUBLET     T2g 
    4    -1.439353    4.201455     1   DOUBLET     Eg  
    6    -0.585416    5.055392     1   DOUBLET     T1u   0.1400  0.1400  0.0020
 'RELATIVE ENERGY' IS RELATIVE TO LOWEST STATE CALCULATED.
 THIS MAY OR MAY NOT BE THE GROUND STATE



 TOTAL CPU TIME:             3.45 SECONDS

 == MOPAC DONE ==
