 *******************************************************************************
 **  MOPAC: For non-commercial use only        Written by James J. P. Stewart **
 *******************************************************************************

                                MNDO CALCULATION RESULTS


 *******************************************************************************
 *                   MOPAC   7.10               CALC'D. Thu Jun  1 10:29:52 2006
 *  SYMMETRY - SYMMETRY CONDITIONS TO BE IMPOSED
 *
 *
 *
 *                 CHARGE ON SYSTEM =    -2
 *
 *
 *
 *  OPEN(N,N)- THERE ARE 1 ELECTRONS IN 5 LEVELS
 *  T=       - A TIME OF172800.0 SECONDS REQUESTED
 *  DUMP=N   - RESTART FILE WRITTEN EVERY  7200.000 SECONDS
 *  ALLVEC   - PRINT ALL EIGENVECTORS
 *  MECI     - M.E.C.I. WORKING TO BE PRINTED
 *******************************************************************************



     PARAMETER DEPENDENCE DATA

        REFERENCE ATOM      FUNCTION NO.    DEPENDENT ATOM(S)
            2                  1             3  4  5
            6                  1             7  8  9

             DESCRIPTIONS OF THE FUNCTIONS USED

   1      BOND LENGTH    IS SET EQUAL TO THE REFERENCE BOND LENGTH   
  SYMMETRY CHARGE=-2 OPEN(1,5) MECI ALLVECS
 Scandium(II) tetracyanide 2E
 ROOT=1,2,E H=0 HR=GS

    ATOM   CHEMICAL       BOND LENGTH     BOND ANGLE      TWIST ANGLE
   NUMBER  SYMBOL         (ANGSTROMS)      (DEGREES)       (DEGREES)
    (I)                       NA:I           NB:NA:I       NC:NB:NA:I     NA   NB   NC

      1      C            0.0000000        0.0000000        0.0000000   
      2     Sc            2.3400460  *     0.0000000        0.0000000      1    0    0
      3      C            2.3400460      109.4712210        0.0000000      2    1    0
      4      C            2.3400460      109.4712210      120.0000000      2    1    3
      5      C            2.3400460      109.4712210     -120.0000000      2    1    3
      6      N            1.1796110  *   180.0000000        0.0000000      1    2    3
      7      N            1.1796110      180.0000000        0.0000000      3    2    1
      8      N            1.1796110      180.0000000        0.0000000      4    2    3
      9      N            1.1796110      180.0000000        0.0000000      5    2    3


          CARTESIAN COORDINATES 

    NO.       ATOM         X         Y         Z

     1         C        0.0000    0.0000    0.0000
     2        Sc        2.3400    0.0000    0.0000
     3         C        3.1201    2.2062    0.0000
     4         C        3.1201   -1.1031    1.9106
     5         C        3.1201   -1.1031   -1.9106
     6         N       -1.1796    0.0000    0.0000
     7         N        3.5133    3.3184    0.0000
     8         N        3.5133   -1.6592    2.8738
     9         N        3.5133   -1.6592   -2.8738
  C (PM6): J. J. P. Stewart  J. Mol. Mod. (to be submitted)!                    
  N (PM6): J. J. P. Stewart  J. Mol. Mod. (to be submitted)!                    
 Sc (PM6): J. J. P. Stewart  J. Mol. Mod. (to be submitted)!                    


      MOLECULAR POINT GROUP   :   Td  

      THERE ARE   20 DOUBLY FILLED LEVELS


      RHF CALCULATION, NO. OF DOUBLY OCCUPIED LEVELS =   20


                       NO. OF LEVELS WITH OCCUPANCY 0.200  =  5

          DIAGONAL MATRIX USED AS START HESSIAN

 CYCLE:   1 TIME:   0.188 TIME LEFT:  2.00D  GRAD.:   187.118 HEAT:  58.14371    
 CYCLE:   2 TIME:   0.172 TIME LEFT:  2.00D  GRAD.:   262.919 HEAT:  55.43402    
 CYCLE:   3 TIME:   0.172 TIME LEFT:  2.00D  GRAD.:    51.180 HEAT:  49.33768    
 CYCLE:   4 TIME:   0.188 TIME LEFT:  2.00D  GRAD.:    59.095 HEAT:  48.92524    
 CYCLE:   5 TIME:   0.172 TIME LEFT:  2.00D  GRAD.:     3.402 HEAT:  48.37781    
 CYCLE:   6 TIME:   0.156 TIME LEFT:  2.00D  GRAD.:     0.162 HEAT:  48.37572    

     RMS GRADIENT =  0.16250  IS LESS THAN CUTOFF =  1.00000



 -------------------------------------------------------------------------------
  SYMMETRY CHARGE=-2 OPEN(1,5) MECI ALLVECS
 Scandium(II) tetracyanide 2E
 ROOT=1,2,E H=0 HR=GS


     GEOMETRY OPTIMISED USING EIGENVECTOR FOLLOWING (EF).     
     SCF FIELD WAS ACHIEVED                                   


                               MNDO    CALCULATION
                                                       MOPAC  7.10
                                                       Thu Jun  1 10:29:53 2006




          FINAL HEAT OF FORMATION =         48.37551 KCAL =    202.40314 KJ


          TOTAL ENERGY            =      -1251.98831 EV  STATE:  DOUBLET E   
          ELECTRONIC ENERGY       =      -3942.14541 EV  POINT GROUP:     Td  
          CORE-CORE REPULSION     =       2690.15711 EV

          IONIZATION POTENTIAL    =         -7.44125
          NO. OF FILLED LEVELS    =         20
          AND NO. OF OPEN LEVELS  =          5
          MOLECULAR WEIGHT        =        149.027

          MOLECULAR DIMENSIONS (Angstroms)

            Atom       Atom       Distance
            N     8    N     6     5.53798
            N     9    N     7     5.53798
            N     6    N     7     3.91594


          SCF CALCULATIONS        =          7
          COMPUTATION TIME        =          1.062 SECONDS





    ATOM   CHEMICAL       BOND LENGTH     BOND ANGLE      TWIST ANGLE
   NUMBER  SYMBOL         (ANGSTROMS)      (DEGREES)       (DEGREES)
    (I)                       NA:I           NB:NA:I       NC:NB:NA:I     NA   NB   NC

      1      C            0.0000000        0.0000000        0.0000000   
      2     Sc            2.2208577  *     0.0000000        0.0000000      1    0    0
      3      C            2.2208577      109.4712210        0.0000000      2    1    0
      4      C            2.2208577      109.4712210      120.0000000      2    1    3
      5      C            2.2208577      109.4712210     -120.0000000      2    1    3
      6      N            1.1704496  *   180.0000000        0.0000000      1    2    3
      7      N            1.1704496      180.0000000        0.0000000      3    2    1
      8      N            1.1704496      180.0000000        0.0000000      4    2    3
      9      N            1.1704496      180.0000000        0.0000000      5    2    3


      MOLECULAR POINT GROUP   :   Td  


                EIGENVECTORS  


   Root No.    1       2       3       4       5       6       7       8

              1 a1    1 t2    1 t2    1 t2    2 a1    2 t2    2 t2    2 t2  

           -23.187 -22.931 -22.931 -22.931  -9.683  -8.538  -8.538  -8.538
  
  S   C  1 -0.2641  0.4437 -0.0029  0.0000  0.2807 -0.5121  0.0113  0.0000
  Px  C  1  0.1560 -0.2879  0.0019  0.0000  0.1910 -0.2473  0.0055  0.0000
  Py  C  1  0.0000  0.0000 -0.0006  0.0000  0.0000 -0.0001 -0.0058  0.0000
  Pz  C  1  0.0000  0.0000  0.0000 -0.0006  0.0000  0.0000  0.0000  0.0058
  S  Sc  2 -0.1438  0.0000  0.0000  0.0000  0.4455  0.0000  0.0000  0.0000
  Px Sc  2  0.0000 -0.0749  0.0005  0.0000  0.0000  0.1847 -0.0041  0.0000
  Py Sc  2  0.0000 -0.0005 -0.0749  0.0001  0.0000  0.0041  0.1847  0.0002
  Pz Sc  2  0.0000  0.0000 -0.0001 -0.0749  0.0000  0.0000  0.0002 -0.1848
  x2 Sc  2  0.0000  0.0345  0.0160  0.0000  0.0000 -0.2093 -0.0931 -0.0001
  xz Sc  2  0.0000  0.0000  0.0000 -0.0229  0.0000  0.0000  0.0001 -0.1381
  z2 Sc  2  0.0000 -0.0197  0.0282  0.0000  0.0000  0.1158 -0.1718 -0.0001
  yz Sc  2  0.0000  0.0000  0.0000  0.0324  0.0000  0.0000 -0.0002  0.1953
  xz Sc  2  0.0000 -0.0002 -0.0229  0.0000  0.0000  0.0031  0.1381  0.0001
  S   C  3 -0.2641 -0.1507 -0.4174  0.0006  0.2807  0.1814  0.4791  0.0004
  Px  C  3 -0.0520 -0.0331 -0.0901  0.0001 -0.0637 -0.0343 -0.0752 -0.0001
  Py  C  3 -0.1471 -0.0920 -0.2554  0.0003 -0.1801 -0.0808 -0.2188 -0.0002
  Pz  C  3  0.0000  0.0000  0.0000 -0.0006  0.0000  0.0000  0.0000  0.0058
  S   C  4 -0.2641 -0.1465  0.2097 -0.3626  0.2807  0.1654 -0.2448 -0.4185
  Px  C  4 -0.0520 -0.0322  0.0453 -0.0783 -0.0637 -0.0318  0.0386  0.0658
  Py  C  4  0.0736  0.0447 -0.0646  0.1107  0.0900  0.0366 -0.0602 -0.0930
  Pz  C  4 -0.1274 -0.0775  0.1108 -0.1923 -0.1559 -0.0637  0.0943  0.1669
  S   C  5 -0.2641 -0.1465  0.2107  0.3620  0.2807  0.1654 -0.2456  0.4180
  Px  C  5 -0.0520 -0.0322  0.0455  0.0781 -0.0637 -0.0318  0.0387 -0.0657
  Py  C  5  0.0736  0.0447 -0.0649 -0.1105  0.0900  0.0366 -0.0604  0.0929
  Pz  C  5  0.1274  0.0775 -0.1114 -0.1920  0.1559  0.0637 -0.0946  0.1668
  S   N  6 -0.3449  0.6078 -0.0040  0.0000 -0.2514  0.4721 -0.0105  0.0000
  Px  N  6 -0.1783  0.3089 -0.0021  0.0000  0.1480 -0.3670  0.0081  0.0000
  Py  N  6  0.0000  0.0000 -0.0005  0.0000  0.0000 -0.0001 -0.0025  0.0000
  Pz  N  6  0.0000  0.0000  0.0000 -0.0005  0.0000  0.0000  0.0000  0.0025
  S   N  7 -0.3449 -0.2064 -0.5717  0.0008 -0.2514 -0.1672 -0.4416 -0.0004
  Px  N  7  0.0594  0.0345  0.0970 -0.0001 -0.0493 -0.0455 -0.1136 -0.0001
  Py  N  7  0.1681  0.0991  0.2739 -0.0004 -0.1395 -0.1218 -0.3240 -0.0003
  Pz  N  7  0.0000  0.0000  0.0000 -0.0005  0.0000  0.0000  0.0000  0.0025
  S   N  8 -0.3449 -0.2007  0.2872 -0.4966 -0.2514 -0.1524  0.2257  0.3858
  Px  N  8  0.0594  0.0336 -0.0487  0.0843 -0.0493 -0.0417  0.0582  0.0993
  Py  N  8 -0.0841 -0.0482  0.0684 -0.1192  0.0698  0.0554 -0.0846 -0.1404
  Pz  N  8  0.1456  0.0834 -0.1194  0.2059 -0.1208 -0.0961  0.1423  0.2457
  S   N  9 -0.3449 -0.2007  0.2885  0.4958 -0.2514 -0.1525  0.2264 -0.3854
  Px  N  9  0.0594  0.0336 -0.0490 -0.0841 -0.0493 -0.0417  0.0583 -0.0992
  Py  N  9 -0.0841 -0.0482  0.0688  0.1190  0.0698  0.0554 -0.0849  0.1403
  Pz  N  9 -0.1456 -0.0834  0.1199  0.2056  0.1208  0.0961 -0.1427  0.2454


   Root No.    9      10      11      12      13      14      15      16

              1 e     1 e     3 t2    3 t2    3 t2    1 t1    1 t1    1 t1  

            -5.518  -5.518  -5.419  -5.419  -5.419  -5.254  -5.254  -5.254
  
  S   C  1  0.0000  0.0000  0.0001  0.0000  0.0000  0.0000  0.0000  0.0000
  Px  C  1  0.0000  0.0000 -0.0140  0.0000 -0.0001  0.0000  0.0000  0.0000
  Py  C  1 -0.0012 -0.3125  0.0015  0.0005 -0.3799  0.3758 -0.0005  0.0000
  Pz  C  1 -0.3125  0.0012  0.0000 -0.3799 -0.0005  0.0005  0.3758 -0.0013
  S  Sc  2  0.0000  0.0000  0.0000  0.0000  0.0000  0.0000  0.0000  0.0000
  Px Sc  2  0.0000  0.0000 -0.0592  0.0000 -0.0002  0.0000  0.0000  0.0000
  Py Sc  2  0.0000  0.0000  0.0002  0.0001 -0.0592  0.0000  0.0000  0.0000
  Pz Sc  2  0.0000  0.0000  0.0000 -0.0592 -0.0001  0.0000  0.0000  0.0000
  x2 Sc  2  0.0002  0.0412 -0.0763  0.0001 -0.0363  0.0000  0.0000  0.0000
  xz Sc  2  0.1166 -0.0004  0.0000  0.0510  0.0001  0.0000  0.0000  0.0000
  z2 Sc  2  0.0003  0.0714  0.0444  0.0001 -0.0622  0.0000  0.0000  0.0000
  yz Sc  2  0.0824 -0.0003  0.0000 -0.0721 -0.0001  0.0000  0.0000  0.0000
  xz Sc  2  0.0004  0.1166 -0.0002 -0.0001  0.0510  0.0000  0.0000  0.0000
  S   C  3  0.0000  0.0000  0.0000  0.0000 -0.0001  0.0000  0.0000  0.0000
  Px  C  3  0.0011  0.2946 -0.3397 -0.0002  0.1137  0.3543 -0.0005  0.0000
  Py  C  3 -0.0004 -0.1042  0.1152  0.0001 -0.0542 -0.1253  0.0002  0.0000
  Pz  C  3  0.3125 -0.0012  0.0000 -0.3799 -0.0005 -0.0002 -0.1265 -0.3538
  S   C  4  0.0000  0.0000  0.0000 -0.0001  0.0000  0.0000  0.0000  0.0000
  Px  C  4  0.2546 -0.1483 -0.3390  0.0997 -0.0587 -0.1767  0.3070 -0.0011
  Py  C  4  0.1812  0.2076 -0.0563 -0.1404 -0.2990 -0.1252  0.0012  0.3068
  Pz  C  4  0.0007  0.1804  0.1001 -0.1358 -0.1406 -0.0002 -0.1246  0.1776
  S   C  5  0.0000  0.0000  0.0000  0.0001  0.0000  0.0000  0.0000  0.0000
  Px  C  5 -0.2557 -0.1463 -0.3390 -0.0995 -0.0590 -0.1776 -0.3066  0.0011
  Py  C  5 -0.1796  0.2090 -0.0563  0.1413 -0.2986 -0.1253 -0.0009 -0.3068
  Pz  C  5 -0.0007 -0.1804 -0.1001 -0.1362  0.1403 -0.0002 -0.1246  0.1776
  S   N  6  0.0000  0.0000 -0.0205  0.0000 -0.0001  0.0000  0.0000  0.0000
  Px  N  6  0.0000  0.0000  0.0220  0.0000  0.0001  0.0000  0.0000  0.0000
  Py  N  6 -0.0015 -0.3837  0.0019  0.0007 -0.4753  0.4835 -0.0007  0.0000
  Pz  N  6 -0.3837  0.0015  0.0000 -0.4753 -0.0007  0.0007  0.4835 -0.0017
  S   N  7  0.0000  0.0000  0.0068  0.0000  0.0194  0.0000  0.0000  0.0000
  Px  N  7  0.0014  0.3618 -0.4206 -0.0002  0.1546  0.4559 -0.0006  0.0000
  Py  N  7 -0.0005 -0.1279  0.1564  0.0000 -0.0326 -0.1612  0.0002  0.0000
  Pz  N  7  0.3837 -0.0015  0.0000 -0.4753 -0.0007 -0.0002 -0.1627 -0.4553
  S   N  8  0.0000  0.0000  0.0069  0.0168 -0.0096  0.0000  0.0000  0.0000
  Px  N  8  0.3126 -0.1821 -0.4197  0.1355 -0.0796 -0.2274  0.3951 -0.0014
  Py  N  8  0.2225  0.2550 -0.0767 -0.1909 -0.3653 -0.1612  0.0016  0.3948
  Pz  N  8  0.0009  0.2216  0.1361 -0.1435 -0.1911 -0.0002 -0.1604  0.2285
  S   N  9  0.0000  0.0000  0.0069 -0.0168 -0.0097  0.0000  0.0000  0.0000
  Px  N  9 -0.3140 -0.1797 -0.4197 -0.1352 -0.0800 -0.2285 -0.3945  0.0014
  Py  N  9 -0.2206  0.2567 -0.0767  0.1919 -0.3648 -0.1612 -0.0011 -0.3948
  Pz  N  9 -0.0009 -0.2216 -0.1361 -0.1440  0.1907 -0.0002 -0.1604  0.2285


   Root No.   17      18      19      20      21      22      23      24

              3 a1    4 t2    4 t2    4 t2    2 e     2 e     5 t2    5 t2  

            -4.353  -3.472  -3.472  -3.472   6.550   6.550   7.441   7.441
  
  S   C  1 -0.0367  0.0256  0.0000 -0.2133  0.0000  0.0000  0.0961  0.0000
  Px  C  1 -0.2453  0.0589  0.0001 -0.4908  0.0000  0.0000  0.0536  0.0000
  Py  C  1  0.0000 -0.0117  0.0000 -0.0014  0.0000 -0.1485  0.0036  0.0000
  Pz  C  1  0.0000  0.0000  0.0118  0.0000  0.1485  0.0000  0.0000  0.1975
  S  Sc  2 -0.3932  0.0000  0.0000  0.0000  0.0000  0.0000  0.0000  0.0000
  Px Sc  2  0.0000 -0.0259  0.0000  0.2160  0.0000  0.0000 -0.5539  0.0000
  Py Sc  2  0.0000 -0.2160 -0.0001 -0.0259  0.0000  0.0000  0.0102  0.0000
  Pz Sc  2  0.0000 -0.0001  0.2175  0.0000  0.0000  0.0000  0.0000  0.5540
  x2 Sc  2  0.0000  0.1715  0.0001 -0.2736  0.0000  0.2499 -0.5599  0.0000
  xz Sc  2  0.0000 -0.0001  0.1947  0.0000 -0.7068 -0.0001  0.0000 -0.3766
  z2 Sc  2  0.0000  0.2167  0.0001  0.1958  0.0000  0.4328  0.3346  0.0000
  yz Sc  2  0.0000  0.0002 -0.2754  0.0000 -0.4998  0.0000  0.0000  0.5326
  xz Sc  2  0.0000 -0.1933 -0.0001 -0.0232 -0.0001  0.7068 -0.0069  0.0000
  S   C  3 -0.0367 -0.2096 -0.0001  0.0470  0.0000  0.0000 -0.0304  0.0000
  Px  C  3  0.0818  0.1632  0.0001 -0.0252  0.0000  0.1400 -0.1711  0.0000
  Py  C  3  0.2312  0.4539  0.0003 -0.1058  0.0000 -0.0495  0.0784  0.0000
  Pz  C  3  0.0000  0.0000  0.0118  0.0000 -0.1485  0.0000  0.0000  0.1975
  S   C  4 -0.0367  0.0919  0.1754  0.0832  0.0000  0.0000 -0.0329  0.0785
  Px  C  4  0.0818 -0.0736 -0.1378 -0.0536 -0.1213 -0.0700 -0.1689 -0.0684
  Py  C  4 -0.1156  0.0904  0.1948  0.0910 -0.0858  0.0990 -0.0368  0.0966
  Pz  C  4  0.2003 -0.1768 -0.3257 -0.1600  0.0000  0.0857  0.0701  0.0301
  S   C  5 -0.0367  0.0921 -0.1753  0.0831  0.0000  0.0000 -0.0329 -0.0785
  Px  C  5  0.0818 -0.0737  0.1377 -0.0536  0.1213 -0.0700 -0.1689  0.0683
  Py  C  5 -0.1156  0.0906 -0.1948  0.0909  0.0857  0.0990 -0.0368 -0.0967
  Pz  C  5 -0.2003  0.1772 -0.3255  0.1599  0.0000 -0.0857 -0.0701  0.0301
  S   N  6 -0.2100  0.0351  0.0000 -0.2926  0.0000  0.0000 -0.0211  0.0000
  Px  N  6  0.3252 -0.0595 -0.0001  0.4963  0.0000  0.0000 -0.0845  0.0000
  Py  N  6  0.0000 -0.0289  0.0000 -0.0035  0.0000  0.2015 -0.0042  0.0000
  Pz  N  6  0.0000  0.0000  0.0291  0.0000 -0.2015  0.0000  0.0000 -0.2269
  S   N  7 -0.2100 -0.2876 -0.0002  0.0644  0.0000  0.0000  0.0067  0.0000
  Px  N  7 -0.1084 -0.1566 -0.0001  0.0632  0.0000 -0.1899  0.1941  0.0000
  Py  N  7 -0.3066 -0.4620 -0.0003  0.0936  0.0000  0.0672 -0.0969  0.0000
  Pz  N  7  0.0000  0.0000  0.0291  0.0000  0.2015  0.0000  0.0000 -0.2269
  S   N  8 -0.2100  0.1261  0.2407  0.1141  0.0000  0.0000  0.0072 -0.0172
  Px  N  8 -0.1084  0.0637  0.1282  0.0897  0.1645  0.0950  0.1914  0.0848
  Py  N  8  0.1533 -0.1239 -0.1813 -0.0894  0.1163 -0.1343  0.0460 -0.1199
  Pz  N  8 -0.2655  0.1645  0.3431  0.1488  0.0000 -0.1163 -0.0870 -0.0193
  S   N  9 -0.2100  0.1264 -0.2406  0.1141  0.0000  0.0000  0.0072  0.0172
  Px  N  9 -0.1084  0.0638 -0.1281  0.0897 -0.1645  0.0950  0.1914 -0.0848
  Py  N  9  0.1533 -0.1241  0.1811 -0.0894 -0.1163 -0.1343  0.0460  0.1199
  Pz  N  9  0.2655 -0.1648  0.3429 -0.1488  0.0000  0.1163  0.0870 -0.0193


   Root No.   25      26      27      28      29      30      31      32

              5 t2    2 t1    2 t1    2 t1    4 a1    6 t2    6 t2    6 t2  

             7.441   9.585   9.585   9.585   9.964  10.043  10.043  10.043
  
  S   C  1  0.0018  0.0000  0.0000  0.0000  0.2506  0.0000  0.0001 -0.0166
  Px  C  1  0.0010  0.0000  0.0000  0.0000  0.1619  0.0000 -0.0001  0.0268
  Py  C  1 -0.1975 -0.4835  0.0005  0.0000  0.0000  0.0001 -0.4343 -0.0024
  Pz  C  1  0.0000 -0.0005 -0.4835  0.0017  0.0000 -0.4343 -0.0001  0.0000
  S  Sc  2  0.0000  0.0000  0.0000  0.0000 -0.7851  0.0000  0.0000  0.0000
  Px Sc  2 -0.0102  0.0000  0.0000  0.0000  0.0000  0.0000 -0.0022  0.3858
  Py Sc  2 -0.5539  0.0000  0.0000  0.0000  0.0000 -0.0001  0.3858  0.0022
  Pz Sc  2  0.0000  0.0000  0.0000  0.0000  0.0000  0.3858  0.0001  0.0000
  x2 Sc  2 -0.2766  0.0000  0.0000  0.0000  0.0000  0.0000  0.1211  0.2607
  xz Sc  2  0.0000  0.0000  0.0000  0.0000  0.0000 -0.1733 -0.0001  0.0000
  z2 Sc  2 -0.4551  0.0000  0.0000  0.0000  0.0000 -0.0001  0.2131 -0.1489
  yz Sc  2  0.0000  0.0000  0.0000  0.0000  0.0000  0.2451  0.0001  0.0000
  xz Sc  2  0.3765  0.0000  0.0000  0.0000  0.0000  0.0001 -0.1733 -0.0010
  S   C  3 -0.0912  0.0000  0.0000  0.0000  0.2506  0.0000  0.0157  0.0056
  Px  C  3  0.0758 -0.4559  0.0005  0.0000 -0.0540  0.0000  0.1470 -0.3822
  Py  C  3  0.0271  0.1612 -0.0002  0.0000 -0.1527  0.0000 -0.0253  0.1448
  Pz  C  3  0.0000  0.0002  0.1628  0.4553  0.0000 -0.4343 -0.0001  0.0000
  S   C  4  0.0447  0.0000  0.0000  0.0000  0.2506  0.0136 -0.0079  0.0055
  Px  C  4 -0.0426  0.2275 -0.3950  0.0014 -0.0540  0.1255 -0.0703 -0.3834
  Py  C  4 -0.1424  0.1612 -0.0016 -0.3948  0.0763 -0.1774 -0.3315 -0.0743
  Pz  C  4 -0.0954  0.0002  0.1604 -0.2285 -0.1322 -0.1269 -0.1782  0.1245
  S   C  5  0.0447  0.0000  0.0000  0.0000  0.2506 -0.0136 -0.0079  0.0055
  Px  C  5 -0.0426  0.2283  0.3946 -0.0014 -0.0540 -0.1255 -0.0703 -0.3834
  Py  C  5 -0.1424  0.1612  0.0012  0.3948  0.0763  0.1776 -0.3314 -0.0743
  Pz  C  5  0.0954  0.0002  0.1604 -0.2285  0.1322 -0.1270  0.1781 -0.1245
  S   N  6 -0.0004  0.0000  0.0000  0.0000  0.0061  0.0000 -0.0001  0.0233
  Px  N  6 -0.0016  0.0000  0.0000  0.0000 -0.0829  0.0000 -0.0002  0.0436
  Py  N  6  0.2269  0.3758 -0.0004  0.0000  0.0000 -0.0001  0.3083  0.0017
  Pz  N  6  0.0000  0.0004  0.3758 -0.0013  0.0000  0.3083  0.0001  0.0000
  S   N  7  0.0200  0.0000  0.0000  0.0000  0.0061  0.0000 -0.0219 -0.0079
  Px  N  7 -0.0943  0.3543 -0.0004  0.0000  0.0276  0.0000 -0.0848  0.2785
  Py  N  7 -0.0517 -0.1253  0.0001  0.0000  0.0782  0.0000  0.0735 -0.0828
  Pz  N  7  0.0000 -0.0001 -0.1265 -0.3538  0.0000  0.3083  0.0001  0.0000
  S   N  8 -0.0098  0.0000  0.0000  0.0000  0.0061 -0.0190  0.0110 -0.0077
  Px  N  8  0.0525 -0.1768  0.3070 -0.0011  0.0276 -0.0721  0.0400  0.2792
  Py  N  8  0.1586 -0.1252  0.0012  0.3068 -0.0391  0.1018  0.2493  0.0430
  Pz  N  8  0.1183 -0.0001 -0.1246  0.1776  0.0677  0.1318  0.1023 -0.0715
  S   N  9 -0.0098  0.0000  0.0000  0.0000  0.0061  0.0190  0.0110 -0.0077
  Px  N  9  0.0525 -0.1774 -0.3066  0.0011  0.0276  0.0720  0.0401  0.2792
  Py  N  9  0.1586 -0.1253 -0.0010 -0.3068 -0.0391 -0.1020  0.2492  0.0430
  Pz  N  9 -0.1183 -0.0001 -0.1246  0.1776 -0.0677  0.1319 -0.1023  0.0715


   Root No.   33      34      35      36      37      38      39      40

              3 e     3 e     7 t2    7 t2    7 t2    5 a1    8 t2    8 t2  

            10.322  10.322  10.942  10.942  10.942  13.718  13.788  13.788
  
  S   C  1  0.0000  0.0000  0.3481 -0.0150  0.0000  0.1933  0.3371  0.0019
  Px  C  1  0.0000  0.0000  0.2218 -0.0096  0.0000 -0.3206 -0.5554 -0.0032
  Py  C  1 -0.0003  0.3610  0.0022  0.0505  0.0000  0.0000 -0.0001  0.0178
  Pz  C  1 -0.3610 -0.0003  0.0000  0.0000  0.0506  0.0000  0.0000  0.0000
  S  Sc  2  0.0000  0.0000  0.0000  0.0000  0.0000  0.0996  0.0000  0.0000
  Px Sc  2  0.0000  0.0000  0.6729 -0.0291  0.0000  0.0000 -0.0011  0.0000
  Py Sc  2  0.0000  0.0000  0.0291  0.6729 -0.0001  0.0000  0.0000  0.0011
  Pz Sc  2  0.0000  0.0000  0.0000  0.0001  0.6735  0.0000  0.0000  0.0000
  x2 Sc  2 -0.0001  0.1385 -0.4741 -0.1990  0.0000  0.0000  0.1087 -0.0505
  xz Sc  2 -0.3918 -0.0003  0.0000  0.0000  0.3101  0.0000  0.0000  0.0001
  z2 Sc  2 -0.0002  0.2399  0.2519 -0.3910  0.0000  0.0000 -0.0621 -0.0889
  yz Sc  2 -0.2770 -0.0002  0.0000 -0.0001 -0.4385  0.0000  0.0000 -0.0001
  xz Sc  2 -0.0003  0.3918  0.0134  0.3098  0.0000  0.0000 -0.0004  0.0723
  S   C  3  0.0000  0.0000 -0.1302 -0.3232  0.0000  0.1933 -0.1142  0.3172
  Px  C  3  0.0002 -0.3403  0.0719  0.0508  0.0000  0.1069 -0.0785  0.1685
  Py  C  3 -0.0001  0.1203  0.0626  0.2005  0.0000  0.3023 -0.1718  0.4947
  Pz  C  3  0.3610  0.0003  0.0000  0.0000  0.0506  0.0000  0.0000  0.0000
  S   C  4  0.0000  0.0000 -0.1089  0.1691 -0.2845  0.1933 -0.1114 -0.1593
  Px  C  4  0.2946  0.1704  0.0684 -0.0299  0.0467  0.1069 -0.0770 -0.0848
  Py  C  4  0.2086 -0.2405 -0.0231  0.0897 -0.0660 -0.1511  0.0837  0.1376
  Pz  C  4  0.0001 -0.2084  0.0438 -0.0679  0.1649  0.2618 -0.1451 -0.2074
  S   C  5  0.0000  0.0000 -0.1089  0.1691  0.2845  0.1933 -0.1114 -0.1598
  Px  C  5 -0.2949  0.1700  0.0684 -0.0299 -0.0467  0.1069 -0.0770 -0.0851
  Py  C  5 -0.2082 -0.2408 -0.0231  0.0898  0.0660 -0.1511  0.0837  0.1379
  Pz  C  5 -0.0001  0.2084 -0.0438  0.0680  0.1649 -0.2618  0.1451  0.2081
  S   N  6  0.0000  0.0000  0.0003  0.0000  0.0000 -0.1539 -0.2633 -0.0015
  Px  N  6  0.0000  0.0000 -0.1196  0.0052  0.0000 -0.2893 -0.4960 -0.0028
  Py  N  6  0.0002 -0.2493 -0.0017 -0.0405  0.0000  0.0000  0.0000 -0.0080
  Pz  N  6  0.2493  0.0002  0.0000  0.0000 -0.0405  0.0000  0.0000  0.0000
  S   N  7  0.0000  0.0000 -0.0001 -0.0002  0.0000 -0.1539  0.0892 -0.2478
  Px  N  7 -0.0002  0.2350 -0.0503 -0.0228  0.0000  0.0964 -0.0489  0.1581
  Py  N  7  0.0001 -0.0831 -0.0297 -0.1098  0.0000  0.2727 -0.1609  0.4391
  Pz  N  7 -0.2493 -0.0002  0.0000  0.0000 -0.0405  0.0000  0.0000  0.0000
  S   N  8  0.0000  0.0000 -0.0001  0.0001 -0.0002 -0.1539  0.0871  0.1244
  Px  N  8 -0.2035 -0.1177 -0.0487  0.0146 -0.0216  0.0964 -0.0476 -0.0793
  Py  N  8 -0.1440  0.1661  0.0099 -0.0586  0.0305 -0.1364  0.0786  0.1043
  Pz  N  8 -0.0001  0.1439 -0.0202  0.0314 -0.0933  0.2362 -0.1360 -0.1945
  S   N  9  0.0000  0.0000 -0.0001  0.0001  0.0002 -0.1539  0.0871  0.1248
  Px  N  9  0.2036 -0.1174 -0.0487  0.0146  0.0216  0.0964 -0.0476 -0.0796
  Py  N  9  0.1438  0.1663  0.0099 -0.0586 -0.0305 -0.1364  0.0786  0.1047
  Pz  N  9  0.0001 -0.1439  0.0202 -0.0314 -0.0933 -0.2362  0.1361  0.1951


   Root No.   41

              8 t2  

            13.788
  
  S   C  1  0.0000
  Px  C  1  0.0000
  Py  C  1  0.0000
  Pz  C  1 -0.0178
  S  Sc  2  0.0000
  Px Sc  2  0.0000
  Py Sc  2  0.0000
  Pz Sc  2 -0.0011
  x2 Sc  2  0.0000
  xz Sc  2 -0.0723
  z2 Sc  2 -0.0001
  yz Sc  2  0.1022
  xz Sc  2  0.0001
  S   C  3  0.0003
  Px  C  3  0.0002
  Py  C  3  0.0005
  Pz  C  3 -0.0178
  S   C  4 -0.2754
  Px  C  4 -0.1464
  Py  C  4  0.2071
  Pz  C  4 -0.3764
  S   C  5  0.2751
  Px  C  5  0.1462
  Py  C  5 -0.2068
  Pz  C  5 -0.3760
  S   N  6  0.0000
  Px  N  6  0.0000
  Py  N  6  0.0000
  Pz  N  6  0.0080
  S   N  7 -0.0002
  Px  N  7  0.0001
  Py  N  7  0.0004
  Pz  N  7  0.0080
  S   N  8  0.2151
  Px  N  8 -0.1372
  Py  N  8  0.1941
  Pz  N  8 -0.3282
  S   N  9 -0.2149
  Px  N  9  0.1371
  Py  N  9 -0.1939
  Pz  N  9 -0.3278


              NET ATOMIC CHARGES AND DIPOLE CONTRIBUTIONS

         ATOM NO.   TYPE          CHARGE        ATOM  ELECTRON DENSITY
           1          C           0.114761        3.8852
           2         Sc          -0.203968        3.2040
           3          C           0.114761        3.8852
           4          C           0.114761        3.8852
           5          C           0.114761        3.8852
           6          N          -0.563769        5.5638
           7          N          -0.563769        5.5638
           8          N          -0.563769        5.5638
           9          N          -0.563769        5.5638
 DIPOLE           X         Y         Z       TOTAL
 POINT-CHG.     0.000     0.000     0.000     0.000
 HYBRID         0.000     0.000     0.000     0.000
 SUM            0.000     0.000     0.000     0.000


          CARTESIAN COORDINATES 

    NO.       ATOM               X         Y         Z

     1         C                  0.0000    0.0000    0.0000
     2        Sc                  2.2209    0.0000    0.0000
     3         C                  2.9611    2.0938    0.0000
     4         C                  2.9611   -1.0469    1.8133
     5         C                  2.9611   -1.0469   -1.8133
     6         N                 -1.1704    0.0000    0.0000
     7         N                  3.3513    3.1974    0.0000
     8         N                  3.3513   -1.5987    2.7690
     9         N                  3.3513   -1.5987   -2.7690


          ATOMIC ORBITAL ELECTRON POPULATIONS

   1.31061   1.01920   0.77772   0.77772   0.74751   0.18115   0.18115   0.18115
   0.36524   0.39722   0.37438   0.37895   0.39722   1.31061   0.80455   0.99237
   0.77772   1.31061   0.80455   0.83138   0.93870   1.31061   0.80455   0.83138
   0.93870   1.81190   1.28008   1.23589   1.23589   1.81190   1.24080   1.27517
   1.23589   1.81190   1.24080   1.24571   1.26535   1.81190   1.24080   1.24571
   1.26535


          MULTI-ELECTRON CONFIGURATION INTERACTION CALCULATION


          COMPONENT OF SPIN  =  0.5


           NO OF CONFIGURATIONS CONSIDERED =    5

 CONFIGURATIONS CONSIDERED IN C.I.      
 M.O. NUMBER :        21  22  23  24  25
          ENERGY

             1         1   0   0   0   0
         -2.7702       0   0   0   0   0

             2         0   1   0   0   0
         -2.7702       0   0   0   0   0

             3         0   0   1   0   0
         -2.1674       0   0   0   0   0

             4         0   0   0   1   0
         -2.1674       0   0   0   0   0

             5         0   0   0   0   1
         -2.1674       0   0   0   0   0


 DIAGONAL OF C.I. MATRIX
    -2.770248    -2.770248    -2.167392    -2.167392    -2.167392

  STATE       ENERGY (EV)        Q.N.  SPIN   SYMMETRY     POLARIZATION
         ABSOLUTE    RELATIVE                            X       Y       Z

    1+   -2.770248    0.000000     1   DOUBLET     E   
    3    -2.167392    0.602856     1   DOUBLET     T2    0.2936  0.3596  0.2076
 'RELATIVE ENERGY' IS RELATIVE TO LOWEST STATE CALCULATED.
 THIS MAY OR MAY NOT BE THE GROUND STATE



 TOTAL CPU TIME:             1.08 SECONDS

 == MOPAC DONE ==
