 *******************************************************************************
 **  MOPAC: For non-commercial use only        Written by James J. P. Stewart **
 *******************************************************************************

                                MNDO CALCULATION RESULTS


 *******************************************************************************
 *                   MOPAC   7.10               CALC'D. Thu Jun  1 10:33:41 2006
 *  SYMMETRY - SYMMETRY CONDITIONS TO BE IMPOSED
 *
 *
 *
 *                 CHARGE ON SYSTEM =    -3
 *
 *
 *
 *  OPEN(N,N)- THERE ARE 1 ELECTRONS IN 9 LEVELS
 *  T=       - A TIME OF172800.0 SECONDS REQUESTED
 *  DUMP=N   - RESTART FILE WRITTEN EVERY  7200.000 SECONDS
 *  ALLVEC   - PRINT ALL EIGENVECTORS
 *  MECI     - M.E.C.I. WORKING TO BE PRINTED
 *******************************************************************************



     PARAMETER DEPENDENCE DATA

        REFERENCE ATOM      FUNCTION NO.    DEPENDENT ATOM(S)
            2                  1             3  4  5  6  7

             DESCRIPTIONS OF THE FUNCTIONS USED

   1      BOND LENGTH    IS SET EQUAL TO THE REFERENCE BOND LENGTH   
  ALLVECS MECI SYMMETRY CHARGE=-3 NOLOG OPEN(1,9)
 Ti(III)F6 2T2g
 ROOT=1,2,T2G H=0 HR=GS

    ATOM   CHEMICAL       BOND LENGTH     BOND ANGLE      TWIST ANGLE
   NUMBER  SYMBOL         (ANGSTROMS)      (DEGREES)       (DEGREES)
    (I)                       NA:I           NB:NA:I       NC:NB:NA:I     NA   NB   NC

      1     Ti            0.0000000        0.0000000        0.0000000   
      2      F            2.0533030  *     0.0000000        0.0000000      1    0    0
      3      F            2.0533030       90.0000000        0.0000000      1    2    0
      4      F            2.0533030       90.0000000      180.0000000      1    2    3
      5      F            2.0533030      180.0000000        0.0000000      1    2    3
      6      F            2.0533030       90.0000000       90.0000000      1    2    3
      7      F            2.0533030       90.0000000      -90.0000000      1    2    3


          CARTESIAN COORDINATES 

    NO.       ATOM         X         Y         Z

     1        Ti        0.0000    0.0000    0.0000
     2         F        2.0533    0.0000    0.0000
     3         F        0.0000    2.0533    0.0000
     4         F        0.0000   -2.0533    0.0000
     5         F       -2.0533    0.0000    0.0000
     6         F        0.0000    0.0000   -2.0533
     7         F        0.0000    0.0000    2.0533
  F (PM6): J. J. P. Stewart  J. Mol. Mod. (to be submitted)!                    
 Ti (PM6): J. J. P. Stewart  J. Mol. Mod. (to be submitted)!                    


      MOLECULAR POINT GROUP   :   Oh  

      THERE ARE   24 DOUBLY FILLED LEVELS


      RHF CALCULATION, NO. OF DOUBLY OCCUPIED LEVELS =   24


                       NO. OF LEVELS WITH OCCUPANCY 0.111  =  9
 ONLY ONE VARIABLE, THEREFORE ENERGY A MINIMUM

 -------------------------------------------------------------------------------
  ALLVECS MECI SYMMETRY CHARGE=-3 NOLOG OPEN(1,9)
 Ti(III)F6 2T2g
 ROOT=1,2,T2G H=0 HR=GS


     HEAT OF FORMATION MINIMIZED IN ONE LINE SEARCH           
     SCF FIELD WAS ACHIEVED                                   


                               MNDO    CALCULATION
                                                       MOPAC  7.10
                                                       Thu Jun  1 10:33:42 2006




          FINAL HEAT OF FORMATION =       -400.52721 KCAL =  -1675.80583 KJ


          TOTAL ENERGY            =      -2908.69612 EV  STATE:  DOUBLET A1g 
          ELECTRONIC ENERGY       =      -7116.17939 EV  POINT GROUP:     Oh  
          CORE-CORE REPULSION     =       4207.48327 EV

          IONIZATION POTENTIAL    =        -17.93004
          NO. OF FILLED LEVELS    =         24
          AND NO. OF OPEN LEVELS  =          9
          MOLECULAR WEIGHT        =        161.890

          MOLECULAR DIMENSIONS (Angstroms)

            Atom       Atom       Distance
            F     4    F     3     3.87445
            F     5    F     2     3.87445
            F     7    F     6     3.87445


          SCF CALCULATIONS        =         16
          COMPUTATION TIME        =          0.391 SECONDS





    ATOM   CHEMICAL       BOND LENGTH     BOND ANGLE      TWIST ANGLE
   NUMBER  SYMBOL         (ANGSTROMS)      (DEGREES)       (DEGREES)
    (I)                       NA:I           NB:NA:I       NC:NB:NA:I     NA   NB   NC

      1     Ti            0.0000000        0.0000000        0.0000000   
      2      F            1.9372251  *     0.0000000        0.0000000      1    0    0
      3      F            1.9372251       90.0000000        0.0000000      1    2    0
      4      F            1.9372251       90.0000000      180.0000000      1    2    3
      5      F            1.9372251      180.0000000        0.0000000      1    2    3
      6      F            1.9372251       90.0000000       90.0000000      1    2    3
      7      F            1.9372251       90.0000000      -90.0000000      1    2    3


      MOLECULAR POINT GROUP   :   Oh  


                EIGENVECTORS  


   Root No.    1       2       3       4       5       6       7       8

              1 eg    1 eg    1 t1u   1 t1u   1 t1u   1 a1g   1 t2g   1 t2g 

           -24.111 -24.111 -23.584 -23.584 -23.584 -22.314  -1.246  -1.246
  
  S  Ti  1  0.0000  0.0000  0.0000  0.0000  0.0000 -0.0022  0.0000  0.0000
  Px Ti  1  0.0000  0.0000  0.1460  0.1198  0.0008  0.0000  0.0000  0.0000
  Py Ti  1  0.0000  0.0000 -0.1196  0.1457  0.0125  0.0000  0.0000  0.0000
  Pz Ti  1  0.0000  0.0000 -0.0074  0.0102 -0.1885  0.0000  0.0000  0.0000
  x2 Ti  1 -0.2393 -0.0086  0.0000  0.0000  0.0000  0.0000  0.0000  0.0000
  xz Ti  1  0.0000  0.0000  0.0000  0.0000  0.0000  0.0000 -0.0138 -0.1555
  z2 Ti  1  0.0086 -0.2393  0.0000  0.0000  0.0000  0.0000  0.0000  0.0000
  yz Ti  1  0.0000  0.0000  0.0000  0.0000  0.0000  0.0000  0.0021  0.4340
  xz Ti  1  0.0000  0.0000  0.0000  0.0000  0.0000  0.0000 -0.4608  0.0066
  S   F  2 -0.4951  0.2625  0.5367  0.4404  0.0028 -0.4081  0.0000  0.0000
  Px  F  2  0.0101 -0.0053  0.0022  0.0018  0.0000 -0.0098  0.0000  0.0000
  Py  F  2  0.0000  0.0000 -0.0066  0.0081  0.0007  0.0000 -0.4435  0.0063
  Pz  F  2  0.0000  0.0000 -0.0004  0.0006 -0.0104  0.0000 -0.0133 -0.1496
  S   F  3  0.4749  0.2975 -0.4395  0.5354  0.0461 -0.4081  0.0000  0.0000
  Px  F  3  0.0000  0.0000  0.0081  0.0066  0.0000  0.0000 -0.4435  0.0063
  Py  F  3 -0.0097 -0.0061 -0.0018  0.0022  0.0002 -0.0098  0.0000  0.0000
  Pz  F  3  0.0000  0.0000 -0.0004  0.0006 -0.0104  0.0000  0.0020  0.4176
  S   F  4  0.4749  0.2975  0.4395 -0.5354 -0.0461 -0.4081  0.0000  0.0000
  Px  F  4  0.0000  0.0000  0.0081  0.0066  0.0000  0.0000  0.4435 -0.0063
  Py  F  4  0.0097  0.0061 -0.0018  0.0022  0.0002  0.0098  0.0000  0.0000
  Pz  F  4  0.0000  0.0000 -0.0004  0.0006 -0.0104  0.0000 -0.0020 -0.4176
  S   F  5 -0.4951  0.2625 -0.5367 -0.4404 -0.0028 -0.4081  0.0000  0.0000
  Px  F  5 -0.0101  0.0053  0.0022  0.0018  0.0000  0.0098  0.0000  0.0000
  Py  F  5  0.0000  0.0000 -0.0066  0.0081  0.0007  0.0000  0.4435 -0.0063
  Pz  F  5  0.0000  0.0000 -0.0004  0.0006 -0.0104  0.0000  0.0133  0.1496
  S   F  6  0.0202 -0.5601  0.0271 -0.0374  0.6927 -0.4081  0.0000  0.0000
  Px  F  6  0.0000  0.0000  0.0081  0.0066  0.0000  0.0000  0.0133  0.1496
  Py  F  6  0.0000  0.0000 -0.0066  0.0081  0.0007  0.0000 -0.0020 -0.4176
  Pz  F  6  0.0004 -0.0114 -0.0001  0.0002 -0.0029  0.0098  0.0000  0.0000
  S   F  7  0.0202 -0.5601 -0.0271  0.0374 -0.6927 -0.4081  0.0000  0.0000
  Px  F  7  0.0000  0.0000  0.0081  0.0066  0.0000  0.0000 -0.0133 -0.1496
  Py  F  7  0.0000  0.0000 -0.0066  0.0081  0.0007  0.0000  0.0020  0.4176
  Pz  F  7 -0.0004  0.0114 -0.0001  0.0002 -0.0029 -0.0098  0.0000  0.0000


   Root No.    9      10      11      12      13      14      15      16

              1 t2g   2 eg    2 eg    2 t1u   2 t1u   2 t1u   1 t1g   1 t1g 

            -1.246  -1.137  -1.137  -0.230  -0.230  -0.230   0.835   0.835
  
  S  Ti  1  0.0000  0.0000  0.0000  0.0000  0.0000  0.0000  0.0000  0.0000
  Px Ti  1  0.0000  0.0000  0.0000  0.0178  0.2810  0.0021  0.0000  0.0000
  Py Ti  1  0.0000  0.0000  0.0000 -0.2809  0.0178  0.0062  0.0000  0.0000
  Pz Ti  1  0.0000  0.0000  0.0000 -0.0061  0.0025 -0.2815  0.0000  0.0000
  x2 Ti  1  0.0000 -0.4211  0.0058  0.0000  0.0000  0.0000  0.0000  0.0000
  xz Ti  1 -0.4338  0.0000  0.0000  0.0000  0.0000  0.0000  0.0000  0.0000
  z2 Ti  1  0.0000 -0.0058 -0.4211  0.0000  0.0000  0.0000  0.0000  0.0000
  yz Ti  1 -0.1556  0.0000  0.0000  0.0000  0.0000  0.0000  0.0000  0.0000
  xz Ti  1  0.0123  0.0000  0.0000  0.0000  0.0000  0.0000  0.0000  0.0000
  S   F  2  0.0000  0.0606 -0.0361 -0.0030 -0.0475 -0.0004  0.0000  0.0000
  Px  F  2  0.0000  0.4457 -0.2657 -0.0275 -0.4331 -0.0033  0.0000  0.0000
  Py  F  2  0.0118  0.0000  0.0000 -0.3664  0.0232  0.0081  0.5000  0.0008
  Pz  F  2 -0.4175  0.0000  0.0000 -0.0079  0.0033 -0.3672  0.0019  0.0269
  S   F  3  0.0000 -0.0616 -0.0344  0.0475 -0.0030 -0.0011  0.0000  0.0000
  Px  F  3  0.0118  0.0000  0.0000  0.0232  0.3665  0.0028 -0.5000 -0.0008
  Py  F  3  0.0000 -0.4529 -0.2532  0.4330 -0.0274 -0.0096  0.0000  0.0000
  Pz  F  3 -0.1498  0.0000  0.0000 -0.0079  0.0033 -0.3672 -0.0009  0.4993
  S   F  4  0.0000 -0.0616 -0.0344 -0.0475  0.0030  0.0011  0.0000  0.0000
  Px  F  4 -0.0118  0.0000  0.0000  0.0232  0.3665  0.0028  0.5000  0.0008
  Py  F  4  0.0000  0.4529  0.2532  0.4330 -0.0274 -0.0096  0.0000  0.0000
  Pz  F  4  0.1498  0.0000  0.0000 -0.0079  0.0033 -0.3672  0.0009 -0.4993
  S   F  5  0.0000  0.0606 -0.0361  0.0030  0.0475  0.0004  0.0000  0.0000
  Px  F  5  0.0000 -0.4457  0.2657 -0.0275 -0.4331 -0.0033  0.0000  0.0000
  Py  F  5 -0.0118  0.0000  0.0000 -0.3664  0.0232  0.0081 -0.5000 -0.0008
  Pz  F  5  0.4175  0.0000  0.0000 -0.0079  0.0033 -0.3672 -0.0019 -0.0269
  S   F  6  0.0000  0.0010  0.0705 -0.0010  0.0004 -0.0476  0.0000  0.0000
  Px  F  6  0.4175  0.0000  0.0000  0.0232  0.3665  0.0028  0.0019  0.0269
  Py  F  6  0.1498  0.0000  0.0000 -0.3664  0.0232  0.0081 -0.0009  0.4993
  Pz  F  6  0.0000 -0.0072 -0.5188  0.0094 -0.0039  0.4339  0.0000  0.0000
  S   F  7  0.0000  0.0010  0.0705  0.0010 -0.0004  0.0476  0.0000  0.0000
  Px  F  7 -0.4175  0.0000  0.0000  0.0232  0.3665  0.0028 -0.0019 -0.0269
  Py  F  7 -0.1498  0.0000  0.0000 -0.3664  0.0232  0.0081  0.0009 -0.4993
  Pz  F  7  0.0000  0.0072  0.5188  0.0094 -0.0039  0.4339  0.0000  0.0000


   Root No.   17      18      19      20      21      22      23      24

              1 t1g   2 a1g   1 t2u   1 t2u   1 t2u   3 t1u   3 t1u   3 t1u 

             0.835   0.868   0.906   0.906   0.906   1.045   1.045   1.045
  
  S  Ti  1  0.0000 -0.0475  0.0000  0.0000  0.0000  0.0000  0.0000  0.0000
  Px Ti  1  0.0000  0.0000  0.0000  0.0000  0.0000  0.0021 -0.0220  0.0000
  Py Ti  1  0.0000  0.0000  0.0000  0.0000  0.0000 -0.0220 -0.0021  0.0001
  Pz Ti  1  0.0000  0.0000  0.0000  0.0000  0.0000 -0.0001  0.0000 -0.0221
  x2 Ti  1  0.0000  0.0000  0.0000  0.0000  0.0000  0.0000  0.0000  0.0000
  xz Ti  1  0.0000  0.0000  0.0000  0.0000  0.0000  0.0000  0.0000  0.0000
  z2 Ti  1  0.0000  0.0000  0.0000  0.0000  0.0000  0.0000  0.0000  0.0000
  yz Ti  1  0.0000  0.0000  0.0000  0.0000  0.0000  0.0000  0.0000  0.0000
  xz Ti  1  0.0000  0.0000  0.0000  0.0000  0.0000  0.0000  0.0000  0.0000
  S   F  2  0.0000 -0.0098  0.0000  0.0000  0.0000  0.0009 -0.0089  0.0000
  Px  F  2  0.0000  0.4077  0.0000  0.0000  0.0000 -0.0512  0.5375  0.0004
  Py  F  2  0.0019  0.0000 -0.0027  0.4993  0.0266  0.3212  0.0306 -0.0018
  Pz  F  2 -0.4993  0.0000 -0.5000 -0.0027 -0.0006  0.0019 -0.0001  0.3226
  S   F  3  0.0000 -0.0098  0.0000  0.0000  0.0000 -0.0089 -0.0009  0.0001
  Px  F  3 -0.0019  0.0000  0.0005  0.0267 -0.4993 -0.0306  0.3212  0.0003
  Py  F  3  0.0000  0.4077  0.0000  0.0000  0.0000  0.5375  0.0512 -0.0031
  Pz  F  3  0.0269  0.0000  0.5000  0.0027  0.0006  0.0019 -0.0001  0.3226
  S   F  4  0.0000 -0.0098  0.0000  0.0000  0.0000  0.0089  0.0009 -0.0001
  Px  F  4  0.0019  0.0000  0.0005  0.0267 -0.4993 -0.0306  0.3212  0.0003
  Py  F  4  0.0000 -0.4077  0.0000  0.0000  0.0000  0.5375  0.0512 -0.0031
  Pz  F  4 -0.0269  0.0000  0.5000  0.0027  0.0006  0.0019 -0.0001  0.3226
  S   F  5  0.0000 -0.0098  0.0000  0.0000  0.0000 -0.0009  0.0089  0.0000
  Px  F  5  0.0000 -0.4077  0.0000  0.0000  0.0000 -0.0512  0.5375  0.0004
  Py  F  5 -0.0019  0.0000 -0.0027  0.4993  0.0266  0.3212  0.0306 -0.0018
  Pz  F  5  0.4993  0.0000 -0.5000 -0.0027 -0.0006  0.0019 -0.0001  0.3226
  S   F  6  0.0000 -0.0098  0.0000  0.0000  0.0000  0.0001  0.0000  0.0090
  Px  F  6 -0.4993  0.0000 -0.0005 -0.0267  0.4993 -0.0306  0.3212  0.0003
  Py  F  6  0.0269  0.0000  0.0027 -0.4993 -0.0266  0.3212  0.0306 -0.0018
  Pz  F  6  0.0000 -0.4077  0.0000  0.0000  0.0000  0.0031 -0.0001  0.5399
  S   F  7  0.0000 -0.0098  0.0000  0.0000  0.0000 -0.0001  0.0000 -0.0090
  Px  F  7  0.4993  0.0000 -0.0005 -0.0267  0.4993 -0.0306  0.3212  0.0003
  Py  F  7 -0.0269  0.0000  0.0027 -0.4993 -0.0266  0.3212  0.0306 -0.0018
  Pz  F  7  0.0000  0.4077  0.0000  0.0000  0.0000  0.0031 -0.0001  0.5399


   Root No.   25      26      27      28      29      30      31      32

              3 a1g   2 t2g   2 t2g   2 t2g   3 eg    3 eg    4 t1u   4 t1u 

            12.119  12.666  12.666  12.666  14.624  14.624  17.930  17.930
  
  S  Ti  1  0.9989  0.0000  0.0000  0.0000  0.0000  0.0000  0.0000  0.0000
  Px Ti  1  0.0000  0.0000  0.0000  0.0000  0.0000  0.0000 -0.7667 -0.4518
  Py Ti  1  0.0000  0.0000  0.0000  0.0000  0.0000  0.0000 -0.4780  0.3060
  Pz Ti  1  0.0000  0.0000  0.0000  0.0000  0.0000  0.0000  0.2612 -0.7660
  x2 Ti  1  0.0000  0.0000  0.0000  0.0000 -0.8748 -0.0001  0.0000  0.0000
  xz Ti  1  0.0000 -0.5832  0.4719 -0.4740  0.0000  0.0000  0.0000  0.0000
  z2 Ti  1  0.0000  0.0000  0.0000  0.0000  0.0001 -0.8748  0.0000  0.0000
  yz Ti  1  0.0000 -0.2298  0.4492  0.7300  0.0000  0.0000  0.0000  0.0000
  xz Ti  1  0.0000  0.6281  0.6025 -0.1730  0.0000  0.0000  0.0000  0.0000
  S   F  2 -0.0014  0.0000  0.0000  0.0000  0.1034 -0.0597  0.1022  0.0602
  Px  F  2  0.0194  0.0000  0.0000  0.0000 -0.2191  0.1264 -0.1158 -0.0682
  Py  F  2  0.0000 -0.1632 -0.1565  0.0449  0.0000  0.0000  0.0531 -0.0340
  Pz  F  2  0.0000  0.1515 -0.1226  0.1231  0.0000  0.0000 -0.0290  0.0851
  S   F  3 -0.0014  0.0000  0.0000  0.0000 -0.1034 -0.0597  0.0637 -0.0408
  Px  F  3  0.0000 -0.1632 -0.1565  0.0449  0.0000  0.0000  0.0852  0.0502
  Py  F  3  0.0194  0.0000  0.0000  0.0000  0.2190  0.1265 -0.0722  0.0462
  Pz  F  3  0.0000  0.0597 -0.1167 -0.1896  0.0000  0.0000 -0.0290  0.0851
  S   F  4 -0.0014  0.0000  0.0000  0.0000 -0.1034 -0.0597 -0.0637  0.0408
  Px  F  4  0.0000  0.1632  0.1565 -0.0449  0.0000  0.0000  0.0852  0.0502
  Py  F  4 -0.0194  0.0000  0.0000  0.0000 -0.2190 -0.1265 -0.0722  0.0462
  Pz  F  4  0.0000 -0.0597  0.1167  0.1896  0.0000  0.0000 -0.0290  0.0851
  S   F  5 -0.0014  0.0000  0.0000  0.0000  0.1034 -0.0597 -0.1022 -0.0602
  Px  F  5 -0.0194  0.0000  0.0000  0.0000  0.2191 -0.1264 -0.1158 -0.0682
  Py  F  5  0.0000  0.1632  0.1565 -0.0449  0.0000  0.0000  0.0531 -0.0340
  Pz  F  5  0.0000 -0.1515  0.1226 -0.1231  0.0000  0.0000 -0.0290  0.0851
  S   F  6 -0.0014  0.0000  0.0000  0.0000  0.0000  0.1194  0.0348 -0.1021
  Px  F  6  0.0000 -0.1515  0.1226 -0.1231  0.0000  0.0000  0.0852  0.0502
  Py  F  6  0.0000 -0.0597  0.1167  0.1896  0.0000  0.0000  0.0531 -0.0340
  Pz  F  6 -0.0194  0.0000  0.0000  0.0000  0.0000  0.2529  0.0394 -0.1157
  S   F  7 -0.0014  0.0000  0.0000  0.0000  0.0000  0.1194 -0.0348  0.1021
  Px  F  7  0.0000  0.1515 -0.1226  0.1231  0.0000  0.0000  0.0852  0.0502
  Py  F  7  0.0000  0.0597 -0.1167 -0.1896  0.0000  0.0000  0.0531 -0.0340
  Pz  F  7  0.0194  0.0000  0.0000  0.0000  0.0000 -0.2529  0.0394 -0.1157


   Root No.   33

              4 t1u 

            17.930
  
  S  Ti  1  0.0000
  Px Ti  1  0.3044
  Py Ti  1 -0.7499
  Pz Ti  1 -0.4791
  x2 Ti  1  0.0000
  xz Ti  1  0.0000
  z2 Ti  1  0.0000
  yz Ti  1  0.0000
  xz Ti  1  0.0000
  S   F  2 -0.0406
  Px  F  2  0.0460
  Py  F  2  0.0833
  Pz  F  2  0.0532
  S   F  3  0.1000
  Px  F  3 -0.0338
  Py  F  3 -0.1132
  Pz  F  3  0.0532
  S   F  4 -0.1000
  Px  F  4 -0.0338
  Py  F  4 -0.1132
  Pz  F  4  0.0532
  S   F  5  0.0406
  Px  F  5  0.0460
  Py  F  5  0.0833
  Pz  F  5  0.0532
  S   F  6 -0.0639
  Px  F  6 -0.0338
  Py  F  6  0.0833
  Pz  F  6 -0.0723
  S   F  7  0.0639
  Px  F  7 -0.0338
  Py  F  7  0.0833
  Pz  F  7 -0.0723


              NET ATOMIC CHARGES AND DIPOLE CONTRIBUTIONS

         ATOM NO.   TYPE          CHARGE        ATOM  ELECTRON DENSITY
           1         Ti           0.090908        3.9091
           2          F          -0.515151        7.5152
           3          F          -0.515151        7.5152
           4          F          -0.515151        7.5152
           5          F          -0.515151        7.5152
           6          F          -0.515151        7.5152
           7          F          -0.515151        7.5152
 DIPOLE           X         Y         Z       TOTAL
 POINT-CHG.     0.000     0.000     0.000     0.000
 HYBRID         0.000     0.000     0.000     0.000
 SUM            0.000     0.000     0.000     0.000


          CARTESIAN COORDINATES 

    NO.       ATOM               X         Y         Z

     1        Ti                  0.0000    0.0000    0.0000
     2         F                  1.9372    0.0000    0.0000
     3         F                  0.0000    1.9372    0.0000
     4         F                  0.0000   -1.9372    0.0000
     5         F                 -1.9372    0.0000    0.0000
     6         F                  0.0000    0.0000   -1.9372
     7         F                  0.0000    0.0000    1.9372


          ATOMIC ORBITAL ELECTRON POPULATIONS

   1.00226   0.23089   0.23089   0.23089   0.46942   0.42511   0.46942   0.42511
   0.42511   1.94001   1.83135   1.87189   1.87189   1.94001   1.87189   1.83135
   1.87189   1.94001   1.87189   1.83135   1.87189   1.94001   1.83135   1.87189
   1.87189   1.94001   1.87189   1.87189   1.83135   1.94001   1.87189   1.87189
   1.83135


          MULTI-ELECTRON CONFIGURATION INTERACTION CALCULATION


          COMPONENT OF SPIN  =  0.5


           NO OF CONFIGURATIONS CONSIDERED =    9

 CONFIGURATIONS CONSIDERED IN C.I.      
 M.O. NUMBER :        25  26  27  28  29  30  31  32  33
          ENERGY

             1         1   0   0   0   0   0   0   0   0
         -5.4149       0   0   0   0   0   0   0   0   0

             2         0   1   0   0   0   0   0   0   0
         -4.5387       0   0   0   0   0   0   0   0   0

             3         0   0   1   0   0   0   0   0   0
         -4.5387       0   0   0   0   0   0   0   0   0

             4         0   0   0   1   0   0   0   0   0
         -4.5387       0   0   0   0   0   0   0   0   0

             5         0   0   0   0   1   0   0   0   0
         -2.6117       0   0   0   0   0   0   0   0   0

             6         0   0   0   0   0   1   0   0   0
         -2.6117       0   0   0   0   0   0   0   0   0

             7         0   0   0   0   0   0   1   0   0
          1.3861       0   0   0   0   0   0   0   0   0

             8         0   0   0   0   0   0   0   1   0
          1.3861       0   0   0   0   0   0   0   0   0

             9         0   0   0   0   0   0   0   0   1
          1.3861       0   0   0   0   0   0   0   0   0


 DIAGONAL OF C.I. MATRIX
    -5.414948    -4.538660    -4.538660    -4.538660    -2.611711
    -2.611711     1.386131     1.386131     1.386131

  STATE       ENERGY (EV)        Q.N.  SPIN   SYMMETRY     POLARIZATION
         ABSOLUTE    RELATIVE                            X       Y       Z

    1+   -5.414948    0.000000     1   DOUBLET     A1g 
    2    -4.538660    0.876288     1   DOUBLET     T2g 
    5    -2.611711    2.803238     1   DOUBLET     Eg  
    7     1.386131    6.801079     1   DOUBLET     T1u   0.0113  0.0113  0.0113
 'RELATIVE ENERGY' IS RELATIVE TO LOWEST STATE CALCULATED.
 THIS MAY OR MAY NOT BE THE GROUND STATE



 TOTAL CPU TIME:             0.41 SECONDS

 == MOPAC DONE ==
