 *******************************************************************************
 **  MOPAC: For non-commercial use only        Written by James J. P. Stewart **
 *******************************************************************************

                                MNDO CALCULATION RESULTS


 *******************************************************************************
 *                   MOPAC   7.10               CALC'D. Thu Jun  1 10:31:34 2006
 *  SYMMETRY - SYMMETRY CONDITIONS TO BE IMPOSED
 *
 *
 *
 *                 CHARGE ON SYSTEM =    -1
 *
 *
 *
 *  OPEN(N,N)- THERE ARE 1 ELECTRONS IN 6 LEVELS
 *  T=       - A TIME OF172800.0 SECONDS REQUESTED
 *  DUMP=N   - RESTART FILE WRITTEN EVERY  7200.000 SECONDS
 *  ALLVEC   - PRINT ALL EIGENVECTORS
 *  MECI     - M.E.C.I. WORKING TO BE PRINTED
 *******************************************************************************



     PARAMETER DEPENDENCE DATA

        REFERENCE ATOM      FUNCTION NO.    DEPENDENT ATOM(S)
            2                  1             3  4  5
            6                  1             7  8  9

             DESCRIPTIONS OF THE FUNCTIONS USED

   1      BOND LENGTH    IS SET EQUAL TO THE REFERENCE BOND LENGTH   
  SYMMETRY CHARGE=-1 OPEN(1,6) MECI ALLVECS
 Titanium(III) tetracyanide 2E
 ROOT=1,2,E H=0 HR=GS

    ATOM   CHEMICAL       BOND LENGTH     BOND ANGLE      TWIST ANGLE
   NUMBER  SYMBOL         (ANGSTROMS)      (DEGREES)       (DEGREES)
    (I)                       NA:I           NB:NA:I       NC:NB:NA:I     NA   NB   NC

      1      C            0.0000000        0.0000000        0.0000000   
      2     Ti            2.2690860  *     0.0000000        0.0000000      1    0    0
      3      C            2.2690860      109.4712210        0.0000000      2    1    0
      4      C            2.2690860      109.4712210      120.0000000      2    1    3
      5      C            2.2690860      109.4712210     -120.0000000      2    1    3
      6      N            1.1755440  *   180.0000000        0.0000000      1    2    3
      7      N            1.1755440      180.0000000        0.0000000      3    2    1
      8      N            1.1755440      180.0000000        0.0000000      4    2    3
      9      N            1.1755440      180.0000000        0.0000000      5    2    3


          CARTESIAN COORDINATES 

    NO.       ATOM         X         Y         Z

     1         C        0.0000    0.0000    0.0000
     2        Ti        2.2691    0.0000    0.0000
     3         C        3.0254    2.1393    0.0000
     4         C        3.0254   -1.0697    1.8527
     5         C        3.0254   -1.0697   -1.8527
     6         N       -1.1755    0.0000    0.0000
     7         N        3.4173    3.2476    0.0000
     8         N        3.4173   -1.6238    2.8125
     9         N        3.4173   -1.6238   -2.8125
  C (PM6): J. J. P. Stewart  J. Mol. Mod. (to be submitted)!                    
  N (PM6): J. J. P. Stewart  J. Mol. Mod. (to be submitted)!                    
 Ti (PM6): J. J. P. Stewart  J. Mol. Mod. (to be submitted)!                    


      MOLECULAR POINT GROUP   :   Td  

      THERE ARE   20 DOUBLY FILLED LEVELS


      RHF CALCULATION, NO. OF DOUBLY OCCUPIED LEVELS =   20


                       NO. OF LEVELS WITH OCCUPANCY 0.167  =  6

          DIAGONAL MATRIX USED AS START HESSIAN

 CYCLE:   1 TIME:   0.172 TIME LEFT:  2.00D  GRAD.:   270.175 HEAT:  87.22926    
 CYCLE:   2 TIME:   0.188 TIME LEFT:  2.00D  GRAD.:   259.535 HEAT:  78.23570    
 CYCLE:   3 TIME:   0.188 TIME LEFT:  2.00D  GRAD.:   171.700 HEAT:  63.96579    
 CYCLE:   4 TIME:   0.203 TIME LEFT:  2.00D  GRAD.:    75.814 HEAT:  46.68316    
 CYCLE:   5 TIME:   0.188 TIME LEFT:  2.00D  GRAD.:    25.334 HEAT:  44.60162    
 CYCLE:   6 TIME:   0.188 TIME LEFT:  2.00D  GRAD.:     2.561 HEAT:  44.27465    
 CYCLE:   7 TIME:   0.172 TIME LEFT:  2.00D  GRAD.:     0.052 HEAT:  44.27458    

     RMS GRADIENT =  0.05194  IS LESS THAN CUTOFF =  1.00000



 -------------------------------------------------------------------------------
  SYMMETRY CHARGE=-1 OPEN(1,6) MECI ALLVECS
 Titanium(III) tetracyanide 2E
 ROOT=1,2,E H=0 HR=GS


     GEOMETRY OPTIMISED USING EIGENVECTOR FOLLOWING (EF).     
     SCF FIELD WAS ACHIEVED                                   


                               MNDO    CALCULATION
                                                       MOPAC  7.10
                                                       Thu Jun  1 10:31:35 2006




          FINAL HEAT OF FORMATION =         44.27477 KCAL =    185.24566 KJ


          TOTAL ENERGY            =      -1279.30919 EV  STATE:  DOUBLET A1  
          ELECTRONIC ENERGY       =      -4361.64430 EV  POINT GROUP:     Td  
          CORE-CORE REPULSION     =       3082.33510 EV

          IONIZATION POTENTIAL    =         -1.58684
          NO. OF FILLED LEVELS    =         20
          AND NO. OF OPEN LEVELS  =          6
          MOLECULAR WEIGHT        =        151.971

          MOLECULAR DIMENSIONS (Angstroms)

            Atom       Atom       Distance
            N     8    N     6     5.08832
            N     9    N     7     5.08832
            N     6    N     7     3.59799


          SCF CALCULATIONS        =          8
          COMPUTATION TIME        =          1.328 SECONDS





    ATOM   CHEMICAL       BOND LENGTH     BOND ANGLE      TWIST ANGLE
   NUMBER  SYMBOL         (ANGSTROMS)      (DEGREES)       (DEGREES)
    (I)                       NA:I           NB:NA:I       NC:NB:NA:I     NA   NB   NC

      1      C            0.0000000        0.0000000        0.0000000   
      2     Ti            1.9454199  *     0.0000000        0.0000000      1    0    0
      3      C            1.9454199      109.4712210        0.0000000      2    1    0
      4      C            1.9454199      109.4712210      120.0000000      2    1    3
      5      C            1.9454199      109.4712210     -120.0000000      2    1    3
      6      N            1.1705270  *   180.0000000        0.0000000      1    2    3
      7      N            1.1705270      180.0000000        0.0000000      3    2    1
      8      N            1.1705270      180.0000000        0.0000000      4    2    3
      9      N            1.1705270      180.0000000        0.0000000      5    2    3


      MOLECULAR POINT GROUP   :   Td  


                EIGENVECTORS  


   Root No.    1       2       3       4       5       6       7       8

              1 t2    1 t2    1 t2    1 a1    2 t2    2 t2    2 t2    2 a1  

           -27.451 -27.451 -27.451 -26.687 -13.592 -13.592 -13.592 -12.309
  
  S   C  1 -0.4684 -0.0006  0.0000  0.2518 -0.5059  0.0014  0.0000  0.3209
  Px  C  1  0.2749  0.0004  0.0000 -0.1787 -0.3526  0.0010  0.0000  0.1633
  Py  C  1  0.0000 -0.0054  0.0000  0.0000  0.0001  0.0325  0.0000  0.0000
  Pz  C  1  0.0000  0.0000 -0.0054  0.0000  0.0000  0.0000 -0.0325  0.0000
  S  Ti  2  0.0000  0.0000  0.0000  0.0014  0.0000  0.0000  0.0000  0.0466
  Px Ti  2  0.1330  0.0002  0.0000  0.0000  0.2272 -0.0006  0.0000  0.0000
  Py Ti  2  0.0002 -0.1330  0.0002  0.0000  0.0006  0.2272  0.0002  0.0000
  Pz Ti  2  0.0000 -0.0002 -0.1330  0.0000  0.0000  0.0002 -0.2272  0.0000
  x2 Ti  2 -0.0853  0.0401 -0.0001  0.0000 -0.2410 -0.1128 -0.0001  0.0000
  xz Ti  2  0.0000 -0.0001 -0.0568  0.0000  0.0000  0.0001 -0.1604  0.0000
  z2 Ti  2  0.0491  0.0696 -0.0001  0.0000  0.1384 -0.1969 -0.0001  0.0000
  yz Ti  2  0.0000  0.0001  0.0803  0.0000  0.0000 -0.0002  0.2269  0.0000
  xz Ti  2  0.0001 -0.0568  0.0001  0.0000  0.0004  0.1604  0.0001  0.0000
  S   C  3  0.1567 -0.4414  0.0007  0.2518  0.1699  0.4765  0.0004  0.3209
  Px  C  3  0.0354 -0.0847  0.0001  0.0596 -0.0107 -0.1210 -0.0001 -0.0544
  Py  C  3  0.0850 -0.2449  0.0004  0.1684 -0.1219 -0.3095 -0.0002 -0.1539
  Pz  C  3  0.0000  0.0000 -0.0054  0.0000  0.0000  0.0000 -0.0325  0.0000
  S   C  4  0.1558  0.2204 -0.3828  0.2518  0.1680 -0.2386 -0.4133  0.3209
  Px  C  4  0.0353  0.0423 -0.0734  0.0596 -0.0102  0.0605  0.1049 -0.0544
  Py  C  4 -0.0423 -0.0652  0.1039 -0.0842  0.0604 -0.0532 -0.1483  0.0770
  Pz  C  4  0.0732  0.1036 -0.1852  0.1459 -0.1044  0.1483  0.2244 -0.1333
  S   C  5  0.1558  0.2216  0.3821  0.2518  0.1680 -0.2393  0.4129  0.3209
  Px  C  5  0.0353  0.0425  0.0733  0.0596 -0.0102  0.0606 -0.1048 -0.0544
  Py  C  5 -0.0423 -0.0655 -0.1037 -0.0842  0.0604 -0.0534  0.1482  0.0770
  Pz  C  5 -0.0732 -0.1041 -0.1849 -0.1459  0.1044 -0.1487  0.2242  0.1333
  S   N  6 -0.5806 -0.0008  0.0000  0.3494  0.4529 -0.0012  0.0000 -0.2637
  Px  N  6 -0.3121 -0.0004  0.0000  0.1806 -0.2541  0.0007  0.0000  0.2243
  Py  N  6  0.0000 -0.0026  0.0000  0.0000  0.0001  0.0251  0.0000  0.0000
  Pz  N  6  0.0000  0.0000 -0.0026  0.0000  0.0000  0.0000 -0.0251  0.0000
  S   N  7  0.1942 -0.5471  0.0009  0.3494 -0.1521 -0.4266 -0.0003 -0.2637
  Px  N  7 -0.0325  0.0989 -0.0002 -0.0602 -0.0062 -0.0877 -0.0001 -0.0748
  Py  N  7 -0.0993  0.2770 -0.0004 -0.1703 -0.0883 -0.2228 -0.0002 -0.2114
  Pz  N  7  0.0000  0.0000 -0.0026  0.0000  0.0000  0.0000 -0.0251  0.0000
  S   N  8  0.1932  0.2732 -0.4745  0.3494 -0.1504  0.2136  0.3700 -0.2637
  Px  N  8 -0.0323 -0.0494  0.0857 -0.0602 -0.0058  0.0438  0.0760 -0.0748
  Py  N  8  0.0494  0.0672 -0.1212  0.0851  0.0438 -0.0370 -0.1075  0.1057
  Pz  N  8 -0.0855 -0.1209  0.2074 -0.1475 -0.0757  0.1075  0.1611 -0.1831
  S   N  9  0.1932  0.2747  0.4736  0.3494 -0.1504  0.2142 -0.3697 -0.2637
  Px  N  9 -0.0323 -0.0496 -0.0856 -0.0602 -0.0058  0.0439 -0.0759 -0.0748
  Py  N  9  0.0494  0.0676  0.1210  0.0851  0.0438 -0.0371  0.1074  0.1057
  Pz  N  9  0.0855  0.1216  0.2070  0.1475  0.0757 -0.1078  0.1609  0.1831


   Root No.    9      10      11      12      13      14      15      16

              1 e     1 e     3 t2    3 t2    3 t2    1 t1    1 t1    1 t1  

           -10.140 -10.140 -10.090 -10.090 -10.090  -9.514  -9.514  -9.514
  
  S   C  1  0.0000  0.0000  0.0232  0.0000 -0.0001  0.0000  0.0000  0.0000
  Px  C  1  0.0000  0.0000 -0.0193  0.0000  0.0001  0.0000  0.0000  0.0000
  Py  C  1  0.0011 -0.3289 -0.0017  0.0005 -0.4029 -0.3965  0.0000  0.0000
  Pz  C  1 -0.3289 -0.0011  0.0000 -0.4029 -0.0005  0.0000  0.3965  0.0002
  S  Ti  2  0.0000  0.0000  0.0000  0.0000  0.0000  0.0000  0.0000  0.0000
  Px Ti  2  0.0000  0.0000  0.1311  0.0000 -0.0006  0.0000  0.0000  0.0000
  Py Ti  2  0.0000  0.0000 -0.0006  0.0002 -0.1311  0.0000  0.0000  0.0000
  Pz Ti  2  0.0000  0.0000  0.0000 -0.1311 -0.0002  0.0000  0.0000  0.0000
  x2 Ti  2 -0.0002  0.0694  0.1333  0.0001 -0.0635  0.0000  0.0000  0.0000
  xz Ti  2  0.1962  0.0007  0.0000  0.0891  0.0001  0.0000  0.0000  0.0000
  z2 Ti  2 -0.0004  0.1201 -0.0776  0.0001 -0.1087  0.0000  0.0000  0.0000
  yz Ti  2  0.1387  0.0005  0.0000 -0.1260 -0.0002  0.0000  0.0000  0.0000
  xz Ti  2 -0.0007  0.1962  0.0004 -0.0001  0.0891  0.0000  0.0000  0.0000
  S   C  3  0.0000  0.0000 -0.0076  0.0000  0.0219  0.0000  0.0000  0.0000
  Px  C  3 -0.0010  0.3101  0.3566 -0.0002  0.1311 -0.3739  0.0000  0.0000
  Py  C  3  0.0004 -0.1096 -0.1328  0.0000 -0.0271  0.1322  0.0000  0.0000
  Pz  C  3  0.3289  0.0011  0.0000 -0.4029 -0.0005  0.0000 -0.1324  0.3738
  S   C  4  0.0000  0.0000 -0.0078  0.0190 -0.0109  0.0000  0.0000  0.0000
  Px  C  4  0.2691 -0.1542  0.3557  0.1150 -0.0677  0.1870  0.3237  0.0002
  Py  C  4  0.1892  0.2199  0.0650 -0.1621 -0.3096  0.1322  0.0002 -0.3238
  Pz  C  4 -0.0006  0.1899 -0.1156 -0.1213 -0.1621  0.0000 -0.1321 -0.1870
  S   C  5  0.0000  0.0000 -0.0078 -0.0190 -0.0109  0.0000  0.0000  0.0000
  Px  C  5 -0.2680 -0.1560  0.3557 -0.1148 -0.0680  0.1869 -0.3238 -0.0002
  Py  C  5 -0.1906  0.2186  0.0650  0.1629 -0.3092  0.1322 -0.0002  0.3238
  Pz  C  5  0.0006 -0.1899  0.1156 -0.1217  0.1618  0.0000 -0.1321 -0.1870
  S   N  6  0.0000  0.0000 -0.0431  0.0000  0.0002  0.0000  0.0000  0.0000
  Px  N  6  0.0000  0.0000  0.0551  0.0000 -0.0002  0.0000  0.0000  0.0000
  Py  N  6  0.0012 -0.3569 -0.0019  0.0005 -0.4409 -0.4666  0.0001  0.0000
  Pz  N  6 -0.3569 -0.0012  0.0000 -0.4409 -0.0005  0.0001  0.4666  0.0003
  S   N  7  0.0000  0.0000  0.0142  0.0000 -0.0407  0.0000  0.0000  0.0000
  Px  N  7 -0.0011  0.3365  0.3986 -0.0001  0.1195 -0.4400  0.0001  0.0000
  Py  N  7  0.0004 -0.1190 -0.1217  0.0001 -0.0974  0.1555  0.0000  0.0000
  Pz  N  7  0.3569  0.0012  0.0000 -0.4409 -0.0005  0.0000 -0.1558  0.4399
  S   N  8  0.0000  0.0000  0.0145 -0.0352  0.0202  0.0000  0.0000  0.0000
  Px  N  8  0.2920 -0.1673  0.3978  0.1051 -0.0622  0.2200  0.3810  0.0002
  Py  N  8  0.2053  0.2386  0.0591 -0.1481 -0.3556  0.1555  0.0002 -0.3810
  Pz  N  8 -0.0007  0.2061 -0.1056 -0.1835 -0.1483  0.0000 -0.1554 -0.2201
  S   N  9  0.0000  0.0000  0.0145  0.0352  0.0203  0.0000  0.0000  0.0000
  Px  N  9 -0.2908 -0.1692  0.3978 -0.1049 -0.0625  0.2199 -0.3810 -0.0002
  Py  N  9 -0.2069  0.2372  0.0591  0.1489 -0.3552  0.1555 -0.0002  0.3810
  Pz  N  9  0.0007 -0.2061  0.1056 -0.1839  0.1478  0.0000 -0.1554 -0.2201


   Root No.   17      18      19      20      21      22      23      24

              4 t2    4 t2    4 t2    3 a1    2 e     2 e     4 a1    5 t2  

            -8.196  -8.196  -8.196  -7.491   0.519   0.519   1.122   1.587
  
  S   C  1  0.1237 -0.0003  0.0000  0.1746  0.0000  0.0000  0.0358 -0.1573
  Px  C  1  0.4599 -0.0011  0.0000  0.3267  0.0000  0.0000  0.0358 -0.1592
  Py  C  1  0.0000  0.0165  0.0000  0.0000  0.0000 -0.0322  0.0000 -0.0014
  Pz  C  1  0.0000  0.0000 -0.0165  0.0000  0.0322  0.0000  0.0000  0.0000
  S  Ti  2  0.0000  0.0000  0.0000  0.0986  0.0000  0.0000 -0.9939  0.0000
  Px Ti  2 -0.1522  0.0004  0.0000  0.0000  0.0000  0.0000  0.0000  0.3400
  Py Ti  2 -0.0004 -0.1522 -0.0001  0.0000  0.0000  0.0000  0.0000 -0.0058
  Pz Ti  2  0.0000 -0.0001  0.1522  0.0000  0.0000  0.0000  0.0000  0.0000
  x2 Ti  2  0.2400  0.1124  0.0001  0.0000  0.0000  0.2674  0.0000  0.7000
  xz Ti  2  0.0000 -0.0002  0.1598  0.0000 -0.7563  0.0001  0.0000  0.0000
  z2 Ti  2 -0.1379  0.1961  0.0002  0.0000  0.0001  0.4632  0.0000 -0.4172
  yz Ti  2  0.0000  0.0002 -0.2261  0.0000 -0.5348  0.0001  0.0000  0.0000
  xz Ti  2 -0.0004 -0.1598 -0.0002  0.0000  0.0001  0.7563  0.0000  0.0080
  S   C  3 -0.0415 -0.1165 -0.0001  0.1746  0.0000  0.0000  0.0358  0.0499
  Px  C  3  0.0661  0.1392  0.0001 -0.1089  0.0000  0.0303 -0.0119  0.0570
  Py  C  3  0.1404  0.4103  0.0004 -0.3080  0.0000 -0.0107 -0.0338 -0.0737
  Pz  C  3  0.0000  0.0000 -0.0165  0.0000 -0.0322  0.0000  0.0000  0.0000
  S   C  4 -0.0411  0.0583  0.1010  0.1746  0.0000  0.0000  0.0358  0.0537
  Px  C  4  0.0656 -0.0697 -0.1207 -0.1089 -0.0263 -0.0152 -0.0119  0.0550
  Py  C  4 -0.0694  0.1151  0.1708  0.1540 -0.0186  0.0215  0.0169  0.0375
  Pz  C  4  0.1203 -0.1707 -0.3123 -0.2668  0.0000  0.0186 -0.0293 -0.0674
  S   C  5 -0.0411  0.0585 -0.1009  0.1746  0.0000  0.0000  0.0358  0.0537
  Px  C  5  0.0656 -0.0699  0.1206 -0.1089  0.0263 -0.0152 -0.0119  0.0550
  Py  C  5 -0.0694  0.1154 -0.1705  0.1540  0.0186  0.0215  0.0169  0.0375
  Pz  C  5 -0.1203  0.1713 -0.3120  0.2668  0.0000 -0.0186  0.0293  0.0674
  S   N  6  0.3599 -0.0009  0.0000  0.1840  0.0000  0.0000  0.0042 -0.0165
  Px  N  6 -0.5630  0.0014  0.0000 -0.2765  0.0000  0.0000 -0.0208  0.0415
  Py  N  6  0.0001  0.0251  0.0000  0.0000  0.0000  0.1856  0.0000  0.0038
  Pz  N  6  0.0000  0.0000 -0.0251  0.0000 -0.1856  0.0000  0.0000  0.0000
  S   N  7 -0.1208 -0.3390 -0.0003  0.1840  0.0000  0.0000  0.0042  0.0052
  Px  N  7 -0.0407 -0.1847 -0.0002  0.0922  0.0000 -0.1750  0.0069 -0.1950
  Py  N  7 -0.1861 -0.4972 -0.0005  0.2607  0.0000  0.0619  0.0196  0.0829
  Pz  N  7  0.0000  0.0000 -0.0251  0.0000  0.1856  0.0000  0.0000  0.0000
  S   N  8 -0.1195  0.1697  0.2940  0.1840  0.0000  0.0000  0.0042  0.0056
  Px  N  8 -0.0400  0.0924  0.1602  0.0922  0.1515  0.0875  0.0069 -0.1929
  Py  N  8  0.0922 -0.1056 -0.2265 -0.1303  0.1071 -0.1237 -0.0098 -0.0387
  Pz  N  8 -0.1595  0.2264  0.3672  0.2258  0.0000 -0.1071  0.0170  0.0737
  S   N  9 -0.1195  0.1702 -0.2937  0.1840  0.0000  0.0000  0.0042  0.0056
  Px  N  9 -0.0400  0.0927 -0.1600  0.0922 -0.1515  0.0875  0.0069 -0.1929
  Py  N  9  0.0922 -0.1061  0.2263 -0.1303 -0.1072 -0.1237 -0.0098 -0.0387
  Pz  N  9  0.1595 -0.2271  0.3668 -0.2258  0.0000  0.1071 -0.0170 -0.0737


   Root No.   25      26      27      28      29      30      31      32

              5 t2    5 t2    2 t1    2 t1    2 t1    6 t2    6 t2    6 t2  

             1.587   1.587   5.155   5.155   5.155   5.237   5.237   5.237
  
  S   C  1  0.0000 -0.0027  0.0000  0.0000  0.0000  0.0002  0.0000  0.1276
  Px  C  1  0.0000 -0.0027  0.0000  0.0000  0.0000  0.0002  0.0000  0.1076
  Py  C  1  0.0000  0.0825  0.4666  0.0013  0.0000  0.4339  0.0005 -0.0008
  Pz  C  1  0.0825  0.0000  0.0013 -0.4666  0.0001 -0.0005  0.4339  0.0000
  S  Ti  2  0.0000  0.0000  0.0000  0.0000  0.0000  0.0000  0.0000  0.0000
  Px Ti  2  0.0000  0.0058  0.0000  0.0000  0.0000  0.0001  0.0000  0.0583
  Py Ti  2  0.0000  0.3400  0.0000  0.0000  0.0000  0.0583  0.0001 -0.0001
  Pz Ti  2  0.3401  0.0000  0.0000  0.0000  0.0000 -0.0001  0.0583  0.0000
  x2 Ti  2  0.0000  0.3447  0.0000  0.0000  0.0000 -0.1393 -0.0002 -0.2941
  xz Ti  2 -0.4705  0.0000  0.0000  0.0000  0.0000 -0.0002  0.1963  0.0000
  z2 Ti  2  0.0000  0.5692  0.0000  0.0000  0.0000 -0.2401 -0.0003  0.1704
  yz Ti  2  0.6654  0.0000  0.0000  0.0000  0.0000  0.0003 -0.2776  0.0000
  xz Ti  2  0.0000 -0.4704  0.0000  0.0000  0.0000  0.1963  0.0002 -0.0004
  S   C  3  0.0000  0.1492  0.0000  0.0000  0.0000 -0.1204 -0.0001 -0.0423
  Px  C  3  0.0000 -0.0750  0.4400  0.0012  0.0000 -0.1018 -0.0001  0.3979
  Py  C  3  0.0000 -0.1336 -0.1555 -0.0004  0.0000  0.1437  0.0002 -0.1028
  Pz  C  3  0.0825  0.0000 -0.0004  0.1557  0.4399 -0.0005  0.4339  0.0000
  S   C  4  0.1284 -0.0732  0.0000  0.0000  0.0000  0.0602 -0.1041 -0.0427
  Px  C  4 -0.0658  0.0389 -0.2189 -0.3816  0.0001  0.0521 -0.0887  0.3976
  Py  C  4  0.0931  0.0295 -0.1555 -0.0005 -0.3810  0.3614  0.1260  0.0506
  Pz  C  4 -0.0786  0.0919 -0.0004  0.1555 -0.2200  0.1252  0.2166 -0.0890
  S   C  5 -0.1284 -0.0732  0.0000  0.0000  0.0000  0.0600  0.1043 -0.0427
  Px  C  5  0.0658  0.0389 -0.2210  0.3804 -0.0001  0.0519  0.0889  0.3976
  Py  C  5 -0.0931  0.0294 -0.1555 -0.0003  0.3810  0.3617 -0.1252  0.0506
  Pz  C  5 -0.0786 -0.0919 -0.0004  0.1555 -0.2200 -0.1257  0.2163  0.0890
  S   N  6  0.0000 -0.0003  0.0000  0.0000  0.0000  0.0000  0.0000  0.0155
  Px  N  6  0.0000  0.0007  0.0000  0.0000  0.0000  0.0000  0.0000 -0.0177
  Py  N  6  0.0000 -0.2230 -0.3965 -0.0011  0.0000 -0.3576 -0.0004  0.0007
  Pz  N  6 -0.2230  0.0000 -0.0011  0.3965 -0.0001  0.0004 -0.3576  0.0000
  S   N  7  0.0000  0.0156  0.0000  0.0000  0.0000 -0.0147  0.0000 -0.0052
  Px  N  7  0.0000  0.0798 -0.3739 -0.0010  0.0000  0.1062  0.0001 -0.3200
  Py  N  7  0.0000  0.0135  0.1322  0.0004  0.0000 -0.0552 -0.0001  0.1069
  Pz  N  7 -0.2230  0.0000  0.0004 -0.1323 -0.3738  0.0004 -0.3576  0.0000
  S   N  8  0.0134 -0.0077  0.0000  0.0000  0.0000  0.0073 -0.0127 -0.0052
  Px  N  8  0.0720 -0.0448  0.1860  0.3243 -0.0001 -0.0541  0.0925 -0.3197
  Py  N  8 -0.1018 -0.1649  0.1322  0.0004  0.3238 -0.2820 -0.1312 -0.0529
  Pz  N  8 -0.0467 -0.1005  0.0004 -0.1321  0.1870 -0.1305 -0.1311  0.0928
  S   N  9 -0.0134 -0.0077  0.0000  0.0000  0.0000  0.0073  0.0127 -0.0052
  Px  N  9 -0.0720 -0.0449  0.1878 -0.3233  0.0001 -0.0539 -0.0926 -0.3197
  Py  N  9  0.1018 -0.1649  0.1322  0.0003 -0.3238 -0.2823  0.1305 -0.0529
  Pz  N  9 -0.0467  0.1005  0.0004 -0.1321  0.1870  0.1308 -0.1308 -0.0928


   Root No.   33      34      35      36      37      38      39      40

              3 e     3 e     7 t2    7 t2    7 t2    5 a1    8 t2    8 t2  

             5.375   5.375   8.568   8.568   8.568   9.299   9.430   9.430
  
  S   C  1  0.0000  0.0000 -0.0036  0.0000  0.1703  0.2277 -0.4345  0.0008
  Px  C  1  0.0000  0.0000 -0.0064  0.0000  0.3081 -0.2888  0.4541 -0.0009
  Py  C  1 -0.0008  0.3752  0.1232  0.0000  0.0026  0.0000  0.0001  0.0320
  Pz  C  1  0.3752  0.0008  0.0000  0.1232  0.0000  0.0000  0.0000  0.0000
  S  Ti  2  0.0000  0.0000  0.0000  0.0000  0.0000  0.0137  0.0000  0.0000
  Px Ti  2  0.0000  0.0000 -0.0178  0.0000  0.8509  0.0000 -0.2166  0.0004
  Py Ti  2  0.0000  0.0000 -0.8509  0.0002 -0.0178  0.0000 -0.0004 -0.2166
  Pz Ti  2  0.0000  0.0000 -0.0002 -0.8511  0.0000  0.0000  0.0000 -0.0002
  x2 Ti  2 -0.0002  0.0837  0.0739  0.0000 -0.1486  0.0000  0.0467  0.0219
  xz Ti  2  0.2369  0.0005  0.0000 -0.1001  0.0000  0.0000  0.0000  0.0000
  z2 Ti  2 -0.0003  0.1451  0.1207  0.0000  0.0892  0.0000 -0.0269  0.0382
  yz Ti  2  0.1675  0.0004  0.0000  0.1415  0.0000  0.0000  0.0000  0.0000
  xz Ti  2 -0.0005  0.2369 -0.1000  0.0000 -0.0021  0.0000 -0.0001 -0.0311
  S   C  3  0.0000  0.0000  0.1617  0.0000 -0.0534  0.2277  0.1456  0.4094
  Px  C  3  0.0008 -0.3537 -0.1340  0.0000 -0.0781  0.0963  0.0791  0.1325
  Py  C  3 -0.0003  0.1251 -0.2630  0.0000  0.1301  0.2723  0.1335  0.4070
  Pz  C  3 -0.3752 -0.0008  0.0000  0.1232  0.0000  0.0000  0.0000  0.0000
  S   C  4  0.0000  0.0000 -0.0791  0.1391 -0.0584  0.2277  0.1444 -0.2047
  Px  C  4 -0.3067  0.1762  0.0693 -0.1174 -0.0738  0.0963  0.0787 -0.0664
  Py  C  4 -0.2161 -0.2506  0.0288  0.1660 -0.0672 -0.1361 -0.0661  0.1257
  Pz  C  4  0.0005 -0.2166  0.1635 -0.1644  0.1209  0.2358  0.1146 -0.1624
  S   C  5  0.0000  0.0000 -0.0791 -0.1391 -0.0584  0.2277  0.1444 -0.2055
  Px  C  5  0.3059  0.1776  0.0694  0.1174 -0.0738  0.0963  0.0787 -0.0666
  Py  C  5  0.2172 -0.2496  0.0287 -0.1660 -0.0672 -0.1361 -0.0661  0.1261
  Pz  C  5 -0.0005  0.2166 -0.1636 -0.1644 -0.1209 -0.2358 -0.1146  0.1631
  S   N  6  0.0000  0.0000 -0.0023  0.0000  0.1105 -0.1565  0.2524 -0.0005
  Px  N  6  0.0000  0.0000 -0.0025  0.0000  0.1197 -0.3003  0.5017 -0.0010
  Py  N  6  0.0007 -0.2970 -0.0405  0.0000 -0.0008  0.0000  0.0000 -0.0098
  Pz  N  6 -0.2970 -0.0007  0.0000 -0.0406  0.0000  0.0000  0.0000  0.0000
  S   N  7  0.0000  0.0000  0.1050  0.0000 -0.0347 -0.1565 -0.0846 -0.2378
  Px  N  7 -0.0006  0.2800 -0.0259  0.0000  0.0488  0.1001  0.0474  0.1606
  Py  N  7  0.0002 -0.0990 -0.1114  0.0000  0.0226  0.2832  0.1616  0.4445
  Pz  N  7  0.2970  0.0007  0.0000 -0.0406  0.0000  0.0000  0.0000  0.0000
  S   N  8  0.0000  0.0000 -0.0513  0.0903 -0.0379 -0.1565 -0.0839  0.1189
  Px  N  8  0.2428 -0.1394  0.0114 -0.0216  0.0496  0.1001  0.0469 -0.0803
  Py  N  8  0.1710  0.1984 -0.0579  0.0305 -0.0137 -0.1416 -0.0802  0.1038
  Pz  N  8 -0.0004  0.1714  0.0300 -0.0933  0.0222  0.2452  0.1388 -0.1967
  S   N  9  0.0000  0.0000 -0.0513 -0.0902 -0.0379 -0.1565 -0.0839  0.1194
  Px  N  9 -0.2421 -0.1405  0.0114  0.0215  0.0496  0.1001  0.0469 -0.0806
  Py  N  9 -0.1719  0.1976 -0.0579 -0.0305 -0.0137 -0.1416 -0.0802  0.1043
  Pz  N  9  0.0004 -0.1714 -0.0300 -0.0933 -0.0222 -0.2452 -0.1388  0.1975


   Root No.   41

              8 t2  

             9.430
  
  S   C  1  0.0000
  Px  C  1  0.0000
  Py  C  1  0.0000
  Pz  C  1 -0.0320
  S  Ti  2  0.0000
  Px Ti  2  0.0000
  Py Ti  2 -0.0002
  Pz Ti  2  0.2166
  x2 Ti  2  0.0000
  xz Ti  2  0.0311
  z2 Ti  2  0.0000
  yz Ti  2 -0.0440
  xz Ti  2  0.0000
  S   C  3  0.0005
  Px  C  3  0.0001
  Py  C  3  0.0005
  Pz  C  3 -0.0320
  S   C  4 -0.3550
  Px  C  4 -0.1150
  Py  C  4  0.1626
  Pz  C  4 -0.3136
  S   C  5  0.3546
  Px  C  5  0.1148
  Py  C  5 -0.1624
  Pz  C  5 -0.3132
  S   N  6  0.0000
  Px  N  6  0.0000
  Py  N  6  0.0000
  Pz  N  6  0.0098
  S   N  7 -0.0003
  Px  N  7  0.0002
  Py  N  7  0.0005
  Pz  N  7  0.0098
  S   N  8  0.2062
  Px  N  8 -0.1393
  Py  N  8  0.1970
  Pz  N  8 -0.3314
  S   N  9 -0.2060
  Px  N  9  0.1391
  Py  N  9 -0.1967
  Pz  N  9 -0.3310


              NET ATOMIC CHARGES AND DIPOLE CONTRIBUTIONS

         ATOM NO.   TYPE          CHARGE        ATOM  ELECTRON DENSITY
           1          C          -0.248370        4.2484
           2         Ti           1.061765        2.9382
           3          C          -0.248370        4.2484
           4          C          -0.248370        4.2484
           5          C          -0.248370        4.2484
           6          N          -0.267071        5.2671
           7          N          -0.267071        5.2671
           8          N          -0.267071        5.2671
           9          N          -0.267071        5.2671
 DIPOLE           X         Y         Z       TOTAL
 POINT-CHG.     0.000     0.000     0.000     0.000
 HYBRID         0.000     0.000     0.000     0.000
 SUM            0.000     0.000     0.000     0.000


          CARTESIAN COORDINATES 

    NO.       ATOM               X         Y         Z

     1         C                  0.0000    0.0000    0.0000
     2        Ti                  1.9454    0.0000    0.0000
     3         C                  2.5939    1.8342    0.0000
     4         C                  2.5939   -0.9171    1.5884
     5         C                  2.5939   -0.9171   -1.5884
     6         N                 -1.1705    0.0000    0.0000
     7         N                  2.9841    2.9377    0.0000
     8         N                  2.9841   -1.4689    2.5442
     9         N                  2.9841   -1.4689   -2.5442


          ATOMIC ORBITAL ELECTRON POPULATIONS

   1.37645   1.15476   0.85858   0.85858   0.35309   0.21935   0.21935   0.21935
   0.37693   0.39257   0.38140   0.38363   0.39257   1.37645   0.89149   1.12185
   0.85858   1.37645   0.89149   0.92440   1.05603   1.37645   0.89149   0.92440
   1.05603   1.79810   1.28283   1.09307   1.09307   1.79810   1.11415   1.26175
   1.09307   1.79810   1.11415   1.13524   1.21958   1.79810   1.11415   1.13524
   1.21958


          MULTI-ELECTRON CONFIGURATION INTERACTION CALCULATION


          COMPONENT OF SPIN  =  0.5


           NO OF CONFIGURATIONS CONSIDERED =    6

 CONFIGURATIONS CONSIDERED IN C.I.      
 M.O. NUMBER :        21  22  23  24  25  26
          ENERGY

             1         1   0   0   0   0   0
         -2.8408       0   0   0   0   0   0

             2         0   1   0   0   0   0
         -2.8408       0   0   0   0   0   0

             3         0   0   1   0   0   0
         -2.8558       0   0   0   0   0   0

             4         0   0   0   1   0   0
         -1.7206       0   0   0   0   0   0

             5         0   0   0   0   1   0
         -1.7206       0   0   0   0   0   0

             6         0   0   0   0   0   1
         -1.7206       0   0   0   0   0   0


 DIAGONAL OF C.I. MATRIX
    -2.840808    -2.840808    -2.855839    -1.720646    -1.720646
    -1.720646

  STATE       ENERGY (EV)        Q.N.  SPIN   SYMMETRY     POLARIZATION
         ABSOLUTE    RELATIVE                            X       Y       Z

    1+   -2.855839    0.000000     1   DOUBLET     A1  
    2    -2.840808    0.015031     1   DOUBLET     E   
    4    -1.720646    1.135193     1   DOUBLET     T2    0.1788  0.2190  0.1264
 'RELATIVE ENERGY' IS RELATIVE TO LOWEST STATE CALCULATED.
 THIS MAY OR MAY NOT BE THE GROUND STATE



 TOTAL CPU TIME:             1.34 SECONDS

 == MOPAC DONE ==
