 *******************************************************************************
 **  MOPAC: For non-commercial use only        Written by James J. P. Stewart **
 *******************************************************************************

                                MNDO CALCULATION RESULTS


 *******************************************************************************
 *                   MOPAC   7.10               CALC'D. Thu Jun  1 10:32:31 2006
 *  SYMMETRY - SYMMETRY CONDITIONS TO BE IMPOSED
 *
 *
 *
 *                 CHARGE ON SYSTEM =    -1
 *
 *
 *
 *  OPEN(N,N)- THERE ARE 1 ELECTRONS IN 6 LEVELS
 *  T=       - A TIME OF172800.0 SECONDS REQUESTED
 *  DUMP=N   - RESTART FILE WRITTEN EVERY  7200.000 SECONDS
 *  ALLVEC   - PRINT ALL EIGENVECTORS
 *  MECI     - M.E.C.I. WORKING TO BE PRINTED
 *******************************************************************************



     PARAMETER DEPENDENCE DATA

        REFERENCE ATOM      FUNCTION NO.    DEPENDENT ATOM(S)
            2                  1             3  4  5

             DESCRIPTIONS OF THE FUNCTIONS USED

   1      BOND LENGTH    IS SET EQUAL TO THE REFERENCE BOND LENGTH   
  SYMMETRY CHARGE=-1 OPEN(1,6) MECI ALLVECS
 Titanium(III) tetrafluoride 2E
 ROOT=1,2,E H=0 HR=GS

    ATOM   CHEMICAL       BOND LENGTH     BOND ANGLE      TWIST ANGLE
   NUMBER  SYMBOL         (ANGSTROMS)      (DEGREES)       (DEGREES)
    (I)                       NA:I           NB:NA:I       NC:NB:NA:I     NA   NB   NC

      1      F            0.0000000        0.0000000        0.0000000   
      2     Ti            1.8961460  *     0.0000000        0.0000000      1    0    0
      3      F            1.8961460      109.4712210        0.0000000      2    1    0
      4      F            1.8961460      109.4712210      120.0000000      2    1    3
      5      F            1.8961460      109.4712210     -120.0000000      2    1    3


          CARTESIAN COORDINATES 

    NO.       ATOM         X         Y         Z

     1         F        0.0000    0.0000    0.0000
     2        Ti        1.8961    0.0000    0.0000
     3         F        2.5282    1.7877    0.0000
     4         F        2.5282   -0.8939    1.5482
     5         F        2.5282   -0.8939   -1.5482
  F (PM6): J. J. P. Stewart  J. Mol. Mod. (to be submitted)!                    
 Ti (PM6): J. J. P. Stewart  J. Mol. Mod. (to be submitted)!                    


      MOLECULAR POINT GROUP   :   Td  

      THERE ARE   16 DOUBLY FILLED LEVELS


      RHF CALCULATION, NO. OF DOUBLY OCCUPIED LEVELS =   16


                       NO. OF LEVELS WITH OCCUPANCY 0.167  =  6
 ONLY ONE VARIABLE, THEREFORE ENERGY A MINIMUM

 -------------------------------------------------------------------------------
  SYMMETRY CHARGE=-1 OPEN(1,6) MECI ALLVECS
 Titanium(III) tetrafluoride 2E
 ROOT=1,2,E H=0 HR=GS


     HEAT OF FORMATION MINIMIZED IN ONE LINE SEARCH           
     SCF FIELD WAS ACHIEVED                                   


                               MNDO    CALCULATION
                                                       MOPAC  7.10
                                                       Thu Jun  1 10:32:32 2006




          FINAL HEAT OF FORMATION =       -445.62231 KCAL =  -1864.48376 KJ


          TOTAL ENERGY            =      -1968.89174 EV  STATE:  DOUBLET A1  
          ELECTRONIC ENERGY       =      -3913.85537 EV  POINT GROUP:     Td  
          CORE-CORE REPULSION     =       1944.96363 EV

          IONIZATION POTENTIAL    =         -3.82900
          NO. OF FILLED LEVELS    =         16
          AND NO. OF OPEN LEVELS  =          6
          MOLECULAR WEIGHT        =        123.894

          MOLECULAR DIMENSIONS (Angstroms)

            Atom       Atom       Distance
            F     3    F     1     2.95100
            F     4    F     5     2.95100
            F     1    F     4     2.08667


          SCF CALCULATIONS        =         14
          COMPUTATION TIME        =          0.109 SECONDS





    ATOM   CHEMICAL       BOND LENGTH     BOND ANGLE      TWIST ANGLE
   NUMBER  SYMBOL         (ANGSTROMS)      (DEGREES)       (DEGREES)
    (I)                       NA:I           NB:NA:I       NC:NB:NA:I     NA   NB   NC

      1      F            0.0000000        0.0000000        0.0000000   
      2     Ti            1.8071125  *     0.0000000        0.0000000      1    0    0
      3      F            1.8071125      109.4712210        0.0000000      2    1    0
      4      F            1.8071125      109.4712210      120.0000000      2    1    3
      5      F            1.8071125      109.4712210     -120.0000000      2    1    3


      MOLECULAR POINT GROUP   :   Td  


                EIGENVECTORS  


   Root No.    1       2       3       4       5       6       7       8

              1 t2    1 t2    1 t2    1 a1    1 e     1 e     2 t2    2 t2  

           -34.969 -34.969 -34.969 -32.914 -11.184 -11.184 -10.961 -10.961
  
  S   F  1  0.8404  0.0000 -0.0005  0.5000  0.0000  0.0000  0.0688  0.0000
  Px  F  1  0.0181  0.0000  0.0000 -0.0068  0.0000  0.0000 -0.6114  0.0000
  Py  F  1  0.0000  0.0000  0.0000  0.0000  0.4490  0.0011  0.0000 -0.3585
  Pz  F  1  0.0000  0.0000  0.0000  0.0000  0.0011 -0.4490  0.0000  0.0000
  S  Ti  2  0.0000  0.0000  0.0000  0.0025  0.0000  0.0000  0.0000  0.0000
  Px Ti  2 -0.1568  0.0000  0.0001  0.0000  0.0000  0.0000 -0.0524  0.0000
  Py Ti  2  0.0001 -0.0004  0.1568  0.0000  0.0000  0.0000  0.0000 -0.0524
  Pz Ti  2  0.0000 -0.1568 -0.0004  0.0000  0.0000  0.0000  0.0000  0.0000
  x2 Ti  2  0.1577  0.0002 -0.0745  0.0000 -0.1270 -0.0003 -0.3352 -0.1580
  xz Ti  2  0.0000 -0.1052 -0.0003  0.0000 -0.0009  0.3593  0.0000  0.0000
  z2 Ti  2 -0.0912  0.0003 -0.1287  0.0000 -0.2200 -0.0005  0.1935 -0.2737
  yz Ti  2  0.0000  0.1487  0.0004  0.0000 -0.0006  0.2541  0.0000  0.0000
  xz Ti  2  0.0001 -0.0003  0.1052  0.0000 -0.3593 -0.0009  0.0000  0.2235
  S   F  3 -0.2797 -0.0020  0.7925  0.5000  0.0000  0.0000 -0.0229 -0.0648
  Px  F  3  0.0020  0.0000 -0.0057  0.0023 -0.4233 -0.0010 -0.3866 -0.0795
  Py  F  3  0.0057  0.0000 -0.0161  0.0064  0.1497  0.0004 -0.0795 -0.5833
  Pz  F  3  0.0000  0.0000  0.0000  0.0000 -0.0011  0.4490  0.0000  0.0000
  S   F  4 -0.2804 -0.6852 -0.3977  0.5000  0.0000  0.0000 -0.0229  0.0324
  Px  F  4  0.0020  0.0049  0.0029  0.0023  0.2108  0.3671 -0.3866  0.0398
  Py  F  4 -0.0029 -0.0070 -0.0040 -0.0032 -0.2999  0.2585  0.0397 -0.4147
  Pz  F  4  0.0049  0.0121  0.0070  0.0056 -0.2592 -0.0006 -0.0688  0.0974
  S   F  5 -0.2804  0.6872 -0.3943  0.5000  0.0000  0.0000 -0.0229  0.0324
  Px  F  5  0.0020 -0.0049  0.0028  0.0023  0.2125 -0.3661 -0.3866  0.0397
  Py  F  5 -0.0029  0.0070 -0.0040 -0.0032 -0.2987 -0.2599  0.0397 -0.4147
  Pz  F  5 -0.0049  0.0121 -0.0070 -0.0056  0.2592  0.0006  0.0688 -0.0973


   Root No.    9      10      11      12      13      14      15      16

              2 t2    3 t2    3 t2    3 t2    2 a1    1 t1    1 t1    1 t1  

           -10.961 -10.095 -10.095 -10.095  -9.446  -9.159  -9.159  -9.159
  
  S   F  1  0.0000  0.0436  0.0000  0.0000 -0.0067  0.0000  0.0000  0.0000
  Px  F  1  0.0000 -0.5445  0.0000  0.0001 -0.4991  0.0000  0.0000  0.0000
  Py  F  1  0.0000 -0.0001  0.0233 -0.4520  0.0000 -0.0010 -0.6124  0.0000
  Pz  F  1  0.3585  0.0000  0.4520  0.0233  0.0000 -0.6124  0.0010 -0.0001
  S  Ti  2  0.0000  0.0000  0.0000  0.0000 -0.0574  0.0000  0.0000  0.0000
  Px Ti  2  0.0000  0.2362  0.0000  0.0000  0.0000  0.0000  0.0000  0.0000
  Py Ti  2  0.0000  0.0000  0.0122 -0.2359  0.0000  0.0000  0.0000  0.0000
  Pz Ti  2  0.0524  0.0000  0.2359  0.0122  0.0000  0.0000  0.0000  0.0000
  x2 Ti  2  0.0000  0.0064  0.0002 -0.0030  0.0000  0.0000  0.0000  0.0000
  xz Ti  2 -0.2235  0.0000 -0.0042 -0.0002  0.0000  0.0000  0.0000  0.0000
  z2 Ti  2  0.0000 -0.0037  0.0003 -0.0052  0.0000  0.0000  0.0000  0.0000
  yz Ti  2  0.3161  0.0000  0.0060  0.0003  0.0000  0.0000  0.0000  0.0000
  xz Ti  2  0.0000  0.0000 -0.0002  0.0042  0.0000  0.0000  0.0000  0.0000
  S   F  3  0.0000 -0.0145 -0.0021  0.0411 -0.0067  0.0000  0.0000  0.0000
  Px  F  3  0.0000  0.3419 -0.0162  0.3129  0.1664 -0.0009 -0.5773  0.0000
  Py  F  3  0.0000 -0.3133 -0.0224  0.4332  0.4706  0.0003  0.2041  0.0000
  Pz  F  3  0.3585  0.0000  0.4520  0.0233  0.0000  0.2040 -0.0003  0.5774
  S   F  4  0.0562 -0.0145 -0.0345 -0.0224 -0.0067  0.0000  0.0000  0.0000
  Px  F  4  0.0688  0.3418 -0.2629 -0.1705  0.1664 -0.4995  0.2895 -0.0001
  Py  F  4 -0.0974  0.1566  0.3952 -0.2110 -0.2353  0.0004  0.2041 -0.5000
  Pz  F  4  0.5271 -0.2714 -0.1921 -0.3942  0.4075  0.2042 -0.0003 -0.2886
  S   F  5 -0.0562 -0.0145  0.0366 -0.0187 -0.0067  0.0000  0.0000  0.0000
  Px  F  5 -0.0688  0.3418  0.2791 -0.1425  0.1664  0.5005  0.2879  0.0001
  Py  F  5  0.0974  0.1566 -0.3714 -0.2505 -0.2353  0.0002  0.2041  0.5000
  Pz  F  5  0.5271  0.2714 -0.2316  0.3723 -0.4075  0.2042 -0.0003 -0.2886


   Root No.   17      18      19      20      21      22      23      24

              3 a1    2 e     2 e     4 t2    4 t2    4 t2    5 t2    5 t2  

             2.361   3.203   3.203   3.829   3.829   3.829   8.824   8.824
  
  S   F  1  0.0017  0.0000  0.0000  0.0000  0.0000  0.1123  0.0000  0.0005
  Px  F  1  0.0287  0.0000  0.0000 -0.0001  0.0000  0.2358  0.0000  0.0005
  Py  F  1  0.0000 -0.2200 -0.0001 -0.1793  0.0001  0.0000  0.0000  0.0974
  Pz  F  1  0.0000 -0.0001  0.2200  0.0001  0.1793  0.0000 -0.0974  0.0000
  S  Ti  2 -0.9983  0.0000  0.0000  0.0000  0.0000  0.0000  0.0000  0.0000
  Px Ti  2  0.0000  0.0000  0.0000  0.0000  0.0000 -0.1916  0.0000  0.0033
  Py Ti  2  0.0000  0.0000  0.0000  0.1916 -0.0001  0.0000 -0.0003 -0.9382
  Pz Ti  2  0.0000  0.0000  0.0000 -0.0001 -0.1916  0.0000  0.9382 -0.0003
  x2 Ti  2  0.0000 -0.2592 -0.0001  0.3622 -0.0002 -0.7680  0.0000  0.0706
  xz Ti  2  0.0000 -0.0004  0.7332  0.0003  0.5121  0.0000  0.1006  0.0000
  z2 Ti  2  0.0000 -0.4490 -0.0002  0.6270 -0.0004  0.4436  0.0000  0.1235
  yz Ti  2  0.0000 -0.0003  0.5184 -0.0004 -0.7242  0.0000 -0.1422  0.0000
  xz Ti  2  0.0000 -0.7332 -0.0004 -0.5121  0.0003 -0.0001  0.0000 -0.1006
  S   F  3  0.0017  0.0000  0.0000  0.1059 -0.0001 -0.0374  0.0000  0.1471
  Px  F  3 -0.0096  0.2075  0.0001 -0.0178  0.0000  0.1856  0.0000 -0.0793
  Py  F  3 -0.0271 -0.0733  0.0000 -0.2295  0.0001  0.0177  0.0000 -0.1259
  Pz  F  3  0.0000  0.0001 -0.2200  0.0001  0.1793  0.0000 -0.0974  0.0000
  S   F  4  0.0017  0.0000  0.0000 -0.0530 -0.0916 -0.0374 -0.1276 -0.0738
  Px  F  4 -0.0096 -0.1036 -0.1797  0.0088  0.0154  0.1856  0.0685  0.0393
  Py  F  4  0.0135  0.1468 -0.1270 -0.1919 -0.0216 -0.0089 -0.0968  0.0414
  Pz  F  4 -0.0234  0.1270  0.0001  0.0219  0.2170  0.0154  0.0703  0.0970
  S   F  5  0.0017  0.0000  0.0000 -0.0529  0.0917 -0.0374  0.1275 -0.0739
  Px  F  5 -0.0096 -0.1038  0.1796  0.0088 -0.0154  0.1856 -0.0684  0.0393
  Py  F  5  0.0135  0.1466  0.1271 -0.1919  0.0218 -0.0089  0.0968  0.0413
  Pz  F  5  0.0234 -0.1270 -0.0001 -0.0216  0.2170 -0.0154  0.0703 -0.0971


   Root No.   25

              5 t2  

             8.824
  
  S   F  1 -0.1562
  Px  F  1 -0.1541
  Py  F  1  0.0003
  Pz  F  1  0.0000
  S  Ti  2  0.0000
  Px Ti  2 -0.9382
  Py Ti  2 -0.0033
  Pz Ti  2  0.0000
  x2 Ti  2  0.1511
  xz Ti  2  0.0000
  z2 Ti  2 -0.0867
  yz Ti  2  0.0000
  xz Ti  2 -0.0004
  S   F  3  0.0526
  Px  F  3  0.0692
  Py  F  3 -0.0795
  Pz  F  3  0.0000
  S   F  4  0.0518
  Px  F  4  0.0696
  Py  F  4  0.0397
  Pz  F  4 -0.0681
  S   F  5  0.0518
  Px  F  5  0.0696
  Py  F  5  0.0397
  Pz  F  5  0.0681


              NET ATOMIC CHARGES AND DIPOLE CONTRIBUTIONS

         ATOM NO.   TYPE          CHARGE        ATOM  ELECTRON DENSITY
           1          F          -0.406201        7.4062
           2         Ti           0.624805        3.3752
           3          F          -0.406201        7.4062
           4          F          -0.406201        7.4062
           5          F          -0.406201        7.4062
 DIPOLE           X         Y         Z       TOTAL
 POINT-CHG.     0.000     0.000     0.000     0.000
 HYBRID         0.000     0.000     0.000     0.000
 SUM            0.000     0.000     0.000     0.000


          CARTESIAN COORDINATES 

    NO.       ATOM               X         Y         Z

     1         F                  0.0000    0.0000    0.0000
     2        Ti                  1.8071    0.0000    0.0000
     3         F                  2.4095    1.7038    0.0000
     4         F                  2.4095   -0.8519    1.4755
     5         F                  2.4095   -0.8519   -1.4755


          ATOMIC ORBITAL ELECTRON POPULATIONS

   1.92596   1.84047   1.81989   1.81989   1.00330   0.16628   0.16628   0.16628
   0.36790   0.38026   0.37143   0.37320   0.38026   1.92596   1.82217   1.83818
   1.81989   1.92596   1.82217   1.82446   1.83361   1.92596   1.82217   1.82446
   1.83361


          MULTI-ELECTRON CONFIGURATION INTERACTION CALCULATION


          COMPONENT OF SPIN  =  0.5


           NO OF CONFIGURATIONS CONSIDERED =    6

 CONFIGURATIONS CONSIDERED IN C.I.      
 M.O. NUMBER :        17  18  19  20  21  22
          ENERGY

             1         1   0   0   0   0   0
         -3.9062       0   0   0   0   0   0

             2         0   1   0   0   0   0
         -2.5433       0   0   0   0   0   0

             3         0   0   1   0   0   0
         -2.5433       0   0   0   0   0   0

             4         0   0   0   1   0   0
         -1.9053       0   0   0   0   0   0

             5         0   0   0   0   1   0
         -1.9053       0   0   0   0   0   0

             6         0   0   0   0   0   1
         -1.9053       0   0   0   0   0   0


 DIAGONAL OF C.I. MATRIX
    -3.906180    -2.543269    -2.543269    -1.905338    -1.905338
    -1.905338

  STATE       ENERGY (EV)        Q.N.  SPIN   SYMMETRY     POLARIZATION
         ABSOLUTE    RELATIVE                            X       Y       Z

    1+   -3.906180    0.000000     1   DOUBLET     A1  
    2    -2.543269    1.362911     1   DOUBLET     E   
    4    -1.905338    2.000842     1   DOUBLET     T2    0.0167  0.0167  0.0167
 'RELATIVE ENERGY' IS RELATIVE TO LOWEST STATE CALCULATED.
 THIS MAY OR MAY NOT BE THE GROUND STATE



 TOTAL CPU TIME:             0.12 SECONDS

 == MOPAC DONE ==
