      ELEMENT  TOT  H.O.F.    I.P.   DIPOLE   GEOMETRY
   1    H      22     22        0        0        0
   2    C      20     20        0        0        0
   3    N      12     12        0        0        0
   4    O      10     10        0        0        0
  MAXIMUM NUMBERS OF EACH TYPE OF ELEMENT IN ANY REFERENCE DATA SET
          H   13          He   0          Li   0          Be   0
          B    0          C   14          N    7          O    4
          F    0          Ne   0          Na   0          Mg   0
          Al   0          Si   0          P    0          S    0
          Cl   0          Ar   0          K    0          Ca   0
          Sc   0          Ti   0          V    0          Cr   0
          Mn   0          Fe   0          Co   0          Ni   0
          Cu   0          Zn   0          Ga   0          Ge   0
          As   0          Se   0          Br   0          Kr   0
          Rb   0          Sr   0          Y    0          Zr   0
          Nb   0          Mo   0          Tc   0          Ru   0
          Rh   0          Pd   0          Ag   0          Cd   0
          In   0          Sn   0          Sb   0          Te   0
          I    0          Xe   0          Cs   0          Ba   0
          La   0          Ce   0          Pr   0          Nd   0
          Pm   0          Sm   0          Eu   0          Gd   0
          Tb   0          Dy   0          Ho   0          Er   0
          Tm   0          Yb   0          Lu   0          Hf   0
          Ta   0          W    0          Re   0          Os   0
          Ir   0          Pt   0          Au   0          Hg   0
          Tl   0          Pb   0          Bi   0

   SEQUENCE OF COMPOUNDS IN PERIODIC TABLE ORDER

 Emp. Formula               File name                                                                                                                                                                  H.o.F. Dipole I.P. Elements
 C2H8                       08_CH4_dimer                                                                                                                                                                -0.5+             H  C
 C4H6                       16_Ethylene_acetylene                                                                                                                                                       -1.5+             H  C
 C4H8                       09_Ethylene_dimer                                                                                                                                                           -1.5+             H  C
 C7H10                      10_benzene_methane                                                                                                                                                          -1.5+             H  C
 C12H12                     11_benzene_dimer_stack                                                                                                                                                      -2.7+             H  C
 C12H12                     20_benzene_dimer_T                                                                                                                                                          -2.7+             H  C
 C6H9N                      18_benzene_NH3                                                                                                                                                              -2.4+             H  C  N
 C7H7N                      19_benzene_HCN                                                                                                                                                              -4.5+             H  C  N
 C14H13N                    14_indole_benzene_stack                                                                                                                                                     -5.2+             H  C  N
 C14H13N                    21_indole_benzene_T                                                                                                                                                         -5.7+             H  C  N
 H6N2                       01_NH3_dimer                                                                                                                                                                -3.2+             H  N
 C8H8N4                     12_pyrazine_dimer                                                                                                                                                           -4.4+             H  C  N
 C6H8O                      17_benzene_H2O                                                                                                                                                              -3.3+             H  C  O
 C10H11N3O                  06_pyridoxine_aminopyridine                                                                                                                                                -16.7+             H  C  N  O
 H4O2                       02_water_dimer                                                                                                                                                              -5.0+             H  O
 C12H12O2                   22_phenol_dimer                                                                                                                                                             -7.0+             H  C  O
 C2H6N2O2                   04_formamide_dimer                                                                                                                                                         -16.0+             H  C  N  O
 C10H11N7O2                 07_adenine_thymine_WC                                                                                                                                                      -16.4+             H  C  N  O
 C10H11N7O2                 15_adenine_thymine_stack                                                                                                                                                   -12.2+             H  C  N  O
 C2H4O4                     03_formic_acid_dimer                                                                                                                                                       -18.6+             H  C  O
 C8H8N4O4                   05_uracil_HB                                                                                                                                                               -20.5+             H  C  N  O
 C8H8N4O4                   13_uracil_dimer_stack                                                                                                                                                       -9.9+             H  C  N  O
 TOTAL NUMBER 
 OF FILES:               22
 OF HEATS OF FORMATION:  22,  WITH REFS:  22 =100.00%   AND SD'S:   0 =  0.00
 OF DIPOLE MOMENTS:       1,  WITH REFS:   1 =100.00%   AND SD'S:   0 =  0.00
 OF I.P.s:                1,  WITH REFS:   1 =100.00%   AND SD'S:   0 =  0.00
 OF GEOMETRY FILES:       1,  WITH REFS:   1 =100.00%
