This is TeX, C Version 3.14t3 (format=lplain 92.3.26)  2 APR 1993 08:57
**labels.tex
(labels.tex
LaTeX Version 2.09 <7 Dec 1989>
(/usr/local/lib/tex/inputs/jjps.sty
Document Style `letter' <20 Sep 88>.
\longindentation=\dimen99
\indentedwidth=\dimen100
\labelcount=\count79
)
Overfull \hbox (249.2949pt too wide) in paragraph at lines 20--21
[][] 

\hbox(794.96988+0.0)x365.0
.\hbox(0.0+0.0)x0.0
.\hbox(794.96988+0.0)x614.2949, glue set 578.15991fil
..\glue 36.135
..\hbox(808.49876+0.0)x0.0
...\hbox(103.86638+0.0)x0.0, glue set - 221.96324fil, shifted -704.63239 []
..\glue 0.0 plus 1.0fil minus 1.0fil
.\penalty 10000
.\glue(\parfillskip) 0.0 plus 1.0fil
.\glue(\rightskip) 0.0

[1

] [2] ) 
Here is how much of TeX's memory you used:
 86 strings out of 4463
 750 string characters out of 63241
 24947 words of memory out of 262141
 2049 multiletter control sequences out of 9500
 19297 words of font info for 73 fonts, out of 72000 for 255
 14 hyphenation exceptions out of 607
 11i,7n,10p,160b,163s stack positions out of 300i,40n,60p,3000b,4000s

Output written on labels.dvi (2 pages, 680 bytes).
