      ELEMENT  TOT  H.O.F.    I.P.   DIPOLE   GEOMETRY
   1    SC     26     26        0        0        0
   2    LU     22     22        0        0        0
   3    FE     17     17        0        0        0
   4    NI     15     15        0        0        0
   5    Y      15     15        0        0        0
   6    TI     14     14        0        0        0
   7    NB     14     14        0        0        0
   8    V      13     13        0        0        0
   9    CO     11     11        0        0        0
  10    MO     10     10        0        0        0
  11    CA      7      7        0        0        0
  12    CR      7      7        0        0        0
  13    AS      7      7        0        0        0
  14    BA      7      7        0        0        0
  15    PT      7      7        0        0        0
  16    P       6      6        0        0        0
  17    MN      6      6        0        0        0
  18    SR      6      6        0        0        0
  19    CD      6      6        0        0        0
  20    SN      6      6        0        0        0
  21    HF      6      6        0        0        0
  22    TA      6      6        0        0        0
  23    IR      6      6        0        0        0
  24    PB      6      6        0        0        0
  25    BE      5      5        0        0        0
  26    SI      5      5        0        0        0
  27    CU      5      5        0        0        0
  28    GA      5      5        0        0        0
  29    RE      5      5        0        0        0
  30    B       4      4        0        0        0
  31    MG      4      4        0        0        0
  32    GE      4      4        0        0        0
  33    S       4      4        0        0        0
  34    SE      4      4        0        0        0
  35    ZR      4      4        0        0        0
  36    RU      4      4        0        0        0
  37    PD      4      4        0        0        0
  38    SB      4      4        0        0        0
  39    LA      4      4        0        0        0
  40    OS      4      4        0        0        0
  41    HG      4      4        0        0        0
  42    TL      4      4        0        0        0
  43    NA      3      3        0        0        0
  44    AL      3      3        0        0        0
  45    RH      3      3        0        0        0
  46    ZN      3      3        0        0        0
  47    TE      3      3        0        0        0
  48    CS      3      3        0        0        0
  49    W       3      3        0        0        0
  50    BI      3      3        0        0        0
  51    LI      2      2        0        0        0
  52    F       2      2        0        0        0
  53    I       2      2        0        0        0
  54    CL      2      2        0        0        0
  55    K       2      2        0        0        0
  56    BR      2      2        0        0        0
  57    RB      2      2        0        0        0
  58    TC      2      2        0        0        0
  59    AG      2      2        0        0        0
  60    IN      2      2        0        0        0
  61    AU      2      2        0        0        0
  62    H       1      1        0        0        0
  MAXIMUM NUMBERS OF EACH TYPE OF ELEMENT IN ANY REFERENCE DATA SET
          H    1          He   0          Li   1          Be   1
          B    1          C    0          N    0          O    0
          F    1          Ne   0          Na   1          Mg   1
          Al   1          Si   1          P    1          S    1
          Cl   1          Ar   0          K    1          Ca   1
          Sc   1          Ti   1          V    1          Cr   1
          Mn   1          Fe   1          Co   1          Ni   1
          Cu   1          Zn   1          Ga   1          Ge   1
          As   1          Se   1          Br   1          Kr   0
          Rb   1          Sr   1          Y    1          Zr   1
          Nb   1          Mo   1          Tc   1          Ru   1
          Rh   1          Pd   1          Ag   1          Cd   1
          In   1          Sn   1          Sb   1          Te   1
          I    1          Xe   0          Cs   1          Ba   1
          La   1          Ce   0          Pr   0          Nd   0
          Pm   0          Sm   0          Eu   0          Gd   0
          Tb   0          Dy   0          Ho   0          Er   0
          Tm   0          Yb   0          Lu   1          Hf   1
          Ta   1          W    1          Re   1          Os   1
          Ir   1          Pt   1          Au   1          Hg   1
          Tl   1          Pb   1          Bi   1

   SEQUENCE OF COMPOUNDS IN PERIODIC TABLE ORDER

 Emp. Formula File name            Name of data-set                                                   H.o.F. Dipole I.P.
 H                  Hydrogen, 2s(g)  1s(1)                                                              0.0+             H
 Li                 Lithium 2s(g)  2s(1)2p(0)                                                           0.0+             Li
 Li                 lithium, 2p(u) 2s(0) 2p(1)                                                         81.2+             Li
 Be                 Beryllium, 1D(g) 2s(0)2p(2)                                                       162.6+             Be
 Be                 Beryllium, 1P(u) 2s(1)2p(1)                                                       121.7+             Be
 Be                 Beryllium, 1s(g) 2s(2)2p(0)                                                         0.0+             Be
 Be                 Beryllium, 3P(g) 2s(0)2p(2)                                                       170.7+             Be
 Be                 Beryllium, 3P(u) 2s(1)2p(1)                                                        62.8+             Be
 B                  boron, 2d(g) - 2s(1)2p(2)                                                         136.8+             B
 B                  boron, 2p(u) - 2s(2)2p(1)                                                           0.0+             B
 B                  boron, 4p(g) - 2s(1)2p(2)                                                          82.5+             B
 B                  boron, 4S(u) - 2s(0)2p(3)                                                         276.7+             B
 F                  Fluorine, 2p(u) 2s(2)2p(5)                                                          0.0+             F
 F                  fluorine, 2s(g) 2s(1)2p(6)                                                        481.9+             F
 Na                 sodium, 2p(u) - 3s(0)3p(1)                                                         48.5+             Na
 Na                 Sodium, 2s(g)  3s(1)3p(0)                                                           0.0+             Na
 Na                 sodium, 2s(g) - 3s(1)3p(0)                                                          0.0+             Na
 Mg                 magnesium, 1p(u) 3s(1)3p(1)                                                       100.2+             Mg
 Mg                 magnesium, 1s(g) 3s(0)3p(2)                                                       195.2+             Mg
 Mg                 magnesium, 1s(g) 3s(2)3p(0)                                                         0.0+             Mg
 Mg                 magnesium, 3p(u) 3s(1)3p(1)                                                        62.6+             Mg
 Al                 aluminium, 2p(u) - 3s(2)3p(1)                                                       0.0+             Al
 Al                 aluminium, 2s(g) - 3s(1)3p(2)                                                     147.6+             Al
 Al                 aluminium, 4p(g) - 3s(1)3p(2)                                                      82.9+             Al
 Si                 silicon, 1d(g) 3s(2)3p(2)                                                          17.6+             Si
 Si                 silicon, 1s(g) 3s(2)3p(2)                                                          43.6+             Si
 Si                 silicon, 3d(u) 3s(1)3p(3)                                                         138.7+             Si
 Si                 silicon, 3P(g) 3s(2)3p(2)                                                           0.0+             Si
 Si                 silicon, 5S(u) 3s(1)3p(3)                                                          95.2+             Si
 P                  phosphorus, 2d(g) 3s(1)3p(4)                                                      203.5+             P
 P                  phosphorus, 2d(u) 3s(2)3p(3)                                                       32.5+             P
 P                  phosphorus, 2p(u) 3s(2)3p(3)                                                       53.6+             P
 P                  phosphorus, 2s(g) 3s(1)3p(4)                                                      208.5+             P
 P                  Phosphorus, 4P(g) 3s(1)3p(4)                                                      170.5+             P
 P                  phosphorus, 4S(u) 3s(2)3p(3)                                                        0.0+             P
 S                  sulfur(+) 4P(g) 3s(1)3p(4)                                                        227.6+             S
 S                  sulfur 1d(g) 3s(2)3p(4)                                                            25.9+             S
 S                  sulfur 1s(g) 3s(2)3p(4)                                                            62.9+             S
 S                  sulfur, 3p(g) 3s(2)3p(4)                                                            0.0+             S
 Cl                 chlorine, cation 3P(u)  3s(1)3p(5)                                                268.0+             Cl
 Cl                 Chlorine, 2P(u) 3s(2)3p(5)                                                          0.0+             Cl
 K                  Potassium 2s(g)  4s(1)4p(0)                                                         0.0+             K
 K                  potassium, 2p(u) - 4s(0)4p(1)                                                      37.2+             K
 Ca                 calcium, cation 2p(u) 4s(0)4p(1)                                                   72.5+             Ca
 Ca                 calcium, 1d(g) 4s(0)4p(2)                                                         116.4+             Ca
 Ca                 calcium, 1p(u) 4s(1)4p(1)                                                          76.6+             Ca
 Ca                 calcium, 1s(g) 4s(0)4p(2)                                                         119.5+             Ca
 Ca                 calcium, 1s(g) 4s(2)4p(0)                                                           0.0+             Ca
 Ca                 calcium, 3p(g) 4s(0)4p(2)                                                         110.0+             Ca
 Ca                 calcium, 3p(u) 4s(1)4p(1)                                                          43.6+             Ca
 Sc                 Scandium(+), 1D(g) 4s(0)3d(2)                                                       7.0+             Sc
 Sc                 Scandium(+), 1D(u) 4s(0)3d(1)4p(1)                                                 74.3+             Sc
 Sc                 Scandium(+), 3D(g) 4s(1)3d(1)                                                       0.0+             Sc
 Sc                 scandium 2dg 3d(1)4s(2)                                                             0.0+             Sc
 Sc                 scandium 2dg 3d(3)                                                                122.4+             Sc
 Sc                 scandium 2fg 3d(2)4s(1)                                                            42.6+             Sc
 Sc                 scandium 2fg 3d(3)                                                                116.4+             Sc
 Sc                 scandium 2gg 3d(2)4s(1)                                                            57.6+             Sc
 Sc                 scandium 2pg 3d(2)4s(1)                                                            58.9+             Sc
 Sc                 scandium 2sg 3d(2)4s(1)                                                            76.7+             Sc
 Sc                 scandium 4dg 3d(1)4p(2)                                                            97.4+             Sc
 Sc                 scandium 4du(1) 3d(2)4p(1)                                                         15.5+             Sc
 Sc                 scandium 4du(2) 3d(2)4p(1)                                                         60.3+             Sc
 Sc                 scandium 4du(3) 3d(2)4p(1)                                                         72.2+             Sc
 Sc                 scandium 4fg 3d(1)4p(2)                                                            95.5+             Sc
 Sc                 scandium 4fg 3d(2)4s(1)                                                            63.6+             Sc
 Sc                 scandium 4fg(2) 3d(2)4s(1)                                                         63.6+             Sc
 Sc                 scandium 4fu 3d(1)4s(1)4p(1)                                                       12.2+             Sc
 Sc                 scandium 4fu 3d(2)4p(1)                                                            56.2+             Sc
 Sc                 scandium 4gu 3d(2)4p(1)                                                            50.2+             Sc
 Sc                 scandium 4pg 3d(1)4p(2)                                                            93.1+             Sc
 Sc                 scandium 4pg(1) 3d(2)4s(1)                                                         16.2+             Sc
 Sc                 scandium 4pg(2) 3d(2)4s(1)                                                         71.3+             Sc
 Sc                 scandium 4pu(1) 3d(2)4p(1)                                                         19.8+             Sc
 Sc                 scandium 4pu(2) 3d(2)4p(1)                                                         75.2+             Sc
 Sc                 scandium 4su 3d(2)4p(1)                                                            74.0+             Sc
 Ti                 titanium(++), 1d(u) 3d(1)4p(1)                                                    214.3+             Ti
 Ti                 titanium(++), 3d(u) 3d(1)4p(1)                                                    220.2+             Ti
 Ti                 titanium(++), 3f(u) 3d(1)4p(1)                                                    221.9+             Ti
 Ti                 titanium(++), 3p(u) 3d(1)4p(1)                                                    230.9+             Ti
 Ti                 Titanium(+), 4F(g) 4s(1)3d(2)                                                       0.0+             Ti
 Ti                 Titanium(+), 4G(u) 4s(0)3d(2)4p(1)                                                 85.0+             Ti
 Ti                 Titanium(+), 4P(g) 4s(0)3d(3)                                                      26.4+             Ti
 Ti                 titanium, 3d(g) 4s(1)3d(3)                                                         49.3+             Ti
 Ti                 titanium, 3f(g) 4s(2)3d(2)                                                          0.0+             Ti
 Ti                 titanium, 3g(g) 4s(1)3d(3)                                                         42.7+             Ti
 Ti                 titanium, 3h(g) 4s(1)3d(3)                                                         51.2+             Ti
 Ti                 titanium, 5f(g) 4s(1)3d(3)                                                         18.4+             Ti
 Ti                 titanium, 5g(u) 4s(1)3d(2)4p(1)                                                   158.0+             Ti
 Ti                 titanium, 5p(g) 4s(1)3d(3)                                                         39.5+             Ti
 V                  Vanadium(+), 5D(g) 4s(0)3d(4)                                                       0.0+             V
 V                  Vanadium(+), 5F(g) 4s(1)3d(3)                                                       7.8+             V
 V                  Vanadium(+), 5G(u) 4s(0)3d(3)4p(1)                                                 99.7+             V
 V                  Vanadium 4dg 3d(4)4s(1)                                                            23.7+             V
 V                  Vanadium 4fg 3d(3)4s(2)                                                             0.0+             V
 V                  Vanadium 4fg 3d(4)4s(1)                                                            44.0+             V
 V                  Vanadium 4gg 3d(4)4s(1)                                                            48.2+             V
 V                  Vanadium 4hg 3d(4)4s(1)                                                            42.0+             V
 V                  Vanadium 4pg 3d(3)4s(2)                                                            26.9+             V
 V                  Vanadium 4pg 3d(4)4s(1)                                                            43.1+             V
 V                  Vanadium 6dg 3d(4)4s(1)                                                             5.7+             V
 V                  Vanadium 6Gu 3d(3)4s(1)4p(1)                                                       41.5+             V
 V                  Vanadium 6sg 3d(5)                                                                 56.9+             V
 Cr                 chromium, 5dg 3d(4)4s(2)                                                           23.1+             Cr
 Cr                 chromium, 5dg 3d(5)4s(1)                                                           58.7+             Cr
 Cr                 chromium, 5dg(2) 3d(5)4s(1)                                                        69.5+             Cr
 Cr                 chromium, 5pg 3d(5)4s(1)                                                           68.0+             Cr
 Cr                 chromium, 5sg 3d(5)4s(1)                                                           21.7+             Cr
 Cr                 chromium, 7pu 3d(5)4p(1)                                                           67.0+             Cr
 Cr                 chromium, 7sg 3d(5)4s(1)                                                            0.0+             Cr
 Mn                 Manganese, 6Dg 3d(6)4s(1)                                                          49.4+             Mn
 Mn                 Manganese, 6Du 3d(6)4p(1)                                                         120.0+             Mn
 Mn                 Manganese, 6Fu 3d(6)4p(1)                                                         124.3+             Mn
 Mn                 Manganese, 6Pu 3d(5)4s(1)4p(1)                                                    102.2+             Mn
 Mn                 Manganese, 6Sg 3d(5)4s(2)                                                           0.0+             Mn
 Mn                 Manganese, 8Pu 3d(5)4s(1)4p(1)                                                    120.8+             Mn
 Fe                 fe_dicat_7sg                                                                       84.8+             Fe
 Fe                 Iron(++), 7P(u) 3d(5)4p(1)                                                        149.0+             Fe
 Fe                 iron, dication 5d(g) - 4s(0)3d(6)                                                 657.2+             Fe
 Fe                 iron, dication 7s(g) - 4s(1)3d(5)                                                  84.8+             Fe
 Fe                 iron(+), 4d(g) 4s(1),3d(6)                                                         22.6+             Fe
 Fe                 iron(+), 4f(g) 4s(0),3d(7)                                                          5.7+             Fe
 Fe                 iron(+), 4p(g) 4s(0),3d(7)                                                         37.7+             Fe
 Fe                 iron(+), 6d(g) 4s(1),3d(6)                                                          0.0+             Fe
 Fe                 iron, cation 4f(g) - 4s(0)3d(7)                                                   286.6+             Fe
 Fe                 Iron, cation 6D(g) - 4s(1)3d(6)                                                   281.0+             Fe
 Fe                 iron, 3f(g) 3d(6)4s(2)                                                             58.4+             Fe
 Fe                 iron, 3f(g) 3d(7)4s(1)                                                             34.3+             Fe
 Fe                 iron, 3h(g) 3d(6)4s(2)                                                             54.8+             Fe
 Fe                 iron, 3p(g) 3d(6)4s(2)                                                             54.0+             Fe
 Fe                 iron, 5d(g) 3d(6)4s(2)                                                              0.0+             Fe
 Fe                 iron, 5f(g) 3d(7)4s(1)                                                            119.5+             Fe
 Fe                 iron, 5p(g) 3d(7)4s(1)                                                             49.4+             Fe
 Co                 cobalt, 2dg 3d(8)4s(1)                                                             45.4+             Co
 Co                 cobalt, 2fg 3d(8)4s(1)                                                             20.3+             Co
 Co                 cobalt, 2gg 3d(7)4s(2)                                                             45.8+             Co
 Co                 cobalt, 2hg 3d(7)4s(2)                                                             60.9+             Co
 Co                 cobalt, 2pg 3d(7)4s(2)                                                             57.0+             Co
 Co                 cobalt, 2pg 3d(8)4s(1)                                                             50.7+             Co
 Co                 cobalt, 4fg 3d(7)4s(2)                                                              0.0+             Co
 Co                 cobalt, 4fg 3d(8)4s(1)                                                              9.6+             Co
 Co                 cobalt, 4pg 3d(7)4s(2)                                                             37.7+             Co
 Co                 cobalt, 4pg 3d(8)4s(1)                                                             42.2+             Co
 Co                 Cobalt, Second 4F(g)                                                               20.0+             Co
 Ni                 Nickel (+), 2Dg 3d(8)4s(1)                                                         68.4+             Ni
 Ni                 Nickel (+), 2Dg 3d(9)4s(0)                                                          0.0+             Ni
 Ni                 Nickel (+), 2Fg 3d(8)4s(1)                                                         38.8+             Ni
 Ni                 Nickel (+), 2Pg 3d(8)4s(1)                                                         81.9+             Ni
 Ni                 Nickel (+), 4Fg 3d(8)4s(1)                                                         25.0+             Ni
 Ni                 Nickel (+), 4Fg2 3d(7)4s(2)                                                       147.4+             Ni
 Ni                 Nickel (+), 4Pg 3d(8)4s(1)                                                         66.8+             Ni
 Ni                 Nickel(+), 8Pu 3d(7)4s(1)4p(1)                                                    840.0+             Ni
 Ni                 nickel, 1dg 3d(8)4s(2)                                                             36.6+             Ni
 Ni                 nickel, 1dg 3d(9)4s(1)                                                              7.7+             Ni
 Ni                 nickel, 1gg 3d(8)4s(2)                                                             61.1+             Ni
 Ni                 nickel, 1sg 3d(10)                                                                 40.0+             Ni
 Ni                 nickel, 3dg 3d(9)4s(1)                                                              0.0+             Ni
 Ni                 nickel, 3fg 3d(8)4s(2)                                                              0.7+             Ni
 Ni                 nickel, 3pg 3d(8)4s(2)                                                             42.8+             Ni
 Cu                 Copper(+) 1Dg 3d(9)4s(1)                                                           75.1+             Cu
 Cu                 Copper(+) 3Dg 3d(9)4s(1)                                                           64.8+             Cu
 Cu                 Copper(+) 3Fg 3d(8)4s(2)                                                          203.1+             Cu
 Cu                 Copper 2Dg 3d(9)4s(2)                                                              34.4+             Cu
 Cu                 Copper 2Sg 3d(10)4s(1)                                                              0.0+             Cu
 Zn                 zinc 1p(u) 3d(10)4s(1)4p(1)                                                       133.7+             Zn
 Zn                 zinc 1S(g) 3d(10)4s(2)4p(0)                                                         0.0+             Zn
 Zn                 zinc 3p(u) 3d(10)4s(1)4p(1)                                                        93.4+             Zn
 Ga                 Gallium(+), 1P(u) - 4s(1)4p(1)                                                    202.1+             Ga
 Ga                 Gallium(+), 1S(g) - 4s(2)4p(0)                                                      0.0+             Ga
 Ga                 Gallium(+), 3P(u) - 4s(1)4p(1)                                                    138.0+             Ga
 Ga                 gallium, 2p(u) - 4s(2)4p(1)                                                         0.0+             Ga
 Ga                 gallium, 4p(g) - 4s(1)4p(2)                                                       108.7+             Ga
 Ge                 germanium, 1d(g) 4s(2)4p(2)                                                        17.6+             Ge
 Ge                 germanium, 1s(g) 4s(2)4p(2)                                                        44.0+             Ge
 Ge                 germanium, 3p(g) 4s(2)4p(2)                                                         0.0+             Ge
 Ge                 germanium, 5s(u) 4s(1)4p(3)                                                       117.1+             Ge
 As                 arsenic, 2d(g) - 4s(1)4p(4)                                                       195.5+             As
 As                 arsenic, 2d(u) - 4s(2)4p(3)                                                        30.8+             As
 As                 arsenic, 2p(g) - 4s(1)4p(4)                                                       186.0+             As
 As                 arsenic, 2p(u) - 4s(2)4p(3)                                                        52.9+             As
 As                 arsenic, 2s(g) - 4s(1)4p(4)                                                       190.4+             As
 As                 arsenic, 4p(g) - 4s(1)4p(4)                                                       160.7+             As
 As                 Arsenic, 4S(u) 4s(2)4p(3)                                                           0.0+             As
 Se                 selenium, cation 4p(g) - 4s(1)4p(4)                                               242.7+             Se
 Se                 selenium, 1d(g) 4s(2)4p(4)                                                         24.7+             Se
 Se                 selenium, 1s(g) 4s(2)4p(4)                                                         61.5+             Se
 Se                 Selenium, 3P(g) 4s(2)4p(4)                                                          0.0+             Se
 Br                 bromine, cation, 3p(u) 4s(1)4p(5)                                                 275.0+             Br
 Br                 Bromine, 2P(u) 4s(2)4p(5)                                                           0.0+             Br
 Rb                 Rubidium 2S(g)  5s(1)5p(0)                                                          0.0+             Rb
 Rb                 rubidium, 2p(u) - 5s(0)5p(1)                                                       36.4+             Rb
 Sr                 strontium 1d(g) 5s(0)5p(2)                                                        105.7+             Sr
 Sr                 strontium 1p(u) 5s(1)5p(1)                                                         62.0+             Sr
 Sr                 strontium 1s(g) 5s(0)5p(2)                                                        106.2+             Sr
 Sr                 strontium 1s(g) 5s(2)5p(0)                                                          0.0+             Sr
 Sr                 strontium 3p(g) 5s(0)5p(2)                                                        101.5+             Sr
 Sr                 strontium 3p(u) 5s(1)5p(1)                                                         42.0+             Sr
 Y                  Yttrium, cation 1D(g)                                                              12.0+             Y
 Y                  Yttrium, cation 3F(g)                                                               0.0+             Y
 Y                  Yttrium 2Dg 4d(1)5s(2)                                                              0.0+             Y
 Y                  Yttrium 2Dg 4d(2)5s(1)                                                             45.1+             Y
 Y                  Yttrium 2Du 4d(1)5s(1)5p(1)                                                        45.1+             Y
 Y                  Yttrium 2Du2 4d(1)5s(1)5p(1)                                                       69.1+             Y
 Y                  Yttrium 2Fg 4d(2)5s(1)                                                             43.8+             Y
 Y                  Yttrium 2Fu 4d(1)5s(1)5p(1)                                                        69.8+             Y
 Y                  Yttrium 2Gg 4d(2)5s(1)                                                             52.0+             Y
 Y                  Yttrium 2Pu 5s(2)5p(1)                                                             30.8+             Y
 Y                  Yttrium 4Du 4d(1)5s(1)5p(1)                                                        16.4+             Y
 Y                  Yttrium 4Fg 4d(2)5s(1)                                                             31.3+             Y
 Y                  Yttrium 4Fu 4d(1)5s(1)5p(1)                                                        12.6+             Y
 Y                  Yttrium 4Pg 4d(2)5s(1)                                                             10.8+             Y
 Y                  Yttrium 4Pu 4d(1)5s(1)5p(1)                                                        22.8+             Y
 Zr                 Zirconium 3F(g) 5s(2)4d(2)                                                          0.0+             Zr
 Zr                 Zirconium 3P(g) 5s(2)4d(2)                                                         10.1+             Zr
 Zr                 Zirconium 5F(g) 5s(1)4d(3)                                                         13.6+             Zr
 Zr                 Zirconium 5G(u) 5s(1)4d(2)5p(1)                                                    30.2+             Zr
 Nb                 Niobium(+), 5D(g) 4d(4)                                                             0.0+             Nb
 Nb                 Niobium(+), 5D(u) 4d(3)5p(1)                                                      106.5+             Nb
 Nb                 Niobium(+), 5F(g) 4d(3)5s(1)                                                        7.5+             Nb
 Nb                 Niobium(+), 5F(u) 4d(3)5p(1)                                                      105.0+             Nb
 Nb                 Niobium(+), 5F(u)2 4d(2)5s(1)5p(1)                                                145.1+             Nb
 Nb                 Niobium(+), 5G(u) 4d(3)5p(1)                                                       98.2+             Nb
 Nb                 Niobium, 2D(g) 4d(3)5s(2)                                                          26.5+             Nb
 Nb                 Niobium, 4D(g) 4d(4)5s(1)                                                          24.2+             Nb
 Nb                 Niobium, 4F(g) 4d(3)5s(2)                                                           4.3+             Nb
 Nb                 Niobium, 4F(g) 4d(4)5s(1)                                                          35.8+             Nb
 Nb                 Niobium, 4F(g)                                                                     10.0+             Nb
 Nb                 Niobium, 4P(g) 4d(3)5s(2)                                                          14.1+             Nb
 Nb                 Niobium, 6D(g) 4d(4)5s(1)                                                           0.0+             Nb
 Nb                 Niobium, 6F(u) 4d(4)5p(1)                                                          80.3+             Nb
 Mo                 molybdenum, cation 6d(g) 4d(5)                                                    359.2+             Mo
 Mo                 molybdenum, cation 6s(g) 4d(5)                                                    322.5+             Mo
 Mo                 Molybdenum 5Dg 4d(4)5s(2)                                                          33.9+             Mo
 Mo                 Molybdenum 5Gg 4d(5)5s(1)                                                          47.9+             Mo
 Mo                 Molybdenum 5Sg 4d(5)5s(1)                                                          30.8+             Mo
 Mo                 Molybdenum 7Du 4d(4)5s(1)5p(1)                                                     91.3+             Mo
 Mo                 Molybdenum 7Pu 4d(4)5s(1)5p(1)                                                     91.4+             Mo
 Mo                 Molybdenum 7Pu 4d(5)5p(1)                                                          74.3+             Mo
 Mo                 Molybdenum 7Sg 4d(5)5s(1)                                                           0.0+             Mo
 Mo                 molybdenum, 5d(g) 4d(4)5s(2)                                                       33.9+             Mo
 Tc                 Technetium, 6Dg 4d(6)5s(1)                                                          9.4+             Tc
 Tc                 Technetium, 6Sg 4d(5)5s(2)                                                          0.0+             Tc
 Ru                 Ruthenium, 3F(g) 4d(6)5s(2)                                                        18.0+             Ru
 Ru                 Ruthenium, 5D(g) 4d(6)5s(2)                                                        20.0+             Ru
 Ru                 Ruthenium, 5F(g) 4d(7)5s(1)                                                         0.0+             Ru
 Ru                 Ruthenium, 5P(g) 4d(7)5s(1)                                                        20.9+             Ru
 Rh                 Rhodium, 2Dg 4d(9)                                                                  7.9+             Rh
 Rh                 Rhodium, 2Fg 4d(8)5s(1)                                                            14.6+             Rh
 Rh                 Rhodium, 4Fg 4d(8)5s(1)                                                             0.0+             Rh
 Pd                 palladium, di-cation 3f(g) 4d(8)                                                  733.1+             Pd
 Pd                 palladium, cation 4f(g) 4d(8)5s(1)                                                357.2+             Pd
 Pd                 Palladium, 1S(g) 4d(10)5s(0)                                                        0.0+             Pd
 Pd                 palladium, 3d(g) 4d(9)5s(1)                                                       112.0+             Pd
 Ag                 Silver 2Dg 4d(9)5s(2)                                                              91.6+             Ag
 Ag                 Silver 2Sg 4d(10)5s(1)                                                              0.0+             Ag
 Cd                 Cadmium(+), 2P(u) 5s(0)5p(1)                                                      130.9+             Cd
 Cd                 Cadmium(+), 2S(g) 5s(1)5p(0)                                                        0.0+             Cd
 Cd                 cadmium 1p(u) 4d(10)5s(1)5p(1)                                                    124.9+             Cd
 Cd                 Cadmium 1S(g) 4d(10)5s(2)5p(0)                                                      0.0+             Cd
 Cd                 cadmium 3p(g) 4d(10)5s(0)5p(2)                                                    215.1+             Cd
 Cd                 cadmium 3p(u) 4d(10)5s(1)5p(1)                                                     89.2+             Cd
 In                 Indium, 2p(u)  5s(2)5p(1)                                                           0.0+             In
 In                 indium, 4p(g) - 5s(1)5p(2)                                                        100.3+             In
 Sn                 tin, 1d(g) 5s(2)5p(2)                                                              17.9+             Sn
 Sn                 tin, 1s(g) 5s(2)5p(2)                                                              42.3+             Sn
 Sn                 tin, 3d(u) 5s(1)5p(3)                                                             155.8+             Sn
 Sn                 tin, 3P(g) 5s(2)5p(2)                                                               0.0+             Sn
 Sn                 tin, 3s(u) 5s(1)5p(3)                                                             152.5+             Sn
 Sn                 tin, 5s(u) 5s(1)5p(3)                                                             106.5+             Sn
 Sb                 antimony, 2d(u) 5s(2)5p(3)                                                         26.6+             Sb
 Sb                 antimony, 2p(u) 5s(2)5p(3)                                                         50.7+             Sb
 Sb                 antimony, 4p(g) 5s(1)5p(4)                                                          1.0+             Sb
 Sb                 antimony, atom 5s(2)5p(3)                                                           0.0+             Sb
 Te                 tellurium, 1d(g) 5s(2)5p(4)                                                        23.7+             Te
 Te                 tellurium, 1s(g) 5s(2)5p(4)                                                        59.9+             Te
 Te                 tellurium, 3p(g) 5s(2)5p(4)                                                         0.0+             Te
 I                  Iodine, 2P(u) - 5s(2)5p(5)                                                          0.0+             I
 I                  iodine, 2s(g) - 5s(1)5p(6)                                                        226.8+             I
 Cs                 Cesium 2S(g)  6s(1)6p(0)                                                            0.0+             Cs
 Cs                 cesium, 2p(u) - 6s(0)6p(1)                                                         33.0+             Cs
 Cs                 cesium, 2s(g) - 6s(1)6p(0)                                                          0.0+             Cs
 Ba                 Barium(+), 2P(u) 5s(0)5p(1)                                                        61.2+             Ba
 Ba                 barium, 1d(g) 5s(0)5p(2)                                                          101.1+             Ba
 Ba                 barium, 1p(u) 5s(1)5p(1)                                                           51.6+             Ba
 Ba                 barium, 1s(g) 5s(0)5p(2)                                                           98.3+             Ba
 Ba                 barium, 1s(g) 5s(2)5p(0)                                                            0.0+             Ba
 Ba                 barium, 3p(g) 5s(0)5p(2)                                                          100.6+             Ba
 Ba                 barium, 3p(u) 5s(1)5p(1)                                                           37.3+             Ba
 La                 Lanthanum 4Fg 5d(2)6s(1)                                                            8.2+             La
 La                 Lanthanum 4Fg2 5d(3)                                                               27.8+             La
 La                 Lanthanum 4Fu 5d(1)6s(1)6p(1)                                                      29.3+             La
 La                 Lanthanum 4Pg 5d(2)6s(1)                                                           19.8+             La
 Lu                 Lutetium(+), 1D(g) 6s(1)5d(1)6p(0)                                                 49.6+             Lu
 Lu                 Lutetium(+), 1D(u) 6s(1)5d(0)6p(1)                                                130.0+             Lu
 Lu                 Lutetium(+), 1F(u) 6s(0)5d(1)6p(1)                                                151.8+             Lu
 Lu                 Lutetium(+), 1P(u) 6s(0)5d(1)6p(1)                                                169.0+             Lu
 Lu                 Lutetium(+), 1P(u) 6s(1)5d(0)6p(1)                                                109.3+             Lu
 Lu                 Lutetium(+), 1S(g) 6s(2)6p(0)                                                       0.0+             Lu
 Lu                 Lutetium(+), 3D(g) 6s(1)5d(1)6p(0)                                                 37.5+             Lu
 Lu                 Lutetium(+), 3D(u) 6s(1)5d(0)6p(1)                                                135.8+             Lu
 Lu                 Lutetium(+), 3F(g) 6s(2)5d(0)6p(0)                                                 89.3+             Lu
 Lu                 Lutetium(+), 3F(u) 6s(1)5d(0)6p(1)                                                130.3+             Lu
 Lu                 Lutetium(+), 3P(g) 6s(2)5d(0)6p(0)                                                107.4+             Lu
 Lu                 Lutetium(+), 3P(u) 6s(0)5d(1)6p(1)                                                144.9+             Lu
 Lu                 Lutetium(+), 3P(u) 6s(1)5d(0)6p(1)                                                 87.4+             Lu
 Lu                 Lutetium, 2D(g) 6s(2)5d(1)6p(0)                                                     0.0+             Lu
 Lu                 Lutetium, 2D(u) 6s(1)5d(1)6p(1)                                                    58.7+             Lu
 Lu                 Lutetium, 2G(g) 6s(1)5d(2)6p(0)                                                    72.7+             Lu
 Lu                 Lutetium, 2P(u) 6s(2)5d(0)6p(1)                                                    14.8+             Lu
 Lu                 Lutetium, 4D(u) 6s(1)5d(1)6p(1)                                                    60.6+             Lu
 Lu                 Lutetium, 4F(g) 6s(1)5d(2)6p(0)                                                    54.4+             Lu
 Lu                 Lutetium, 4F(u) 6s(1)5d(1)6p(1)                                                    54.8+             Lu
 Lu                 Lutetium, 4P(g) 6s(1)5d(2)6p(0)                                                    66.9+             Lu
 Lu                 Lutetium, 4P(u) 6s(1)5d(1)6p(1)                                                    67.2+             Lu
 Hf                 Hafnium, 1D(g) 5d(2)6s(2)                                                           8.3+             Hf
 Hf                 Hafnium, 1G(g) 5d(2)6s(2)                                                          22.3+             Hf
 Hf                 Hafnium, 1S(g) 5d(2)6s(2)                                                          59.8+             Hf
 Hf                 Hafnium, 3F(g) (6s(2)5d(2)) (ground state)                                          0.0+             Hf
 Hf                 Hafnium, 3P(g) 5d(2)6s(2)                                                          14.4+             Hf
 Hf                 Hafnium, 5F(g) (6s(1)5d(3)) (excited state)                                        20.0+             Hf
 Ta                 Tantalum, 4F(g) 5d(3)6s(2)                                                          0.0+             Ta
 Ta                 Tantalum, 4F(g)                                                                    10.0+             Ta
 Ta                 Tantalum, 4P(g) 5d(3)6s(2)                                                         11.7+             Ta
 Ta                 Tantalum, 6D(g)                                                                    10.0+             Ta
 Ta                 Tantalum, 6G(u) 5d(3)6s(1)6p(1)                                                   248.2+             Ta
 Ta                 Tantalum, 6S(g) 5d(5)                                                             100.0+             Ta
 W                  Tungsten 5Dg 5d(4)6s(2)                                                             4.3+             W
 W                  Tungsten 7P(u) 6s(1)5d(4)6p(1)                                                     69.8+             W
 W                  Tungsten 7S(g) 6s(1)5d(5)                                                           0.0+             W
 Re                 Rhenium 6D(g) 6s(1)5d(6)                                                           40.6+             Re
 Re                 Rhenium 6S(g) 6s(1)5d(6)                                                            0.0+             Re
 Re                 Rhenium 8P(u) 6s(1)5d(5)6p(1)                                                     246.2+             Re
 Re                 Rhenium_6Dg                                                                        40.6+             Re
 Re                 Rhenium_8Pu                                                                       246.2+             Re
 Os                 Osmium, 3F(g) 6s(1)5d(7)                                                           28.5+             Os
 Os                 Osmium, 3P(g) 5d(6)6s(2)                                                           31.2+             Os
 Os                 Osmium, 5D(g) 5d(6)6s(2)                                                            0.0+             Os
 Os                 Osmium, 5F(g) 6s(1)5d(7)                                                           18.4+             Os
 Ir                 Iridium, 2Gg 5d(7)6s(2)                                                            28.0+             Ir
 Ir                 Iridium, 4Fg 5d(7)6s(2)                                                             0.0+             Ir
 Ir                 Iridium, 4Fg2 5d(8)6s(1)                                                            3.2+             Ir
 Ir                 Iridium, 4Pg 5d(7)6s(2)                                                            29.1+             Ir
 Ir                 Iridium, 4Pg2 5d(8)6s(1)                                                           30.1+             Ir
 Ir                 Iridium, atom 4F(g) 6s(2)5d(7)                                                      0.0+             Ir
 Pt                 Platinum, 1D(g) 5d(8)6s(2)                                                         64.1+             Pt
 Pt                 Platinum, 1D(g) 5d(9)6s(1)                                                          8.3+             Pt
 Pt                 Platinum, 1G(g) 5d(8)6s(2)                                                         50.7+             Pt
 Pt                 Platinum, 1S(g) 5d(10)6s(0)                                                         5.5+             Pt
 Pt                 Platinum, 3D(g) 5d(9)6s(1)                                                          0.0+             Pt
 Pt                 Platinum, 3F(g) 5d(8)6s(2)                                                          9.1+             Pt
 Pt                 Platinum, 3P(g) 5d(8)6s(2)                                                         39.9+             Pt
 Au                 Gold 2Dg 5d(9)6s(2)                                                                40.2+             Au
 Au                 Gold 2Sg 5d(10)6s(1)                                                                0.0+             Au
 Hg                 mercury, 1p(u) 4d(10)5s(1)5p(1)                                                   154.6+             Hg
 Hg                 Mercury, 1S(g) 4d(10)5s(2)5p(0)                                                     0.0+             Hg
 Hg                 mercury, 3p(g) 4d(10)5s(0)5p(2)                                                   273.1+             Hg
 Hg                 mercury, 3p(u) 4d(10)5s(1)5p(1)                                                   118.9+             Hg
 Tl                 thallium, 2d(g) 6s(1)6p(2)                                                        163.0+             Tl
 Tl                 thallium, 2p(g) 6s(1)6p(2)                                                        177.7+             Tl
 Tl                 Thallium, 2p(u)  6s(2)6p(1)                                                         0.0+             Tl
 Tl                 thallium, 4p(g) 6s(1)6p(2)                                                        130.1+             Tl
 Pb                 lead, 2d(g) 6s(1)6p(2)                                                            221.6+             Pb
 Pb                 lead, 2p(g) 6s(1)6p(2)                                                            256.6+             Pb
 Pb                 lead, 4p(g) 6s(1)6p(2)                                                            169.6+             Pb
 Pb                 lead, 1d(g) 6s(2)6p(2)                                                             38.0+             Pb
 Pb                 lead, 1s(g) 6s(2)6p(2)                                                             60.9+             Pb
 Pb                 lead, 3P(g) 6s(2)6p(2)                                                              0.0+             Pb
 Bi                 bismuth, 2d(u) - 6s(2)6p(3)                                                        39.4+             Bi
 Bi                 bismuth, 2p(u) - 6s(2)6p(3)                                                        83.1+             Bi
 Bi                 bismuth, 4s(u) - 6s(2)6p(1)                                                         0.0+             Bi
 TOTAL NUMBER 
 OF FILES:              370
 OF HEATS OF FORMATION: 370,  WITH REFS: 370 =100.00%   AND SD'S:   0 =  0.00
 OF DIPOLE MOMENTS:       1,  WITH REFS:   1 =100.00%   AND SD'S:   0 =  0.00
 OF I.P.s:                1,  WITH REFS:   1 =100.00%   AND SD'S:   0 =  0.00
 OF GEOMETRY FILES:       1,  WITH REFS:   1 =100.00%
